26-01-2020 17:07:04.970 [35m[restartedMain][0;39m [34mINFO [0;39m com.avis.AnAvisApplication.logStarting - 
     Starting AnAvisApplication on DESKTOP-K3D9L0U with PID 17344 (C:\Users\Rebichini\Desktop\AnAvis\backend\target\classes started by Rebichini in c:\Users\Rebichini\Desktop\AnAvis\backend)
26-01-2020 17:07:04.970 [35m[restartedMain][0;39m [34mINFO [0;39m com.avis.AnAvisApplication.logStartupProfileInfo - 
     No active profile set, falling back to default profiles: default
26-01-2020 17:07:05.252 [35m[restartedMain][0;39m [34mINFO [0;39m o.s.d.r.c.RepositoryConfigurationDelegate.registerRepositoriesIn - 
     Bootstrapping Spring Data repositories in DEFAULT mode.
26-01-2020 17:07:05.303 [35m[restartedMain][0;39m [34mINFO [0;39m o.s.d.r.c.RepositoryConfigurationDelegate.registerRepositoriesIn - 
     Finished Spring Data repository scanning in 35ms. Found 7 repository interfaces.
26-01-2020 17:07:05.391 [35m[restartedMain][0;39m [34mINFO [0;39m o.s.c.s.PostProcessorRegistrationDelegate$BeanPostProcessorChecker.postProcessAfterInitialization - 
     Bean 'org.springframework.transaction.annotation.ProxyTransactionManagementConfiguration' of type [org.springframework.transaction.annotation.ProxyTransactionManagementConfiguration] is not eligible for getting processed by all BeanPostProcessors (for example: not eligible for auto-proxying)
26-01-2020 17:07:05.395 [35m[restartedMain][0;39m [34mINFO [0;39m o.s.c.s.PostProcessorRegistrationDelegate$BeanPostProcessorChecker.postProcessAfterInitialization - 
     Bean 'org.springframework.security.config.annotation.configuration.ObjectPostProcessorConfiguration' of type [org.springframework.security.config.annotation.configuration.ObjectPostProcessorConfiguration] is not eligible for getting processed by all BeanPostProcessors (for example: not eligible for auto-proxying)
26-01-2020 17:07:05.398 [35m[restartedMain][0;39m [34mINFO [0;39m o.s.c.s.PostProcessorRegistrationDelegate$BeanPostProcessorChecker.postProcessAfterInitialization - 
     Bean 'objectPostProcessor' of type [org.springframework.security.config.annotation.configuration.AutowireBeanFactoryObjectPostProcessor] is not eligible for getting processed by all BeanPostProcessors (for example: not eligible for auto-proxying)
26-01-2020 17:07:05.398 [35m[restartedMain][0;39m [34mINFO [0;39m o.s.c.s.PostProcessorRegistrationDelegate$BeanPostProcessorChecker.postProcessAfterInitialization - 
     Bean 'org.springframework.security.access.expression.method.DefaultMethodSecurityExpressionHandler@8369237' of type [org.springframework.security.access.expression.method.DefaultMethodSecurityExpressionHandler] is not eligible for getting processed by all BeanPostProcessors (for example: not eligible for auto-proxying)
26-01-2020 17:07:05.399 [35m[restartedMain][0;39m [34mINFO [0;39m o.s.c.s.PostProcessorRegistrationDelegate$BeanPostProcessorChecker.postProcessAfterInitialization - 
     Bean 'org.springframework.security.config.annotation.method.configuration.GlobalMethodSecurityConfiguration' of type [org.springframework.security.config.annotation.method.configuration.GlobalMethodSecurityConfiguration] is not eligible for getting processed by all BeanPostProcessors (for example: not eligible for auto-proxying)
26-01-2020 17:07:05.399 [35m[restartedMain][0;39m [34mINFO [0;39m o.s.c.s.PostProcessorRegistrationDelegate$BeanPostProcessorChecker.postProcessAfterInitialization - 
     Bean 'methodSecurityMetadataSource' of type [org.springframework.security.access.method.DelegatingMethodSecurityMetadataSource] is not eligible for getting processed by all BeanPostProcessors (for example: not eligible for auto-proxying)
26-01-2020 17:07:05.424 [35m[restartedMain][0;39m [31mWARN [0;39m o.a.tomcat.util.modeler.Registry.log - 
     The MBean registry cannot be disabled because it has already been initialised
26-01-2020 17:07:05.484 [35m[restartedMain][0;39m [34mINFO [0;39m o.s.b.w.e.tomcat.TomcatWebServer.initialize - 
     Tomcat initialized with port(s): 8080 (http)
26-01-2020 17:07:05.485 [35m[restartedMain][0;39m [34mINFO [0;39m o.a.coyote.http11.Http11NioProtocol.log - 
     Initializing ProtocolHandler ["http-nio-8080"]
26-01-2020 17:07:05.486 [35m[restartedMain][0;39m [34mINFO [0;39m o.a.catalina.core.StandardService.log - 
     Starting service [Tomcat]
26-01-2020 17:07:05.486 [35m[restartedMain][0;39m [34mINFO [0;39m o.a.catalina.core.StandardEngine.log - 
     Starting Servlet engine: [Apache Tomcat/9.0.27]
26-01-2020 17:07:05.503 [35m[restartedMain][0;39m [34mINFO [0;39m o.a.c.c.C.[Tomcat].[localhost].[/].log - 
     Initializing Spring embedded WebApplicationContext
26-01-2020 17:07:05.503 [35m[restartedMain][0;39m [34mINFO [0;39m o.s.web.context.ContextLoader.prepareWebApplicationContext - 
     Root WebApplicationContext: initialization completed in 529 ms
26-01-2020 17:07:05.548 [35m[restartedMain][0;39m [34mINFO [0;39m o.h.jpa.internal.util.LogHelper.logPersistenceUnitInformation - 
     HHH000204: Processing PersistenceUnitInfo [name: default]
26-01-2020 17:07:05.553 [35m[restartedMain][0;39m [34mINFO [0;39m com.zaxxer.hikari.HikariDataSource.getConnection - 
     HikariPool-3 - Starting...
26-01-2020 17:07:05.556 [35m[restartedMain][0;39m [34mINFO [0;39m com.zaxxer.hikari.HikariDataSource.getConnection - 
     HikariPool-3 - Start completed.
26-01-2020 17:07:05.557 [35m[restartedMain][0;39m [34mINFO [0;39m org.hibernate.dialect.Dialect.<init> - 
     HHH000400: Using dialect: org.hibernate.dialect.MySQL5InnoDBDialect
26-01-2020 17:07:06.301 [35m[restartedMain][0;39m [34mINFO [0;39m o.h.e.t.j.p.i.JtaPlatformInitiator.initiateService - 
     HHH000490: Using JtaPlatform implementation: [org.hibernate.engine.transaction.jta.platform.internal.NoJtaPlatform]
26-01-2020 17:07:06.301 [35m[restartedMain][0;39m [34mINFO [0;39m o.s.o.j.LocalContainerEntityManagerFactoryBean.buildNativeEntityManagerFactory - 
     Initialized JPA EntityManagerFactory for persistence unit 'default'
26-01-2020 17:07:06.314 [35m[restartedMain][0;39m [34mINFO [0;39m o.s.b.d.a.OptionalLiveReloadServer.startServer - 
     LiveReload server is running on port 35729
26-01-2020 17:07:06.463 [35m[restartedMain][0;39m [31mWARN [0;39m o.s.b.a.o.j.JpaBaseConfiguration$JpaWebConfiguration.openEntityManagerInViewInterceptor - 
     spring.jpa.open-in-view is enabled by default. Therefore, database queries may be performed during view rendering. Explicitly configure spring.jpa.open-in-view to disable this warning
26-01-2020 17:07:06.492 [35m[restartedMain][0;39m [34mINFO [0;39m o.s.s.web.DefaultSecurityFilterChain.<init> - 
     Creating filter chain: any request, [org.springframework.security.web.context.request.async.WebAsyncManagerIntegrationFilter@5b66afab, org.springframework.security.web.context.SecurityContextPersistenceFilter@10f0265, org.springframework.security.web.header.HeaderWriterFilter@3900c345, org.springframework.web.filter.CorsFilter@2ae13eeb, org.springframework.security.web.authentication.logout.LogoutFilter@2a355d66, com.avis.security.JwtAuthenticationTokenFilter@8c51225, org.springframework.security.web.savedrequest.RequestCacheAwareFilter@3d5c2022, org.springframework.security.web.servletapi.SecurityContextHolderAwareRequestFilter@2f9d627, org.springframework.security.web.authentication.AnonymousAuthenticationFilter@12db459d, org.springframework.security.web.session.SessionManagementFilter@4e03ff74, org.springframework.security.web.access.ExceptionTranslationFilter@2cc205bb, org.springframework.security.web.access.intercept.FilterSecurityInterceptor@712b0a60]
26-01-2020 17:07:06.528 [35m[restartedMain][0;39m [34mINFO [0;39m o.s.s.c.ThreadPoolTaskExecutor.initialize - 
     Initializing ExecutorService 'applicationTaskExecutor'
26-01-2020 17:07:06.591 [35m[restartedMain][0;39m [34mINFO [0;39m o.a.coyote.http11.Http11NioProtocol.log - 
     Starting ProtocolHandler ["http-nio-8080"]
26-01-2020 17:07:06.595 [35m[restartedMain][0;39m [34mINFO [0;39m o.s.b.w.e.tomcat.TomcatWebServer.start - 
     Tomcat started on port(s): 8080 (http) with context path ''
26-01-2020 17:07:06.596 [35m[restartedMain][0;39m [34mINFO [0;39m com.avis.AnAvisApplication.logStarted - 
     Started AnAvisApplication in 1.66 seconds (JVM running for 3812.426)
26-01-2020 17:07:06.648 [35m[restartedMain][0;39m [34mINFO [0;39m o.s.b.d.a.ConditionEvaluationDeltaLoggingListener.onApplicationEvent - 
     Condition evaluation unchanged
26-01-2020 17:07:11.038 [35m[Thread-14][0;39m [34mINFO [0;39m o.s.s.c.ThreadPoolTaskExecutor.shutdown - 
     Shutting down ExecutorService 'applicationTaskExecutor'
26-01-2020 17:07:11.039 [35m[Thread-14][0;39m [34mINFO [0;39m o.s.o.j.LocalContainerEntityManagerFactoryBean.destroy - 
     Closing JPA EntityManagerFactory for persistence unit 'default'
26-01-2020 17:07:11.041 [35m[Thread-14][0;39m [34mINFO [0;39m com.zaxxer.hikari.HikariDataSource.close - 
     HikariPool-3 - Shutdown initiated...
26-01-2020 17:07:11.044 [35m[Thread-14][0;39m [34mINFO [0;39m com.zaxxer.hikari.HikariDataSource.close - 
     HikariPool-3 - Shutdown completed.
26-01-2020 17:07:11.291 [35m[restartedMain][0;39m [31mWARN [0;39m com.avis.AnAvisApplication.main - 
     Start
