25-01-2020 15:55:05.323 [35m[main][0;39m [31mWARN [0;39m com.avis.AnAvisApplication.main - 
     Start
25-01-2020 15:55:05.504 [35m[restartedMain][0;39m [31mWARN [0;39m com.avis.AnAvisApplication.main - 
     Start
25-01-2020 15:55:05.795 [35m[restartedMain][0;39m [34mINFO [0;39m com.avis.AnAvisApplication.logStarting - 
     Starting AnAvisApplication on DESKTOP-K3D9L0U with PID 11996 (C:\Users\Rebichini\Desktop\AnAvis\backend\target\classes started by Rebichini in c:\Users\Rebichini\Desktop\AnAvis\backend)
25-01-2020 15:55:05.796 [35m[restartedMain][0;39m [34mINFO [0;39m com.avis.AnAvisApplication.logStartupProfileInfo - 
     No active profile set, falling back to default profiles: default
25-01-2020 15:55:05.856 [35m[restartedMain][0;39m [34mINFO [0;39m o.s.b.d.restart.ChangeableUrls.logTo - 
     The Class-Path manifest attribute in C:\Users\Rebichini\.m2\repository\org\glassfish\jaxb\jaxb-runtime\2.3.2\jaxb-runtime-2.3.2.jar referenced one or more files that do not exist: file:/C:/Users/Rebichini/.m2/repository/org/glassfish/jaxb/jaxb-runtime/2.3.2/jakarta.xml.bind-api-2.3.2.jar,file:/C:/Users/Rebichini/.m2/repository/org/glassfish/jaxb/jaxb-runtime/2.3.2/txw2-2.3.2.jar,file:/C:/Users/Rebichini/.m2/repository/org/glassfish/jaxb/jaxb-runtime/2.3.2/istack-commons-runtime-3.0.8.jar,file:/C:/Users/Rebichini/.m2/repository/org/glassfish/jaxb/jaxb-runtime/2.3.2/stax-ex-1.8.1.jar,file:/C:/Users/Rebichini/.m2/repository/org/glassfish/jaxb/jaxb-runtime/2.3.2/FastInfoset-1.2.16.jar,file:/C:/Users/Rebichini/.m2/repository/org/glassfish/jaxb/jaxb-runtime/2.3.2/jakarta.activation-api-1.2.1.jar
25-01-2020 15:55:05.856 [35m[restartedMain][0;39m [34mINFO [0;39m o.s.b.d.e.DevToolsPropertyDefaultsPostProcessor.logTo - 
     Devtools property defaults active! Set 'spring.devtools.add-properties' to 'false' to disable
25-01-2020 15:55:05.857 [35m[restartedMain][0;39m [34mINFO [0;39m o.s.b.d.e.DevToolsPropertyDefaultsPostProcessor.logTo - 
     For additional web related logging consider setting the 'logging.level.web' property to 'DEBUG'
25-01-2020 15:55:06.655 [35m[restartedMain][0;39m [34mINFO [0;39m o.s.d.r.c.RepositoryConfigurationDelegate.registerRepositoriesIn - 
     Bootstrapping Spring Data repositories in DEFAULT mode.
25-01-2020 15:55:06.759 [35m[restartedMain][0;39m [34mINFO [0;39m o.s.d.r.c.RepositoryConfigurationDelegate.registerRepositoriesIn - 
     Finished Spring Data repository scanning in 93ms. Found 7 repository interfaces.
25-01-2020 15:55:07.238 [35m[restartedMain][0;39m [34mINFO [0;39m o.s.c.s.PostProcessorRegistrationDelegate$BeanPostProcessorChecker.postProcessAfterInitialization - 
     Bean 'org.springframework.transaction.annotation.ProxyTransactionManagementConfiguration' of type [org.springframework.transaction.annotation.ProxyTransactionManagementConfiguration] is not eligible for getting processed by all BeanPostProcessors (for example: not eligible for auto-proxying)
25-01-2020 15:55:07.269 [35m[restartedMain][0;39m [34mINFO [0;39m o.s.c.s.PostProcessorRegistrationDelegate$BeanPostProcessorChecker.postProcessAfterInitialization - 
     Bean 'org.springframework.security.config.annotation.configuration.ObjectPostProcessorConfiguration' of type [org.springframework.security.config.annotation.configuration.ObjectPostProcessorConfiguration] is not eligible for getting processed by all BeanPostProcessors (for example: not eligible for auto-proxying)
25-01-2020 15:55:07.274 [35m[restartedMain][0;39m [34mINFO [0;39m o.s.c.s.PostProcessorRegistrationDelegate$BeanPostProcessorChecker.postProcessAfterInitialization - 
     Bean 'objectPostProcessor' of type [org.springframework.security.config.annotation.configuration.AutowireBeanFactoryObjectPostProcessor] is not eligible for getting processed by all BeanPostProcessors (for example: not eligible for auto-proxying)
25-01-2020 15:55:07.286 [35m[restartedMain][0;39m [34mINFO [0;39m o.s.c.s.PostProcessorRegistrationDelegate$BeanPostProcessorChecker.postProcessAfterInitialization - 
     Bean 'org.springframework.security.access.expression.method.DefaultMethodSecurityExpressionHandler@1e95b794' of type [org.springframework.security.access.expression.method.DefaultMethodSecurityExpressionHandler] is not eligible for getting processed by all BeanPostProcessors (for example: not eligible for auto-proxying)
25-01-2020 15:55:07.288 [35m[restartedMain][0;39m [34mINFO [0;39m o.s.c.s.PostProcessorRegistrationDelegate$BeanPostProcessorChecker.postProcessAfterInitialization - 
     Bean 'org.springframework.security.config.annotation.method.configuration.GlobalMethodSecurityConfiguration' of type [org.springframework.security.config.annotation.method.configuration.GlobalMethodSecurityConfiguration] is not eligible for getting processed by all BeanPostProcessors (for example: not eligible for auto-proxying)
25-01-2020 15:55:07.292 [35m[restartedMain][0;39m [34mINFO [0;39m o.s.c.s.PostProcessorRegistrationDelegate$BeanPostProcessorChecker.postProcessAfterInitialization - 
     Bean 'methodSecurityMetadataSource' of type [org.springframework.security.access.method.DelegatingMethodSecurityMetadataSource] is not eligible for getting processed by all BeanPostProcessors (for example: not eligible for auto-proxying)
25-01-2020 15:55:07.711 [35m[restartedMain][0;39m [34mINFO [0;39m o.s.b.w.e.tomcat.TomcatWebServer.initialize - 
     Tomcat initialized with port(s): 8080 (http)
25-01-2020 15:55:07.725 [35m[restartedMain][0;39m [34mINFO [0;39m o.a.coyote.http11.Http11NioProtocol.log - 
     Initializing ProtocolHandler ["http-nio-8080"]
25-01-2020 15:55:07.726 [35m[restartedMain][0;39m [34mINFO [0;39m o.a.catalina.core.StandardService.log - 
     Starting service [Tomcat]
25-01-2020 15:55:07.727 [35m[restartedMain][0;39m [34mINFO [0;39m o.a.catalina.core.StandardEngine.log - 
     Starting Servlet engine: [Apache Tomcat/9.0.27]
25-01-2020 15:55:07.838 [35m[restartedMain][0;39m [34mINFO [0;39m o.a.c.c.C.[Tomcat].[localhost].[/].log - 
     Initializing Spring embedded WebApplicationContext
25-01-2020 15:55:07.839 [35m[restartedMain][0;39m [34mINFO [0;39m o.s.web.context.ContextLoader.prepareWebApplicationContext - 
     Root WebApplicationContext: initialization completed in 1982 ms
25-01-2020 15:55:08.093 [35m[restartedMain][0;39m [34mINFO [0;39m o.h.jpa.internal.util.LogHelper.logPersistenceUnitInformation - 
     HHH000204: Processing PersistenceUnitInfo [name: default]
25-01-2020 15:55:08.184 [35m[restartedMain][0;39m [34mINFO [0;39m org.hibernate.Version.logVersion - 
     HHH000412: Hibernate Core {5.4.8.Final}
25-01-2020 15:55:08.344 [35m[restartedMain][0;39m [34mINFO [0;39m o.h.annotations.common.Version.<clinit> - 
     HCANN000001: Hibernate Commons Annotations {5.1.0.Final}
25-01-2020 15:55:08.444 [35m[restartedMain][0;39m [34mINFO [0;39m com.zaxxer.hikari.HikariDataSource.getConnection - 
     HikariPool-1 - Starting...
25-01-2020 15:55:08.587 [35m[restartedMain][0;39m [34mINFO [0;39m com.zaxxer.hikari.HikariDataSource.getConnection - 
     HikariPool-1 - Start completed.
25-01-2020 15:55:08.603 [35m[restartedMain][0;39m [34mINFO [0;39m org.hibernate.dialect.Dialect.<init> - 
     HHH000400: Using dialect: org.hibernate.dialect.MySQL5InnoDBDialect
25-01-2020 15:55:10.205 [35m[restartedMain][0;39m [34mINFO [0;39m o.h.e.t.j.p.i.JtaPlatformInitiator.initiateService - 
     HHH000490: Using JtaPlatform implementation: [org.hibernate.engine.transaction.jta.platform.internal.NoJtaPlatform]
25-01-2020 15:55:10.213 [35m[restartedMain][0;39m [34mINFO [0;39m o.s.o.j.LocalContainerEntityManagerFactoryBean.buildNativeEntityManagerFactory - 
     Initialized JPA EntityManagerFactory for persistence unit 'default'
25-01-2020 15:55:10.265 [35m[restartedMain][0;39m [34mINFO [0;39m o.s.b.d.a.OptionalLiveReloadServer.startServer - 
     LiveReload server is running on port 35729
25-01-2020 15:55:10.987 [35m[restartedMain][0;39m [31mWARN [0;39m o.s.b.a.o.j.JpaBaseConfiguration$JpaWebConfiguration.openEntityManagerInViewInterceptor - 
     spring.jpa.open-in-view is enabled by default. Therefore, database queries may be performed during view rendering. Explicitly configure spring.jpa.open-in-view to disable this warning
25-01-2020 15:55:11.466 [35m[restartedMain][0;39m [34mINFO [0;39m o.s.s.web.DefaultSecurityFilterChain.<init> - 
     Creating filter chain: any request, [org.springframework.security.web.context.request.async.WebAsyncManagerIntegrationFilter@f944bf3, org.springframework.security.web.context.SecurityContextPersistenceFilter@38ebb702, org.springframework.security.web.header.HeaderWriterFilter@53533f8, org.springframework.web.filter.CorsFilter@6799067c, org.springframework.security.web.authentication.logout.LogoutFilter@48807147, com.avis.security.JwtAuthenticationTokenFilter@3145c260, org.springframework.security.web.savedrequest.RequestCacheAwareFilter@770bec04, org.springframework.security.web.servletapi.SecurityContextHolderAwareRequestFilter@7033aa58, org.springframework.security.web.authentication.AnonymousAuthenticationFilter@50c98122, org.springframework.security.web.session.SessionManagementFilter@6e29bf42, org.springframework.security.web.access.ExceptionTranslationFilter@425ba3c, org.springframework.security.web.access.intercept.FilterSecurityInterceptor@69546cad]
25-01-2020 15:55:11.630 [35m[restartedMain][0;39m [34mINFO [0;39m o.s.s.c.ThreadPoolTaskExecutor.initialize - 
     Initializing ExecutorService 'applicationTaskExecutor'
25-01-2020 15:55:11.916 [35m[restartedMain][0;39m [34mINFO [0;39m o.a.coyote.http11.Http11NioProtocol.log - 
     Starting ProtocolHandler ["http-nio-8080"]
25-01-2020 15:55:11.941 [35m[restartedMain][0;39m [34mINFO [0;39m o.s.b.w.e.tomcat.TomcatWebServer.start - 
     Tomcat started on port(s): 8080 (http) with context path ''
25-01-2020 15:55:11.944 [35m[restartedMain][0;39m [34mINFO [0;39m com.avis.AnAvisApplication.logStarted - 
     Started AnAvisApplication in 6.432 seconds (JVM running for 7.176)
25-01-2020 15:55:23.762 [35m[http-nio-8080-exec-1][0;39m [34mINFO [0;39m o.a.c.c.C.[Tomcat].[localhost].[/].log - 
     Initializing Spring DispatcherServlet 'dispatcherServlet'
25-01-2020 15:55:23.762 [35m[http-nio-8080-exec-1][0;39m [34mINFO [0;39m o.s.web.servlet.DispatcherServlet.initServletBean - 
     Initializing Servlet 'dispatcherServlet'
25-01-2020 15:55:23.769 [35m[http-nio-8080-exec-1][0;39m [34mINFO [0;39m o.s.web.servlet.DispatcherServlet.initServletBean - 
     Completed initialization in 7 ms
25-01-2020 15:55:24.231 [35m[http-nio-8080-exec-2][0;39m [34mINFO [0;39m global.register - 
     utente registrato
25-01-2020 15:55:35.910 [35m[http-nio-8080-exec-6][0;39m [34mINFO [0;39m global.generateToken - 
     nuovo token generato
25-01-2020 15:55:35.927 [35m[http-nio-8080-exec-6][0;39m [34mINFO [0;39m global.createAuthenticationToken - 
     utente appena autenticato
25-01-2020 16:00:35.067 [35m[http-nio-8080-exec-5][0;39m [31mWARN [0;39m o.s.w.s.m.m.a.ExceptionHandlerExceptionResolver.logException - 
     Resolved [org.springframework.dao.InvalidDataAccessApiUsageException: Target object must not be null; nested exception is java.lang.IllegalArgumentException: Target object must not be null]
25-01-2020 16:17:22.296 [35m[http-nio-8080-exec-3][0;39m [34mINFO [0;39m global.register - 
     utente registrato
25-01-2020 16:23:53.319 [35m[Thread-5][0;39m [34mINFO [0;39m o.s.s.c.ThreadPoolTaskExecutor.shutdown - 
     Shutting down ExecutorService 'applicationTaskExecutor'
25-01-2020 16:23:53.322 [35m[Thread-5][0;39m [34mINFO [0;39m o.s.o.j.LocalContainerEntityManagerFactoryBean.destroy - 
     Closing JPA EntityManagerFactory for persistence unit 'default'
25-01-2020 16:23:53.326 [35m[Thread-5][0;39m [34mINFO [0;39m com.zaxxer.hikari.HikariDataSource.close - 
     HikariPool-1 - Shutdown initiated...
25-01-2020 16:23:53.333 [35m[Thread-5][0;39m [34mINFO [0;39m com.zaxxer.hikari.HikariDataSource.close - 
     HikariPool-1 - Shutdown completed.
25-01-2020 16:23:53.558 [35m[restartedMain][0;39m [31mWARN [0;39m com.avis.AnAvisApplication.main - 
     Start
