29-01-2020 17:02:07.554 [35m[restartedMain][0;39m [34mINFO [0;39m com.avis.AnAvisApplication.logStarting - 
     Starting AnAvisApplication on DESKTOP-K3D9L0U with PID 6420 (C:\Users\Rebichini\Desktop\AnAvis\backend\target\classes started by Rebichini in c:\Users\Rebichini\Desktop\AnAvis\backend)
29-01-2020 17:02:07.555 [35m[restartedMain][0;39m [34mINFO [0;39m com.avis.AnAvisApplication.logStartupProfileInfo - 
     No active profile set, falling back to default profiles: default
29-01-2020 17:02:07.846 [35m[restartedMain][0;39m [34mINFO [0;39m o.s.d.r.c.RepositoryConfigurationDelegate.registerRepositoriesIn - 
     Bootstrapping Spring Data repositories in DEFAULT mode.
29-01-2020 17:02:07.896 [35m[restartedMain][0;39m [34mINFO [0;39m o.s.d.r.c.RepositoryConfigurationDelegate.registerRepositoriesIn - 
     Finished Spring Data repository scanning in 34ms. Found 7 repository interfaces.
29-01-2020 17:02:07.965 [35m[restartedMain][0;39m [34mINFO [0;39m o.s.c.s.PostProcessorRegistrationDelegate$BeanPostProcessorChecker.postProcessAfterInitialization - 
     Bean 'org.springframework.transaction.annotation.ProxyTransactionManagementConfiguration' of type [org.springframework.transaction.annotation.ProxyTransactionManagementConfiguration] is not eligible for getting processed by all BeanPostProcessors (for example: not eligible for auto-proxying)
29-01-2020 17:02:07.973 [35m[restartedMain][0;39m [34mINFO [0;39m o.s.c.s.PostProcessorRegistrationDelegate$BeanPostProcessorChecker.postProcessAfterInitialization - 
     Bean 'org.springframework.security.config.annotation.configuration.ObjectPostProcessorConfiguration' of type [org.springframework.security.config.annotation.configuration.ObjectPostProcessorConfiguration] is not eligible for getting processed by all BeanPostProcessors (for example: not eligible for auto-proxying)
29-01-2020 17:02:07.976 [35m[restartedMain][0;39m [34mINFO [0;39m o.s.c.s.PostProcessorRegistrationDelegate$BeanPostProcessorChecker.postProcessAfterInitialization - 
     Bean 'objectPostProcessor' of type [org.springframework.security.config.annotation.configuration.AutowireBeanFactoryObjectPostProcessor] is not eligible for getting processed by all BeanPostProcessors (for example: not eligible for auto-proxying)
29-01-2020 17:02:07.977 [35m[restartedMain][0;39m [34mINFO [0;39m o.s.c.s.PostProcessorRegistrationDelegate$BeanPostProcessorChecker.postProcessAfterInitialization - 
     Bean 'org.springframework.security.access.expression.method.DefaultMethodSecurityExpressionHandler@1d42e09b' of type [org.springframework.security.access.expression.method.DefaultMethodSecurityExpressionHandler] is not eligible for getting processed by all BeanPostProcessors (for example: not eligible for auto-proxying)
29-01-2020 17:02:07.978 [35m[restartedMain][0;39m [34mINFO [0;39m o.s.c.s.PostProcessorRegistrationDelegate$BeanPostProcessorChecker.postProcessAfterInitialization - 
     Bean 'org.springframework.security.config.annotation.method.configuration.GlobalMethodSecurityConfiguration' of type [org.springframework.security.config.annotation.method.configuration.GlobalMethodSecurityConfiguration] is not eligible for getting processed by all BeanPostProcessors (for example: not eligible for auto-proxying)
29-01-2020 17:02:07.980 [35m[restartedMain][0;39m [34mINFO [0;39m o.s.c.s.PostProcessorRegistrationDelegate$BeanPostProcessorChecker.postProcessAfterInitialization - 
     Bean 'methodSecurityMetadataSource' of type [org.springframework.security.access.method.DelegatingMethodSecurityMetadataSource] is not eligible for getting processed by all BeanPostProcessors (for example: not eligible for auto-proxying)
29-01-2020 17:02:08.018 [35m[restartedMain][0;39m [31mWARN [0;39m o.a.tomcat.util.modeler.Registry.log - 
     The MBean registry cannot be disabled because it has already been initialised
29-01-2020 17:02:08.118 [35m[restartedMain][0;39m [34mINFO [0;39m o.s.b.w.e.tomcat.TomcatWebServer.initialize - 
     Tomcat initialized with port(s): 8080 (http)
29-01-2020 17:02:08.119 [35m[restartedMain][0;39m [34mINFO [0;39m o.a.coyote.http11.Http11NioProtocol.log - 
     Initializing ProtocolHandler ["http-nio-8080"]
29-01-2020 17:02:08.119 [35m[restartedMain][0;39m [34mINFO [0;39m o.a.catalina.core.StandardService.log - 
     Starting service [Tomcat]
29-01-2020 17:02:08.119 [35m[restartedMain][0;39m [34mINFO [0;39m o.a.catalina.core.StandardEngine.log - 
     Starting Servlet engine: [Apache Tomcat/9.0.27]
29-01-2020 17:02:08.136 [35m[restartedMain][0;39m [34mINFO [0;39m o.a.c.c.C.[Tomcat-2].[localhost].[/].log - 
     Initializing Spring embedded WebApplicationContext
29-01-2020 17:02:08.136 [35m[restartedMain][0;39m [34mINFO [0;39m o.s.web.context.ContextLoader.prepareWebApplicationContext - 
     Root WebApplicationContext: initialization completed in 577 ms
29-01-2020 17:02:08.188 [35m[restartedMain][0;39m [34mINFO [0;39m o.h.jpa.internal.util.LogHelper.logPersistenceUnitInformation - 
     HHH000204: Processing PersistenceUnitInfo [name: default]
29-01-2020 17:02:08.193 [35m[restartedMain][0;39m [34mINFO [0;39m com.zaxxer.hikari.HikariDataSource.getConnection - 
     HikariPool-5 - Starting...
29-01-2020 17:02:08.196 [35m[restartedMain][0;39m [34mINFO [0;39m com.zaxxer.hikari.HikariDataSource.getConnection - 
     HikariPool-5 - Start completed.
29-01-2020 17:02:08.197 [35m[restartedMain][0;39m [34mINFO [0;39m org.hibernate.dialect.Dialect.<init> - 
     HHH000400: Using dialect: org.hibernate.dialect.MySQL5InnoDBDialect
29-01-2020 17:02:09.014 [35m[restartedMain][0;39m [34mINFO [0;39m o.h.e.t.j.p.i.JtaPlatformInitiator.initiateService - 
     HHH000490: Using JtaPlatform implementation: [org.hibernate.engine.transaction.jta.platform.internal.NoJtaPlatform]
29-01-2020 17:02:09.014 [35m[restartedMain][0;39m [34mINFO [0;39m o.s.o.j.LocalContainerEntityManagerFactoryBean.buildNativeEntityManagerFactory - 
     Initialized JPA EntityManagerFactory for persistence unit 'default'
29-01-2020 17:02:09.025 [35m[restartedMain][0;39m [34mINFO [0;39m o.s.b.d.a.OptionalLiveReloadServer.startServer - 
     LiveReload server is running on port 35729
29-01-2020 17:02:09.179 [35m[restartedMain][0;39m [31mWARN [0;39m o.s.b.a.o.j.JpaBaseConfiguration$JpaWebConfiguration.openEntityManagerInViewInterceptor - 
     spring.jpa.open-in-view is enabled by default. Therefore, database queries may be performed during view rendering. Explicitly configure spring.jpa.open-in-view to disable this warning
29-01-2020 17:02:09.220 [35m[restartedMain][0;39m [34mINFO [0;39m o.s.s.web.DefaultSecurityFilterChain.<init> - 
     Creating filter chain: any request, [org.springframework.security.web.context.request.async.WebAsyncManagerIntegrationFilter@ff1398d, org.springframework.security.web.context.SecurityContextPersistenceFilter@430e92f5, org.springframework.security.web.header.HeaderWriterFilter@2bffed2a, org.springframework.web.filter.CorsFilter@19693500, org.springframework.security.web.authentication.logout.LogoutFilter@35f096b3, com.avis.security.JwtAuthenticationTokenFilter@41138584, org.springframework.security.web.savedrequest.RequestCacheAwareFilter@5911f087, org.springframework.security.web.servletapi.SecurityContextHolderAwareRequestFilter@d53d032, org.springframework.security.web.authentication.AnonymousAuthenticationFilter@1dabbf30, org.springframework.security.web.session.SessionManagementFilter@af0be49, org.springframework.security.web.access.ExceptionTranslationFilter@4e7a9fec, org.springframework.security.web.access.intercept.FilterSecurityInterceptor@c3b9a2e]
29-01-2020 17:02:09.260 [35m[restartedMain][0;39m [34mINFO [0;39m o.s.s.c.ThreadPoolTaskExecutor.initialize - 
     Initializing ExecutorService 'applicationTaskExecutor'
29-01-2020 17:02:09.333 [35m[restartedMain][0;39m [34mINFO [0;39m o.a.coyote.http11.Http11NioProtocol.log - 
     Starting ProtocolHandler ["http-nio-8080"]
29-01-2020 17:02:09.337 [35m[restartedMain][0;39m [34mINFO [0;39m o.s.b.w.e.tomcat.TomcatWebServer.start - 
     Tomcat started on port(s): 8080 (http) with context path ''
29-01-2020 17:02:09.338 [35m[restartedMain][0;39m [34mINFO [0;39m com.avis.AnAvisApplication.logStarted - 
     Started AnAvisApplication in 1.816 seconds (JVM running for 4978.544)
29-01-2020 17:02:09.500 [35m[restartedMain][0;39m [34mINFO [0;39m o.s.b.d.a.ConditionEvaluationDeltaLoggingListener.onApplicationEvent - 
     Condition evaluation unchanged
29-01-2020 17:05:23.163 [35m[http-nio-8080-exec-1][0;39m [34mINFO [0;39m o.a.c.c.C.[Tomcat-2].[localhost].[/].log - 
     Initializing Spring DispatcherServlet 'dispatcherServlet'
29-01-2020 17:05:23.164 [35m[http-nio-8080-exec-1][0;39m [34mINFO [0;39m o.s.web.servlet.DispatcherServlet.initServletBean - 
     Initializing Servlet 'dispatcherServlet'
29-01-2020 17:05:23.167 [35m[http-nio-8080-exec-1][0;39m [34mINFO [0;39m o.s.web.servlet.DispatcherServlet.initServletBean - 
     Completed initialization in 3 ms
29-01-2020 17:05:23.311 [35m[http-nio-8080-exec-3][0;39m [34mINFO [0;39m global.generateToken - 
     nuovo token generato
29-01-2020 17:05:23.312 [35m[http-nio-8080-exec-3][0;39m [34mINFO [0;39m global.createAuthenticationToken - 
     utente appena autenticato
29-01-2020 17:05:40.789 [35m[http-nio-8080-exec-10][0;39m [34mINFO [0;39m global.deleteDate - 
     una data è stata cancellata
29-01-2020 17:17:14.779 [35m[http-nio-8080-exec-9][0;39m [34mINFO [0;39m global.prenotaData - 
     nuova data prenotata
29-01-2020 17:21:13.337 [35m[http-nio-8080-exec-3][0;39m [34mINFO [0;39m global.generateToken - 
     nuovo token generato
29-01-2020 17:21:13.340 [35m[http-nio-8080-exec-3][0;39m [34mINFO [0;39m global.createAuthenticationToken - 
     utente appena autenticato
29-01-2020 17:21:28.557 [35m[http-nio-8080-exec-6][0;39m [34mINFO [0;39m global.generateToken - 
     nuovo token generato
29-01-2020 17:21:28.558 [35m[http-nio-8080-exec-6][0;39m [34mINFO [0;39m global.createAuthenticationToken - 
     utente appena autenticato
29-01-2020 17:31:59.639 [35m[http-nio-8080-exec-5][0;39m [34mINFO [0;39m global.register - 
     utente registrato
29-01-2020 17:32:06.714 [35m[http-nio-8080-exec-7][0;39m [31mWARN [0;39m o.s.w.s.m.m.a.ExceptionHandlerExceptionResolver.logException - 
     Resolved [org.springframework.security.authentication.InternalAuthenticationServiceException: UserDetailsService returned null, which is an interface contract violation]
29-01-2020 17:32:08.171 [35m[http-nio-8080-exec-8][0;39m [31mWARN [0;39m o.s.w.s.m.m.a.ExceptionHandlerExceptionResolver.logException - 
     Resolved [org.springframework.security.authentication.InternalAuthenticationServiceException: UserDetailsService returned null, which is an interface contract violation]
29-01-2020 17:32:08.306 [35m[http-nio-8080-exec-9][0;39m [31mWARN [0;39m o.s.w.s.m.m.a.ExceptionHandlerExceptionResolver.logException - 
     Resolved [org.springframework.security.authentication.InternalAuthenticationServiceException: UserDetailsService returned null, which is an interface contract violation]
29-01-2020 17:32:11.595 [35m[http-nio-8080-exec-10][0;39m [31mWARN [0;39m o.s.w.s.m.m.a.ExceptionHandlerExceptionResolver.logException - 
     Resolved [org.springframework.security.authentication.InternalAuthenticationServiceException: UserDetailsService returned null, which is an interface contract violation]
29-01-2020 17:32:26.660 [35m[http-nio-8080-exec-3][0;39m [34mINFO [0;39m global.register - 
     utente registrato
29-01-2020 17:32:33.179 [35m[http-nio-8080-exec-4][0;39m [34mINFO [0;39m global.generateToken - 
     nuovo token generato
29-01-2020 17:32:33.181 [35m[http-nio-8080-exec-4][0;39m [34mINFO [0;39m global.createAuthenticationToken - 
     utente appena autenticato
29-01-2020 17:33:25.879 [35m[http-nio-8080-exec-7][0;39m [34mINFO [0;39m global.register - 
     utente registrato
29-01-2020 17:33:33.024 [35m[http-nio-8080-exec-9][0;39m [34mINFO [0;39m global.generateToken - 
     nuovo token generato
29-01-2020 17:33:33.025 [35m[http-nio-8080-exec-9][0;39m [34mINFO [0;39m global.createAuthenticationToken - 
     utente appena autenticato
29-01-2020 17:46:40.037 [35m[http-nio-8080-exec-4][0;39m [31mWARN [0;39m o.h.e.jdbc.spi.SqlExceptionHelper.logExceptions - 
     SQL Error: 1062, SQLState: 23000
29-01-2020 17:46:40.038 [35m[http-nio-8080-exec-4][0;39m [1;31mERROR[0;39m o.h.e.jdbc.spi.SqlExceptionHelper.logExceptions - 
     Duplicate entry 'bbb' for key 'UK_gxvq4mjswnupehxnp35vawmo2'
29-01-2020 17:46:40.043 [35m[http-nio-8080-exec-4][0;39m [31mWARN [0;39m o.s.w.s.m.m.a.ExceptionHandlerExceptionResolver.logException - 
     Resolved [org.springframework.dao.DataIntegrityViolationException: could not execute statement; SQL [n/a]; constraint [UK_gxvq4mjswnupehxnp35vawmo2]; nested exception is org.hibernate.exception.ConstraintViolationException: could not execute statement]
29-01-2020 17:46:47.465 [35m[http-nio-8080-exec-7][0;39m [34mINFO [0;39m global.register - 
     utente registrato
29-01-2020 17:46:53.097 [35m[http-nio-8080-exec-9][0;39m [34mINFO [0;39m global.generateToken - 
     nuovo token generato
29-01-2020 17:46:53.098 [35m[http-nio-8080-exec-9][0;39m [34mINFO [0;39m global.createAuthenticationToken - 
     utente appena autenticato
29-01-2020 17:48:13.613 [35m[http-nio-8080-exec-9][0;39m [34mINFO [0;39m global.register - 
     utente registrato
29-01-2020 17:48:19.620 [35m[http-nio-8080-exec-3][0;39m [34mINFO [0;39m global.generateToken - 
     nuovo token generato
29-01-2020 17:48:19.621 [35m[http-nio-8080-exec-3][0;39m [34mINFO [0;39m global.createAuthenticationToken - 
     utente appena autenticato
29-01-2020 17:52:13.745 [35m[http-nio-8080-exec-10][0;39m [34mINFO [0;39m global.register - 
     utente registrato
29-01-2020 17:52:28.730 [35m[http-nio-8080-exec-3][0;39m [34mINFO [0;39m global.generateToken - 
     nuovo token generato
29-01-2020 17:52:28.731 [35m[http-nio-8080-exec-3][0;39m [34mINFO [0;39m global.createAuthenticationToken - 
     utente appena autenticato
29-01-2020 17:56:13.700 [35m[http-nio-8080-exec-1][0;39m [34mINFO [0;39m global.generateToken - 
     nuovo token generato
29-01-2020 17:56:13.701 [35m[http-nio-8080-exec-1][0;39m [34mINFO [0;39m global.createAuthenticationToken - 
     utente appena autenticato
29-01-2020 18:41:51.739 [35m[http-nio-8080-exec-9][0;39m [34mINFO [0;39m global.generateToken - 
     nuovo token generato
29-01-2020 18:41:51.740 [35m[http-nio-8080-exec-9][0;39m [34mINFO [0;39m global.createAuthenticationToken - 
     utente appena autenticato
29-01-2020 18:44:27.818 [35m[http-nio-8080-exec-4][0;39m [34mINFO [0;39m global.deleteDate - 
     una data è stata cancellata
29-01-2020 18:44:31.706 [35m[http-nio-8080-exec-7][0;39m [34mINFO [0;39m global.deleteDate - 
     una data è stata cancellata
29-01-2020 18:44:34.734 [35m[http-nio-8080-exec-2][0;39m [34mINFO [0;39m global.deleteDate - 
     una data è stata cancellata
29-01-2020 18:44:37.564 [35m[http-nio-8080-exec-6][0;39m [34mINFO [0;39m global.deleteDate - 
     una data è stata cancellata
29-01-2020 18:44:55.345 [35m[http-nio-8080-exec-8][0;39m [34mINFO [0;39m global.insertDate - 
     nuove date inserite
29-01-2020 18:45:04.241 [35m[http-nio-8080-exec-4][0;39m [34mINFO [0;39m global.insertDate - 
     nuove date inserite
29-01-2020 18:48:11.636 [35m[http-nio-8080-exec-5][0;39m [34mINFO [0;39m global.deleteDate - 
     una data è stata cancellata
29-01-2020 18:49:01.289 [35m[http-nio-8080-exec-2][0;39m [34mINFO [0;39m global.generateToken - 
     nuovo token generato
29-01-2020 18:49:01.290 [35m[http-nio-8080-exec-2][0;39m [34mINFO [0;39m global.createAuthenticationToken - 
     utente appena autenticato
29-01-2020 18:49:13.850 [35m[http-nio-8080-exec-7][0;39m [34mINFO [0;39m global.generateToken - 
     nuovo token generato
29-01-2020 18:49:13.851 [35m[http-nio-8080-exec-7][0;39m [34mINFO [0;39m global.createAuthenticationToken - 
     utente appena autenticato
29-01-2020 18:49:39.048 [35m[http-nio-8080-exec-9][0;39m [34mINFO [0;39m global.generateToken - 
     nuovo token generato
29-01-2020 18:49:39.048 [35m[http-nio-8080-exec-9][0;39m [34mINFO [0;39m global.createAuthenticationToken - 
     utente appena autenticato
29-01-2020 18:50:02.597 [35m[http-nio-8080-exec-5][0;39m [34mINFO [0;39m global.generateToken - 
     nuovo token generato
29-01-2020 18:50:02.601 [35m[http-nio-8080-exec-5][0;39m [34mINFO [0;39m global.createAuthenticationToken - 
     utente appena autenticato
29-01-2020 19:01:16.491 [35m[http-nio-8080-exec-3][0;39m [34mINFO [0;39m global.generateToken - 
     nuovo token generato
29-01-2020 19:01:16.492 [35m[http-nio-8080-exec-3][0;39m [34mINFO [0;39m global.createAuthenticationToken - 
     utente appena autenticato
29-01-2020 19:01:38.541 [35m[http-nio-8080-exec-8][0;39m [34mINFO [0;39m global.generateToken - 
     nuovo token generato
29-01-2020 19:01:38.542 [35m[http-nio-8080-exec-8][0;39m [34mINFO [0;39m global.createAuthenticationToken - 
     utente appena autenticato
29-01-2020 19:01:54.418 [35m[http-nio-8080-exec-6][0;39m [34mINFO [0;39m global.insertEmergenza - 
     un emergenza è stata inviata
