30-01-2020 15:20:35.214 [35m[restartedMain][0;39m [34mINFO [0;39m com.avis.AnAvisApplication.logStarting - 
     Starting AnAvisApplication on DESKTOP-K3D9L0U with PID 9592 (C:\Users\Rebichini\Desktop\AnAvis\backend\target\classes started by Rebichini in c:\Users\Rebichini\Desktop\AnAvis\backend)
30-01-2020 15:20:35.215 [35m[restartedMain][0;39m [34mINFO [0;39m com.avis.AnAvisApplication.logStartupProfileInfo - 
     No active profile set, falling back to default profiles: default
30-01-2020 15:20:35.512 [35m[restartedMain][0;39m [34mINFO [0;39m o.s.d.r.c.RepositoryConfigurationDelegate.registerRepositoriesIn - 
     Bootstrapping Spring Data repositories in DEFAULT mode.
30-01-2020 15:20:35.566 [35m[restartedMain][0;39m [34mINFO [0;39m o.s.d.r.c.RepositoryConfigurationDelegate.registerRepositoriesIn - 
     Finished Spring Data repository scanning in 52ms. Found 7 repository interfaces.
30-01-2020 15:20:35.645 [35m[restartedMain][0;39m [34mINFO [0;39m o.s.c.s.PostProcessorRegistrationDelegate$BeanPostProcessorChecker.postProcessAfterInitialization - 
     Bean 'org.springframework.transaction.annotation.ProxyTransactionManagementConfiguration' of type [org.springframework.transaction.annotation.ProxyTransactionManagementConfiguration] is not eligible for getting processed by all BeanPostProcessors (for example: not eligible for auto-proxying)
30-01-2020 15:20:35.649 [35m[restartedMain][0;39m [34mINFO [0;39m o.s.c.s.PostProcessorRegistrationDelegate$BeanPostProcessorChecker.postProcessAfterInitialization - 
     Bean 'org.springframework.security.config.annotation.configuration.ObjectPostProcessorConfiguration' of type [org.springframework.security.config.annotation.configuration.ObjectPostProcessorConfiguration] is not eligible for getting processed by all BeanPostProcessors (for example: not eligible for auto-proxying)
30-01-2020 15:20:35.651 [35m[restartedMain][0;39m [34mINFO [0;39m o.s.c.s.PostProcessorRegistrationDelegate$BeanPostProcessorChecker.postProcessAfterInitialization - 
     Bean 'objectPostProcessor' of type [org.springframework.security.config.annotation.configuration.AutowireBeanFactoryObjectPostProcessor] is not eligible for getting processed by all BeanPostProcessors (for example: not eligible for auto-proxying)
30-01-2020 15:20:35.652 [35m[restartedMain][0;39m [34mINFO [0;39m o.s.c.s.PostProcessorRegistrationDelegate$BeanPostProcessorChecker.postProcessAfterInitialization - 
     Bean 'org.springframework.security.access.expression.method.DefaultMethodSecurityExpressionHandler@59ee6928' of type [org.springframework.security.access.expression.method.DefaultMethodSecurityExpressionHandler] is not eligible for getting processed by all BeanPostProcessors (for example: not eligible for auto-proxying)
30-01-2020 15:20:35.654 [35m[restartedMain][0;39m [34mINFO [0;39m o.s.c.s.PostProcessorRegistrationDelegate$BeanPostProcessorChecker.postProcessAfterInitialization - 
     Bean 'org.springframework.security.config.annotation.method.configuration.GlobalMethodSecurityConfiguration' of type [org.springframework.security.config.annotation.method.configuration.GlobalMethodSecurityConfiguration] is not eligible for getting processed by all BeanPostProcessors (for example: not eligible for auto-proxying)
30-01-2020 15:20:35.655 [35m[restartedMain][0;39m [34mINFO [0;39m o.s.c.s.PostProcessorRegistrationDelegate$BeanPostProcessorChecker.postProcessAfterInitialization - 
     Bean 'methodSecurityMetadataSource' of type [org.springframework.security.access.method.DelegatingMethodSecurityMetadataSource] is not eligible for getting processed by all BeanPostProcessors (for example: not eligible for auto-proxying)
30-01-2020 15:20:35.694 [35m[restartedMain][0;39m [31mWARN [0;39m o.a.tomcat.util.modeler.Registry.log - 
     The MBean registry cannot be disabled because it has already been initialised
30-01-2020 15:20:35.754 [35m[restartedMain][0;39m [34mINFO [0;39m o.s.b.w.e.tomcat.TomcatWebServer.initialize - 
     Tomcat initialized with port(s): 8080 (http)
30-01-2020 15:20:35.755 [35m[restartedMain][0;39m [34mINFO [0;39m o.a.coyote.http11.Http11NioProtocol.log - 
     Initializing ProtocolHandler ["http-nio-8080"]
30-01-2020 15:20:35.756 [35m[restartedMain][0;39m [34mINFO [0;39m o.a.catalina.core.StandardService.log - 
     Starting service [Tomcat]
30-01-2020 15:20:35.756 [35m[restartedMain][0;39m [34mINFO [0;39m o.a.catalina.core.StandardEngine.log - 
     Starting Servlet engine: [Apache Tomcat/9.0.27]
30-01-2020 15:20:35.775 [35m[restartedMain][0;39m [34mINFO [0;39m o.a.c.c.C.[Tomcat].[localhost].[/].log - 
     Initializing Spring embedded WebApplicationContext
30-01-2020 15:20:35.775 [35m[restartedMain][0;39m [34mINFO [0;39m o.s.web.context.ContextLoader.prepareWebApplicationContext - 
     Root WebApplicationContext: initialization completed in 555 ms
30-01-2020 15:20:35.837 [35m[restartedMain][0;39m [34mINFO [0;39m o.h.jpa.internal.util.LogHelper.logPersistenceUnitInformation - 
     HHH000204: Processing PersistenceUnitInfo [name: default]
30-01-2020 15:20:35.840 [35m[restartedMain][0;39m [39mDEBUG[0;39m org.hibernate.type.BasicTypeRegistry.register - 
     Adding type registration boolean -> org.hibernate.type.BooleanType@55c5960
30-01-2020 15:20:35.841 [35m[restartedMain][0;39m [39mDEBUG[0;39m org.hibernate.type.BasicTypeRegistry.register - 
     Adding type registration boolean -> org.hibernate.type.BooleanType@55c5960
30-01-2020 15:20:35.841 [35m[restartedMain][0;39m [39mDEBUG[0;39m org.hibernate.type.BasicTypeRegistry.register - 
     Adding type registration java.lang.Boolean -> org.hibernate.type.BooleanType@55c5960
30-01-2020 15:20:35.841 [35m[restartedMain][0;39m [39mDEBUG[0;39m org.hibernate.type.BasicTypeRegistry.register - 
     Adding type registration numeric_boolean -> org.hibernate.type.NumericBooleanType@62ce2803
30-01-2020 15:20:35.842 [35m[restartedMain][0;39m [39mDEBUG[0;39m org.hibernate.type.BasicTypeRegistry.register - 
     Adding type registration true_false -> org.hibernate.type.TrueFalseType@564030e2
30-01-2020 15:20:35.842 [35m[restartedMain][0;39m [39mDEBUG[0;39m org.hibernate.type.BasicTypeRegistry.register - 
     Adding type registration yes_no -> org.hibernate.type.YesNoType@4a893197
30-01-2020 15:20:35.842 [35m[restartedMain][0;39m [39mDEBUG[0;39m org.hibernate.type.BasicTypeRegistry.register - 
     Adding type registration byte -> org.hibernate.type.ByteType@2df9e6ff
30-01-2020 15:20:35.842 [35m[restartedMain][0;39m [39mDEBUG[0;39m org.hibernate.type.BasicTypeRegistry.register - 
     Adding type registration byte -> org.hibernate.type.ByteType@2df9e6ff
30-01-2020 15:20:35.843 [35m[restartedMain][0;39m [39mDEBUG[0;39m org.hibernate.type.BasicTypeRegistry.register - 
     Adding type registration java.lang.Byte -> org.hibernate.type.ByteType@2df9e6ff
30-01-2020 15:20:35.843 [35m[restartedMain][0;39m [39mDEBUG[0;39m org.hibernate.type.BasicTypeRegistry.register - 
     Adding type registration character -> org.hibernate.type.CharacterType@3e645d73
30-01-2020 15:20:35.843 [35m[restartedMain][0;39m [39mDEBUG[0;39m org.hibernate.type.BasicTypeRegistry.register - 
     Adding type registration char -> org.hibernate.type.CharacterType@3e645d73
30-01-2020 15:20:35.844 [35m[restartedMain][0;39m [39mDEBUG[0;39m org.hibernate.type.BasicTypeRegistry.register - 
     Adding type registration java.lang.Character -> org.hibernate.type.CharacterType@3e645d73
30-01-2020 15:20:35.844 [35m[restartedMain][0;39m [39mDEBUG[0;39m org.hibernate.type.BasicTypeRegistry.register - 
     Adding type registration short -> org.hibernate.type.ShortType@6974bd7d
30-01-2020 15:20:35.844 [35m[restartedMain][0;39m [39mDEBUG[0;39m org.hibernate.type.BasicTypeRegistry.register - 
     Adding type registration short -> org.hibernate.type.ShortType@6974bd7d
30-01-2020 15:20:35.844 [35m[restartedMain][0;39m [39mDEBUG[0;39m org.hibernate.type.BasicTypeRegistry.register - 
     Adding type registration java.lang.Short -> org.hibernate.type.ShortType@6974bd7d
30-01-2020 15:20:35.845 [35m[restartedMain][0;39m [39mDEBUG[0;39m org.hibernate.type.BasicTypeRegistry.register - 
     Adding type registration integer -> org.hibernate.type.IntegerType@6af22c4d
30-01-2020 15:20:35.845 [35m[restartedMain][0;39m [39mDEBUG[0;39m org.hibernate.type.BasicTypeRegistry.register - 
     Adding type registration int -> org.hibernate.type.IntegerType@6af22c4d
30-01-2020 15:20:35.845 [35m[restartedMain][0;39m [39mDEBUG[0;39m org.hibernate.type.BasicTypeRegistry.register - 
     Adding type registration java.lang.Integer -> org.hibernate.type.IntegerType@6af22c4d
30-01-2020 15:20:35.845 [35m[restartedMain][0;39m [39mDEBUG[0;39m org.hibernate.type.BasicTypeRegistry.register - 
     Adding type registration long -> org.hibernate.type.LongType@8def1f2
30-01-2020 15:20:35.846 [35m[restartedMain][0;39m [39mDEBUG[0;39m org.hibernate.type.BasicTypeRegistry.register - 
     Adding type registration long -> org.hibernate.type.LongType@8def1f2
30-01-2020 15:20:35.846 [35m[restartedMain][0;39m [39mDEBUG[0;39m org.hibernate.type.BasicTypeRegistry.register - 
     Adding type registration java.lang.Long -> org.hibernate.type.LongType@8def1f2
30-01-2020 15:20:35.846 [35m[restartedMain][0;39m [39mDEBUG[0;39m org.hibernate.type.BasicTypeRegistry.register - 
     Adding type registration float -> org.hibernate.type.FloatType@144daa5f
30-01-2020 15:20:35.846 [35m[restartedMain][0;39m [39mDEBUG[0;39m org.hibernate.type.BasicTypeRegistry.register - 
     Adding type registration float -> org.hibernate.type.FloatType@144daa5f
30-01-2020 15:20:35.847 [35m[restartedMain][0;39m [39mDEBUG[0;39m org.hibernate.type.BasicTypeRegistry.register - 
     Adding type registration java.lang.Float -> org.hibernate.type.FloatType@144daa5f
30-01-2020 15:20:35.848 [35m[restartedMain][0;39m [39mDEBUG[0;39m org.hibernate.type.BasicTypeRegistry.register - 
     Adding type registration double -> org.hibernate.type.DoubleType@589e72fe
30-01-2020 15:20:35.848 [35m[restartedMain][0;39m [39mDEBUG[0;39m org.hibernate.type.BasicTypeRegistry.register - 
     Adding type registration double -> org.hibernate.type.DoubleType@589e72fe
30-01-2020 15:20:35.848 [35m[restartedMain][0;39m [39mDEBUG[0;39m org.hibernate.type.BasicTypeRegistry.register - 
     Adding type registration java.lang.Double -> org.hibernate.type.DoubleType@589e72fe
30-01-2020 15:20:35.849 [35m[restartedMain][0;39m [39mDEBUG[0;39m org.hibernate.type.BasicTypeRegistry.register - 
     Adding type registration big_decimal -> org.hibernate.type.BigDecimalType@23f5bde4
30-01-2020 15:20:35.849 [35m[restartedMain][0;39m [39mDEBUG[0;39m org.hibernate.type.BasicTypeRegistry.register - 
     Adding type registration java.math.BigDecimal -> org.hibernate.type.BigDecimalType@23f5bde4
30-01-2020 15:20:35.849 [35m[restartedMain][0;39m [39mDEBUG[0;39m org.hibernate.type.BasicTypeRegistry.register - 
     Adding type registration big_integer -> org.hibernate.type.BigIntegerType@5cdb8909
30-01-2020 15:20:35.849 [35m[restartedMain][0;39m [39mDEBUG[0;39m org.hibernate.type.BasicTypeRegistry.register - 
     Adding type registration java.math.BigInteger -> org.hibernate.type.BigIntegerType@5cdb8909
30-01-2020 15:20:35.850 [35m[restartedMain][0;39m [39mDEBUG[0;39m org.hibernate.type.BasicTypeRegistry.register - 
     Adding type registration string -> org.hibernate.type.StringType@253dcf9f
30-01-2020 15:20:35.850 [35m[restartedMain][0;39m [39mDEBUG[0;39m org.hibernate.type.BasicTypeRegistry.register - 
     Adding type registration java.lang.String -> org.hibernate.type.StringType@253dcf9f
30-01-2020 15:20:35.851 [35m[restartedMain][0;39m [39mDEBUG[0;39m org.hibernate.type.BasicTypeRegistry.register - 
     Adding type registration nstring -> org.hibernate.type.StringNVarcharType@e1f5044
30-01-2020 15:20:35.851 [35m[restartedMain][0;39m [39mDEBUG[0;39m org.hibernate.type.BasicTypeRegistry.register - 
     Adding type registration ncharacter -> org.hibernate.type.CharacterNCharType@8bc6fe
30-01-2020 15:20:35.851 [35m[restartedMain][0;39m [39mDEBUG[0;39m org.hibernate.type.BasicTypeRegistry.register - 
     Adding type registration url -> org.hibernate.type.UrlType@989427
30-01-2020 15:20:35.851 [35m[restartedMain][0;39m [39mDEBUG[0;39m org.hibernate.type.BasicTypeRegistry.register - 
     Adding type registration java.net.URL -> org.hibernate.type.UrlType@989427
30-01-2020 15:20:35.852 [35m[restartedMain][0;39m [39mDEBUG[0;39m org.hibernate.type.BasicTypeRegistry.register - 
     Adding type registration Duration -> org.hibernate.type.DurationType@4b92f29c
30-01-2020 15:20:35.852 [35m[restartedMain][0;39m [39mDEBUG[0;39m org.hibernate.type.BasicTypeRegistry.register - 
     Adding type registration java.time.Duration -> org.hibernate.type.DurationType@4b92f29c
30-01-2020 15:20:35.852 [35m[restartedMain][0;39m [39mDEBUG[0;39m org.hibernate.type.BasicTypeRegistry.register - 
     Adding type registration Instant -> org.hibernate.type.InstantType@3f7b06da
30-01-2020 15:20:35.853 [35m[restartedMain][0;39m [39mDEBUG[0;39m org.hibernate.type.BasicTypeRegistry.register - 
     Adding type registration java.time.Instant -> org.hibernate.type.InstantType@3f7b06da
30-01-2020 15:20:35.855 [35m[restartedMain][0;39m [39mDEBUG[0;39m org.hibernate.type.BasicTypeRegistry.register - 
     Adding type registration LocalDateTime -> org.hibernate.type.LocalDateTimeType@61999bfd
30-01-2020 15:20:35.855 [35m[restartedMain][0;39m [39mDEBUG[0;39m org.hibernate.type.BasicTypeRegistry.register - 
     Adding type registration java.time.LocalDateTime -> org.hibernate.type.LocalDateTimeType@61999bfd
30-01-2020 15:20:35.855 [35m[restartedMain][0;39m [39mDEBUG[0;39m org.hibernate.type.BasicTypeRegistry.register - 
     Adding type registration LocalDate -> org.hibernate.type.LocalDateType@25e41245
30-01-2020 15:20:35.856 [35m[restartedMain][0;39m [39mDEBUG[0;39m org.hibernate.type.BasicTypeRegistry.register - 
     Adding type registration java.time.LocalDate -> org.hibernate.type.LocalDateType@25e41245
30-01-2020 15:20:35.856 [35m[restartedMain][0;39m [39mDEBUG[0;39m org.hibernate.type.BasicTypeRegistry.register - 
     Adding type registration LocalTime -> org.hibernate.type.LocalTimeType@79be1277
30-01-2020 15:20:35.856 [35m[restartedMain][0;39m [39mDEBUG[0;39m org.hibernate.type.BasicTypeRegistry.register - 
     Adding type registration java.time.LocalTime -> org.hibernate.type.LocalTimeType@79be1277
30-01-2020 15:20:35.856 [35m[restartedMain][0;39m [39mDEBUG[0;39m org.hibernate.type.BasicTypeRegistry.register - 
     Adding type registration OffsetDateTime -> org.hibernate.type.OffsetDateTimeType@1e94964c
30-01-2020 15:20:35.857 [35m[restartedMain][0;39m [39mDEBUG[0;39m org.hibernate.type.BasicTypeRegistry.register - 
     Adding type registration java.time.OffsetDateTime -> org.hibernate.type.OffsetDateTimeType@1e94964c
30-01-2020 15:20:35.857 [35m[restartedMain][0;39m [39mDEBUG[0;39m org.hibernate.type.BasicTypeRegistry.register - 
     Adding type registration OffsetTime -> org.hibernate.type.OffsetTimeType@33ffb010
30-01-2020 15:20:35.857 [35m[restartedMain][0;39m [39mDEBUG[0;39m org.hibernate.type.BasicTypeRegistry.register - 
     Adding type registration java.time.OffsetTime -> org.hibernate.type.OffsetTimeType@33ffb010
30-01-2020 15:20:35.858 [35m[restartedMain][0;39m [39mDEBUG[0;39m org.hibernate.type.BasicTypeRegistry.register - 
     Adding type registration ZonedDateTime -> org.hibernate.type.ZonedDateTimeType@360cea10
30-01-2020 15:20:35.858 [35m[restartedMain][0;39m [39mDEBUG[0;39m org.hibernate.type.BasicTypeRegistry.register - 
     Adding type registration java.time.ZonedDateTime -> org.hibernate.type.ZonedDateTimeType@360cea10
30-01-2020 15:20:35.859 [35m[restartedMain][0;39m [39mDEBUG[0;39m org.hibernate.type.BasicTypeRegistry.register - 
     Adding type registration date -> org.hibernate.type.DateType@3f286b0c
30-01-2020 15:20:35.859 [35m[restartedMain][0;39m [39mDEBUG[0;39m org.hibernate.type.BasicTypeRegistry.register - 
     Adding type registration java.sql.Date -> org.hibernate.type.DateType@3f286b0c
30-01-2020 15:20:35.859 [35m[restartedMain][0;39m [39mDEBUG[0;39m org.hibernate.type.BasicTypeRegistry.register - 
     Adding type registration time -> org.hibernate.type.TimeType@534bc53
30-01-2020 15:20:35.860 [35m[restartedMain][0;39m [39mDEBUG[0;39m org.hibernate.type.BasicTypeRegistry.register - 
     Adding type registration java.sql.Time -> org.hibernate.type.TimeType@534bc53
30-01-2020 15:20:35.860 [35m[restartedMain][0;39m [39mDEBUG[0;39m org.hibernate.type.BasicTypeRegistry.register - 
     Adding type registration timestamp -> org.hibernate.type.TimestampType@4b05f3d5
30-01-2020 15:20:35.861 [35m[restartedMain][0;39m [39mDEBUG[0;39m org.hibernate.type.BasicTypeRegistry.register - 
     Adding type registration java.sql.Timestamp -> org.hibernate.type.TimestampType@4b05f3d5
30-01-2020 15:20:35.861 [35m[restartedMain][0;39m [39mDEBUG[0;39m org.hibernate.type.BasicTypeRegistry.register - 
     Adding type registration java.util.Date -> org.hibernate.type.TimestampType@4b05f3d5
30-01-2020 15:20:35.861 [35m[restartedMain][0;39m [39mDEBUG[0;39m org.hibernate.type.BasicTypeRegistry.register - 
     Adding type registration dbtimestamp -> org.hibernate.type.DbTimestampType@1a08cccf
30-01-2020 15:20:35.861 [35m[restartedMain][0;39m [39mDEBUG[0;39m org.hibernate.type.BasicTypeRegistry.register - 
     Adding type registration calendar -> org.hibernate.type.CalendarType@6604b489
30-01-2020 15:20:35.861 [35m[restartedMain][0;39m [39mDEBUG[0;39m org.hibernate.type.BasicTypeRegistry.register - 
     Adding type registration java.util.Calendar -> org.hibernate.type.CalendarType@6604b489
30-01-2020 15:20:35.862 [35m[restartedMain][0;39m [39mDEBUG[0;39m org.hibernate.type.BasicTypeRegistry.register - 
     Adding type registration java.util.GregorianCalendar -> org.hibernate.type.CalendarType@6604b489
30-01-2020 15:20:35.862 [35m[restartedMain][0;39m [39mDEBUG[0;39m org.hibernate.type.BasicTypeRegistry.register - 
     Adding type registration calendar_date -> org.hibernate.type.CalendarDateType@46724a3e
30-01-2020 15:20:35.862 [35m[restartedMain][0;39m [39mDEBUG[0;39m org.hibernate.type.BasicTypeRegistry.register - 
     Adding type registration locale -> org.hibernate.type.LocaleType@228d927e
30-01-2020 15:20:35.862 [35m[restartedMain][0;39m [39mDEBUG[0;39m org.hibernate.type.BasicTypeRegistry.register - 
     Adding type registration java.util.Locale -> org.hibernate.type.LocaleType@228d927e
30-01-2020 15:20:35.862 [35m[restartedMain][0;39m [39mDEBUG[0;39m org.hibernate.type.BasicTypeRegistry.register - 
     Adding type registration currency -> org.hibernate.type.CurrencyType@7ebf5c54
30-01-2020 15:20:35.863 [35m[restartedMain][0;39m [39mDEBUG[0;39m org.hibernate.type.BasicTypeRegistry.register - 
     Adding type registration java.util.Currency -> org.hibernate.type.CurrencyType@7ebf5c54
30-01-2020 15:20:35.863 [35m[restartedMain][0;39m [39mDEBUG[0;39m org.hibernate.type.BasicTypeRegistry.register - 
     Adding type registration timezone -> org.hibernate.type.TimeZoneType@3d5c1ff6
30-01-2020 15:20:35.863 [35m[restartedMain][0;39m [39mDEBUG[0;39m org.hibernate.type.BasicTypeRegistry.register - 
     Adding type registration java.util.TimeZone -> org.hibernate.type.TimeZoneType@3d5c1ff6
30-01-2020 15:20:35.863 [35m[restartedMain][0;39m [39mDEBUG[0;39m org.hibernate.type.BasicTypeRegistry.register - 
     Adding type registration class -> org.hibernate.type.ClassType@692b91d9
30-01-2020 15:20:35.864 [35m[restartedMain][0;39m [39mDEBUG[0;39m org.hibernate.type.BasicTypeRegistry.register - 
     Adding type registration java.lang.Class -> org.hibernate.type.ClassType@692b91d9
30-01-2020 15:20:35.864 [35m[restartedMain][0;39m [39mDEBUG[0;39m org.hibernate.type.BasicTypeRegistry.register - 
     Adding type registration uuid-binary -> org.hibernate.type.UUIDBinaryType@27fbf0e0
30-01-2020 15:20:35.865 [35m[restartedMain][0;39m [39mDEBUG[0;39m org.hibernate.type.BasicTypeRegistry.register - 
     Adding type registration java.util.UUID -> org.hibernate.type.UUIDBinaryType@27fbf0e0
30-01-2020 15:20:35.865 [35m[restartedMain][0;39m [39mDEBUG[0;39m org.hibernate.type.BasicTypeRegistry.register - 
     Adding type registration uuid-char -> org.hibernate.type.UUIDCharType@23a255b7
30-01-2020 15:20:35.865 [35m[restartedMain][0;39m [39mDEBUG[0;39m org.hibernate.type.BasicTypeRegistry.register - 
     Adding type registration binary -> org.hibernate.type.BinaryType@7e5c5d9a
30-01-2020 15:20:35.865 [35m[restartedMain][0;39m [39mDEBUG[0;39m org.hibernate.type.BasicTypeRegistry.register - 
     Adding type registration byte[] -> org.hibernate.type.BinaryType@7e5c5d9a
30-01-2020 15:20:35.865 [35m[restartedMain][0;39m [39mDEBUG[0;39m org.hibernate.type.BasicTypeRegistry.register - 
     Adding type registration [B -> org.hibernate.type.BinaryType@7e5c5d9a
30-01-2020 15:20:35.866 [35m[restartedMain][0;39m [39mDEBUG[0;39m org.hibernate.type.BasicTypeRegistry.register - 
     Adding type registration wrapper-binary -> org.hibernate.type.WrapperBinaryType@4b4caed1
30-01-2020 15:20:35.866 [35m[restartedMain][0;39m [39mDEBUG[0;39m org.hibernate.type.BasicTypeRegistry.register - 
     Adding type registration Byte[] -> org.hibernate.type.WrapperBinaryType@4b4caed1
30-01-2020 15:20:35.866 [35m[restartedMain][0;39m [39mDEBUG[0;39m org.hibernate.type.BasicTypeRegistry.register - 
     Adding type registration [Ljava.lang.Byte; -> org.hibernate.type.WrapperBinaryType@4b4caed1
30-01-2020 15:20:35.866 [35m[restartedMain][0;39m [39mDEBUG[0;39m org.hibernate.type.BasicTypeRegistry.register - 
     Adding type registration row_version -> org.hibernate.type.RowVersionType@33c83ba8
30-01-2020 15:20:35.866 [35m[restartedMain][0;39m [39mDEBUG[0;39m org.hibernate.type.BasicTypeRegistry.register - 
     Adding type registration image -> org.hibernate.type.ImageType@2f6df8b
30-01-2020 15:20:35.866 [35m[restartedMain][0;39m [39mDEBUG[0;39m org.hibernate.type.BasicTypeRegistry.register - 
     Adding type registration characters -> org.hibernate.type.CharArrayType@1edae2c2
30-01-2020 15:20:35.867 [35m[restartedMain][0;39m [39mDEBUG[0;39m org.hibernate.type.BasicTypeRegistry.register - 
     Adding type registration char[] -> org.hibernate.type.CharArrayType@1edae2c2
30-01-2020 15:20:35.867 [35m[restartedMain][0;39m [39mDEBUG[0;39m org.hibernate.type.BasicTypeRegistry.register - 
     Adding type registration [C -> org.hibernate.type.CharArrayType@1edae2c2
30-01-2020 15:20:35.867 [35m[restartedMain][0;39m [39mDEBUG[0;39m org.hibernate.type.BasicTypeRegistry.register - 
     Adding type registration wrapper-characters -> org.hibernate.type.CharacterArrayType@304eedee
30-01-2020 15:20:35.867 [35m[restartedMain][0;39m [39mDEBUG[0;39m org.hibernate.type.BasicTypeRegistry.register - 
     Adding type registration [Ljava.lang.Character; -> org.hibernate.type.CharacterArrayType@304eedee
30-01-2020 15:20:35.867 [35m[restartedMain][0;39m [39mDEBUG[0;39m org.hibernate.type.BasicTypeRegistry.register - 
     Adding type registration Character[] -> org.hibernate.type.CharacterArrayType@304eedee
30-01-2020 15:20:35.868 [35m[restartedMain][0;39m [39mDEBUG[0;39m org.hibernate.type.BasicTypeRegistry.register - 
     Adding type registration text -> org.hibernate.type.TextType@42298534
30-01-2020 15:20:35.868 [35m[restartedMain][0;39m [39mDEBUG[0;39m org.hibernate.type.BasicTypeRegistry.register - 
     Adding type registration ntext -> org.hibernate.type.NTextType@7697007d
30-01-2020 15:20:35.868 [35m[restartedMain][0;39m [39mDEBUG[0;39m org.hibernate.type.BasicTypeRegistry.register - 
     Adding type registration blob -> org.hibernate.type.BlobType@3f12209f
30-01-2020 15:20:35.868 [35m[restartedMain][0;39m [39mDEBUG[0;39m org.hibernate.type.BasicTypeRegistry.register - 
     Adding type registration java.sql.Blob -> org.hibernate.type.BlobType@3f12209f
30-01-2020 15:20:35.868 [35m[restartedMain][0;39m [39mDEBUG[0;39m org.hibernate.type.BasicTypeRegistry.register - 
     Adding type registration materialized_blob -> org.hibernate.type.MaterializedBlobType@78748b0e
30-01-2020 15:20:35.869 [35m[restartedMain][0;39m [39mDEBUG[0;39m org.hibernate.type.BasicTypeRegistry.register - 
     Adding type registration clob -> org.hibernate.type.ClobType@767ab111
30-01-2020 15:20:35.869 [35m[restartedMain][0;39m [39mDEBUG[0;39m org.hibernate.type.BasicTypeRegistry.register - 
     Adding type registration java.sql.Clob -> org.hibernate.type.ClobType@767ab111
30-01-2020 15:20:35.869 [35m[restartedMain][0;39m [39mDEBUG[0;39m org.hibernate.type.BasicTypeRegistry.register - 
     Adding type registration nclob -> org.hibernate.type.NClobType@38a0d34b
30-01-2020 15:20:35.869 [35m[restartedMain][0;39m [39mDEBUG[0;39m org.hibernate.type.BasicTypeRegistry.register - 
     Adding type registration java.sql.NClob -> org.hibernate.type.NClobType@38a0d34b
30-01-2020 15:20:35.869 [35m[restartedMain][0;39m [39mDEBUG[0;39m org.hibernate.type.BasicTypeRegistry.register - 
     Adding type registration materialized_clob -> org.hibernate.type.MaterializedClobType@16980a18
30-01-2020 15:20:35.869 [35m[restartedMain][0;39m [39mDEBUG[0;39m org.hibernate.type.BasicTypeRegistry.register - 
     Adding type registration materialized_nclob -> org.hibernate.type.MaterializedNClobType@4ae8cf3e
30-01-2020 15:20:35.870 [35m[restartedMain][0;39m [39mDEBUG[0;39m org.hibernate.type.BasicTypeRegistry.register - 
     Adding type registration serializable -> org.hibernate.type.SerializableType@69391d4b
30-01-2020 15:20:35.870 [35m[restartedMain][0;39m [39mDEBUG[0;39m org.hibernate.type.BasicTypeRegistry.register - 
     Adding type registration object -> org.hibernate.type.ObjectType@57bdb1ac
30-01-2020 15:20:35.870 [35m[restartedMain][0;39m [39mDEBUG[0;39m org.hibernate.type.BasicTypeRegistry.register - 
     Adding type registration java.lang.Object -> org.hibernate.type.ObjectType@57bdb1ac
30-01-2020 15:20:35.870 [35m[restartedMain][0;39m [39mDEBUG[0;39m org.hibernate.type.BasicTypeRegistry.register - 
     Adding type registration imm_date -> org.hibernate.type.AdaptedImmutableType@123b989
30-01-2020 15:20:35.870 [35m[restartedMain][0;39m [39mDEBUG[0;39m org.hibernate.type.BasicTypeRegistry.register - 
     Adding type registration imm_time -> org.hibernate.type.AdaptedImmutableType@d3e17ac
30-01-2020 15:20:35.871 [35m[restartedMain][0;39m [39mDEBUG[0;39m org.hibernate.type.BasicTypeRegistry.register - 
     Adding type registration imm_timestamp -> org.hibernate.type.AdaptedImmutableType@2ccc9005
30-01-2020 15:20:35.871 [35m[restartedMain][0;39m [39mDEBUG[0;39m org.hibernate.type.BasicTypeRegistry.register - 
     Adding type registration imm_dbtimestamp -> org.hibernate.type.AdaptedImmutableType@164664e1
30-01-2020 15:20:35.871 [35m[restartedMain][0;39m [39mDEBUG[0;39m org.hibernate.type.BasicTypeRegistry.register - 
     Adding type registration imm_calendar -> org.hibernate.type.AdaptedImmutableType@ab57851
30-01-2020 15:20:35.871 [35m[restartedMain][0;39m [39mDEBUG[0;39m org.hibernate.type.BasicTypeRegistry.register - 
     Adding type registration imm_calendar_date -> org.hibernate.type.AdaptedImmutableType@774b8ddc
30-01-2020 15:20:35.871 [35m[restartedMain][0;39m [39mDEBUG[0;39m org.hibernate.type.BasicTypeRegistry.register - 
     Adding type registration imm_binary -> org.hibernate.type.AdaptedImmutableType@3fcf7788
30-01-2020 15:20:35.872 [35m[restartedMain][0;39m [39mDEBUG[0;39m org.hibernate.type.BasicTypeRegistry.register - 
     Adding type registration imm_serializable -> org.hibernate.type.AdaptedImmutableType@1a8b6dfc
30-01-2020 15:20:35.875 [35m[restartedMain][0;39m [34mINFO [0;39m com.zaxxer.hikari.HikariDataSource.getConnection - 
     HikariPool-2 - Starting...
30-01-2020 15:20:35.892 [35m[restartedMain][0;39m [1;31mERROR[0;39m com.zaxxer.hikari.pool.HikariPool.throwPoolInitializationException - 
     HikariPool-2 - Exception during pool initialization.
java.sql.SQLSyntaxErrorException: Unknown database 'testspring'
	at com.mysql.cj.jdbc.exceptions.SQLError.createSQLException(SQLError.java:120)
	at com.mysql.cj.jdbc.exceptions.SQLError.createSQLException(SQLError.java:97)
	at com.mysql.cj.jdbc.exceptions.SQLExceptionsMapping.translateException(SQLExceptionsMapping.java:122)
	at com.mysql.cj.jdbc.ConnectionImpl.createNewIO(ConnectionImpl.java:836)
	at com.mysql.cj.jdbc.ConnectionImpl.<init>(ConnectionImpl.java:456)
	at com.mysql.cj.jdbc.ConnectionImpl.getInstance(ConnectionImpl.java:246)
	at com.mysql.cj.jdbc.NonRegisteringDriver.connect(NonRegisteringDriver.java:199)
	at com.zaxxer.hikari.util.DriverDataSource.getConnection(DriverDataSource.java:138)
	at com.zaxxer.hikari.pool.PoolBase.newConnection(PoolBase.java:353)
	at com.zaxxer.hikari.pool.PoolBase.newPoolEntry(PoolBase.java:201)
	at com.zaxxer.hikari.pool.HikariPool.createPoolEntry(HikariPool.java:473)
	at com.zaxxer.hikari.pool.HikariPool.checkFailFast(HikariPool.java:562)
	at com.zaxxer.hikari.pool.HikariPool.<init>(HikariPool.java:115)
	at com.zaxxer.hikari.HikariDataSource.getConnection(HikariDataSource.java:112)
	at org.hibernate.engine.jdbc.connections.internal.DatasourceConnectionProviderImpl.getConnection(DatasourceConnectionProviderImpl.java:122)
	at org.hibernate.engine.jdbc.env.internal.JdbcEnvironmentInitiator$ConnectionProviderJdbcConnectionAccess.obtainConnection(JdbcEnvironmentInitiator.java:180)
	at org.hibernate.engine.jdbc.env.internal.JdbcEnvironmentInitiator.initiateService(JdbcEnvironmentInitiator.java:68)
	at org.hibernate.engine.jdbc.env.internal.JdbcEnvironmentInitiator.initiateService(JdbcEnvironmentInitiator.java:35)
	at org.hibernate.boot.registry.internal.StandardServiceRegistryImpl.initiateService(StandardServiceRegistryImpl.java:101)
	at org.hibernate.service.internal.AbstractServiceRegistryImpl.createService(AbstractServiceRegistryImpl.java:263)
	at org.hibernate.service.internal.AbstractServiceRegistryImpl.initializeService(AbstractServiceRegistryImpl.java:237)
	at org.hibernate.service.internal.AbstractServiceRegistryImpl.getService(AbstractServiceRegistryImpl.java:214)
	at org.hibernate.id.factory.internal.DefaultIdentifierGeneratorFactory.injectServices(DefaultIdentifierGeneratorFactory.java:152)
	at org.hibernate.service.internal.AbstractServiceRegistryImpl.injectDependencies(AbstractServiceRegistryImpl.java:286)
	at org.hibernate.service.internal.AbstractServiceRegistryImpl.initializeService(AbstractServiceRegistryImpl.java:243)
	at org.hibernate.service.internal.AbstractServiceRegistryImpl.getService(AbstractServiceRegistryImpl.java:214)
	at org.hibernate.boot.internal.InFlightMetadataCollectorImpl.<init>(InFlightMetadataCollectorImpl.java:175)
	at org.hibernate.boot.model.process.spi.MetadataBuildingProcess.complete(MetadataBuildingProcess.java:118)
	at org.hibernate.jpa.boot.internal.EntityManagerFactoryBuilderImpl.metadata(EntityManagerFactoryBuilderImpl.java:1214)
	at org.hibernate.jpa.boot.internal.EntityManagerFactoryBuilderImpl.build(EntityManagerFactoryBuilderImpl.java:1245)
	at org.springframework.orm.jpa.vendor.SpringHibernateJpaPersistenceProvider.createContainerEntityManagerFactory(SpringHibernateJpaPersistenceProvider.java:58)
	at org.springframework.orm.jpa.LocalContainerEntityManagerFactoryBean.createNativeEntityManagerFactory(LocalContainerEntityManagerFactoryBean.java:365)
	at org.springframework.orm.jpa.AbstractEntityManagerFactoryBean.buildNativeEntityManagerFactory(AbstractEntityManagerFactoryBean.java:391)
	at org.springframework.orm.jpa.AbstractEntityManagerFactoryBean.afterPropertiesSet(AbstractEntityManagerFactoryBean.java:378)
	at org.springframework.orm.jpa.LocalContainerEntityManagerFactoryBean.afterPropertiesSet(LocalContainerEntityManagerFactoryBean.java:341)
	at org.springframework.beans.factory.support.AbstractAutowireCapableBeanFactory.invokeInitMethods(AbstractAutowireCapableBeanFactory.java:1862)
	at org.springframework.beans.factory.support.AbstractAutowireCapableBeanFactory.initializeBean(AbstractAutowireCapableBeanFactory.java:1799)
	at org.springframework.beans.factory.support.AbstractAutowireCapableBeanFactory.doCreateBean(AbstractAutowireCapableBeanFactory.java:595)
	at org.springframework.beans.factory.support.AbstractAutowireCapableBeanFactory.createBean(AbstractAutowireCapableBeanFactory.java:517)
	at org.springframework.beans.factory.support.AbstractBeanFactory.lambda$doGetBean$0(AbstractBeanFactory.java:323)
	at org.springframework.beans.factory.support.DefaultSingletonBeanRegistry.getSingleton(DefaultSingletonBeanRegistry.java:222)
	at org.springframework.beans.factory.support.AbstractBeanFactory.doGetBean(AbstractBeanFactory.java:321)
	at org.springframework.beans.factory.support.AbstractBeanFactory.getBean(AbstractBeanFactory.java:202)
	at org.springframework.context.support.AbstractApplicationContext.getBean(AbstractApplicationContext.java:1108)
	at org.springframework.context.support.AbstractApplicationContext.finishBeanFactoryInitialization(AbstractApplicationContext.java:868)
	at org.springframework.context.support.AbstractApplicationContext.refresh(AbstractApplicationContext.java:550)
	at org.springframework.boot.web.servlet.context.ServletWebServerApplicationContext.refresh(ServletWebServerApplicationContext.java:141)
	at org.springframework.boot.SpringApplication.refresh(SpringApplication.java:747)
	at org.springframework.boot.SpringApplication.refreshContext(SpringApplication.java:397)
	at org.springframework.boot.SpringApplication.run(SpringApplication.java:315)
	at org.springframework.boot.SpringApplication.run(SpringApplication.java:1226)
	at org.springframework.boot.SpringApplication.run(SpringApplication.java:1215)
	at com.avis.AnAvisApplication.main(AnAvisApplication.java:16)
	at sun.reflect.NativeMethodAccessorImpl.invoke0(Native Method)
	at sun.reflect.NativeMethodAccessorImpl.invoke(NativeMethodAccessorImpl.java:62)
	at sun.reflect.DelegatingMethodAccessorImpl.invoke(DelegatingMethodAccessorImpl.java:43)
	at java.lang.reflect.Method.invoke(Method.java:498)
	at org.springframework.boot.devtools.restart.RestartLauncher.run(RestartLauncher.java:49)
30-01-2020 15:20:35.893 [35m[restartedMain][0;39m [31mWARN [0;39m o.h.e.j.e.i.JdbcEnvironmentInitiator.initiateService - 
     HHH000342: Could not obtain connection to query metadata : Unknown database 'testspring'
30-01-2020 15:20:35.894 [35m[restartedMain][0;39m [34mINFO [0;39m org.hibernate.dialect.Dialect.<init> - 
     HHH000400: Using dialect: org.hibernate.dialect.MySQL5InnoDBDialect
30-01-2020 15:20:35.897 [35m[restartedMain][0;39m [39mDEBUG[0;39m o.h.type.spi.TypeConfiguration$Scope.scope - 
     Scoping TypeConfiguration [org.hibernate.type.spi.TypeConfiguration@1cffdcb3] to MetadataBuildingContext [org.hibernate.boot.internal.MetadataBuildingContextRootImpl@5a518248]
30-01-2020 15:20:35.945 [35m[restartedMain][0;39m [39mDEBUG[0;39m o.h.type.spi.TypeConfiguration$Scope.scope - 
     Scoping TypeConfiguration [org.hibernate.type.spi.TypeConfiguration@1cffdcb3] to SessionFactoryImpl [org.hibernate.internal.SessionFactoryImpl@50bb612b]
30-01-2020 15:20:36.026 [35m[restartedMain][0;39m [39mDEBUG[0;39m org.hibernate.SQL.logStatement - 
     alter table centro_trasfusione drop foreign key FKgvn4ces0sj5wmtefjnxjgs40p
30-01-2020 15:20:36.026 [35m[restartedMain][0;39m [34mINFO [0;39m com.zaxxer.hikari.HikariDataSource.getConnection - 
     HikariPool-2 - Starting...
30-01-2020 15:20:36.029 [35m[restartedMain][0;39m [1;31mERROR[0;39m com.zaxxer.hikari.pool.HikariPool.throwPoolInitializationException - 
     HikariPool-2 - Exception during pool initialization.
java.sql.SQLSyntaxErrorException: Unknown database 'testspring'
	at com.mysql.cj.jdbc.exceptions.SQLError.createSQLException(SQLError.java:120)
	at com.mysql.cj.jdbc.exceptions.SQLError.createSQLException(SQLError.java:97)
	at com.mysql.cj.jdbc.exceptions.SQLExceptionsMapping.translateException(SQLExceptionsMapping.java:122)
	at com.mysql.cj.jdbc.ConnectionImpl.createNewIO(ConnectionImpl.java:836)
	at com.mysql.cj.jdbc.ConnectionImpl.<init>(ConnectionImpl.java:456)
	at com.mysql.cj.jdbc.ConnectionImpl.getInstance(ConnectionImpl.java:246)
	at com.mysql.cj.jdbc.NonRegisteringDriver.connect(NonRegisteringDriver.java:199)
	at com.zaxxer.hikari.util.DriverDataSource.getConnection(DriverDataSource.java:138)
	at com.zaxxer.hikari.pool.PoolBase.newConnection(PoolBase.java:353)
	at com.zaxxer.hikari.pool.PoolBase.newPoolEntry(PoolBase.java:201)
	at com.zaxxer.hikari.pool.HikariPool.createPoolEntry(HikariPool.java:473)
	at com.zaxxer.hikari.pool.HikariPool.checkFailFast(HikariPool.java:562)
	at com.zaxxer.hikari.pool.HikariPool.<init>(HikariPool.java:115)
	at com.zaxxer.hikari.HikariDataSource.getConnection(HikariDataSource.java:112)
	at org.hibernate.engine.jdbc.connections.internal.DatasourceConnectionProviderImpl.getConnection(DatasourceConnectionProviderImpl.java:122)
	at org.hibernate.engine.jdbc.env.internal.JdbcEnvironmentInitiator$ConnectionProviderJdbcConnectionAccess.obtainConnection(JdbcEnvironmentInitiator.java:180)
	at org.hibernate.resource.transaction.backend.jdbc.internal.DdlTransactionIsolatorNonJtaImpl.getIsolatedConnection(DdlTransactionIsolatorNonJtaImpl.java:43)
	at org.hibernate.tool.schema.internal.exec.GenerationTargetToDatabase.jdbcStatement(GenerationTargetToDatabase.java:77)
	at org.hibernate.tool.schema.internal.exec.GenerationTargetToDatabase.accept(GenerationTargetToDatabase.java:53)
	at org.hibernate.tool.schema.internal.SchemaDropperImpl.applySqlString(SchemaDropperImpl.java:375)
	at org.hibernate.tool.schema.internal.SchemaDropperImpl.applySqlStrings(SchemaDropperImpl.java:359)
	at org.hibernate.tool.schema.internal.SchemaDropperImpl.applyConstraintDropping(SchemaDropperImpl.java:331)
	at org.hibernate.tool.schema.internal.SchemaDropperImpl.dropFromMetadata(SchemaDropperImpl.java:230)
	at org.hibernate.tool.schema.internal.SchemaDropperImpl.performDrop(SchemaDropperImpl.java:154)
	at org.hibernate.tool.schema.internal.SchemaDropperImpl.doDrop(SchemaDropperImpl.java:126)
	at org.hibernate.tool.schema.internal.SchemaDropperImpl.doDrop(SchemaDropperImpl.java:112)
	at org.hibernate.tool.schema.spi.SchemaManagementToolCoordinator.performDatabaseAction(SchemaManagementToolCoordinator.java:145)
	at org.hibernate.tool.schema.spi.SchemaManagementToolCoordinator.process(SchemaManagementToolCoordinator.java:73)
	at org.hibernate.internal.SessionFactoryImpl.<init>(SessionFactoryImpl.java:320)
	at org.hibernate.boot.internal.SessionFactoryBuilderImpl.build(SessionFactoryBuilderImpl.java:462)
	at org.hibernate.jpa.boot.internal.EntityManagerFactoryBuilderImpl.build(EntityManagerFactoryBuilderImpl.java:1249)
	at org.springframework.orm.jpa.vendor.SpringHibernateJpaPersistenceProvider.createContainerEntityManagerFactory(SpringHibernateJpaPersistenceProvider.java:58)
	at org.springframework.orm.jpa.LocalContainerEntityManagerFactoryBean.createNativeEntityManagerFactory(LocalContainerEntityManagerFactoryBean.java:365)
	at org.springframework.orm.jpa.AbstractEntityManagerFactoryBean.buildNativeEntityManagerFactory(AbstractEntityManagerFactoryBean.java:391)
	at org.springframework.orm.jpa.AbstractEntityManagerFactoryBean.afterPropertiesSet(AbstractEntityManagerFactoryBean.java:378)
	at org.springframework.orm.jpa.LocalContainerEntityManagerFactoryBean.afterPropertiesSet(LocalContainerEntityManagerFactoryBean.java:341)
	at org.springframework.beans.factory.support.AbstractAutowireCapableBeanFactory.invokeInitMethods(AbstractAutowireCapableBeanFactory.java:1862)
	at org.springframework.beans.factory.support.AbstractAutowireCapableBeanFactory.initializeBean(AbstractAutowireCapableBeanFactory.java:1799)
	at org.springframework.beans.factory.support.AbstractAutowireCapableBeanFactory.doCreateBean(AbstractAutowireCapableBeanFactory.java:595)
	at org.springframework.beans.factory.support.AbstractAutowireCapableBeanFactory.createBean(AbstractAutowireCapableBeanFactory.java:517)
	at org.springframework.beans.factory.support.AbstractBeanFactory.lambda$doGetBean$0(AbstractBeanFactory.java:323)
	at org.springframework.beans.factory.support.DefaultSingletonBeanRegistry.getSingleton(DefaultSingletonBeanRegistry.java:222)
	at org.springframework.beans.factory.support.AbstractBeanFactory.doGetBean(AbstractBeanFactory.java:321)
	at org.springframework.beans.factory.support.AbstractBeanFactory.getBean(AbstractBeanFactory.java:202)
	at org.springframework.context.support.AbstractApplicationContext.getBean(AbstractApplicationContext.java:1108)
	at org.springframework.context.support.AbstractApplicationContext.finishBeanFactoryInitialization(AbstractApplicationContext.java:868)
	at org.springframework.context.support.AbstractApplicationContext.refresh(AbstractApplicationContext.java:550)
	at org.springframework.boot.web.servlet.context.ServletWebServerApplicationContext.refresh(ServletWebServerApplicationContext.java:141)
	at org.springframework.boot.SpringApplication.refresh(SpringApplication.java:747)
	at org.springframework.boot.SpringApplication.refreshContext(SpringApplication.java:397)
	at org.springframework.boot.SpringApplication.run(SpringApplication.java:315)
	at org.springframework.boot.SpringApplication.run(SpringApplication.java:1226)
	at org.springframework.boot.SpringApplication.run(SpringApplication.java:1215)
	at com.avis.AnAvisApplication.main(AnAvisApplication.java:16)
	at sun.reflect.NativeMethodAccessorImpl.invoke0(Native Method)
	at sun.reflect.NativeMethodAccessorImpl.invoke(NativeMethodAccessorImpl.java:62)
	at sun.reflect.DelegatingMethodAccessorImpl.invoke(DelegatingMethodAccessorImpl.java:43)
	at java.lang.reflect.Method.invoke(Method.java:498)
	at org.springframework.boot.devtools.restart.RestartLauncher.run(RestartLauncher.java:49)
30-01-2020 15:20:36.030 [35m[restartedMain][0;39m [31mWARN [0;39m o.h.e.jdbc.spi.SqlExceptionHelper.logExceptions - 
     SQL Error: 1049, SQLState: 42000
30-01-2020 15:20:36.031 [35m[restartedMain][0;39m [1;31mERROR[0;39m o.h.e.jdbc.spi.SqlExceptionHelper.logExceptions - 
     Unknown database 'testspring'
30-01-2020 15:20:36.032 [35m[restartedMain][0;39m [39mTRACE[0;39m o.h.type.spi.TypeConfiguration$Scope.sessionFactoryClosed - 
     Handling #sessionFactoryClosed from [org.hibernate.internal.SessionFactoryImpl@50bb612b] for TypeConfiguration
30-01-2020 15:20:36.032 [35m[restartedMain][0;39m [39mDEBUG[0;39m o.h.type.spi.TypeConfiguration$Scope.unsetSessionFactory - 
     Un-scoping TypeConfiguration [org.hibernate.type.spi.TypeConfiguration$Scope@4a3b50da] from SessionFactory [org.hibernate.internal.SessionFactoryImpl@50bb612b]
30-01-2020 15:20:36.033 [35m[restartedMain][0;39m [31mWARN [0;39m o.s.b.w.s.c.AnnotationConfigServletWebServerApplicationContext.refresh - 
     Exception encountered during context initialization - cancelling refresh attempt: org.springframework.beans.factory.BeanCreationException: Error creating bean with name 'entityManagerFactory' defined in class path resource [org/springframework/boot/autoconfigure/orm/jpa/HibernateJpaConfiguration.class]: Invocation of init method failed; nested exception is javax.persistence.PersistenceException: [PersistenceUnit: default] Unable to build Hibernate SessionFactory; nested exception is org.hibernate.exception.SQLGrammarException: Unable to open JDBC Connection for DDL execution
30-01-2020 15:20:36.034 [35m[restartedMain][0;39m [34mINFO [0;39m o.a.catalina.core.StandardService.log - 
     Stopping service [Tomcat]
30-01-2020 15:20:36.043 [35m[restartedMain][0;39m [34mINFO [0;39m o.s.b.a.l.ConditionEvaluationReportLoggingListener.logMessage - 
     

Error starting ApplicationContext. To display the conditions report re-run your application with 'debug' enabled.
30-01-2020 15:20:36.045 [35m[restartedMain][0;39m [1;31mERROR[0;39m o.s.boot.SpringApplication.reportFailure - 
     Application run failed
org.springframework.beans.factory.BeanCreationException: Error creating bean with name 'entityManagerFactory' defined in class path resource [org/springframework/boot/autoconfigure/orm/jpa/HibernateJpaConfiguration.class]: Invocation of init method failed; nested exception is javax.persistence.PersistenceException: [PersistenceUnit: default] Unable to build Hibernate SessionFactory; nested exception is org.hibernate.exception.SQLGrammarException: Unable to open JDBC Connection for DDL execution
	at org.springframework.beans.factory.support.AbstractAutowireCapableBeanFactory.initializeBean(AbstractAutowireCapableBeanFactory.java:1803)
	at org.springframework.beans.factory.support.AbstractAutowireCapableBeanFactory.doCreateBean(AbstractAutowireCapableBeanFactory.java:595)
	at org.springframework.beans.factory.support.AbstractAutowireCapableBeanFactory.createBean(AbstractAutowireCapableBeanFactory.java:517)
	at org.springframework.beans.factory.support.AbstractBeanFactory.lambda$doGetBean$0(AbstractBeanFactory.java:323)
	at org.springframework.beans.factory.support.DefaultSingletonBeanRegistry.getSingleton(DefaultSingletonBeanRegistry.java:222)
	at org.springframework.beans.factory.support.AbstractBeanFactory.doGetBean(AbstractBeanFactory.java:321)
	at org.springframework.beans.factory.support.AbstractBeanFactory.getBean(AbstractBeanFactory.java:202)
	at org.springframework.context.support.AbstractApplicationContext.getBean(AbstractApplicationContext.java:1108)
	at org.springframework.context.support.AbstractApplicationContext.finishBeanFactoryInitialization(AbstractApplicationContext.java:868)
	at org.springframework.context.support.AbstractApplicationContext.refresh(AbstractApplicationContext.java:550)
	at org.springframework.boot.web.servlet.context.ServletWebServerApplicationContext.refresh(ServletWebServerApplicationContext.java:141)
	at org.springframework.boot.SpringApplication.refresh(SpringApplication.java:747)
	at org.springframework.boot.SpringApplication.refreshContext(SpringApplication.java:397)
	at org.springframework.boot.SpringApplication.run(SpringApplication.java:315)
	at org.springframework.boot.SpringApplication.run(SpringApplication.java:1226)
	at org.springframework.boot.SpringApplication.run(SpringApplication.java:1215)
	at com.avis.AnAvisApplication.main(AnAvisApplication.java:16)
	at sun.reflect.NativeMethodAccessorImpl.invoke0(Native Method)
	at sun.reflect.NativeMethodAccessorImpl.invoke(NativeMethodAccessorImpl.java:62)
	at sun.reflect.DelegatingMethodAccessorImpl.invoke(DelegatingMethodAccessorImpl.java:43)
	at java.lang.reflect.Method.invoke(Method.java:498)
	at org.springframework.boot.devtools.restart.RestartLauncher.run(RestartLauncher.java:49)
Caused by: javax.persistence.PersistenceException: [PersistenceUnit: default] Unable to build Hibernate SessionFactory; nested exception is org.hibernate.exception.SQLGrammarException: Unable to open JDBC Connection for DDL execution
	at org.springframework.orm.jpa.AbstractEntityManagerFactoryBean.buildNativeEntityManagerFactory(AbstractEntityManagerFactoryBean.java:403)
	at org.springframework.orm.jpa.AbstractEntityManagerFactoryBean.afterPropertiesSet(AbstractEntityManagerFactoryBean.java:378)
	at org.springframework.orm.jpa.LocalContainerEntityManagerFactoryBean.afterPropertiesSet(LocalContainerEntityManagerFactoryBean.java:341)
	at org.springframework.beans.factory.support.AbstractAutowireCapableBeanFactory.invokeInitMethods(AbstractAutowireCapableBeanFactory.java:1862)
	at org.springframework.beans.factory.support.AbstractAutowireCapableBeanFactory.initializeBean(AbstractAutowireCapableBeanFactory.java:1799)
	... 21 common frames omitted
Caused by: org.hibernate.exception.SQLGrammarException: Unable to open JDBC Connection for DDL execution
	at org.hibernate.exception.internal.SQLExceptionTypeDelegate.convert(SQLExceptionTypeDelegate.java:63)
	at org.hibernate.exception.internal.StandardSQLExceptionConverter.convert(StandardSQLExceptionConverter.java:42)
	at org.hibernate.engine.jdbc.spi.SqlExceptionHelper.convert(SqlExceptionHelper.java:113)
	at org.hibernate.engine.jdbc.spi.SqlExceptionHelper.convert(SqlExceptionHelper.java:99)
	at org.hibernate.resource.transaction.backend.jdbc.internal.DdlTransactionIsolatorNonJtaImpl.getIsolatedConnection(DdlTransactionIsolatorNonJtaImpl.java:69)
	at org.hibernate.tool.schema.internal.exec.GenerationTargetToDatabase.jdbcStatement(GenerationTargetToDatabase.java:77)
	at org.hibernate.tool.schema.internal.exec.GenerationTargetToDatabase.accept(GenerationTargetToDatabase.java:53)
	at org.hibernate.tool.schema.internal.SchemaDropperImpl.applySqlString(SchemaDropperImpl.java:375)
	at org.hibernate.tool.schema.internal.SchemaDropperImpl.applySqlStrings(SchemaDropperImpl.java:359)
	at org.hibernate.tool.schema.internal.SchemaDropperImpl.applyConstraintDropping(SchemaDropperImpl.java:331)
	at org.hibernate.tool.schema.internal.SchemaDropperImpl.dropFromMetadata(SchemaDropperImpl.java:230)
	at org.hibernate.tool.schema.internal.SchemaDropperImpl.performDrop(SchemaDropperImpl.java:154)
	at org.hibernate.tool.schema.internal.SchemaDropperImpl.doDrop(SchemaDropperImpl.java:126)
	at org.hibernate.tool.schema.internal.SchemaDropperImpl.doDrop(SchemaDropperImpl.java:112)
	at org.hibernate.tool.schema.spi.SchemaManagementToolCoordinator.performDatabaseAction(SchemaManagementToolCoordinator.java:145)
	at org.hibernate.tool.schema.spi.SchemaManagementToolCoordinator.process(SchemaManagementToolCoordinator.java:73)
	at org.hibernate.internal.SessionFactoryImpl.<init>(SessionFactoryImpl.java:320)
	at org.hibernate.boot.internal.SessionFactoryBuilderImpl.build(SessionFactoryBuilderImpl.java:462)
	at org.hibernate.jpa.boot.internal.EntityManagerFactoryBuilderImpl.build(EntityManagerFactoryBuilderImpl.java:1249)
	at org.springframework.orm.jpa.vendor.SpringHibernateJpaPersistenceProvider.createContainerEntityManagerFactory(SpringHibernateJpaPersistenceProvider.java:58)
	at org.springframework.orm.jpa.LocalContainerEntityManagerFactoryBean.createNativeEntityManagerFactory(LocalContainerEntityManagerFactoryBean.java:365)
	at org.springframework.orm.jpa.AbstractEntityManagerFactoryBean.buildNativeEntityManagerFactory(AbstractEntityManagerFactoryBean.java:391)
	... 25 common frames omitted
Caused by: java.sql.SQLSyntaxErrorException: Unknown database 'testspring'
	at com.mysql.cj.jdbc.exceptions.SQLError.createSQLException(SQLError.java:120)
	at com.mysql.cj.jdbc.exceptions.SQLError.createSQLException(SQLError.java:97)
	at com.mysql.cj.jdbc.exceptions.SQLExceptionsMapping.translateException(SQLExceptionsMapping.java:122)
	at com.mysql.cj.jdbc.ConnectionImpl.createNewIO(ConnectionImpl.java:836)
	at com.mysql.cj.jdbc.ConnectionImpl.<init>(ConnectionImpl.java:456)
	at com.mysql.cj.jdbc.ConnectionImpl.getInstance(ConnectionImpl.java:246)
	at com.mysql.cj.jdbc.NonRegisteringDriver.connect(NonRegisteringDriver.java:199)
	at com.zaxxer.hikari.util.DriverDataSource.getConnection(DriverDataSource.java:138)
	at com.zaxxer.hikari.pool.PoolBase.newConnection(PoolBase.java:353)
	at com.zaxxer.hikari.pool.PoolBase.newPoolEntry(PoolBase.java:201)
	at com.zaxxer.hikari.pool.HikariPool.createPoolEntry(HikariPool.java:473)
	at com.zaxxer.hikari.pool.HikariPool.checkFailFast(HikariPool.java:562)
	at com.zaxxer.hikari.pool.HikariPool.<init>(HikariPool.java:115)
	at com.zaxxer.hikari.HikariDataSource.getConnection(HikariDataSource.java:112)
	at org.hibernate.engine.jdbc.connections.internal.DatasourceConnectionProviderImpl.getConnection(DatasourceConnectionProviderImpl.java:122)
	at org.hibernate.engine.jdbc.env.internal.JdbcEnvironmentInitiator$ConnectionProviderJdbcConnectionAccess.obtainConnection(JdbcEnvironmentInitiator.java:180)
	at org.hibernate.resource.transaction.backend.jdbc.internal.DdlTransactionIsolatorNonJtaImpl.getIsolatedConnection(DdlTransactionIsolatorNonJtaImpl.java:43)
	... 42 common frames omitted
30-01-2020 15:23:34.481 [35m[restartedMain][0;39m [31mWARN [0;39m com.avis.AnAvisApplication.main - 
     Start
