25-01-2020 18:02:26.556 [35m[main][0;39m [31mWARN [0;39m com.avis.AnAvisApplication.main - 
     Start
25-01-2020 18:02:26.713 [35m[restartedMain][0;39m [31mWARN [0;39m com.avis.AnAvisApplication.main - 
     Start
25-01-2020 18:02:26.955 [35m[restartedMain][0;39m [34mINFO [0;39m com.avis.AnAvisApplication.logStarting - 
     Starting AnAvisApplication on DESKTOP-K3D9L0U with PID 14444 (C:\Users\Rebichini\Desktop\AnAvis\backend\target\classes started by Rebichini in c:\Users\Rebichini\Desktop\AnAvis\backend)
25-01-2020 18:02:26.956 [35m[restartedMain][0;39m [34mINFO [0;39m com.avis.AnAvisApplication.logStartupProfileInfo - 
     No active profile set, falling back to default profiles: default
25-01-2020 18:02:27.005 [35m[restartedMain][0;39m [34mINFO [0;39m o.s.b.d.restart.ChangeableUrls.logTo - 
     The Class-Path manifest attribute in C:\Users\Rebichini\.m2\repository\org\glassfish\jaxb\jaxb-runtime\2.3.2\jaxb-runtime-2.3.2.jar referenced one or more files that do not exist: file:/C:/Users/Rebichini/.m2/repository/org/glassfish/jaxb/jaxb-runtime/2.3.2/jakarta.xml.bind-api-2.3.2.jar,file:/C:/Users/Rebichini/.m2/repository/org/glassfish/jaxb/jaxb-runtime/2.3.2/txw2-2.3.2.jar,file:/C:/Users/Rebichini/.m2/repository/org/glassfish/jaxb/jaxb-runtime/2.3.2/istack-commons-runtime-3.0.8.jar,file:/C:/Users/Rebichini/.m2/repository/org/glassfish/jaxb/jaxb-runtime/2.3.2/stax-ex-1.8.1.jar,file:/C:/Users/Rebichini/.m2/repository/org/glassfish/jaxb/jaxb-runtime/2.3.2/FastInfoset-1.2.16.jar,file:/C:/Users/Rebichini/.m2/repository/org/glassfish/jaxb/jaxb-runtime/2.3.2/jakarta.activation-api-1.2.1.jar
25-01-2020 18:02:27.005 [35m[restartedMain][0;39m [34mINFO [0;39m o.s.b.d.e.DevToolsPropertyDefaultsPostProcessor.logTo - 
     Devtools property defaults active! Set 'spring.devtools.add-properties' to 'false' to disable
25-01-2020 18:02:27.005 [35m[restartedMain][0;39m [34mINFO [0;39m o.s.b.d.e.DevToolsPropertyDefaultsPostProcessor.logTo - 
     For additional web related logging consider setting the 'logging.level.web' property to 'DEBUG'
25-01-2020 18:02:27.617 [35m[restartedMain][0;39m [34mINFO [0;39m o.s.d.r.c.RepositoryConfigurationDelegate.registerRepositoriesIn - 
     Bootstrapping Spring Data repositories in DEFAULT mode.
25-01-2020 18:02:27.713 [35m[restartedMain][0;39m [34mINFO [0;39m o.s.d.r.c.RepositoryConfigurationDelegate.registerRepositoriesIn - 
     Finished Spring Data repository scanning in 88ms. Found 7 repository interfaces.
25-01-2020 18:02:28.059 [35m[restartedMain][0;39m [34mINFO [0;39m o.s.c.s.PostProcessorRegistrationDelegate$BeanPostProcessorChecker.postProcessAfterInitialization - 
     Bean 'org.springframework.transaction.annotation.ProxyTransactionManagementConfiguration' of type [org.springframework.transaction.annotation.ProxyTransactionManagementConfiguration] is not eligible for getting processed by all BeanPostProcessors (for example: not eligible for auto-proxying)
25-01-2020 18:02:28.082 [35m[restartedMain][0;39m [34mINFO [0;39m o.s.c.s.PostProcessorRegistrationDelegate$BeanPostProcessorChecker.postProcessAfterInitialization - 
     Bean 'org.springframework.security.config.annotation.configuration.ObjectPostProcessorConfiguration' of type [org.springframework.security.config.annotation.configuration.ObjectPostProcessorConfiguration] is not eligible for getting processed by all BeanPostProcessors (for example: not eligible for auto-proxying)
25-01-2020 18:02:28.085 [35m[restartedMain][0;39m [34mINFO [0;39m o.s.c.s.PostProcessorRegistrationDelegate$BeanPostProcessorChecker.postProcessAfterInitialization - 
     Bean 'objectPostProcessor' of type [org.springframework.security.config.annotation.configuration.AutowireBeanFactoryObjectPostProcessor] is not eligible for getting processed by all BeanPostProcessors (for example: not eligible for auto-proxying)
25-01-2020 18:02:28.087 [35m[restartedMain][0;39m [34mINFO [0;39m o.s.c.s.PostProcessorRegistrationDelegate$BeanPostProcessorChecker.postProcessAfterInitialization - 
     Bean 'org.springframework.security.access.expression.method.DefaultMethodSecurityExpressionHandler@62d458d7' of type [org.springframework.security.access.expression.method.DefaultMethodSecurityExpressionHandler] is not eligible for getting processed by all BeanPostProcessors (for example: not eligible for auto-proxying)
25-01-2020 18:02:28.088 [35m[restartedMain][0;39m [34mINFO [0;39m o.s.c.s.PostProcessorRegistrationDelegate$BeanPostProcessorChecker.postProcessAfterInitialization - 
     Bean 'org.springframework.security.config.annotation.method.configuration.GlobalMethodSecurityConfiguration' of type [org.springframework.security.config.annotation.method.configuration.GlobalMethodSecurityConfiguration] is not eligible for getting processed by all BeanPostProcessors (for example: not eligible for auto-proxying)
25-01-2020 18:02:28.091 [35m[restartedMain][0;39m [34mINFO [0;39m o.s.c.s.PostProcessorRegistrationDelegate$BeanPostProcessorChecker.postProcessAfterInitialization - 
     Bean 'methodSecurityMetadataSource' of type [org.springframework.security.access.method.DelegatingMethodSecurityMetadataSource] is not eligible for getting processed by all BeanPostProcessors (for example: not eligible for auto-proxying)
25-01-2020 18:02:28.432 [35m[restartedMain][0;39m [34mINFO [0;39m o.s.b.w.e.tomcat.TomcatWebServer.initialize - 
     Tomcat initialized with port(s): 8080 (http)
25-01-2020 18:02:28.442 [35m[restartedMain][0;39m [34mINFO [0;39m o.a.coyote.http11.Http11NioProtocol.log - 
     Initializing ProtocolHandler ["http-nio-8080"]
25-01-2020 18:02:28.443 [35m[restartedMain][0;39m [34mINFO [0;39m o.a.catalina.core.StandardService.log - 
     Starting service [Tomcat]
25-01-2020 18:02:28.443 [35m[restartedMain][0;39m [34mINFO [0;39m o.a.catalina.core.StandardEngine.log - 
     Starting Servlet engine: [Apache Tomcat/9.0.27]
25-01-2020 18:02:28.532 [35m[restartedMain][0;39m [34mINFO [0;39m o.a.c.c.C.[Tomcat].[localhost].[/].log - 
     Initializing Spring embedded WebApplicationContext
25-01-2020 18:02:28.532 [35m[restartedMain][0;39m [34mINFO [0;39m o.s.web.context.ContextLoader.prepareWebApplicationContext - 
     Root WebApplicationContext: initialization completed in 1526 ms
25-01-2020 18:02:28.718 [35m[restartedMain][0;39m [34mINFO [0;39m o.h.jpa.internal.util.LogHelper.logPersistenceUnitInformation - 
     HHH000204: Processing PersistenceUnitInfo [name: default]
25-01-2020 18:02:28.781 [35m[restartedMain][0;39m [34mINFO [0;39m org.hibernate.Version.logVersion - 
     HHH000412: Hibernate Core {5.4.8.Final}
25-01-2020 18:02:28.902 [35m[restartedMain][0;39m [34mINFO [0;39m o.h.annotations.common.Version.<clinit> - 
     HCANN000001: Hibernate Commons Annotations {5.1.0.Final}
25-01-2020 18:02:29.001 [35m[restartedMain][0;39m [34mINFO [0;39m com.zaxxer.hikari.HikariDataSource.getConnection - 
     HikariPool-1 - Starting...
25-01-2020 18:02:29.154 [35m[restartedMain][0;39m [34mINFO [0;39m com.zaxxer.hikari.HikariDataSource.getConnection - 
     HikariPool-1 - Start completed.
25-01-2020 18:02:29.170 [35m[restartedMain][0;39m [34mINFO [0;39m org.hibernate.dialect.Dialect.<init> - 
     HHH000400: Using dialect: org.hibernate.dialect.MySQL5InnoDBDialect
25-01-2020 18:02:30.631 [35m[restartedMain][0;39m [34mINFO [0;39m o.h.e.t.j.p.i.JtaPlatformInitiator.initiateService - 
     HHH000490: Using JtaPlatform implementation: [org.hibernate.engine.transaction.jta.platform.internal.NoJtaPlatform]
25-01-2020 18:02:30.638 [35m[restartedMain][0;39m [34mINFO [0;39m o.s.o.j.LocalContainerEntityManagerFactoryBean.buildNativeEntityManagerFactory - 
     Initialized JPA EntityManagerFactory for persistence unit 'default'
25-01-2020 18:02:30.672 [35m[restartedMain][0;39m [34mINFO [0;39m o.s.b.d.a.OptionalLiveReloadServer.startServer - 
     LiveReload server is running on port 35729
25-01-2020 18:02:31.175 [35m[restartedMain][0;39m [31mWARN [0;39m o.s.b.a.o.j.JpaBaseConfiguration$JpaWebConfiguration.openEntityManagerInViewInterceptor - 
     spring.jpa.open-in-view is enabled by default. Therefore, database queries may be performed during view rendering. Explicitly configure spring.jpa.open-in-view to disable this warning
25-01-2020 18:02:31.506 [35m[restartedMain][0;39m [34mINFO [0;39m o.s.s.web.DefaultSecurityFilterChain.<init> - 
     Creating filter chain: any request, [org.springframework.security.web.context.request.async.WebAsyncManagerIntegrationFilter@ddfb71c, org.springframework.security.web.context.SecurityContextPersistenceFilter@4819d57c, org.springframework.security.web.header.HeaderWriterFilter@6b40eb6f, org.springframework.web.filter.CorsFilter@7d92947f, org.springframework.security.web.authentication.logout.LogoutFilter@3e46a3dc, com.avis.security.JwtAuthenticationTokenFilter@25b3cf42, org.springframework.security.web.savedrequest.RequestCacheAwareFilter@1862c45b, org.springframework.security.web.servletapi.SecurityContextHolderAwareRequestFilter@5c1211d5, org.springframework.security.web.authentication.AnonymousAuthenticationFilter@7dc83e31, org.springframework.security.web.session.SessionManagementFilter@6443e570, org.springframework.security.web.access.ExceptionTranslationFilter@76b69fa0, org.springframework.security.web.access.intercept.FilterSecurityInterceptor@1a9b3c7e]
25-01-2020 18:02:31.632 [35m[restartedMain][0;39m [34mINFO [0;39m o.s.s.c.ThreadPoolTaskExecutor.initialize - 
     Initializing ExecutorService 'applicationTaskExecutor'
25-01-2020 18:02:31.854 [35m[restartedMain][0;39m [34mINFO [0;39m o.a.coyote.http11.Http11NioProtocol.log - 
     Starting ProtocolHandler ["http-nio-8080"]
25-01-2020 18:02:31.879 [35m[restartedMain][0;39m [34mINFO [0;39m o.s.b.w.e.tomcat.TomcatWebServer.start - 
     Tomcat started on port(s): 8080 (http) with context path ''
25-01-2020 18:02:31.881 [35m[restartedMain][0;39m [34mINFO [0;39m com.avis.AnAvisApplication.logStarted - 
     Started AnAvisApplication in 5.161 seconds (JVM running for 5.814)
25-01-2020 18:09:02.403 [35m[http-nio-8080-exec-1][0;39m [34mINFO [0;39m o.a.c.c.C.[Tomcat].[localhost].[/].log - 
     Initializing Spring DispatcherServlet 'dispatcherServlet'
25-01-2020 18:09:02.403 [35m[http-nio-8080-exec-1][0;39m [34mINFO [0;39m o.s.web.servlet.DispatcherServlet.initServletBean - 
     Initializing Servlet 'dispatcherServlet'
25-01-2020 18:09:02.409 [35m[http-nio-8080-exec-1][0;39m [34mINFO [0;39m o.s.web.servlet.DispatcherServlet.initServletBean - 
     Completed initialization in 6 ms
25-01-2020 18:09:02.632 [35m[http-nio-8080-exec-2][0;39m [34mINFO [0;39m global.register - 
     utente registrato
25-01-2020 18:09:22.460 [35m[http-nio-8080-exec-4][0;39m [34mINFO [0;39m global.generateToken - 
     nuovo token generato
25-01-2020 18:09:22.690 [35m[http-nio-8080-exec-4][0;39m [34mINFO [0;39m global.createAuthenticationToken - 
     utente appena autenticato
25-01-2020 18:10:19.625 [35m[http-nio-8080-exec-6][0;39m [34mINFO [0;39m global.generateToken - 
     nuovo token generato
25-01-2020 18:10:19.625 [35m[http-nio-8080-exec-6][0;39m [34mINFO [0;39m global.createAuthenticationToken - 
     utente appena autenticato
25-01-2020 18:10:43.901 [35m[http-nio-8080-exec-10][0;39m [34mINFO [0;39m global.insertDate - 
     nuove date inserite
25-01-2020 18:11:25.384 [35m[http-nio-8080-exec-10][0;39m [34mINFO [0;39m global.generateToken - 
     nuovo token generato
25-01-2020 18:11:25.387 [35m[http-nio-8080-exec-10][0;39m [34mINFO [0;39m global.createAuthenticationToken - 
     utente appena autenticato
25-01-2020 18:14:49.548 [35m[http-nio-8080-exec-7][0;39m [34mINFO [0;39m global.generateToken - 
     nuovo token generato
25-01-2020 18:14:49.551 [35m[http-nio-8080-exec-7][0;39m [34mINFO [0;39m global.createAuthenticationToken - 
     utente appena autenticato
25-01-2020 18:15:02.101 [35m[http-nio-8080-exec-3][0;39m [34mINFO [0;39m global.generateToken - 
     nuovo token generato
25-01-2020 18:15:02.102 [35m[http-nio-8080-exec-3][0;39m [34mINFO [0;39m global.createAuthenticationToken - 
     utente appena autenticato
25-01-2020 18:23:31.178 [35m[http-nio-8080-exec-4][0;39m [34mINFO [0;39m global.generateToken - 
     nuovo token generato
25-01-2020 18:23:31.181 [35m[http-nio-8080-exec-4][0;39m [34mINFO [0;39m global.createAuthenticationToken - 
     utente appena autenticato
25-01-2020 18:23:54.551 [35m[http-nio-8080-exec-7][0;39m [34mINFO [0;39m global.generateToken - 
     nuovo token generato
25-01-2020 18:23:54.551 [35m[http-nio-8080-exec-7][0;39m [34mINFO [0;39m global.createAuthenticationToken - 
     utente appena autenticato
