25-01-2020 16:42:49.534 [35m[restartedMain][0;39m [34mINFO [0;39m com.avis.AnAvisApplication.logStarting - 
     Starting AnAvisApplication on DESKTOP-K3D9L0U with PID 260 (C:\Users\Rebichini\Desktop\AnAvis\backend\target\classes started by Rebichini in c:\Users\Rebichini\Desktop\AnAvis\backend)
25-01-2020 16:42:49.534 [35m[restartedMain][0;39m [34mINFO [0;39m com.avis.AnAvisApplication.logStartupProfileInfo - 
     No active profile set, falling back to default profiles: default
25-01-2020 16:42:49.716 [35m[restartedMain][0;39m [34mINFO [0;39m o.s.d.r.c.RepositoryConfigurationDelegate.registerRepositoriesIn - 
     Bootstrapping Spring Data repositories in DEFAULT mode.
25-01-2020 16:42:49.749 [35m[restartedMain][0;39m [34mINFO [0;39m o.s.d.r.c.RepositoryConfigurationDelegate.registerRepositoriesIn - 
     Finished Spring Data repository scanning in 31ms. Found 7 repository interfaces.
25-01-2020 16:42:49.796 [35m[restartedMain][0;39m [34mINFO [0;39m o.s.c.s.PostProcessorRegistrationDelegate$BeanPostProcessorChecker.postProcessAfterInitialization - 
     Bean 'org.springframework.transaction.annotation.ProxyTransactionManagementConfiguration' of type [org.springframework.transaction.annotation.ProxyTransactionManagementConfiguration] is not eligible for getting processed by all BeanPostProcessors (for example: not eligible for auto-proxying)
25-01-2020 16:42:49.798 [35m[restartedMain][0;39m [34mINFO [0;39m o.s.c.s.PostProcessorRegistrationDelegate$BeanPostProcessorChecker.postProcessAfterInitialization - 
     Bean 'org.springframework.security.config.annotation.configuration.ObjectPostProcessorConfiguration' of type [org.springframework.security.config.annotation.configuration.ObjectPostProcessorConfiguration] is not eligible for getting processed by all BeanPostProcessors (for example: not eligible for auto-proxying)
25-01-2020 16:42:49.799 [35m[restartedMain][0;39m [34mINFO [0;39m o.s.c.s.PostProcessorRegistrationDelegate$BeanPostProcessorChecker.postProcessAfterInitialization - 
     Bean 'objectPostProcessor' of type [org.springframework.security.config.annotation.configuration.AutowireBeanFactoryObjectPostProcessor] is not eligible for getting processed by all BeanPostProcessors (for example: not eligible for auto-proxying)
25-01-2020 16:42:49.800 [35m[restartedMain][0;39m [34mINFO [0;39m o.s.c.s.PostProcessorRegistrationDelegate$BeanPostProcessorChecker.postProcessAfterInitialization - 
     Bean 'org.springframework.security.access.expression.method.DefaultMethodSecurityExpressionHandler@26a3b1ca' of type [org.springframework.security.access.expression.method.DefaultMethodSecurityExpressionHandler] is not eligible for getting processed by all BeanPostProcessors (for example: not eligible for auto-proxying)
25-01-2020 16:42:49.801 [35m[restartedMain][0;39m [34mINFO [0;39m o.s.c.s.PostProcessorRegistrationDelegate$BeanPostProcessorChecker.postProcessAfterInitialization - 
     Bean 'org.springframework.security.config.annotation.method.configuration.GlobalMethodSecurityConfiguration' of type [org.springframework.security.config.annotation.method.configuration.GlobalMethodSecurityConfiguration] is not eligible for getting processed by all BeanPostProcessors (for example: not eligible for auto-proxying)
25-01-2020 16:42:49.801 [35m[restartedMain][0;39m [34mINFO [0;39m o.s.c.s.PostProcessorRegistrationDelegate$BeanPostProcessorChecker.postProcessAfterInitialization - 
     Bean 'methodSecurityMetadataSource' of type [org.springframework.security.access.method.DelegatingMethodSecurityMetadataSource] is not eligible for getting processed by all BeanPostProcessors (for example: not eligible for auto-proxying)
25-01-2020 16:42:49.822 [35m[restartedMain][0;39m [31mWARN [0;39m o.a.tomcat.util.modeler.Registry.log - 
     The MBean registry cannot be disabled because it has already been initialised
25-01-2020 16:42:49.885 [35m[restartedMain][0;39m [34mINFO [0;39m o.s.b.w.e.tomcat.TomcatWebServer.initialize - 
     Tomcat initialized with port(s): 8080 (http)
25-01-2020 16:42:49.886 [35m[restartedMain][0;39m [34mINFO [0;39m o.a.coyote.http11.Http11NioProtocol.log - 
     Initializing ProtocolHandler ["http-nio-8080"]
25-01-2020 16:42:49.886 [35m[restartedMain][0;39m [34mINFO [0;39m o.a.catalina.core.StandardService.log - 
     Starting service [Tomcat]
25-01-2020 16:42:49.887 [35m[restartedMain][0;39m [34mINFO [0;39m o.a.catalina.core.StandardEngine.log - 
     Starting Servlet engine: [Apache Tomcat/9.0.27]
25-01-2020 16:42:49.902 [35m[restartedMain][0;39m [34mINFO [0;39m o.a.c.c.C.[Tomcat].[localhost].[/].log - 
     Initializing Spring embedded WebApplicationContext
25-01-2020 16:42:49.902 [35m[restartedMain][0;39m [34mINFO [0;39m o.s.web.context.ContextLoader.prepareWebApplicationContext - 
     Root WebApplicationContext: initialization completed in 365 ms
25-01-2020 16:42:49.938 [35m[restartedMain][0;39m [34mINFO [0;39m o.h.jpa.internal.util.LogHelper.logPersistenceUnitInformation - 
     HHH000204: Processing PersistenceUnitInfo [name: default]
25-01-2020 16:42:49.943 [35m[restartedMain][0;39m [34mINFO [0;39m com.zaxxer.hikari.HikariDataSource.getConnection - 
     HikariPool-6 - Starting...
25-01-2020 16:42:49.946 [35m[restartedMain][0;39m [34mINFO [0;39m com.zaxxer.hikari.HikariDataSource.getConnection - 
     HikariPool-6 - Start completed.
25-01-2020 16:42:49.947 [35m[restartedMain][0;39m [34mINFO [0;39m org.hibernate.dialect.Dialect.<init> - 
     HHH000400: Using dialect: org.hibernate.dialect.MySQL5InnoDBDialect
25-01-2020 16:42:50.766 [35m[restartedMain][0;39m [34mINFO [0;39m o.h.e.t.j.p.i.JtaPlatformInitiator.initiateService - 
     HHH000490: Using JtaPlatform implementation: [org.hibernate.engine.transaction.jta.platform.internal.NoJtaPlatform]
25-01-2020 16:42:50.766 [35m[restartedMain][0;39m [34mINFO [0;39m o.s.o.j.LocalContainerEntityManagerFactoryBean.buildNativeEntityManagerFactory - 
     Initialized JPA EntityManagerFactory for persistence unit 'default'
25-01-2020 16:42:50.775 [35m[restartedMain][0;39m [34mINFO [0;39m o.s.b.d.a.OptionalLiveReloadServer.startServer - 
     LiveReload server is running on port 35729
25-01-2020 16:42:50.902 [35m[restartedMain][0;39m [31mWARN [0;39m o.s.b.a.o.j.JpaBaseConfiguration$JpaWebConfiguration.openEntityManagerInViewInterceptor - 
     spring.jpa.open-in-view is enabled by default. Therefore, database queries may be performed during view rendering. Explicitly configure spring.jpa.open-in-view to disable this warning
25-01-2020 16:42:50.935 [35m[restartedMain][0;39m [34mINFO [0;39m o.s.s.web.DefaultSecurityFilterChain.<init> - 
     Creating filter chain: any request, [org.springframework.security.web.context.request.async.WebAsyncManagerIntegrationFilter@4f1a0438, org.springframework.security.web.context.SecurityContextPersistenceFilter@2bd3fc79, org.springframework.security.web.header.HeaderWriterFilter@62757d6, org.springframework.web.filter.CorsFilter@591993d6, org.springframework.security.web.authentication.logout.LogoutFilter@72630361, com.avis.security.JwtAuthenticationTokenFilter@773d38fd, org.springframework.security.web.savedrequest.RequestCacheAwareFilter@3572d934, org.springframework.security.web.servletapi.SecurityContextHolderAwareRequestFilter@9d7a1ab, org.springframework.security.web.authentication.AnonymousAuthenticationFilter@3b4b054f, org.springframework.security.web.session.SessionManagementFilter@10228311, org.springframework.security.web.access.ExceptionTranslationFilter@842dfa8, org.springframework.security.web.access.intercept.FilterSecurityInterceptor@6a0729ec]
25-01-2020 16:42:50.964 [35m[restartedMain][0;39m [34mINFO [0;39m o.s.s.c.ThreadPoolTaskExecutor.initialize - 
     Initializing ExecutorService 'applicationTaskExecutor'
25-01-2020 16:42:51.016 [35m[restartedMain][0;39m [34mINFO [0;39m o.a.coyote.http11.Http11NioProtocol.log - 
     Starting ProtocolHandler ["http-nio-8080"]
25-01-2020 16:42:51.018 [35m[restartedMain][0;39m [34mINFO [0;39m o.s.b.w.e.tomcat.TomcatWebServer.start - 
     Tomcat started on port(s): 8080 (http) with context path ''
25-01-2020 16:42:51.019 [35m[restartedMain][0;39m [34mINFO [0;39m com.avis.AnAvisApplication.logStarted - 
     Started AnAvisApplication in 1.512 seconds (JVM running for 1107.88)
25-01-2020 16:42:51.064 [35m[restartedMain][0;39m [34mINFO [0;39m o.s.b.d.a.ConditionEvaluationDeltaLoggingListener.onApplicationEvent - 
     Condition evaluation unchanged
25-01-2020 16:42:53.448 [35m[Thread-29][0;39m [34mINFO [0;39m o.s.s.c.ThreadPoolTaskExecutor.shutdown - 
     Shutting down ExecutorService 'applicationTaskExecutor'
25-01-2020 16:42:53.449 [35m[Thread-29][0;39m [34mINFO [0;39m o.s.o.j.LocalContainerEntityManagerFactoryBean.destroy - 
     Closing JPA EntityManagerFactory for persistence unit 'default'
25-01-2020 16:42:53.450 [35m[Thread-29][0;39m [34mINFO [0;39m com.zaxxer.hikari.HikariDataSource.close - 
     HikariPool-6 - Shutdown initiated...
25-01-2020 16:42:53.454 [35m[Thread-29][0;39m [34mINFO [0;39m com.zaxxer.hikari.HikariDataSource.close - 
     HikariPool-6 - Shutdown completed.
25-01-2020 16:42:53.711 [35m[restartedMain][0;39m [31mWARN [0;39m com.avis.AnAvisApplication.main - 
     Start
