08-02-2020 11:19:52.380 [35m[restartedMain][0;39m [34mINFO [0;39m com.avis.AnAvisApplication.logStarting - 
     Starting AnAvisApplication on DESKTOP-K3D9L0U with PID 6440 (C:\Users\Rebichini\Desktop\AnAvis2LaVendetta\backend\target\classes started by Rebichini in c:\Users\Rebichini\Desktop\AnAvis2LaVendetta\backend)
08-02-2020 11:19:52.381 [35m[restartedMain][0;39m [34mINFO [0;39m com.avis.AnAvisApplication.logStartupProfileInfo - 
     No active profile set, falling back to default profiles: default
08-02-2020 11:19:52.434 [35m[restartedMain][0;39m [34mINFO [0;39m o.s.b.d.restart.ChangeableUrls.logTo - 
     The Class-Path manifest attribute in C:\Users\Rebichini\.m2\repository\org\glassfish\jaxb\jaxb-runtime\2.3.2\jaxb-runtime-2.3.2.jar referenced one or more files that do not exist: file:/C:/Users/Rebichini/.m2/repository/org/glassfish/jaxb/jaxb-runtime/2.3.2/jakarta.xml.bind-api-2.3.2.jar,file:/C:/Users/Rebichini/.m2/repository/org/glassfish/jaxb/jaxb-runtime/2.3.2/txw2-2.3.2.jar,file:/C:/Users/Rebichini/.m2/repository/org/glassfish/jaxb/jaxb-runtime/2.3.2/istack-commons-runtime-3.0.8.jar,file:/C:/Users/Rebichini/.m2/repository/org/glassfish/jaxb/jaxb-runtime/2.3.2/stax-ex-1.8.1.jar,file:/C:/Users/Rebichini/.m2/repository/org/glassfish/jaxb/jaxb-runtime/2.3.2/FastInfoset-1.2.16.jar,file:/C:/Users/Rebichini/.m2/repository/org/glassfish/jaxb/jaxb-runtime/2.3.2/jakarta.activation-api-1.2.1.jar
08-02-2020 11:19:52.450 [35m[restartedMain][0;39m [34mINFO [0;39m o.s.b.d.e.DevToolsPropertyDefaultsPostProcessor.logTo - 
     Devtools property defaults active! Set 'spring.devtools.add-properties' to 'false' to disable
08-02-2020 11:19:52.450 [35m[restartedMain][0;39m [34mINFO [0;39m o.s.b.d.e.DevToolsPropertyDefaultsPostProcessor.logTo - 
     For additional web related logging consider setting the 'logging.level.web' property to 'DEBUG'
08-02-2020 11:19:53.073 [35m[restartedMain][0;39m [34mINFO [0;39m o.s.d.r.c.RepositoryConfigurationDelegate.registerRepositoriesIn - 
     Bootstrapping Spring Data repositories in DEFAULT mode.
08-02-2020 11:19:53.173 [35m[restartedMain][0;39m [34mINFO [0;39m o.s.d.r.c.RepositoryConfigurationDelegate.registerRepositoriesIn - 
     Finished Spring Data repository scanning in 92ms. Found 7 repository interfaces.
08-02-2020 11:19:53.520 [35m[restartedMain][0;39m [34mINFO [0;39m o.s.c.s.PostProcessorRegistrationDelegate$BeanPostProcessorChecker.postProcessAfterInitialization - 
     Bean 'org.springframework.transaction.annotation.ProxyTransactionManagementConfiguration' of type [org.springframework.transaction.annotation.ProxyTransactionManagementConfiguration] is not eligible for getting processed by all BeanPostProcessors (for example: not eligible for auto-proxying)
08-02-2020 11:19:53.541 [35m[restartedMain][0;39m [34mINFO [0;39m o.s.c.s.PostProcessorRegistrationDelegate$BeanPostProcessorChecker.postProcessAfterInitialization - 
     Bean 'org.springframework.security.config.annotation.configuration.ObjectPostProcessorConfiguration' of type [org.springframework.security.config.annotation.configuration.ObjectPostProcessorConfiguration] is not eligible for getting processed by all BeanPostProcessors (for example: not eligible for auto-proxying)
08-02-2020 11:19:53.544 [35m[restartedMain][0;39m [34mINFO [0;39m o.s.c.s.PostProcessorRegistrationDelegate$BeanPostProcessorChecker.postProcessAfterInitialization - 
     Bean 'objectPostProcessor' of type [org.springframework.security.config.annotation.configuration.AutowireBeanFactoryObjectPostProcessor] is not eligible for getting processed by all BeanPostProcessors (for example: not eligible for auto-proxying)
08-02-2020 11:19:53.545 [35m[restartedMain][0;39m [34mINFO [0;39m o.s.c.s.PostProcessorRegistrationDelegate$BeanPostProcessorChecker.postProcessAfterInitialization - 
     Bean 'org.springframework.security.access.expression.method.DefaultMethodSecurityExpressionHandler@5edab677' of type [org.springframework.security.access.expression.method.DefaultMethodSecurityExpressionHandler] is not eligible for getting processed by all BeanPostProcessors (for example: not eligible for auto-proxying)
08-02-2020 11:19:53.547 [35m[restartedMain][0;39m [34mINFO [0;39m o.s.c.s.PostProcessorRegistrationDelegate$BeanPostProcessorChecker.postProcessAfterInitialization - 
     Bean 'org.springframework.security.config.annotation.method.configuration.GlobalMethodSecurityConfiguration' of type [org.springframework.security.config.annotation.method.configuration.GlobalMethodSecurityConfiguration] is not eligible for getting processed by all BeanPostProcessors (for example: not eligible for auto-proxying)
08-02-2020 11:19:53.551 [35m[restartedMain][0;39m [34mINFO [0;39m o.s.c.s.PostProcessorRegistrationDelegate$BeanPostProcessorChecker.postProcessAfterInitialization - 
     Bean 'methodSecurityMetadataSource' of type [org.springframework.security.access.method.DelegatingMethodSecurityMetadataSource] is not eligible for getting processed by all BeanPostProcessors (for example: not eligible for auto-proxying)
08-02-2020 11:19:53.881 [35m[restartedMain][0;39m [34mINFO [0;39m o.s.b.w.e.tomcat.TomcatWebServer.initialize - 
     Tomcat initialized with port(s): 8080 (http)
08-02-2020 11:19:53.891 [35m[restartedMain][0;39m [34mINFO [0;39m o.a.coyote.http11.Http11NioProtocol.log - 
     Initializing ProtocolHandler ["http-nio-8080"]
08-02-2020 11:19:53.891 [35m[restartedMain][0;39m [34mINFO [0;39m o.a.catalina.core.StandardService.log - 
     Starting service [Tomcat]
08-02-2020 11:19:53.892 [35m[restartedMain][0;39m [34mINFO [0;39m o.a.catalina.core.StandardEngine.log - 
     Starting Servlet engine: [Apache Tomcat/9.0.27]
08-02-2020 11:19:53.994 [35m[restartedMain][0;39m [34mINFO [0;39m o.a.c.c.C.[Tomcat].[localhost].[/].log - 
     Initializing Spring embedded WebApplicationContext
08-02-2020 11:19:53.995 [35m[restartedMain][0;39m [34mINFO [0;39m o.s.web.context.ContextLoader.prepareWebApplicationContext - 
     Root WebApplicationContext: initialization completed in 1544 ms
08-02-2020 11:19:54.194 [35m[restartedMain][0;39m [34mINFO [0;39m o.h.jpa.internal.util.LogHelper.logPersistenceUnitInformation - 
     HHH000204: Processing PersistenceUnitInfo [name: default]
08-02-2020 11:19:54.286 [35m[restartedMain][0;39m [34mINFO [0;39m org.hibernate.Version.logVersion - 
     HHH000412: Hibernate Core {5.4.8.Final}
08-02-2020 11:19:54.454 [35m[restartedMain][0;39m [34mINFO [0;39m o.h.annotations.common.Version.<clinit> - 
     HCANN000001: Hibernate Commons Annotations {5.1.0.Final}
08-02-2020 11:19:54.554 [35m[restartedMain][0;39m [34mINFO [0;39m com.zaxxer.hikari.HikariDataSource.getConnection - 
     HikariPool-1 - Starting...
08-02-2020 11:19:54.703 [35m[restartedMain][0;39m [34mINFO [0;39m com.zaxxer.hikari.HikariDataSource.getConnection - 
     HikariPool-1 - Start completed.
08-02-2020 11:19:54.718 [35m[restartedMain][0;39m [34mINFO [0;39m org.hibernate.dialect.Dialect.<init> - 
     HHH000400: Using dialect: org.hibernate.dialect.MySQL5InnoDBDialect
08-02-2020 11:19:56.114 [35m[restartedMain][0;39m [34mINFO [0;39m o.h.e.t.j.p.i.JtaPlatformInitiator.initiateService - 
     HHH000490: Using JtaPlatform implementation: [org.hibernate.engine.transaction.jta.platform.internal.NoJtaPlatform]
08-02-2020 11:19:56.123 [35m[restartedMain][0;39m [34mINFO [0;39m o.s.o.j.LocalContainerEntityManagerFactoryBean.buildNativeEntityManagerFactory - 
     Initialized JPA EntityManagerFactory for persistence unit 'default'
08-02-2020 11:19:56.165 [35m[restartedMain][0;39m [34mINFO [0;39m o.s.b.d.a.OptionalLiveReloadServer.startServer - 
     LiveReload server is running on port 35729
08-02-2020 11:19:56.964 [35m[restartedMain][0;39m [31mWARN [0;39m o.s.b.a.o.j.JpaBaseConfiguration$JpaWebConfiguration.openEntityManagerInViewInterceptor - 
     spring.jpa.open-in-view is enabled by default. Therefore, database queries may be performed during view rendering. Explicitly configure spring.jpa.open-in-view to disable this warning
08-02-2020 11:19:57.161 [35m[restartedMain][0;39m [34mINFO [0;39m o.s.s.web.DefaultSecurityFilterChain.<init> - 
     Creating filter chain: any request, [org.springframework.security.web.context.request.async.WebAsyncManagerIntegrationFilter@796aef48, org.springframework.security.web.context.SecurityContextPersistenceFilter@37dfda1b, org.springframework.security.web.header.HeaderWriterFilter@3c2be427, org.springframework.web.filter.CorsFilter@75891559, org.springframework.security.web.authentication.logout.LogoutFilter@45a06c90, com.avis.security.JwtAuthenticationTokenFilter@e84efd7, org.springframework.security.web.savedrequest.RequestCacheAwareFilter@3e718b6a, org.springframework.security.web.servletapi.SecurityContextHolderAwareRequestFilter@257d41dd, org.springframework.security.web.authentication.AnonymousAuthenticationFilter@30ba9427, org.springframework.security.web.session.SessionManagementFilter@101bc6eb, org.springframework.security.web.access.ExceptionTranslationFilter@597019d4, org.springframework.security.web.access.intercept.FilterSecurityInterceptor@44a2203f]
08-02-2020 11:19:57.284 [35m[restartedMain][0;39m [34mINFO [0;39m o.s.s.c.ThreadPoolTaskExecutor.initialize - 
     Initializing ExecutorService 'applicationTaskExecutor'
08-02-2020 11:19:57.505 [35m[restartedMain][0;39m [34mINFO [0;39m o.a.coyote.http11.Http11NioProtocol.log - 
     Starting ProtocolHandler ["http-nio-8080"]
08-02-2020 11:19:57.526 [35m[restartedMain][0;39m [34mINFO [0;39m o.s.b.w.e.tomcat.TomcatWebServer.start - 
     Tomcat started on port(s): 8080 (http) with context path ''
08-02-2020 11:19:57.529 [35m[restartedMain][0;39m [34mINFO [0;39m com.avis.AnAvisApplication.logStarted - 
     Started AnAvisApplication in 5.386 seconds (JVM running for 6.043)
08-02-2020 11:20:05.325 [35m[http-nio-8080-exec-1][0;39m [34mINFO [0;39m o.a.c.c.C.[Tomcat].[localhost].[/].log - 
     Initializing Spring DispatcherServlet 'dispatcherServlet'
08-02-2020 11:20:05.325 [35m[http-nio-8080-exec-1][0;39m [34mINFO [0;39m o.s.web.servlet.DispatcherServlet.initServletBean - 
     Initializing Servlet 'dispatcherServlet'
08-02-2020 11:20:05.331 [35m[http-nio-8080-exec-1][0;39m [34mINFO [0;39m o.s.web.servlet.DispatcherServlet.initServletBean - 
     Completed initialization in 6 ms
08-02-2020 11:20:05.810 [35m[http-nio-8080-exec-2][0;39m [34mINFO [0;39m global.generateToken - 
     nuovo token generato
08-02-2020 11:20:05.828 [35m[http-nio-8080-exec-2][0;39m [34mINFO [0;39m global.createAuthenticationToken - 
     utente appena autenticato
08-02-2020 11:21:09.496 [35m[http-nio-8080-exec-9][0;39m [34mINFO [0;39m global.generateToken - 
     nuovo token generato
08-02-2020 11:21:09.497 [35m[http-nio-8080-exec-9][0;39m [34mINFO [0;39m global.createAuthenticationToken - 
     utente appena autenticato
08-02-2020 11:21:14.979 [35m[http-nio-8080-exec-7][0;39m [34mINFO [0;39m global.deleteEmergenza - 
     un emergenza è stata cancellata
08-02-2020 11:21:18.092 [35m[http-nio-8080-exec-1][0;39m [34mINFO [0;39m global.insertEmergenza - 
     un emergenza è stata inviata
08-02-2020 11:21:21.911 [35m[http-nio-8080-exec-3][0;39m [34mINFO [0;39m global.insertEmergenza - 
     un emergenza è stata inviata
08-02-2020 11:21:25.264 [35m[http-nio-8080-exec-6][0;39m [34mINFO [0;39m global.insertEmergenza - 
     un emergenza è stata inviata
08-02-2020 11:21:29.613 [35m[http-nio-8080-exec-9][0;39m [34mINFO [0;39m global.insertEmergenza - 
     un emergenza è stata inviata
08-02-2020 11:21:33.689 [35m[http-nio-8080-exec-2][0;39m [34mINFO [0;39m global.deleteEmergenza - 
     un emergenza è stata cancellata
08-02-2020 11:21:37.911 [35m[http-nio-8080-exec-6][0;39m [34mINFO [0;39m global.insertEmergenza - 
     un emergenza è stata inviata
08-02-2020 11:21:44.534 [35m[http-nio-8080-exec-10][0;39m [34mINFO [0;39m global.generateToken - 
     nuovo token generato
08-02-2020 11:21:44.536 [35m[http-nio-8080-exec-10][0;39m [34mINFO [0;39m global.createAuthenticationToken - 
     utente appena autenticato
08-02-2020 11:30:27.975 [35m[http-nio-8080-exec-6][0;39m [34mINFO [0;39m global.generateToken - 
     nuovo token generato
08-02-2020 11:30:27.976 [35m[http-nio-8080-exec-6][0;39m [34mINFO [0;39m global.createAuthenticationToken - 
     utente appena autenticato
08-02-2020 11:32:12.124 [35m[http-nio-8080-exec-6][0;39m [34mINFO [0;39m global.generateToken - 
     nuovo token generato
08-02-2020 11:32:12.125 [35m[http-nio-8080-exec-6][0;39m [34mINFO [0;39m global.createAuthenticationToken - 
     utente appena autenticato
08-02-2020 11:32:28.541 [35m[http-nio-8080-exec-3][0;39m [34mINFO [0;39m global.generateToken - 
     nuovo token generato
08-02-2020 11:32:28.542 [35m[http-nio-8080-exec-3][0;39m [34mINFO [0;39m global.createAuthenticationToken - 
     utente appena autenticato
08-02-2020 11:33:01.880 [35m[http-nio-8080-exec-1][0;39m [34mINFO [0;39m global.generateToken - 
     nuovo token generato
08-02-2020 11:33:01.880 [35m[http-nio-8080-exec-1][0;39m [34mINFO [0;39m global.createAuthenticationToken - 
     utente appena autenticato
08-02-2020 11:33:12.195 [35m[http-nio-8080-exec-8][0;39m [34mINFO [0;39m global.insertDate - 
     nuove date inserite
08-02-2020 11:59:27.777 [35m[http-nio-8080-exec-7][0;39m [34mINFO [0;39m global.insertDate - 
     nuove date inserite
08-02-2020 12:02:35.680 [35m[http-nio-8080-exec-10][0;39m [34mINFO [0;39m global.deleteDate - 
     una data è stata cancellata
08-02-2020 12:02:40.077 [35m[http-nio-8080-exec-4][0;39m [34mINFO [0;39m global.deleteDate - 
     una data è stata cancellata
08-02-2020 12:02:43.391 [35m[http-nio-8080-exec-6][0;39m [34mINFO [0;39m global.deleteDate - 
     una data è stata cancellata
08-02-2020 12:08:41.526 [35m[http-nio-8080-exec-2][0;39m [34mINFO [0;39m global.prenotaData - 
     nuova data prenotata
08-02-2020 12:09:07.762 [35m[http-nio-8080-exec-1][0;39m [34mINFO [0;39m global.generateToken - 
     nuovo token generato
08-02-2020 12:09:07.763 [35m[http-nio-8080-exec-1][0;39m [34mINFO [0;39m global.createAuthenticationToken - 
     utente appena autenticato
08-02-2020 12:09:19.497 [35m[http-nio-8080-exec-1][0;39m [34mINFO [0;39m global.prenotaData - 
     nuova data prenotata
08-02-2020 12:09:39.812 [35m[http-nio-8080-exec-5][0;39m [34mINFO [0;39m global.prenotaData - 
     nuova data prenotata
08-02-2020 12:09:54.043 [35m[http-nio-8080-exec-8][0;39m [34mINFO [0;39m global.generateToken - 
     nuovo token generato
08-02-2020 12:09:54.044 [35m[http-nio-8080-exec-8][0;39m [34mINFO [0;39m global.createAuthenticationToken - 
     utente appena autenticato
08-02-2020 12:10:04.276 [35m[http-nio-8080-exec-7][0;39m [34mINFO [0;39m global.deleteDate - 
     una data è stata cancellata
08-02-2020 12:12:30.744 [35m[http-nio-8080-exec-7][0;39m [34mINFO [0;39m global.deleteDate - 
     una data è stata cancellata
08-02-2020 12:12:39.005 [35m[http-nio-8080-exec-9][0;39m [34mINFO [0;39m global.insertDate - 
     nuove date inserite
08-02-2020 12:12:50.349 [35m[http-nio-8080-exec-5][0;39m [34mINFO [0;39m global.insertDate - 
     nuove date inserite
08-02-2020 12:13:25.217 [35m[http-nio-8080-exec-9][0;39m [34mINFO [0;39m global.deleteDate - 
     una data è stata cancellata
08-02-2020 12:13:26.717 [35m[http-nio-8080-exec-10][0;39m [34mINFO [0;39m global.deleteDate - 
     una data è stata cancellata
08-02-2020 12:13:29.404 [35m[http-nio-8080-exec-5][0;39m [34mINFO [0;39m global.deleteDate - 
     una data è stata cancellata
08-02-2020 12:14:07.830 [35m[http-nio-8080-exec-9][0;39m [34mINFO [0;39m global.deleteDate - 
     una data è stata cancellata
08-02-2020 12:15:01.555 [35m[http-nio-8080-exec-6][0;39m [34mINFO [0;39m global.deleteDate - 
     una data è stata cancellata
08-02-2020 12:15:03.766 [35m[http-nio-8080-exec-1][0;39m [34mINFO [0;39m global.deleteDate - 
     una data è stata cancellata
08-02-2020 12:17:41.023 [35m[http-nio-8080-exec-5][0;39m [34mINFO [0;39m global.deleteDate - 
     una data è stata cancellata
08-02-2020 12:17:54.874 [35m[http-nio-8080-exec-7][0;39m [34mINFO [0;39m global.prenotaData - 
     nuova data prenotata
08-02-2020 12:18:26.388 [35m[http-nio-8080-exec-6][0;39m [34mINFO [0;39m global.prenotaData - 
     nuova data prenotata
