06-02-2020 14:37:13.613 [35m[main][0;39m [31mWARN [0;39m com.avis.AnAvisApplication.main - 
     Start
06-02-2020 14:37:13.779 [35m[restartedMain][0;39m [31mWARN [0;39m com.avis.AnAvisApplication.main - 
     Start
06-02-2020 14:37:14.033 [35m[restartedMain][0;39m [34mINFO [0;39m com.avis.AnAvisApplication.logStarting - 
     Starting AnAvisApplication on DESKTOP-K3D9L0U with PID 2868 (C:\Users\Rebichini\Desktop\AnAvis2LaVendetta\backend\target\classes started by Rebichini in c:\Users\Rebichini\Desktop\AnAvis2LaVendetta\backend)
06-02-2020 14:37:14.034 [35m[restartedMain][0;39m [34mINFO [0;39m com.avis.AnAvisApplication.logStartupProfileInfo - 
     No active profile set, falling back to default profiles: default
06-02-2020 14:37:14.095 [35m[restartedMain][0;39m [34mINFO [0;39m o.s.b.d.restart.ChangeableUrls.logTo - 
     The Class-Path manifest attribute in C:\Users\Rebichini\.m2\repository\org\glassfish\jaxb\jaxb-runtime\2.3.2\jaxb-runtime-2.3.2.jar referenced one or more files that do not exist: file:/C:/Users/Rebichini/.m2/repository/org/glassfish/jaxb/jaxb-runtime/2.3.2/jakarta.xml.bind-api-2.3.2.jar,file:/C:/Users/Rebichini/.m2/repository/org/glassfish/jaxb/jaxb-runtime/2.3.2/txw2-2.3.2.jar,file:/C:/Users/Rebichini/.m2/repository/org/glassfish/jaxb/jaxb-runtime/2.3.2/istack-commons-runtime-3.0.8.jar,file:/C:/Users/Rebichini/.m2/repository/org/glassfish/jaxb/jaxb-runtime/2.3.2/stax-ex-1.8.1.jar,file:/C:/Users/Rebichini/.m2/repository/org/glassfish/jaxb/jaxb-runtime/2.3.2/FastInfoset-1.2.16.jar,file:/C:/Users/Rebichini/.m2/repository/org/glassfish/jaxb/jaxb-runtime/2.3.2/jakarta.activation-api-1.2.1.jar
06-02-2020 14:37:14.095 [35m[restartedMain][0;39m [34mINFO [0;39m o.s.b.d.e.DevToolsPropertyDefaultsPostProcessor.logTo - 
     Devtools property defaults active! Set 'spring.devtools.add-properties' to 'false' to disable
06-02-2020 14:37:14.096 [35m[restartedMain][0;39m [34mINFO [0;39m o.s.b.d.e.DevToolsPropertyDefaultsPostProcessor.logTo - 
     For additional web related logging consider setting the 'logging.level.web' property to 'DEBUG'
06-02-2020 14:37:14.868 [35m[restartedMain][0;39m [34mINFO [0;39m o.s.d.r.c.RepositoryConfigurationDelegate.registerRepositoriesIn - 
     Bootstrapping Spring Data repositories in DEFAULT mode.
06-02-2020 14:37:14.975 [35m[restartedMain][0;39m [34mINFO [0;39m o.s.d.r.c.RepositoryConfigurationDelegate.registerRepositoriesIn - 
     Finished Spring Data repository scanning in 97ms. Found 7 repository interfaces.
06-02-2020 14:37:15.328 [35m[restartedMain][0;39m [34mINFO [0;39m o.s.c.s.PostProcessorRegistrationDelegate$BeanPostProcessorChecker.postProcessAfterInitialization - 
     Bean 'org.springframework.transaction.annotation.ProxyTransactionManagementConfiguration' of type [org.springframework.transaction.annotation.ProxyTransactionManagementConfiguration] is not eligible for getting processed by all BeanPostProcessors (for example: not eligible for auto-proxying)
06-02-2020 14:37:15.349 [35m[restartedMain][0;39m [34mINFO [0;39m o.s.c.s.PostProcessorRegistrationDelegate$BeanPostProcessorChecker.postProcessAfterInitialization - 
     Bean 'org.springframework.security.config.annotation.configuration.ObjectPostProcessorConfiguration' of type [org.springframework.security.config.annotation.configuration.ObjectPostProcessorConfiguration] is not eligible for getting processed by all BeanPostProcessors (for example: not eligible for auto-proxying)
06-02-2020 14:37:15.362 [35m[restartedMain][0;39m [34mINFO [0;39m o.s.c.s.PostProcessorRegistrationDelegate$BeanPostProcessorChecker.postProcessAfterInitialization - 
     Bean 'objectPostProcessor' of type [org.springframework.security.config.annotation.configuration.AutowireBeanFactoryObjectPostProcessor] is not eligible for getting processed by all BeanPostProcessors (for example: not eligible for auto-proxying)
06-02-2020 14:37:15.364 [35m[restartedMain][0;39m [34mINFO [0;39m o.s.c.s.PostProcessorRegistrationDelegate$BeanPostProcessorChecker.postProcessAfterInitialization - 
     Bean 'org.springframework.security.access.expression.method.DefaultMethodSecurityExpressionHandler@6b3c20d5' of type [org.springframework.security.access.expression.method.DefaultMethodSecurityExpressionHandler] is not eligible for getting processed by all BeanPostProcessors (for example: not eligible for auto-proxying)
06-02-2020 14:37:15.366 [35m[restartedMain][0;39m [34mINFO [0;39m o.s.c.s.PostProcessorRegistrationDelegate$BeanPostProcessorChecker.postProcessAfterInitialization - 
     Bean 'org.springframework.security.config.annotation.method.configuration.GlobalMethodSecurityConfiguration' of type [org.springframework.security.config.annotation.method.configuration.GlobalMethodSecurityConfiguration] is not eligible for getting processed by all BeanPostProcessors (for example: not eligible for auto-proxying)
06-02-2020 14:37:15.369 [35m[restartedMain][0;39m [34mINFO [0;39m o.s.c.s.PostProcessorRegistrationDelegate$BeanPostProcessorChecker.postProcessAfterInitialization - 
     Bean 'methodSecurityMetadataSource' of type [org.springframework.security.access.method.DelegatingMethodSecurityMetadataSource] is not eligible for getting processed by all BeanPostProcessors (for example: not eligible for auto-proxying)
06-02-2020 14:37:15.697 [35m[restartedMain][0;39m [34mINFO [0;39m o.s.b.w.e.tomcat.TomcatWebServer.initialize - 
     Tomcat initialized with port(s): 8080 (http)
06-02-2020 14:37:15.708 [35m[restartedMain][0;39m [34mINFO [0;39m o.a.coyote.http11.Http11NioProtocol.log - 
     Initializing ProtocolHandler ["http-nio-8080"]
06-02-2020 14:37:15.709 [35m[restartedMain][0;39m [34mINFO [0;39m o.a.catalina.core.StandardService.log - 
     Starting service [Tomcat]
06-02-2020 14:37:15.709 [35m[restartedMain][0;39m [34mINFO [0;39m o.a.catalina.core.StandardEngine.log - 
     Starting Servlet engine: [Apache Tomcat/9.0.27]
06-02-2020 14:37:15.812 [35m[restartedMain][0;39m [34mINFO [0;39m o.a.c.c.C.[Tomcat].[localhost].[/].log - 
     Initializing Spring embedded WebApplicationContext
06-02-2020 14:37:15.812 [35m[restartedMain][0;39m [34mINFO [0;39m o.s.web.context.ContextLoader.prepareWebApplicationContext - 
     Root WebApplicationContext: initialization completed in 1716 ms
06-02-2020 14:37:16.029 [35m[restartedMain][0;39m [34mINFO [0;39m o.h.jpa.internal.util.LogHelper.logPersistenceUnitInformation - 
     HHH000204: Processing PersistenceUnitInfo [name: default]
06-02-2020 14:37:16.103 [35m[restartedMain][0;39m [34mINFO [0;39m org.hibernate.Version.logVersion - 
     HHH000412: Hibernate Core {5.4.8.Final}
06-02-2020 14:37:16.247 [35m[restartedMain][0;39m [34mINFO [0;39m o.h.annotations.common.Version.<clinit> - 
     HCANN000001: Hibernate Commons Annotations {5.1.0.Final}
06-02-2020 14:37:16.360 [35m[restartedMain][0;39m [34mINFO [0;39m com.zaxxer.hikari.HikariDataSource.getConnection - 
     HikariPool-1 - Starting...
06-02-2020 14:37:16.521 [35m[restartedMain][0;39m [34mINFO [0;39m com.zaxxer.hikari.HikariDataSource.getConnection - 
     HikariPool-1 - Start completed.
06-02-2020 14:37:16.543 [35m[restartedMain][0;39m [34mINFO [0;39m org.hibernate.dialect.Dialect.<init> - 
     HHH000400: Using dialect: org.hibernate.dialect.MySQL5InnoDBDialect
06-02-2020 14:37:18.016 [35m[restartedMain][0;39m [34mINFO [0;39m o.h.e.t.j.p.i.JtaPlatformInitiator.initiateService - 
     HHH000490: Using JtaPlatform implementation: [org.hibernate.engine.transaction.jta.platform.internal.NoJtaPlatform]
06-02-2020 14:37:18.023 [35m[restartedMain][0;39m [34mINFO [0;39m o.s.o.j.LocalContainerEntityManagerFactoryBean.buildNativeEntityManagerFactory - 
     Initialized JPA EntityManagerFactory for persistence unit 'default'
06-02-2020 14:37:18.061 [35m[restartedMain][0;39m [34mINFO [0;39m o.s.b.d.a.OptionalLiveReloadServer.startServer - 
     LiveReload server is running on port 35729
06-02-2020 14:37:18.954 [35m[restartedMain][0;39m [31mWARN [0;39m o.s.b.a.o.j.JpaBaseConfiguration$JpaWebConfiguration.openEntityManagerInViewInterceptor - 
     spring.jpa.open-in-view is enabled by default. Therefore, database queries may be performed during view rendering. Explicitly configure spring.jpa.open-in-view to disable this warning
06-02-2020 14:37:19.170 [35m[restartedMain][0;39m [34mINFO [0;39m o.s.s.web.DefaultSecurityFilterChain.<init> - 
     Creating filter chain: any request, [org.springframework.security.web.context.request.async.WebAsyncManagerIntegrationFilter@629a3ccc, org.springframework.security.web.context.SecurityContextPersistenceFilter@5a5aa4ed, org.springframework.security.web.header.HeaderWriterFilter@1b8c3537, org.springframework.web.filter.CorsFilter@3b548c9e, org.springframework.security.web.authentication.logout.LogoutFilter@17f7311d, com.avis.security.JwtAuthenticationTokenFilter@1bc0ada6, org.springframework.security.web.savedrequest.RequestCacheAwareFilter@3367fb87, org.springframework.security.web.servletapi.SecurityContextHolderAwareRequestFilter@601dba3d, org.springframework.security.web.authentication.AnonymousAuthenticationFilter@100cf3b3, org.springframework.security.web.session.SessionManagementFilter@78cbb796, org.springframework.security.web.access.ExceptionTranslationFilter@2b0ed148, org.springframework.security.web.access.intercept.FilterSecurityInterceptor@5526d1ab]
06-02-2020 14:37:19.309 [35m[restartedMain][0;39m [34mINFO [0;39m o.s.s.c.ThreadPoolTaskExecutor.initialize - 
     Initializing ExecutorService 'applicationTaskExecutor'
06-02-2020 14:37:19.546 [35m[restartedMain][0;39m [34mINFO [0;39m o.a.coyote.http11.Http11NioProtocol.log - 
     Starting ProtocolHandler ["http-nio-8080"]
06-02-2020 14:37:19.570 [35m[restartedMain][0;39m [34mINFO [0;39m o.s.b.w.e.tomcat.TomcatWebServer.start - 
     Tomcat started on port(s): 8080 (http) with context path ''
06-02-2020 14:37:19.573 [35m[restartedMain][0;39m [34mINFO [0;39m com.avis.AnAvisApplication.logStarted - 
     Started AnAvisApplication in 5.788 seconds (JVM running for 6.508)
06-02-2020 14:37:38.205 [35m[http-nio-8080-exec-1][0;39m [34mINFO [0;39m o.a.c.c.C.[Tomcat].[localhost].[/].log - 
     Initializing Spring DispatcherServlet 'dispatcherServlet'
06-02-2020 14:37:38.205 [35m[http-nio-8080-exec-1][0;39m [34mINFO [0;39m o.s.web.servlet.DispatcherServlet.initServletBean - 
     Initializing Servlet 'dispatcherServlet'
06-02-2020 14:37:38.212 [35m[http-nio-8080-exec-1][0;39m [34mINFO [0;39m o.s.web.servlet.DispatcherServlet.initServletBean - 
     Completed initialization in 7 ms
06-02-2020 14:37:38.687 [35m[http-nio-8080-exec-1][0;39m [34mINFO [0;39m global.generateToken - 
     nuovo token generato
06-02-2020 14:37:38.705 [35m[http-nio-8080-exec-1][0;39m [34mINFO [0;39m global.createAuthenticationToken - 
     utente appena autenticato
06-02-2020 14:38:07.417 [35m[http-nio-8080-exec-9][0;39m [34mINFO [0;39m global.generateToken - 
     nuovo token generato
06-02-2020 14:38:07.418 [35m[http-nio-8080-exec-9][0;39m [34mINFO [0;39m global.createAuthenticationToken - 
     utente appena autenticato
06-02-2020 14:38:13.422 [35m[http-nio-8080-exec-7][0;39m [34mINFO [0;39m global.insertEmergenza - 
     un emergenza è stata inviata
06-02-2020 14:54:18.891 [35m[http-nio-8080-exec-3][0;39m [34mINFO [0;39m global.insertEmergenza - 
     un emergenza è stata inviata
06-02-2020 14:54:25.480 [35m[http-nio-8080-exec-4][0;39m [34mINFO [0;39m global.insertEmergenza - 
     un emergenza è stata inviata
06-02-2020 14:55:07.105 [35m[http-nio-8080-exec-1][0;39m [34mINFO [0;39m global.insertEmergenza - 
     un emergenza è stata inviata
06-02-2020 14:57:35.869 [35m[http-nio-8080-exec-6][0;39m [34mINFO [0;39m global.insertEmergenza - 
     un emergenza è stata inviata
06-02-2020 14:57:50.663 [35m[http-nio-8080-exec-1][0;39m [34mINFO [0;39m global.insertEmergenza - 
     un emergenza è stata inviata
06-02-2020 14:58:38.678 [35m[http-nio-8080-exec-5][0;39m [34mINFO [0;39m global.insertEmergenza - 
     un emergenza è stata inviata
06-02-2020 14:59:37.735 [35m[http-nio-8080-exec-5][0;39m [34mINFO [0;39m global.generateToken - 
     nuovo token generato
06-02-2020 14:59:37.737 [35m[http-nio-8080-exec-5][0;39m [34mINFO [0;39m global.createAuthenticationToken - 
     utente appena autenticato
06-02-2020 15:15:09.919 [35m[http-nio-8080-exec-9][0;39m [34mINFO [0;39m global.generateToken - 
     nuovo token generato
06-02-2020 15:15:09.920 [35m[http-nio-8080-exec-9][0;39m [34mINFO [0;39m global.createAuthenticationToken - 
     utente appena autenticato
06-02-2020 15:15:18.366 [35m[http-nio-8080-exec-4][0;39m [34mINFO [0;39m global.generateToken - 
     nuovo token generato
06-02-2020 15:15:18.367 [35m[http-nio-8080-exec-4][0;39m [34mINFO [0;39m global.createAuthenticationToken - 
     utente appena autenticato
06-02-2020 15:15:27.554 [35m[http-nio-8080-exec-5][0;39m [34mINFO [0;39m global.insertEmergenza - 
     un emergenza è stata inviata
06-02-2020 15:16:53.398 [35m[http-nio-8080-exec-1][0;39m [34mINFO [0;39m global.generateToken - 
     nuovo token generato
06-02-2020 15:16:53.399 [35m[http-nio-8080-exec-1][0;39m [34mINFO [0;39m global.createAuthenticationToken - 
     utente appena autenticato
06-02-2020 15:31:20.101 [35m[http-nio-8080-exec-9][0;39m [34mINFO [0;39m global.generateToken - 
     nuovo token generato
06-02-2020 15:31:20.102 [35m[http-nio-8080-exec-9][0;39m [34mINFO [0;39m global.createAuthenticationToken - 
     utente appena autenticato
06-02-2020 15:31:38.414 [35m[http-nio-8080-exec-4][0;39m [34mINFO [0;39m global.insertEmergenza - 
     un emergenza è stata inviata
06-02-2020 15:31:41.216 [35m[http-nio-8080-exec-10][0;39m [34mINFO [0;39m global.deleteEmergenza - 
     un emergenza è stata cancellata
06-02-2020 15:33:02.805 [35m[http-nio-8080-exec-9][0;39m [34mINFO [0;39m global.deleteEmergenza - 
     un emergenza è stata cancellata
06-02-2020 15:33:04.929 [35m[http-nio-8080-exec-10][0;39m [34mINFO [0;39m global.deleteEmergenza - 
     un emergenza è stata cancellata
06-02-2020 15:33:06.775 [35m[http-nio-8080-exec-3][0;39m [34mINFO [0;39m global.deleteEmergenza - 
     un emergenza è stata cancellata
06-02-2020 15:33:26.967 [35m[http-nio-8080-exec-8][0;39m [34mINFO [0;39m global.deleteEmergenza - 
     un emergenza è stata cancellata
06-02-2020 15:33:29.114 [35m[http-nio-8080-exec-1][0;39m [34mINFO [0;39m global.deleteEmergenza - 
     un emergenza è stata cancellata
06-02-2020 15:33:31.306 [35m[http-nio-8080-exec-2][0;39m [34mINFO [0;39m global.deleteEmergenza - 
     un emergenza è stata cancellata
06-02-2020 15:33:33.821 [35m[http-nio-8080-exec-7][0;39m [34mINFO [0;39m global.insertEmergenza - 
     un emergenza è stata inviata
06-02-2020 15:33:37.336 [35m[http-nio-8080-exec-8][0;39m [34mINFO [0;39m global.insertEmergenza - 
     un emergenza è stata inviata
06-02-2020 15:33:45.088 [35m[http-nio-8080-exec-2][0;39m [34mINFO [0;39m global.generateToken - 
     nuovo token generato
06-02-2020 15:33:45.090 [35m[http-nio-8080-exec-2][0;39m [34mINFO [0;39m global.createAuthenticationToken - 
     utente appena autenticato
06-02-2020 15:39:57.476 [35m[http-nio-8080-exec-7][0;39m [34mINFO [0;39m global.generateToken - 
     nuovo token generato
06-02-2020 15:39:57.477 [35m[http-nio-8080-exec-7][0;39m [34mINFO [0;39m global.createAuthenticationToken - 
     utente appena autenticato
06-02-2020 15:48:08.200 [35m[http-nio-8080-exec-8][0;39m [34mINFO [0;39m global.generateToken - 
     nuovo token generato
06-02-2020 15:48:08.201 [35m[http-nio-8080-exec-8][0;39m [34mINFO [0;39m global.createAuthenticationToken - 
     utente appena autenticato
06-02-2020 16:00:05.516 [35m[http-nio-8080-exec-7][0;39m [34mINFO [0;39m global.generateToken - 
     nuovo token generato
06-02-2020 16:00:05.518 [35m[http-nio-8080-exec-7][0;39m [34mINFO [0;39m global.createAuthenticationToken - 
     utente appena autenticato
06-02-2020 16:00:19.845 [35m[http-nio-8080-exec-8][0;39m [34mINFO [0;39m global.generateToken - 
     nuovo token generato
06-02-2020 16:00:19.846 [35m[http-nio-8080-exec-8][0;39m [34mINFO [0;39m global.createAuthenticationToken - 
     utente appena autenticato
06-02-2020 16:01:06.684 [35m[http-nio-8080-exec-6][0;39m [34mINFO [0;39m global.generateToken - 
     nuovo token generato
06-02-2020 16:01:06.685 [35m[http-nio-8080-exec-6][0;39m [34mINFO [0;39m global.createAuthenticationToken - 
     utente appena autenticato
06-02-2020 16:02:01.986 [35m[http-nio-8080-exec-1][0;39m [34mINFO [0;39m global.generateToken - 
     nuovo token generato
06-02-2020 16:02:01.987 [35m[http-nio-8080-exec-1][0;39m [34mINFO [0;39m global.createAuthenticationToken - 
     utente appena autenticato
06-02-2020 16:02:17.675 [35m[http-nio-8080-exec-1][0;39m [34mINFO [0;39m global.generateToken - 
     nuovo token generato
06-02-2020 16:02:17.677 [35m[http-nio-8080-exec-1][0;39m [34mINFO [0;39m global.createAuthenticationToken - 
     utente appena autenticato
06-02-2020 20:54:17.082 [35m[http-nio-8080-exec-7][0;39m [34mINFO [0;39m global.generateToken - 
     nuovo token generato
06-02-2020 20:54:17.085 [35m[http-nio-8080-exec-7][0;39m [34mINFO [0;39m global.createAuthenticationToken - 
     utente appena autenticato
