26-01-2020 17:11:39.294 [35m[restartedMain][0;39m [34mINFO [0;39m com.avis.AnAvisApplication.logStarting - 
     Starting AnAvisApplication on DESKTOP-K3D9L0U with PID 17344 (C:\Users\Rebichini\Desktop\AnAvis\backend\target\classes started by Rebichini in c:\Users\Rebichini\Desktop\AnAvis\backend)
26-01-2020 17:11:39.295 [35m[restartedMain][0;39m [34mINFO [0;39m com.avis.AnAvisApplication.logStartupProfileInfo - 
     No active profile set, falling back to default profiles: default
26-01-2020 17:11:39.458 [35m[restartedMain][0;39m [34mINFO [0;39m o.s.d.r.c.RepositoryConfigurationDelegate.registerRepositoriesIn - 
     Bootstrapping Spring Data repositories in DEFAULT mode.
26-01-2020 17:11:39.485 [35m[restartedMain][0;39m [34mINFO [0;39m o.s.d.r.c.RepositoryConfigurationDelegate.registerRepositoriesIn - 
     Finished Spring Data repository scanning in 26ms. Found 7 repository interfaces.
26-01-2020 17:11:39.526 [35m[restartedMain][0;39m [34mINFO [0;39m o.s.c.s.PostProcessorRegistrationDelegate$BeanPostProcessorChecker.postProcessAfterInitialization - 
     Bean 'org.springframework.transaction.annotation.ProxyTransactionManagementConfiguration' of type [org.springframework.transaction.annotation.ProxyTransactionManagementConfiguration] is not eligible for getting processed by all BeanPostProcessors (for example: not eligible for auto-proxying)
26-01-2020 17:11:39.528 [35m[restartedMain][0;39m [34mINFO [0;39m o.s.c.s.PostProcessorRegistrationDelegate$BeanPostProcessorChecker.postProcessAfterInitialization - 
     Bean 'org.springframework.security.config.annotation.configuration.ObjectPostProcessorConfiguration' of type [org.springframework.security.config.annotation.configuration.ObjectPostProcessorConfiguration] is not eligible for getting processed by all BeanPostProcessors (for example: not eligible for auto-proxying)
26-01-2020 17:11:39.529 [35m[restartedMain][0;39m [34mINFO [0;39m o.s.c.s.PostProcessorRegistrationDelegate$BeanPostProcessorChecker.postProcessAfterInitialization - 
     Bean 'objectPostProcessor' of type [org.springframework.security.config.annotation.configuration.AutowireBeanFactoryObjectPostProcessor] is not eligible for getting processed by all BeanPostProcessors (for example: not eligible for auto-proxying)
26-01-2020 17:11:39.530 [35m[restartedMain][0;39m [34mINFO [0;39m o.s.c.s.PostProcessorRegistrationDelegate$BeanPostProcessorChecker.postProcessAfterInitialization - 
     Bean 'org.springframework.security.access.expression.method.DefaultMethodSecurityExpressionHandler@f9a6d30' of type [org.springframework.security.access.expression.method.DefaultMethodSecurityExpressionHandler] is not eligible for getting processed by all BeanPostProcessors (for example: not eligible for auto-proxying)
26-01-2020 17:11:39.530 [35m[restartedMain][0;39m [34mINFO [0;39m o.s.c.s.PostProcessorRegistrationDelegate$BeanPostProcessorChecker.postProcessAfterInitialization - 
     Bean 'org.springframework.security.config.annotation.method.configuration.GlobalMethodSecurityConfiguration' of type [org.springframework.security.config.annotation.method.configuration.GlobalMethodSecurityConfiguration] is not eligible for getting processed by all BeanPostProcessors (for example: not eligible for auto-proxying)
26-01-2020 17:11:39.530 [35m[restartedMain][0;39m [34mINFO [0;39m o.s.c.s.PostProcessorRegistrationDelegate$BeanPostProcessorChecker.postProcessAfterInitialization - 
     Bean 'methodSecurityMetadataSource' of type [org.springframework.security.access.method.DelegatingMethodSecurityMetadataSource] is not eligible for getting processed by all BeanPostProcessors (for example: not eligible for auto-proxying)
26-01-2020 17:11:39.548 [35m[restartedMain][0;39m [31mWARN [0;39m o.a.tomcat.util.modeler.Registry.log - 
     The MBean registry cannot be disabled because it has already been initialised
26-01-2020 17:11:39.597 [35m[restartedMain][0;39m [34mINFO [0;39m o.s.b.w.e.tomcat.TomcatWebServer.initialize - 
     Tomcat initialized with port(s): 8080 (http)
26-01-2020 17:11:39.598 [35m[restartedMain][0;39m [34mINFO [0;39m o.a.coyote.http11.Http11NioProtocol.log - 
     Initializing ProtocolHandler ["http-nio-8080"]
26-01-2020 17:11:39.598 [35m[restartedMain][0;39m [34mINFO [0;39m o.a.catalina.core.StandardService.log - 
     Starting service [Tomcat]
26-01-2020 17:11:39.598 [35m[restartedMain][0;39m [34mINFO [0;39m o.a.catalina.core.StandardEngine.log - 
     Starting Servlet engine: [Apache Tomcat/9.0.27]
26-01-2020 17:11:39.609 [35m[restartedMain][0;39m [34mINFO [0;39m o.a.c.c.C.[Tomcat].[localhost].[/].log - 
     Initializing Spring embedded WebApplicationContext
26-01-2020 17:11:39.609 [35m[restartedMain][0;39m [34mINFO [0;39m o.s.web.context.ContextLoader.prepareWebApplicationContext - 
     Root WebApplicationContext: initialization completed in 312 ms
26-01-2020 17:11:39.640 [35m[restartedMain][0;39m [34mINFO [0;39m o.h.jpa.internal.util.LogHelper.logPersistenceUnitInformation - 
     HHH000204: Processing PersistenceUnitInfo [name: default]
26-01-2020 17:11:39.643 [35m[restartedMain][0;39m [34mINFO [0;39m com.zaxxer.hikari.HikariDataSource.getConnection - 
     HikariPool-6 - Starting...
26-01-2020 17:11:39.645 [35m[restartedMain][0;39m [34mINFO [0;39m com.zaxxer.hikari.HikariDataSource.getConnection - 
     HikariPool-6 - Start completed.
26-01-2020 17:11:39.646 [35m[restartedMain][0;39m [34mINFO [0;39m org.hibernate.dialect.Dialect.<init> - 
     HHH000400: Using dialect: org.hibernate.dialect.MySQL5InnoDBDialect
26-01-2020 17:11:40.470 [35m[restartedMain][0;39m [34mINFO [0;39m o.h.e.t.j.p.i.JtaPlatformInitiator.initiateService - 
     HHH000490: Using JtaPlatform implementation: [org.hibernate.engine.transaction.jta.platform.internal.NoJtaPlatform]
26-01-2020 17:11:40.470 [35m[restartedMain][0;39m [34mINFO [0;39m o.s.o.j.LocalContainerEntityManagerFactoryBean.buildNativeEntityManagerFactory - 
     Initialized JPA EntityManagerFactory for persistence unit 'default'
26-01-2020 17:11:40.479 [35m[restartedMain][0;39m [34mINFO [0;39m o.s.b.d.a.OptionalLiveReloadServer.startServer - 
     LiveReload server is running on port 35729
26-01-2020 17:11:40.606 [35m[restartedMain][0;39m [31mWARN [0;39m o.s.b.a.o.j.JpaBaseConfiguration$JpaWebConfiguration.openEntityManagerInViewInterceptor - 
     spring.jpa.open-in-view is enabled by default. Therefore, database queries may be performed during view rendering. Explicitly configure spring.jpa.open-in-view to disable this warning
26-01-2020 17:11:40.630 [35m[restartedMain][0;39m [34mINFO [0;39m o.s.s.web.DefaultSecurityFilterChain.<init> - 
     Creating filter chain: any request, [org.springframework.security.web.context.request.async.WebAsyncManagerIntegrationFilter@357f3996, org.springframework.security.web.context.SecurityContextPersistenceFilter@145b9196, org.springframework.security.web.header.HeaderWriterFilter@6f9e514, org.springframework.web.filter.CorsFilter@e9ccea9, org.springframework.security.web.authentication.logout.LogoutFilter@1bb4fc89, com.avis.security.JwtAuthenticationTokenFilter@28ed0171, org.springframework.security.web.savedrequest.RequestCacheAwareFilter@286223ee, org.springframework.security.web.servletapi.SecurityContextHolderAwareRequestFilter@61fab2b3, org.springframework.security.web.authentication.AnonymousAuthenticationFilter@2fb32d7e, org.springframework.security.web.session.SessionManagementFilter@6a8b1d1a, org.springframework.security.web.access.ExceptionTranslationFilter@602b95d6, org.springframework.security.web.access.intercept.FilterSecurityInterceptor@766e64e3]
26-01-2020 17:11:40.655 [35m[restartedMain][0;39m [34mINFO [0;39m o.s.s.c.ThreadPoolTaskExecutor.initialize - 
     Initializing ExecutorService 'applicationTaskExecutor'
26-01-2020 17:11:40.704 [35m[restartedMain][0;39m [34mINFO [0;39m o.a.coyote.http11.Http11NioProtocol.log - 
     Starting ProtocolHandler ["http-nio-8080"]
26-01-2020 17:11:40.707 [35m[restartedMain][0;39m [34mINFO [0;39m o.s.b.w.e.tomcat.TomcatWebServer.start - 
     Tomcat started on port(s): 8080 (http) with context path ''
26-01-2020 17:11:40.707 [35m[restartedMain][0;39m [34mINFO [0;39m com.avis.AnAvisApplication.logStarted - 
     Started AnAvisApplication in 1.436 seconds (JVM running for 4086.537)
26-01-2020 17:11:40.749 [35m[restartedMain][0;39m [34mINFO [0;39m o.s.b.d.a.ConditionEvaluationDeltaLoggingListener.onApplicationEvent - 
     Condition evaluation unchanged
26-01-2020 17:11:47.681 [35m[http-nio-8080-exec-1][0;39m [34mINFO [0;39m o.a.c.c.C.[Tomcat].[localhost].[/].log - 
     Initializing Spring DispatcherServlet 'dispatcherServlet'
26-01-2020 17:11:47.682 [35m[http-nio-8080-exec-1][0;39m [34mINFO [0;39m o.s.web.servlet.DispatcherServlet.initServletBean - 
     Initializing Servlet 'dispatcherServlet'
26-01-2020 17:11:47.684 [35m[http-nio-8080-exec-1][0;39m [34mINFO [0;39m o.s.web.servlet.DispatcherServlet.initServletBean - 
     Completed initialization in 2 ms
26-01-2020 17:11:47.764 [35m[http-nio-8080-exec-2][0;39m [31mWARN [0;39m o.s.w.s.m.m.a.ExceptionHandlerExceptionResolver.logException - 
     Resolved [org.springframework.security.authentication.InternalAuthenticationServiceException: UserDetailsService returned null, which is an interface contract violation]
26-01-2020 17:11:49.913 [35m[http-nio-8080-exec-3][0;39m [31mWARN [0;39m o.s.w.s.m.m.a.ExceptionHandlerExceptionResolver.logException - 
     Resolved [org.springframework.security.authentication.InternalAuthenticationServiceException: UserDetailsService returned null, which is an interface contract violation]
26-01-2020 17:11:53.549 [35m[http-nio-8080-exec-5][0;39m [31mWARN [0;39m o.s.w.s.m.m.a.ExceptionHandlerExceptionResolver.logException - 
     Resolved [org.springframework.security.authentication.InternalAuthenticationServiceException: UserDetailsService returned null, which is an interface contract violation]
26-01-2020 17:11:56.834 [35m[http-nio-8080-exec-6][0;39m [34mINFO [0;39m global.generateToken - 
     nuovo token generato
26-01-2020 17:11:56.840 [35m[http-nio-8080-exec-6][0;39m [34mINFO [0;39m global.createAuthenticationToken - 
     utente appena autenticato
26-01-2020 17:12:34.482 [35m[http-nio-8080-exec-2][0;39m [34mINFO [0;39m global.generateToken - 
     nuovo token generato
26-01-2020 17:12:34.482 [35m[http-nio-8080-exec-2][0;39m [34mINFO [0;39m global.createAuthenticationToken - 
     utente appena autenticato
26-01-2020 17:12:46.645 [35m[http-nio-8080-exec-2][0;39m [34mINFO [0;39m global.insertDate - 
     nuove date inserite
