30-01-2020 15:23:34.517 [35m[restartedMain][0;39m [34mINFO [0;39m com.avis.AnAvisApplication.logStarting - 
     Starting AnAvisApplication on DESKTOP-K3D9L0U with PID 9592 (C:\Users\Rebichini\Desktop\AnAvis\backend\target\classes started by Rebichini in c:\Users\Rebichini\Desktop\AnAvis\backend)
30-01-2020 15:23:34.518 [35m[restartedMain][0;39m [34mINFO [0;39m com.avis.AnAvisApplication.logStartupProfileInfo - 
     No active profile set, falling back to default profiles: default
30-01-2020 15:23:34.726 [35m[restartedMain][0;39m [34mINFO [0;39m o.s.d.r.c.RepositoryConfigurationDelegate.registerRepositoriesIn - 
     Bootstrapping Spring Data repositories in DEFAULT mode.
30-01-2020 15:23:34.775 [35m[restartedMain][0;39m [34mINFO [0;39m o.s.d.r.c.RepositoryConfigurationDelegate.registerRepositoriesIn - 
     Finished Spring Data repository scanning in 33ms. Found 7 repository interfaces.
30-01-2020 15:23:34.830 [35m[restartedMain][0;39m [34mINFO [0;39m o.s.c.s.PostProcessorRegistrationDelegate$BeanPostProcessorChecker.postProcessAfterInitialization - 
     Bean 'org.springframework.transaction.annotation.ProxyTransactionManagementConfiguration' of type [org.springframework.transaction.annotation.ProxyTransactionManagementConfiguration] is not eligible for getting processed by all BeanPostProcessors (for example: not eligible for auto-proxying)
30-01-2020 15:23:34.833 [35m[restartedMain][0;39m [34mINFO [0;39m o.s.c.s.PostProcessorRegistrationDelegate$BeanPostProcessorChecker.postProcessAfterInitialization - 
     Bean 'org.springframework.security.config.annotation.configuration.ObjectPostProcessorConfiguration' of type [org.springframework.security.config.annotation.configuration.ObjectPostProcessorConfiguration] is not eligible for getting processed by all BeanPostProcessors (for example: not eligible for auto-proxying)
30-01-2020 15:23:34.835 [35m[restartedMain][0;39m [34mINFO [0;39m o.s.c.s.PostProcessorRegistrationDelegate$BeanPostProcessorChecker.postProcessAfterInitialization - 
     Bean 'objectPostProcessor' of type [org.springframework.security.config.annotation.configuration.AutowireBeanFactoryObjectPostProcessor] is not eligible for getting processed by all BeanPostProcessors (for example: not eligible for auto-proxying)
30-01-2020 15:23:34.836 [35m[restartedMain][0;39m [34mINFO [0;39m o.s.c.s.PostProcessorRegistrationDelegate$BeanPostProcessorChecker.postProcessAfterInitialization - 
     Bean 'org.springframework.security.access.expression.method.DefaultMethodSecurityExpressionHandler@36fbd9d9' of type [org.springframework.security.access.expression.method.DefaultMethodSecurityExpressionHandler] is not eligible for getting processed by all BeanPostProcessors (for example: not eligible for auto-proxying)
30-01-2020 15:23:34.837 [35m[restartedMain][0;39m [34mINFO [0;39m o.s.c.s.PostProcessorRegistrationDelegate$BeanPostProcessorChecker.postProcessAfterInitialization - 
     Bean 'org.springframework.security.config.annotation.method.configuration.GlobalMethodSecurityConfiguration' of type [org.springframework.security.config.annotation.method.configuration.GlobalMethodSecurityConfiguration] is not eligible for getting processed by all BeanPostProcessors (for example: not eligible for auto-proxying)
30-01-2020 15:23:34.838 [35m[restartedMain][0;39m [34mINFO [0;39m o.s.c.s.PostProcessorRegistrationDelegate$BeanPostProcessorChecker.postProcessAfterInitialization - 
     Bean 'methodSecurityMetadataSource' of type [org.springframework.security.access.method.DelegatingMethodSecurityMetadataSource] is not eligible for getting processed by all BeanPostProcessors (for example: not eligible for auto-proxying)
30-01-2020 15:23:34.864 [35m[restartedMain][0;39m [31mWARN [0;39m o.a.tomcat.util.modeler.Registry.log - 
     The MBean registry cannot be disabled because it has already been initialised
30-01-2020 15:23:34.921 [35m[restartedMain][0;39m [34mINFO [0;39m o.s.b.w.e.tomcat.TomcatWebServer.initialize - 
     Tomcat initialized with port(s): 8080 (http)
30-01-2020 15:23:34.922 [35m[restartedMain][0;39m [34mINFO [0;39m o.a.coyote.http11.Http11NioProtocol.log - 
     Initializing ProtocolHandler ["http-nio-8080"]
30-01-2020 15:23:34.923 [35m[restartedMain][0;39m [34mINFO [0;39m o.a.catalina.core.StandardService.log - 
     Starting service [Tomcat]
30-01-2020 15:23:34.923 [35m[restartedMain][0;39m [34mINFO [0;39m o.a.catalina.core.StandardEngine.log - 
     Starting Servlet engine: [Apache Tomcat/9.0.27]
30-01-2020 15:23:34.938 [35m[restartedMain][0;39m [34mINFO [0;39m o.a.c.c.C.[Tomcat-1].[localhost].[/].log - 
     Initializing Spring embedded WebApplicationContext
30-01-2020 15:23:34.938 [35m[restartedMain][0;39m [34mINFO [0;39m o.s.web.context.ContextLoader.prepareWebApplicationContext - 
     Root WebApplicationContext: initialization completed in 415 ms
30-01-2020 15:23:34.993 [35m[restartedMain][0;39m [34mINFO [0;39m o.h.jpa.internal.util.LogHelper.logPersistenceUnitInformation - 
     HHH000204: Processing PersistenceUnitInfo [name: default]
30-01-2020 15:23:34.998 [35m[restartedMain][0;39m [34mINFO [0;39m com.zaxxer.hikari.HikariDataSource.getConnection - 
     HikariPool-3 - Starting...
30-01-2020 15:23:35.001 [35m[restartedMain][0;39m [34mINFO [0;39m com.zaxxer.hikari.HikariDataSource.getConnection - 
     HikariPool-3 - Start completed.
30-01-2020 15:23:35.002 [35m[restartedMain][0;39m [34mINFO [0;39m org.hibernate.dialect.Dialect.<init> - 
     HHH000400: Using dialect: org.hibernate.dialect.MySQL5InnoDBDialect
30-01-2020 15:23:35.787 [35m[restartedMain][0;39m [34mINFO [0;39m o.h.e.t.j.p.i.JtaPlatformInitiator.initiateService - 
     HHH000490: Using JtaPlatform implementation: [org.hibernate.engine.transaction.jta.platform.internal.NoJtaPlatform]
30-01-2020 15:23:35.788 [35m[restartedMain][0;39m [34mINFO [0;39m o.s.o.j.LocalContainerEntityManagerFactoryBean.buildNativeEntityManagerFactory - 
     Initialized JPA EntityManagerFactory for persistence unit 'default'
30-01-2020 15:23:35.800 [35m[restartedMain][0;39m [34mINFO [0;39m o.s.b.d.a.OptionalLiveReloadServer.startServer - 
     LiveReload server is running on port 35729
30-01-2020 15:23:36.006 [35m[restartedMain][0;39m [31mWARN [0;39m o.s.b.a.o.j.JpaBaseConfiguration$JpaWebConfiguration.openEntityManagerInViewInterceptor - 
     spring.jpa.open-in-view is enabled by default. Therefore, database queries may be performed during view rendering. Explicitly configure spring.jpa.open-in-view to disable this warning
30-01-2020 15:23:36.057 [35m[restartedMain][0;39m [34mINFO [0;39m o.s.s.web.DefaultSecurityFilterChain.<init> - 
     Creating filter chain: any request, [org.springframework.security.web.context.request.async.WebAsyncManagerIntegrationFilter@5a2ce524, org.springframework.security.web.context.SecurityContextPersistenceFilter@79c1d238, org.springframework.security.web.header.HeaderWriterFilter@4b53b87e, org.springframework.web.filter.CorsFilter@15540600, org.springframework.security.web.authentication.logout.LogoutFilter@713cca5, com.avis.security.JwtAuthenticationTokenFilter@78ee05e0, org.springframework.security.web.savedrequest.RequestCacheAwareFilter@4d56e30f, org.springframework.security.web.servletapi.SecurityContextHolderAwareRequestFilter@1b902293, org.springframework.security.web.authentication.AnonymousAuthenticationFilter@3f718afc, org.springframework.security.web.session.SessionManagementFilter@11bf4e06, org.springframework.security.web.access.ExceptionTranslationFilter@484f9d82, org.springframework.security.web.access.intercept.FilterSecurityInterceptor@7ebfdf10]
30-01-2020 15:23:36.114 [35m[restartedMain][0;39m [34mINFO [0;39m o.s.s.c.ThreadPoolTaskExecutor.initialize - 
     Initializing ExecutorService 'applicationTaskExecutor'
30-01-2020 15:23:36.197 [35m[restartedMain][0;39m [34mINFO [0;39m o.a.coyote.http11.Http11NioProtocol.log - 
     Starting ProtocolHandler ["http-nio-8080"]
30-01-2020 15:23:36.201 [35m[restartedMain][0;39m [34mINFO [0;39m o.s.b.w.e.tomcat.TomcatWebServer.start - 
     Tomcat started on port(s): 8080 (http) with context path ''
30-01-2020 15:23:36.202 [35m[restartedMain][0;39m [34mINFO [0;39m com.avis.AnAvisApplication.logStarted - 
     Started AnAvisApplication in 1.715 seconds (JVM running for 2250.054)
30-01-2020 15:23:36.438 [35m[restartedMain][0;39m [34mINFO [0;39m o.s.b.d.a.ConditionEvaluationDeltaLoggingListener.onApplicationEvent - 
     Condition evaluation unchanged
30-01-2020 15:23:44.974 [35m[http-nio-8080-exec-1][0;39m [34mINFO [0;39m o.a.c.c.C.[Tomcat-1].[localhost].[/].log - 
     Initializing Spring DispatcherServlet 'dispatcherServlet'
30-01-2020 15:23:44.975 [35m[http-nio-8080-exec-1][0;39m [34mINFO [0;39m o.s.web.servlet.DispatcherServlet.initServletBean - 
     Initializing Servlet 'dispatcherServlet'
30-01-2020 15:23:44.979 [35m[http-nio-8080-exec-1][0;39m [34mINFO [0;39m o.s.web.servlet.DispatcherServlet.initServletBean - 
     Completed initialization in 4 ms
30-01-2020 15:24:37.713 [35m[http-nio-8080-exec-10][0;39m [34mINFO [0;39m global.prenotaData - 
     nuova data prenotata
30-01-2020 15:30:22.121 [35m[http-nio-8080-exec-9][0;39m [34mINFO [0;39m global.deletePrenotazione - 
     una prenotazione è stata cancellata
30-01-2020 16:00:36.733 [35m[http-nio-8080-exec-9][0;39m [34mINFO [0;39m global.generateToken - 
     nuovo token generato
30-01-2020 16:00:36.734 [35m[http-nio-8080-exec-9][0;39m [34mINFO [0;39m global.createAuthenticationToken - 
     utente appena autenticato
30-01-2020 16:00:42.326 [35m[http-nio-8080-exec-5][0;39m [34mINFO [0;39m global.deleteEmergenza - 
     un emergenza è stata cancellata
30-01-2020 16:00:45.370 [35m[http-nio-8080-exec-8][0;39m [34mINFO [0;39m global.insertEmergenza - 
     un emergenza è stata inviata
30-01-2020 16:00:50.158 [35m[http-nio-8080-exec-1][0;39m [34mINFO [0;39m global.insertEmergenza - 
     un emergenza è stata inviata
30-01-2020 16:00:51.495 [35m[http-nio-8080-exec-4][0;39m [34mINFO [0;39m global.insertEmergenza - 
     un emergenza è stata inviata
30-01-2020 16:00:53.535 [35m[http-nio-8080-exec-7][0;39m [34mINFO [0;39m global.insertEmergenza - 
     un emergenza è stata inviata
30-01-2020 16:00:54.863 [35m[http-nio-8080-exec-9][0;39m [34mINFO [0;39m global.insertEmergenza - 
     un emergenza è stata inviata
30-01-2020 16:01:03.277 [35m[http-nio-8080-exec-2][0;39m [34mINFO [0;39m global.insertEmergenza - 
     un emergenza è stata inviata
30-01-2020 16:01:05.567 [35m[http-nio-8080-exec-5][0;39m [34mINFO [0;39m global.insertEmergenza - 
     un emergenza è stata inviata
30-01-2020 16:01:07.792 [35m[http-nio-8080-exec-7][0;39m [34mINFO [0;39m global.insertEmergenza - 
     un emergenza è stata inviata
30-01-2020 16:01:09.101 [35m[http-nio-8080-exec-10][0;39m [34mINFO [0;39m global.insertEmergenza - 
     un emergenza è stata inviata
30-01-2020 16:01:09.391 [35m[http-nio-8080-exec-3][0;39m [34mINFO [0;39m global.insertEmergenza - 
     un emergenza è stata inviata
30-01-2020 16:01:10.800 [35m[http-nio-8080-exec-5][0;39m [34mINFO [0;39m global.insertEmergenza - 
     un emergenza è stata inviata
