30-01-2020 16:33:07.365 [35m[restartedMain][0;39m [34mINFO [0;39m com.avis.AnAvisApplication.logStarting - 
     Starting AnAvisApplication on DESKTOP-K3D9L0U with PID 12544 (C:\Users\Rebichini\Desktop\AnAvis2LaVendetta\backend\target\classes started by Rebichini in c:\Users\Rebichini\Desktop\AnAvis2LaVendetta\backend)
30-01-2020 16:33:07.366 [35m[restartedMain][0;39m [34mINFO [0;39m com.avis.AnAvisApplication.logStartupProfileInfo - 
     No active profile set, falling back to default profiles: default
30-01-2020 16:33:07.420 [35m[restartedMain][0;39m [34mINFO [0;39m o.s.b.d.restart.ChangeableUrls.logTo - 
     The Class-Path manifest attribute in C:\Users\Rebichini\.m2\repository\org\glassfish\jaxb\jaxb-runtime\2.3.2\jaxb-runtime-2.3.2.jar referenced one or more files that do not exist: file:/C:/Users/Rebichini/.m2/repository/org/glassfish/jaxb/jaxb-runtime/2.3.2/jakarta.xml.bind-api-2.3.2.jar,file:/C:/Users/Rebichini/.m2/repository/org/glassfish/jaxb/jaxb-runtime/2.3.2/txw2-2.3.2.jar,file:/C:/Users/Rebichini/.m2/repository/org/glassfish/jaxb/jaxb-runtime/2.3.2/istack-commons-runtime-3.0.8.jar,file:/C:/Users/Rebichini/.m2/repository/org/glassfish/jaxb/jaxb-runtime/2.3.2/stax-ex-1.8.1.jar,file:/C:/Users/Rebichini/.m2/repository/org/glassfish/jaxb/jaxb-runtime/2.3.2/FastInfoset-1.2.16.jar,file:/C:/Users/Rebichini/.m2/repository/org/glassfish/jaxb/jaxb-runtime/2.3.2/jakarta.activation-api-1.2.1.jar
30-01-2020 16:33:07.421 [35m[restartedMain][0;39m [34mINFO [0;39m o.s.b.d.e.DevToolsPropertyDefaultsPostProcessor.logTo - 
     Devtools property defaults active! Set 'spring.devtools.add-properties' to 'false' to disable
30-01-2020 16:33:07.421 [35m[restartedMain][0;39m [34mINFO [0;39m o.s.b.d.e.DevToolsPropertyDefaultsPostProcessor.logTo - 
     For additional web related logging consider setting the 'logging.level.web' property to 'DEBUG'
30-01-2020 16:33:08.142 [35m[restartedMain][0;39m [34mINFO [0;39m o.s.d.r.c.RepositoryConfigurationDelegate.registerRepositoriesIn - 
     Bootstrapping Spring Data repositories in DEFAULT mode.
30-01-2020 16:33:08.267 [35m[restartedMain][0;39m [34mINFO [0;39m o.s.d.r.c.RepositoryConfigurationDelegate.registerRepositoriesIn - 
     Finished Spring Data repository scanning in 114ms. Found 7 repository interfaces.
30-01-2020 16:33:08.732 [35m[restartedMain][0;39m [34mINFO [0;39m o.s.c.s.PostProcessorRegistrationDelegate$BeanPostProcessorChecker.postProcessAfterInitialization - 
     Bean 'org.springframework.transaction.annotation.ProxyTransactionManagementConfiguration' of type [org.springframework.transaction.annotation.ProxyTransactionManagementConfiguration] is not eligible for getting processed by all BeanPostProcessors (for example: not eligible for auto-proxying)
30-01-2020 16:33:08.767 [35m[restartedMain][0;39m [34mINFO [0;39m o.s.c.s.PostProcessorRegistrationDelegate$BeanPostProcessorChecker.postProcessAfterInitialization - 
     Bean 'org.springframework.security.config.annotation.configuration.ObjectPostProcessorConfiguration' of type [org.springframework.security.config.annotation.configuration.ObjectPostProcessorConfiguration] is not eligible for getting processed by all BeanPostProcessors (for example: not eligible for auto-proxying)
30-01-2020 16:33:08.772 [35m[restartedMain][0;39m [34mINFO [0;39m o.s.c.s.PostProcessorRegistrationDelegate$BeanPostProcessorChecker.postProcessAfterInitialization - 
     Bean 'objectPostProcessor' of type [org.springframework.security.config.annotation.configuration.AutowireBeanFactoryObjectPostProcessor] is not eligible for getting processed by all BeanPostProcessors (for example: not eligible for auto-proxying)
30-01-2020 16:33:08.777 [35m[restartedMain][0;39m [34mINFO [0;39m o.s.c.s.PostProcessorRegistrationDelegate$BeanPostProcessorChecker.postProcessAfterInitialization - 
     Bean 'org.springframework.security.access.expression.method.DefaultMethodSecurityExpressionHandler@303fabb9' of type [org.springframework.security.access.expression.method.DefaultMethodSecurityExpressionHandler] is not eligible for getting processed by all BeanPostProcessors (for example: not eligible for auto-proxying)
30-01-2020 16:33:08.781 [35m[restartedMain][0;39m [34mINFO [0;39m o.s.c.s.PostProcessorRegistrationDelegate$BeanPostProcessorChecker.postProcessAfterInitialization - 
     Bean 'org.springframework.security.config.annotation.method.configuration.GlobalMethodSecurityConfiguration' of type [org.springframework.security.config.annotation.method.configuration.GlobalMethodSecurityConfiguration] is not eligible for getting processed by all BeanPostProcessors (for example: not eligible for auto-proxying)
30-01-2020 16:33:08.787 [35m[restartedMain][0;39m [34mINFO [0;39m o.s.c.s.PostProcessorRegistrationDelegate$BeanPostProcessorChecker.postProcessAfterInitialization - 
     Bean 'methodSecurityMetadataSource' of type [org.springframework.security.access.method.DelegatingMethodSecurityMetadataSource] is not eligible for getting processed by all BeanPostProcessors (for example: not eligible for auto-proxying)
30-01-2020 16:33:09.149 [35m[restartedMain][0;39m [34mINFO [0;39m o.s.b.w.e.tomcat.TomcatWebServer.initialize - 
     Tomcat initialized with port(s): 8080 (http)
30-01-2020 16:33:09.161 [35m[restartedMain][0;39m [34mINFO [0;39m o.a.coyote.http11.Http11NioProtocol.log - 
     Initializing ProtocolHandler ["http-nio-8080"]
30-01-2020 16:33:09.164 [35m[restartedMain][0;39m [34mINFO [0;39m o.a.catalina.core.StandardService.log - 
     Starting service [Tomcat]
30-01-2020 16:33:09.164 [35m[restartedMain][0;39m [34mINFO [0;39m o.a.catalina.core.StandardEngine.log - 
     Starting Servlet engine: [Apache Tomcat/9.0.27]
30-01-2020 16:33:09.274 [35m[restartedMain][0;39m [34mINFO [0;39m o.a.c.c.C.[Tomcat].[localhost].[/].log - 
     Initializing Spring embedded WebApplicationContext
30-01-2020 16:33:09.274 [35m[restartedMain][0;39m [34mINFO [0;39m o.s.web.context.ContextLoader.prepareWebApplicationContext - 
     Root WebApplicationContext: initialization completed in 1853 ms
30-01-2020 16:33:09.507 [35m[restartedMain][0;39m [34mINFO [0;39m o.h.jpa.internal.util.LogHelper.logPersistenceUnitInformation - 
     HHH000204: Processing PersistenceUnitInfo [name: default]
30-01-2020 16:33:09.606 [35m[restartedMain][0;39m [34mINFO [0;39m org.hibernate.Version.logVersion - 
     HHH000412: Hibernate Core {5.4.8.Final}
30-01-2020 16:33:09.751 [35m[restartedMain][0;39m [34mINFO [0;39m o.h.annotations.common.Version.<clinit> - 
     HCANN000001: Hibernate Commons Annotations {5.1.0.Final}
30-01-2020 16:33:09.848 [35m[restartedMain][0;39m [34mINFO [0;39m com.zaxxer.hikari.HikariDataSource.getConnection - 
     HikariPool-1 - Starting...
30-01-2020 16:33:09.991 [35m[restartedMain][0;39m [34mINFO [0;39m com.zaxxer.hikari.HikariDataSource.getConnection - 
     HikariPool-1 - Start completed.
30-01-2020 16:33:10.006 [35m[restartedMain][0;39m [34mINFO [0;39m org.hibernate.dialect.Dialect.<init> - 
     HHH000400: Using dialect: org.hibernate.dialect.MySQL5InnoDBDialect
30-01-2020 16:33:11.473 [35m[restartedMain][0;39m [34mINFO [0;39m o.h.e.t.j.p.i.JtaPlatformInitiator.initiateService - 
     HHH000490: Using JtaPlatform implementation: [org.hibernate.engine.transaction.jta.platform.internal.NoJtaPlatform]
30-01-2020 16:33:11.481 [35m[restartedMain][0;39m [34mINFO [0;39m o.s.o.j.LocalContainerEntityManagerFactoryBean.buildNativeEntityManagerFactory - 
     Initialized JPA EntityManagerFactory for persistence unit 'default'
30-01-2020 16:33:11.518 [35m[restartedMain][0;39m [34mINFO [0;39m o.s.b.d.a.OptionalLiveReloadServer.startServer - 
     LiveReload server is running on port 35729
30-01-2020 16:33:12.354 [35m[restartedMain][0;39m [31mWARN [0;39m o.s.b.a.o.j.JpaBaseConfiguration$JpaWebConfiguration.openEntityManagerInViewInterceptor - 
     spring.jpa.open-in-view is enabled by default. Therefore, database queries may be performed during view rendering. Explicitly configure spring.jpa.open-in-view to disable this warning
30-01-2020 16:33:12.570 [35m[restartedMain][0;39m [34mINFO [0;39m o.s.s.web.DefaultSecurityFilterChain.<init> - 
     Creating filter chain: any request, [org.springframework.security.web.context.request.async.WebAsyncManagerIntegrationFilter@4ba79403, org.springframework.security.web.context.SecurityContextPersistenceFilter@5e8336c0, org.springframework.security.web.header.HeaderWriterFilter@1fe56b56, org.springframework.web.filter.CorsFilter@14d3e90, org.springframework.security.web.authentication.logout.LogoutFilter@56e7b61a, com.avis.security.JwtAuthenticationTokenFilter@1d402def, org.springframework.security.web.savedrequest.RequestCacheAwareFilter@4fb0d76b, org.springframework.security.web.servletapi.SecurityContextHolderAwareRequestFilter@557d5130, org.springframework.security.web.authentication.AnonymousAuthenticationFilter@49f1aebc, org.springframework.security.web.session.SessionManagementFilter@5b850e8e, org.springframework.security.web.access.ExceptionTranslationFilter@397c1349, org.springframework.security.web.access.intercept.FilterSecurityInterceptor@625e0dbf]
30-01-2020 16:33:12.723 [35m[restartedMain][0;39m [34mINFO [0;39m o.s.s.c.ThreadPoolTaskExecutor.initialize - 
     Initializing ExecutorService 'applicationTaskExecutor'
30-01-2020 16:33:12.966 [35m[restartedMain][0;39m [34mINFO [0;39m o.a.coyote.http11.Http11NioProtocol.log - 
     Starting ProtocolHandler ["http-nio-8080"]
30-01-2020 16:33:12.996 [35m[restartedMain][0;39m [34mINFO [0;39m o.s.b.w.e.tomcat.TomcatWebServer.start - 
     Tomcat started on port(s): 8080 (http) with context path ''
30-01-2020 16:33:12.998 [35m[restartedMain][0;39m [34mINFO [0;39m com.avis.AnAvisApplication.logStarted - 
     Started AnAvisApplication in 5.888 seconds (JVM running for 6.607)
30-01-2020 17:50:22.796 [35m[http-nio-8080-exec-1][0;39m [34mINFO [0;39m o.a.c.c.C.[Tomcat].[localhost].[/].log - 
     Initializing Spring DispatcherServlet 'dispatcherServlet'
30-01-2020 17:50:22.798 [35m[http-nio-8080-exec-1][0;39m [34mINFO [0;39m o.s.web.servlet.DispatcherServlet.initServletBean - 
     Initializing Servlet 'dispatcherServlet'
30-01-2020 17:50:22.818 [35m[http-nio-8080-exec-1][0;39m [34mINFO [0;39m o.s.web.servlet.DispatcherServlet.initServletBean - 
     Completed initialization in 20 ms
30-01-2020 17:50:23.312 [35m[http-nio-8080-exec-2][0;39m [31mWARN [0;39m o.s.w.s.m.m.a.ExceptionHandlerExceptionResolver.logException - 
     Resolved [org.springframework.security.authentication.InternalAuthenticationServiceException: UserDetailsService returned null, which is an interface contract violation]
30-01-2020 17:50:56.146 [35m[http-nio-8080-exec-4][0;39m [34mINFO [0;39m global.generateToken - 
     nuovo token generato
30-01-2020 17:50:56.160 [35m[http-nio-8080-exec-4][0;39m [34mINFO [0;39m global.createAuthenticationToken - 
     utente appena autenticato
30-01-2020 17:56:57.035 [35m[http-nio-8080-exec-7][0;39m [31mWARN [0;39m o.s.w.s.m.m.a.ExceptionHandlerExceptionResolver.logException - 
     Resolved [org.springframework.security.authentication.InternalAuthenticationServiceException: UserDetailsService returned null, which is an interface contract violation]
30-01-2020 18:00:14.968 [35m[http-nio-8080-exec-10][0;39m [31mWARN [0;39m o.s.w.s.m.m.a.ExceptionHandlerExceptionResolver.logException - 
     Resolved [org.springframework.security.authentication.InternalAuthenticationServiceException: UserDetailsService returned null, which is an interface contract violation]
30-01-2020 18:00:30.012 [35m[http-nio-8080-exec-2][0;39m [31mWARN [0;39m o.s.w.s.m.m.a.ExceptionHandlerExceptionResolver.logException - 
     Resolved [org.springframework.security.authentication.InternalAuthenticationServiceException: UserDetailsService returned null, which is an interface contract violation]
30-01-2020 18:00:55.941 [35m[http-nio-8080-exec-4][0;39m [31mWARN [0;39m o.s.w.s.m.m.a.ExceptionHandlerExceptionResolver.logException - 
     Resolved [org.springframework.security.authentication.InternalAuthenticationServiceException: UserDetailsService returned null, which is an interface contract violation]
30-01-2020 18:01:05.977 [35m[http-nio-8080-exec-6][0;39m [31mWARN [0;39m o.s.w.s.m.m.a.ExceptionHandlerExceptionResolver.logException - 
     Resolved [org.springframework.security.authentication.InternalAuthenticationServiceException: UserDetailsService returned null, which is an interface contract violation]
30-01-2020 18:01:54.343 [35m[http-nio-8080-exec-8][0;39m [31mWARN [0;39m o.s.w.s.m.m.a.ExceptionHandlerExceptionResolver.logException - 
     Resolved [org.springframework.security.authentication.InternalAuthenticationServiceException: UserDetailsService returned null, which is an interface contract violation]
30-01-2020 18:01:58.559 [35m[http-nio-8080-exec-9][0;39m [31mWARN [0;39m o.s.w.s.m.m.a.ExceptionHandlerExceptionResolver.logException - 
     Resolved [org.springframework.security.authentication.InternalAuthenticationServiceException: UserDetailsService returned null, which is an interface contract violation]
30-01-2020 18:02:23.817 [35m[http-nio-8080-exec-1][0;39m [31mWARN [0;39m o.s.w.s.m.m.a.ExceptionHandlerExceptionResolver.logException - 
     Resolved [org.springframework.security.authentication.InternalAuthenticationServiceException: UserDetailsService returned null, which is an interface contract violation]
30-01-2020 18:02:28.475 [35m[http-nio-8080-exec-2][0;39m [34mINFO [0;39m global.generateToken - 
     nuovo token generato
30-01-2020 18:02:28.477 [35m[http-nio-8080-exec-2][0;39m [34mINFO [0;39m global.createAuthenticationToken - 
     utente appena autenticato
30-01-2020 18:11:49.121 [35m[http-nio-8080-exec-5][0;39m [31mWARN [0;39m o.s.w.s.m.m.a.ExceptionHandlerExceptionResolver.logException - 
     Resolved [org.springframework.security.authentication.InternalAuthenticationServiceException: UserDetailsService returned null, which is an interface contract violation]
30-01-2020 18:21:29.273 [35m[http-nio-8080-exec-8][0;39m [31mWARN [0;39m o.s.w.s.m.m.a.ExceptionHandlerExceptionResolver.logException - 
     Resolved [org.springframework.security.authentication.InternalAuthenticationServiceException: UserDetailsService returned null, which is an interface contract violation]
30-01-2020 18:36:12.106 [35m[http-nio-8080-exec-1][0;39m [31mWARN [0;39m o.s.w.s.m.m.a.ExceptionHandlerExceptionResolver.logException - 
     Resolved [org.springframework.security.authentication.InternalAuthenticationServiceException: UserDetailsService returned null, which is an interface contract violation]
30-01-2020 19:23:24.496 [35m[http-nio-8080-exec-4][0;39m [31mWARN [0;39m o.s.w.s.m.m.a.ExceptionHandlerExceptionResolver.logException - 
     Resolved [org.springframework.security.authentication.InternalAuthenticationServiceException: UserDetailsService returned null, which is an interface contract violation]
30-01-2020 19:33:48.468 [35m[http-nio-8080-exec-7][0;39m [34mINFO [0;39m global.register - 
     utente registrato
30-01-2020 19:33:48.538 [35m[http-nio-8080-exec-8][0;39m [31mWARN [0;39m o.h.e.jdbc.spi.SqlExceptionHelper.logExceptions - 
     SQL Error: 1062, SQLState: 23000
30-01-2020 19:33:48.539 [35m[http-nio-8080-exec-8][0;39m [1;31mERROR[0;39m o.h.e.jdbc.spi.SqlExceptionHelper.logExceptions - 
     Duplicate entry 'aaa' for key 'UK_gxvq4mjswnupehxnp35vawmo2'
30-01-2020 19:33:48.555 [35m[http-nio-8080-exec-8][0;39m [31mWARN [0;39m o.s.w.s.m.m.a.ExceptionHandlerExceptionResolver.logException - 
     Resolved [org.springframework.dao.DataIntegrityViolationException: could not execute statement; SQL [n/a]; constraint [UK_gxvq4mjswnupehxnp35vawmo2]; nested exception is org.hibernate.exception.ConstraintViolationException: could not execute statement]
30-01-2020 19:33:53.179 [35m[http-nio-8080-exec-10][0;39m [31mWARN [0;39m o.h.e.jdbc.spi.SqlExceptionHelper.logExceptions - 
     SQL Error: 1062, SQLState: 23000
30-01-2020 19:33:53.179 [35m[http-nio-8080-exec-10][0;39m [1;31mERROR[0;39m o.h.e.jdbc.spi.SqlExceptionHelper.logExceptions - 
     Duplicate entry 'aaa' for key 'UK_gxvq4mjswnupehxnp35vawmo2'
30-01-2020 19:33:53.515 [35m[http-nio-8080-exec-10][0;39m [31mWARN [0;39m o.s.w.s.m.m.a.ExceptionHandlerExceptionResolver.logException - 
     Resolved [org.springframework.dao.DataIntegrityViolationException: could not execute statement; SQL [n/a]; constraint [UK_gxvq4mjswnupehxnp35vawmo2]; nested exception is org.hibernate.exception.ConstraintViolationException: could not execute statement]
30-01-2020 19:33:59.318 [35m[http-nio-8080-exec-2][0;39m [34mINFO [0;39m global.register - 
     utente registrato
30-01-2020 19:34:09.007 [35m[http-nio-8080-exec-4][0;39m [31mWARN [0;39m o.h.e.jdbc.spi.SqlExceptionHelper.logExceptions - 
     SQL Error: 1062, SQLState: 23000
30-01-2020 19:34:09.008 [35m[http-nio-8080-exec-4][0;39m [1;31mERROR[0;39m o.h.e.jdbc.spi.SqlExceptionHelper.logExceptions - 
     Duplicate entry 'bbb' for key 'UK_gxvq4mjswnupehxnp35vawmo2'
30-01-2020 19:34:09.138 [35m[http-nio-8080-exec-4][0;39m [31mWARN [0;39m o.s.w.s.m.m.a.ExceptionHandlerExceptionResolver.logException - 
     Resolved [org.springframework.dao.DataIntegrityViolationException: could not execute statement; SQL [n/a]; constraint [UK_gxvq4mjswnupehxnp35vawmo2]; nested exception is org.hibernate.exception.ConstraintViolationException: could not execute statement]
30-01-2020 19:34:09.569 [35m[http-nio-8080-exec-5][0;39m [31mWARN [0;39m o.h.e.jdbc.spi.SqlExceptionHelper.logExceptions - 
     SQL Error: 1062, SQLState: 23000
30-01-2020 19:34:09.570 [35m[http-nio-8080-exec-5][0;39m [1;31mERROR[0;39m o.h.e.jdbc.spi.SqlExceptionHelper.logExceptions - 
     Duplicate entry 'bbb' for key 'UK_gxvq4mjswnupehxnp35vawmo2'
30-01-2020 19:34:09.747 [35m[http-nio-8080-exec-5][0;39m [31mWARN [0;39m o.s.w.s.m.m.a.ExceptionHandlerExceptionResolver.logException - 
     Resolved [org.springframework.dao.DataIntegrityViolationException: could not execute statement; SQL [n/a]; constraint [UK_gxvq4mjswnupehxnp35vawmo2]; nested exception is org.hibernate.exception.ConstraintViolationException: could not execute statement]
30-01-2020 19:34:14.205 [35m[http-nio-8080-exec-8][0;39m [31mWARN [0;39m o.h.e.jdbc.spi.SqlExceptionHelper.logExceptions - 
     SQL Error: 1062, SQLState: 23000
30-01-2020 19:34:14.206 [35m[http-nio-8080-exec-8][0;39m [1;31mERROR[0;39m o.h.e.jdbc.spi.SqlExceptionHelper.logExceptions - 
     Duplicate entry 'ccc' for key 'UK_gxvq4mjswnupehxnp35vawmo2'
30-01-2020 19:34:14.773 [35m[http-nio-8080-exec-9][0;39m [31mWARN [0;39m o.h.e.jdbc.spi.SqlExceptionHelper.logExceptions - 
     SQL Error: 1062, SQLState: 23000
30-01-2020 19:34:14.773 [35m[http-nio-8080-exec-9][0;39m [1;31mERROR[0;39m o.h.e.jdbc.spi.SqlExceptionHelper.logExceptions - 
     Duplicate entry 'ccc' for key 'UK_gxvq4mjswnupehxnp35vawmo2'
30-01-2020 19:34:15.690 [35m[http-nio-8080-exec-7][0;39m [34mINFO [0;39m global.register - 
     utente registrato
30-01-2020 19:34:15.725 [35m[http-nio-8080-exec-8][0;39m [31mWARN [0;39m o.s.w.s.m.m.a.ExceptionHandlerExceptionResolver.logException - 
     Resolved [org.springframework.dao.DataIntegrityViolationException: could not execute statement; SQL [n/a]; constraint [UK_gxvq4mjswnupehxnp35vawmo2]; nested exception is org.hibernate.exception.ConstraintViolationException: could not execute statement]
30-01-2020 19:34:15.725 [35m[http-nio-8080-exec-9][0;39m [31mWARN [0;39m o.s.w.s.m.m.a.ExceptionHandlerExceptionResolver.logException - 
     Resolved [org.springframework.dao.DataIntegrityViolationException: could not execute statement; SQL [n/a]; constraint [UK_gxvq4mjswnupehxnp35vawmo2]; nested exception is org.hibernate.exception.ConstraintViolationException: could not execute statement]
30-01-2020 19:34:26.996 [35m[http-nio-8080-exec-1][0;39m [31mWARN [0;39m o.h.e.jdbc.spi.SqlExceptionHelper.logExceptions - 
     SQL Error: 1062, SQLState: 23000
30-01-2020 19:34:26.996 [35m[http-nio-8080-exec-1][0;39m [1;31mERROR[0;39m o.h.e.jdbc.spi.SqlExceptionHelper.logExceptions - 
     Duplicate entry 'ccc' for key 'UK_gxvq4mjswnupehxnp35vawmo2'
30-01-2020 19:34:27.041 [35m[http-nio-8080-exec-1][0;39m [31mWARN [0;39m o.s.w.s.m.m.a.ExceptionHandlerExceptionResolver.logException - 
     Resolved [org.springframework.dao.DataIntegrityViolationException: could not execute statement; SQL [n/a]; constraint [UK_gxvq4mjswnupehxnp35vawmo2]; nested exception is org.hibernate.exception.ConstraintViolationException: could not execute statement]
30-01-2020 19:43:44.739 [35m[http-nio-8080-exec-6][0;39m [31mWARN [0;39m o.s.w.s.m.m.a.ExceptionHandlerExceptionResolver.logException - 
     Resolved [org.springframework.security.authentication.InternalAuthenticationServiceException: UserDetailsService returned null, which is an interface contract violation]
30-01-2020 19:47:16.097 [35m[http-nio-8080-exec-8][0;39m [34mINFO [0;39m global.register - 
     utente registrato
30-01-2020 19:51:09.730 [35m[http-nio-8080-exec-3][0;39m [34mINFO [0;39m global.register - 
     utente registrato
30-01-2020 19:51:21.201 [35m[http-nio-8080-exec-4][0;39m [31mWARN [0;39m o.h.e.jdbc.spi.SqlExceptionHelper.logExceptions - 
     SQL Error: 1062, SQLState: 23000
30-01-2020 19:51:21.201 [35m[http-nio-8080-exec-4][0;39m [1;31mERROR[0;39m o.h.e.jdbc.spi.SqlExceptionHelper.logExceptions - 
     Duplicate entry 'asdas' for key 'UK_gxvq4mjswnupehxnp35vawmo2'
30-01-2020 19:51:21.273 [35m[http-nio-8080-exec-4][0;39m [31mWARN [0;39m o.s.w.s.m.m.a.ExceptionHandlerExceptionResolver.logException - 
     Resolved [org.springframework.dao.DataIntegrityViolationException: could not execute statement; SQL [n/a]; constraint [UK_gxvq4mjswnupehxnp35vawmo2]; nested exception is org.hibernate.exception.ConstraintViolationException: could not execute statement]
30-01-2020 19:52:10.898 [35m[http-nio-8080-exec-6][0;39m [34mINFO [0;39m global.register - 
     utente registrato
30-01-2020 21:43:14.897 [35m[http-nio-8080-exec-8][0;39m [31mWARN [0;39m o.s.w.s.m.m.a.ExceptionHandlerExceptionResolver.logException - 
     Resolved [org.springframework.security.authentication.InternalAuthenticationServiceException: UserDetailsService returned null, which is an interface contract violation]
30-01-2020 22:06:14.117 [35m[http-nio-8080-exec-3][0;39m [31mWARN [0;39m o.s.w.s.m.m.a.ExceptionHandlerExceptionResolver.logException - 
     Resolved [org.springframework.security.authentication.InternalAuthenticationServiceException: UserDetailsService returned null, which is an interface contract violation]
30-01-2020 22:12:41.957 [35m[http-nio-8080-exec-5][0;39m [31mWARN [0;39m o.s.w.s.m.m.a.ExceptionHandlerExceptionResolver.logException - 
     Resolved [org.springframework.security.authentication.InternalAuthenticationServiceException: UserDetailsService returned null, which is an interface contract violation]
30-01-2020 23:43:00.643 [35m[http-nio-8080-exec-9][0;39m [34mINFO [0;39m global.register - 
     utente registrato
30-01-2020 23:47:36.547 [35m[http-nio-8080-exec-4][0;39m [34mINFO [0;39m global.generateToken - 
     nuovo token generato
30-01-2020 23:47:36.548 [35m[http-nio-8080-exec-4][0;39m [34mINFO [0;39m global.createAuthenticationToken - 
     utente appena autenticato
30-01-2020 23:47:53.653 [35m[http-nio-8080-exec-6][0;39m [31mWARN [0;39m o.h.e.jdbc.spi.SqlExceptionHelper.logExceptions - 
     SQL Error: 1062, SQLState: 23000
30-01-2020 23:47:53.654 [35m[http-nio-8080-exec-6][0;39m [1;31mERROR[0;39m o.h.e.jdbc.spi.SqlExceptionHelper.logExceptions - 
     Duplicate entry 'aaa' for key 'UK_gxvq4mjswnupehxnp35vawmo2'
30-01-2020 23:47:53.658 [35m[http-nio-8080-exec-6][0;39m [31mWARN [0;39m o.s.w.s.m.m.a.ExceptionHandlerExceptionResolver.logException - 
     Resolved [org.springframework.dao.DataIntegrityViolationException: could not execute statement; SQL [n/a]; constraint [UK_gxvq4mjswnupehxnp35vawmo2]; nested exception is org.hibernate.exception.ConstraintViolationException: could not execute statement]
30-01-2020 23:47:57.276 [35m[http-nio-8080-exec-7][0;39m [31mWARN [0;39m o.h.e.jdbc.spi.SqlExceptionHelper.logExceptions - 
     SQL Error: 1062, SQLState: 23000
30-01-2020 23:47:57.277 [35m[http-nio-8080-exec-7][0;39m [1;31mERROR[0;39m o.h.e.jdbc.spi.SqlExceptionHelper.logExceptions - 
     Duplicate entry 'bbb' for key 'UK_gxvq4mjswnupehxnp35vawmo2'
30-01-2020 23:47:57.280 [35m[http-nio-8080-exec-7][0;39m [31mWARN [0;39m o.s.w.s.m.m.a.ExceptionHandlerExceptionResolver.logException - 
     Resolved [org.springframework.dao.DataIntegrityViolationException: could not execute statement; SQL [n/a]; constraint [UK_gxvq4mjswnupehxnp35vawmo2]; nested exception is org.hibernate.exception.ConstraintViolationException: could not execute statement]
30-01-2020 23:48:02.246 [35m[http-nio-8080-exec-8][0;39m [34mINFO [0;39m global.register - 
     utente registrato
30-01-2020 23:48:58.183 [35m[http-nio-8080-exec-1][0;39m [31mWARN [0;39m o.s.w.s.m.m.a.ExceptionHandlerExceptionResolver.logException - 
     Resolved [org.springframework.security.authentication.InternalAuthenticationServiceException: UserDetailsService returned null, which is an interface contract violation]
30-01-2020 23:49:04.480 [35m[http-nio-8080-exec-2][0;39m [34mINFO [0;39m global.generateToken - 
     nuovo token generato
30-01-2020 23:49:04.482 [35m[http-nio-8080-exec-2][0;39m [34mINFO [0;39m global.createAuthenticationToken - 
     utente appena autenticato
30-01-2020 23:49:21.486 [35m[http-nio-8080-exec-5][0;39m [34mINFO [0;39m global.generateToken - 
     nuovo token generato
30-01-2020 23:49:21.488 [35m[http-nio-8080-exec-5][0;39m [34mINFO [0;39m global.createAuthenticationToken - 
     utente appena autenticato
30-01-2020 23:50:20.669 [35m[http-nio-8080-exec-7][0;39m [34mINFO [0;39m global.generateToken - 
     nuovo token generato
30-01-2020 23:50:20.670 [35m[http-nio-8080-exec-7][0;39m [34mINFO [0;39m global.createAuthenticationToken - 
     utente appena autenticato
30-01-2020 23:50:57.107 [35m[http-nio-8080-exec-8][0;39m [34mINFO [0;39m global.generateToken - 
     nuovo token generato
30-01-2020 23:50:57.109 [35m[http-nio-8080-exec-8][0;39m [34mINFO [0;39m global.createAuthenticationToken - 
     utente appena autenticato
30-01-2020 23:51:43.809 [35m[http-nio-8080-exec-1][0;39m [34mINFO [0;39m global.generateToken - 
     nuovo token generato
30-01-2020 23:51:43.811 [35m[http-nio-8080-exec-1][0;39m [34mINFO [0;39m global.createAuthenticationToken - 
     utente appena autenticato
30-01-2020 23:53:50.788 [35m[http-nio-8080-exec-4][0;39m [34mINFO [0;39m global.generateToken - 
     nuovo token generato
30-01-2020 23:53:50.789 [35m[http-nio-8080-exec-4][0;39m [34mINFO [0;39m global.createAuthenticationToken - 
     utente appena autenticato
30-01-2020 23:54:42.474 [35m[http-nio-8080-exec-6][0;39m [34mINFO [0;39m global.generateToken - 
     nuovo token generato
30-01-2020 23:54:42.476 [35m[http-nio-8080-exec-6][0;39m [34mINFO [0;39m global.createAuthenticationToken - 
     utente appena autenticato
30-01-2020 23:55:49.171 [35m[http-nio-8080-exec-8][0;39m [34mINFO [0;39m global.generateToken - 
     nuovo token generato
30-01-2020 23:55:49.173 [35m[http-nio-8080-exec-8][0;39m [34mINFO [0;39m global.createAuthenticationToken - 
     utente appena autenticato
31-01-2020 00:02:02.480 [35m[http-nio-8080-exec-3][0;39m [34mINFO [0;39m global.generateToken - 
     nuovo token generato
31-01-2020 00:02:02.481 [35m[http-nio-8080-exec-3][0;39m [34mINFO [0;39m global.createAuthenticationToken - 
     utente appena autenticato
31-01-2020 00:02:21.313 [35m[http-nio-8080-exec-4][0;39m [34mINFO [0;39m global.generateToken - 
     nuovo token generato
31-01-2020 00:02:21.314 [35m[http-nio-8080-exec-4][0;39m [34mINFO [0;39m global.createAuthenticationToken - 
     utente appena autenticato
31-01-2020 00:05:48.548 [35m[http-nio-8080-exec-7][0;39m [34mINFO [0;39m global.generateToken - 
     nuovo token generato
31-01-2020 00:05:48.550 [35m[http-nio-8080-exec-7][0;39m [34mINFO [0;39m global.createAuthenticationToken - 
     utente appena autenticato
31-01-2020 00:05:50.202 [35m[http-nio-8080-exec-9][0;39m [34mINFO [0;39m global.generateToken - 
     nuovo token generato
31-01-2020 00:05:50.204 [35m[http-nio-8080-exec-9][0;39m [34mINFO [0;39m global.createAuthenticationToken - 
     utente appena autenticato
31-01-2020 00:05:50.359 [35m[http-nio-8080-exec-8][0;39m [34mINFO [0;39m global.generateToken - 
     nuovo token generato
31-01-2020 00:05:50.360 [35m[http-nio-8080-exec-8][0;39m [34mINFO [0;39m global.createAuthenticationToken - 
     utente appena autenticato
31-01-2020 00:05:50.494 [35m[http-nio-8080-exec-10][0;39m [34mINFO [0;39m global.generateToken - 
     nuovo token generato
31-01-2020 00:05:50.496 [35m[http-nio-8080-exec-10][0;39m [34mINFO [0;39m global.createAuthenticationToken - 
     utente appena autenticato
31-01-2020 00:05:50.647 [35m[http-nio-8080-exec-1][0;39m [34mINFO [0;39m global.generateToken - 
     nuovo token generato
31-01-2020 00:05:50.649 [35m[http-nio-8080-exec-1][0;39m [34mINFO [0;39m global.createAuthenticationToken - 
     utente appena autenticato
31-01-2020 00:05:50.783 [35m[http-nio-8080-exec-3][0;39m [34mINFO [0;39m global.generateToken - 
     nuovo token generato
31-01-2020 00:05:50.785 [35m[http-nio-8080-exec-3][0;39m [34mINFO [0;39m global.createAuthenticationToken - 
     utente appena autenticato
31-01-2020 00:05:50.924 [35m[http-nio-8080-exec-2][0;39m [34mINFO [0;39m global.generateToken - 
     nuovo token generato
31-01-2020 00:05:50.926 [35m[http-nio-8080-exec-2][0;39m [34mINFO [0;39m global.createAuthenticationToken - 
     utente appena autenticato
31-01-2020 00:05:51.054 [35m[http-nio-8080-exec-4][0;39m [34mINFO [0;39m global.generateToken - 
     nuovo token generato
31-01-2020 00:05:51.056 [35m[http-nio-8080-exec-4][0;39m [34mINFO [0;39m global.createAuthenticationToken - 
     utente appena autenticato
31-01-2020 00:05:51.199 [35m[http-nio-8080-exec-5][0;39m [34mINFO [0;39m global.generateToken - 
     nuovo token generato
31-01-2020 00:05:51.202 [35m[http-nio-8080-exec-5][0;39m [34mINFO [0;39m global.createAuthenticationToken - 
     utente appena autenticato
31-01-2020 00:05:51.335 [35m[http-nio-8080-exec-6][0;39m [34mINFO [0;39m global.generateToken - 
     nuovo token generato
31-01-2020 00:05:51.337 [35m[http-nio-8080-exec-6][0;39m [34mINFO [0;39m global.createAuthenticationToken - 
     utente appena autenticato
31-01-2020 00:05:51.473 [35m[http-nio-8080-exec-7][0;39m [34mINFO [0;39m global.generateToken - 
     nuovo token generato
31-01-2020 00:05:51.475 [35m[http-nio-8080-exec-7][0;39m [34mINFO [0;39m global.createAuthenticationToken - 
     utente appena autenticato
31-01-2020 00:05:51.607 [35m[http-nio-8080-exec-9][0;39m [34mINFO [0;39m global.generateToken - 
     nuovo token generato
31-01-2020 00:05:51.609 [35m[http-nio-8080-exec-9][0;39m [34mINFO [0;39m global.createAuthenticationToken - 
     utente appena autenticato
31-01-2020 00:05:51.750 [35m[http-nio-8080-exec-8][0;39m [34mINFO [0;39m global.generateToken - 
     nuovo token generato
31-01-2020 00:05:51.752 [35m[http-nio-8080-exec-8][0;39m [34mINFO [0;39m global.createAuthenticationToken - 
     utente appena autenticato
31-01-2020 00:05:51.878 [35m[http-nio-8080-exec-10][0;39m [34mINFO [0;39m global.generateToken - 
     nuovo token generato
31-01-2020 00:05:51.880 [35m[http-nio-8080-exec-10][0;39m [34mINFO [0;39m global.createAuthenticationToken - 
     utente appena autenticato
31-01-2020 00:05:52.017 [35m[http-nio-8080-exec-1][0;39m [34mINFO [0;39m global.generateToken - 
     nuovo token generato
31-01-2020 00:05:52.020 [35m[http-nio-8080-exec-1][0;39m [34mINFO [0;39m global.createAuthenticationToken - 
     utente appena autenticato
31-01-2020 00:05:52.151 [35m[http-nio-8080-exec-3][0;39m [34mINFO [0;39m global.generateToken - 
     nuovo token generato
31-01-2020 00:05:52.153 [35m[http-nio-8080-exec-3][0;39m [34mINFO [0;39m global.createAuthenticationToken - 
     utente appena autenticato
31-01-2020 00:05:52.294 [35m[http-nio-8080-exec-2][0;39m [34mINFO [0;39m global.generateToken - 
     nuovo token generato
31-01-2020 00:05:52.296 [35m[http-nio-8080-exec-2][0;39m [34mINFO [0;39m global.createAuthenticationToken - 
     utente appena autenticato
31-01-2020 00:05:52.447 [35m[http-nio-8080-exec-4][0;39m [34mINFO [0;39m global.generateToken - 
     nuovo token generato
31-01-2020 00:05:52.449 [35m[http-nio-8080-exec-4][0;39m [34mINFO [0;39m global.createAuthenticationToken - 
     utente appena autenticato
31-01-2020 00:05:52.610 [35m[http-nio-8080-exec-5][0;39m [34mINFO [0;39m global.generateToken - 
     nuovo token generato
31-01-2020 00:05:52.611 [35m[http-nio-8080-exec-5][0;39m [34mINFO [0;39m global.createAuthenticationToken - 
     utente appena autenticato
31-01-2020 00:05:52.767 [35m[http-nio-8080-exec-6][0;39m [34mINFO [0;39m global.generateToken - 
     nuovo token generato
31-01-2020 00:05:52.769 [35m[http-nio-8080-exec-6][0;39m [34mINFO [0;39m global.createAuthenticationToken - 
     utente appena autenticato
31-01-2020 00:05:52.917 [35m[http-nio-8080-exec-7][0;39m [34mINFO [0;39m global.generateToken - 
     nuovo token generato
31-01-2020 00:05:52.919 [35m[http-nio-8080-exec-7][0;39m [34mINFO [0;39m global.createAuthenticationToken - 
     utente appena autenticato
31-01-2020 00:05:53.071 [35m[http-nio-8080-exec-9][0;39m [34mINFO [0;39m global.generateToken - 
     nuovo token generato
31-01-2020 00:05:53.073 [35m[http-nio-8080-exec-9][0;39m [34mINFO [0;39m global.createAuthenticationToken - 
     utente appena autenticato
31-01-2020 00:05:53.243 [35m[http-nio-8080-exec-8][0;39m [34mINFO [0;39m global.generateToken - 
     nuovo token generato
31-01-2020 00:05:53.244 [35m[http-nio-8080-exec-8][0;39m [34mINFO [0;39m global.createAuthenticationToken - 
     utente appena autenticato
31-01-2020 00:05:53.391 [35m[http-nio-8080-exec-10][0;39m [34mINFO [0;39m global.generateToken - 
     nuovo token generato
31-01-2020 00:05:53.392 [35m[http-nio-8080-exec-10][0;39m [34mINFO [0;39m global.createAuthenticationToken - 
     utente appena autenticato
31-01-2020 00:05:53.563 [35m[http-nio-8080-exec-3][0;39m [34mINFO [0;39m global.generateToken - 
     nuovo token generato
31-01-2020 00:05:53.564 [35m[http-nio-8080-exec-3][0;39m [34mINFO [0;39m global.createAuthenticationToken - 
     utente appena autenticato
31-01-2020 00:05:53.699 [35m[http-nio-8080-exec-2][0;39m [34mINFO [0;39m global.generateToken - 
     nuovo token generato
31-01-2020 00:05:53.701 [35m[http-nio-8080-exec-2][0;39m [34mINFO [0;39m global.createAuthenticationToken - 
     utente appena autenticato
31-01-2020 00:05:53.851 [35m[http-nio-8080-exec-4][0;39m [34mINFO [0;39m global.generateToken - 
     nuovo token generato
31-01-2020 00:05:53.854 [35m[http-nio-8080-exec-4][0;39m [34mINFO [0;39m global.createAuthenticationToken - 
     utente appena autenticato
31-01-2020 00:05:54.007 [35m[http-nio-8080-exec-5][0;39m [34mINFO [0;39m global.generateToken - 
     nuovo token generato
31-01-2020 00:05:54.008 [35m[http-nio-8080-exec-5][0;39m [34mINFO [0;39m global.createAuthenticationToken - 
     utente appena autenticato
31-01-2020 00:05:54.143 [35m[http-nio-8080-exec-6][0;39m [34mINFO [0;39m global.generateToken - 
     nuovo token generato
31-01-2020 00:05:54.144 [35m[http-nio-8080-exec-6][0;39m [34mINFO [0;39m global.createAuthenticationToken - 
     utente appena autenticato
31-01-2020 00:05:54.280 [35m[http-nio-8080-exec-7][0;39m [34mINFO [0;39m global.generateToken - 
     nuovo token generato
31-01-2020 00:05:54.282 [35m[http-nio-8080-exec-7][0;39m [34mINFO [0;39m global.createAuthenticationToken - 
     utente appena autenticato
31-01-2020 00:05:54.448 [35m[http-nio-8080-exec-9][0;39m [34mINFO [0;39m global.generateToken - 
     nuovo token generato
31-01-2020 00:05:54.450 [35m[http-nio-8080-exec-9][0;39m [34mINFO [0;39m global.createAuthenticationToken - 
     utente appena autenticato
31-01-2020 00:05:54.591 [35m[http-nio-8080-exec-8][0;39m [34mINFO [0;39m global.generateToken - 
     nuovo token generato
31-01-2020 00:05:54.592 [35m[http-nio-8080-exec-8][0;39m [34mINFO [0;39m global.createAuthenticationToken - 
     utente appena autenticato
31-01-2020 00:05:54.728 [35m[http-nio-8080-exec-10][0;39m [34mINFO [0;39m global.generateToken - 
     nuovo token generato
31-01-2020 00:05:54.729 [35m[http-nio-8080-exec-10][0;39m [34mINFO [0;39m global.createAuthenticationToken - 
     utente appena autenticato
31-01-2020 00:05:54.886 [35m[http-nio-8080-exec-1][0;39m [34mINFO [0;39m global.generateToken - 
     nuovo token generato
31-01-2020 00:05:54.888 [35m[http-nio-8080-exec-1][0;39m [34mINFO [0;39m global.createAuthenticationToken - 
     utente appena autenticato
31-01-2020 00:06:37.753 [35m[http-nio-8080-exec-2][0;39m [34mINFO [0;39m global.generateToken - 
     nuovo token generato
31-01-2020 00:06:37.754 [35m[http-nio-8080-exec-2][0;39m [34mINFO [0;39m global.createAuthenticationToken - 
     utente appena autenticato
31-01-2020 00:08:53.372 [35m[http-nio-8080-exec-6][0;39m [34mINFO [0;39m global.generateToken - 
     nuovo token generato
31-01-2020 00:08:53.373 [35m[http-nio-8080-exec-6][0;39m [34mINFO [0;39m global.createAuthenticationToken - 
     utente appena autenticato
31-01-2020 00:08:54.575 [35m[http-nio-8080-exec-7][0;39m [34mINFO [0;39m global.generateToken - 
     nuovo token generato
31-01-2020 00:08:54.576 [35m[http-nio-8080-exec-7][0;39m [34mINFO [0;39m global.createAuthenticationToken - 
     utente appena autenticato
31-01-2020 00:09:25.945 [35m[http-nio-8080-exec-8][0;39m [34mINFO [0;39m global.generateToken - 
     nuovo token generato
31-01-2020 00:09:25.946 [35m[http-nio-8080-exec-8][0;39m [34mINFO [0;39m global.createAuthenticationToken - 
     utente appena autenticato
31-01-2020 00:16:51.044 [35m[http-nio-8080-exec-3][0;39m [34mINFO [0;39m global.register - 
     utente registrato
31-01-2020 00:19:45.719 [35m[http-nio-8080-exec-5][0;39m [31mWARN [0;39m o.h.e.jdbc.spi.SqlExceptionHelper.logExceptions - 
     SQL Error: 1062, SQLState: 23000
31-01-2020 00:19:45.719 [35m[http-nio-8080-exec-5][0;39m [1;31mERROR[0;39m o.h.e.jdbc.spi.SqlExceptionHelper.logExceptions - 
     Duplicate entry 'asd' for key 'UK_gxvq4mjswnupehxnp35vawmo2'
31-01-2020 00:19:45.722 [35m[http-nio-8080-exec-5][0;39m [31mWARN [0;39m o.s.w.s.m.m.a.ExceptionHandlerExceptionResolver.logException - 
     Resolved [org.springframework.dao.DataIntegrityViolationException: could not execute statement; SQL [n/a]; constraint [UK_gxvq4mjswnupehxnp35vawmo2]; nested exception is org.hibernate.exception.ConstraintViolationException: could not execute statement]
31-01-2020 00:19:49.292 [35m[http-nio-8080-exec-6][0;39m [34mINFO [0;39m global.register - 
     utente registrato
