29-01-2020 16:45:06.196 [35m[main][0;39m [31mWARN [0;39m com.avis.AnAvisApplication.main - 
     Start
29-01-2020 16:45:06.415 [35m[restartedMain][0;39m [31mWARN [0;39m com.avis.AnAvisApplication.main - 
     Start
29-01-2020 16:45:06.793 [35m[restartedMain][0;39m [34mINFO [0;39m com.avis.AnAvisApplication.logStarting - 
     Starting AnAvisApplication on DESKTOP-V9I5L9F with PID 16484 (C:\Users\Marco\Desktop\AnAvis\backend\target\classes started by Marco in c:\Users\Marco\Desktop\AnAvis\backend)
29-01-2020 16:45:06.794 [35m[restartedMain][0;39m [34mINFO [0;39m com.avis.AnAvisApplication.logStartupProfileInfo - 
     No active profile set, falling back to default profiles: default
29-01-2020 16:45:06.879 [35m[restartedMain][0;39m [34mINFO [0;39m o.s.b.d.restart.ChangeableUrls.logTo - 
     The Class-Path manifest attribute in C:\Users\Marco\.m2\repository\org\glassfish\jaxb\jaxb-runtime\2.3.2\jaxb-runtime-2.3.2.jar referenced one or more files that do not exist: file:/C:/Users/Marco/.m2/repository/org/glassfish/jaxb/jaxb-runtime/2.3.2/jakarta.xml.bind-api-2.3.2.jar,file:/C:/Users/Marco/.m2/repository/org/glassfish/jaxb/jaxb-runtime/2.3.2/txw2-2.3.2.jar,file:/C:/Users/Marco/.m2/repository/org/glassfish/jaxb/jaxb-runtime/2.3.2/istack-commons-runtime-3.0.8.jar,file:/C:/Users/Marco/.m2/repository/org/glassfish/jaxb/jaxb-runtime/2.3.2/stax-ex-1.8.1.jar,file:/C:/Users/Marco/.m2/repository/org/glassfish/jaxb/jaxb-runtime/2.3.2/FastInfoset-1.2.16.jar,file:/C:/Users/Marco/.m2/repository/org/glassfish/jaxb/jaxb-runtime/2.3.2/jakarta.activation-api-1.2.1.jar
29-01-2020 16:45:06.882 [35m[restartedMain][0;39m [34mINFO [0;39m o.s.b.d.e.DevToolsPropertyDefaultsPostProcessor.logTo - 
     Devtools property defaults active! Set 'spring.devtools.add-properties' to 'false' to disable
29-01-2020 16:45:06.883 [35m[restartedMain][0;39m [34mINFO [0;39m o.s.b.d.e.DevToolsPropertyDefaultsPostProcessor.logTo - 
     For additional web related logging consider setting the 'logging.level.web' property to 'DEBUG'
29-01-2020 16:45:08.051 [35m[restartedMain][0;39m [34mINFO [0;39m o.s.d.r.c.RepositoryConfigurationDelegate.registerRepositoriesIn - 
     Bootstrapping Spring Data repositories in DEFAULT mode.
29-01-2020 16:45:08.185 [35m[restartedMain][0;39m [34mINFO [0;39m o.s.d.r.c.RepositoryConfigurationDelegate.registerRepositoriesIn - 
     Finished Spring Data repository scanning in 120ms. Found 7 repository interfaces.
29-01-2020 16:45:08.687 [35m[restartedMain][0;39m [34mINFO [0;39m o.s.c.s.PostProcessorRegistrationDelegate$BeanPostProcessorChecker.postProcessAfterInitialization - 
     Bean 'org.springframework.transaction.annotation.ProxyTransactionManagementConfiguration' of type [org.springframework.transaction.annotation.ProxyTransactionManagementConfiguration] is not eligible for getting processed by all BeanPostProcessors (for example: not eligible for auto-proxying)
29-01-2020 16:45:08.722 [35m[restartedMain][0;39m [34mINFO [0;39m o.s.c.s.PostProcessorRegistrationDelegate$BeanPostProcessorChecker.postProcessAfterInitialization - 
     Bean 'org.springframework.security.config.annotation.configuration.ObjectPostProcessorConfiguration' of type [org.springframework.security.config.annotation.configuration.ObjectPostProcessorConfiguration] is not eligible for getting processed by all BeanPostProcessors (for example: not eligible for auto-proxying)
29-01-2020 16:45:08.729 [35m[restartedMain][0;39m [34mINFO [0;39m o.s.c.s.PostProcessorRegistrationDelegate$BeanPostProcessorChecker.postProcessAfterInitialization - 
     Bean 'objectPostProcessor' of type [org.springframework.security.config.annotation.configuration.AutowireBeanFactoryObjectPostProcessor] is not eligible for getting processed by all BeanPostProcessors (for example: not eligible for auto-proxying)
29-01-2020 16:45:08.733 [35m[restartedMain][0;39m [34mINFO [0;39m o.s.c.s.PostProcessorRegistrationDelegate$BeanPostProcessorChecker.postProcessAfterInitialization - 
     Bean 'org.springframework.security.access.expression.method.DefaultMethodSecurityExpressionHandler@79d6aa45' of type [org.springframework.security.access.expression.method.DefaultMethodSecurityExpressionHandler] is not eligible for getting processed by all BeanPostProcessors (for example: not eligible for auto-proxying)
29-01-2020 16:45:08.735 [35m[restartedMain][0;39m [34mINFO [0;39m o.s.c.s.PostProcessorRegistrationDelegate$BeanPostProcessorChecker.postProcessAfterInitialization - 
     Bean 'org.springframework.security.config.annotation.method.configuration.GlobalMethodSecurityConfiguration' of type [org.springframework.security.config.annotation.method.configuration.GlobalMethodSecurityConfiguration] is not eligible for getting processed by all BeanPostProcessors (for example: not eligible for auto-proxying)
29-01-2020 16:45:08.740 [35m[restartedMain][0;39m [34mINFO [0;39m o.s.c.s.PostProcessorRegistrationDelegate$BeanPostProcessorChecker.postProcessAfterInitialization - 
     Bean 'methodSecurityMetadataSource' of type [org.springframework.security.access.method.DelegatingMethodSecurityMetadataSource] is not eligible for getting processed by all BeanPostProcessors (for example: not eligible for auto-proxying)
29-01-2020 16:45:09.225 [35m[restartedMain][0;39m [34mINFO [0;39m o.s.b.w.e.tomcat.TomcatWebServer.initialize - 
     Tomcat initialized with port(s): 8080 (http)
29-01-2020 16:45:09.244 [35m[restartedMain][0;39m [34mINFO [0;39m o.a.coyote.http11.Http11NioProtocol.log - 
     Initializing ProtocolHandler ["http-nio-8080"]
29-01-2020 16:45:09.247 [35m[restartedMain][0;39m [34mINFO [0;39m o.a.catalina.core.StandardService.log - 
     Starting service [Tomcat]
29-01-2020 16:45:09.247 [35m[restartedMain][0;39m [34mINFO [0;39m o.a.catalina.core.StandardEngine.log - 
     Starting Servlet engine: [Apache Tomcat/9.0.27]
29-01-2020 16:45:09.396 [35m[restartedMain][0;39m [34mINFO [0;39m o.a.c.c.C.[Tomcat].[localhost].[/].log - 
     Initializing Spring embedded WebApplicationContext
29-01-2020 16:45:09.397 [35m[restartedMain][0;39m [34mINFO [0;39m o.s.web.context.ContextLoader.prepareWebApplicationContext - 
     Root WebApplicationContext: initialization completed in 2513 ms
29-01-2020 16:45:09.661 [35m[restartedMain][0;39m [34mINFO [0;39m o.h.jpa.internal.util.LogHelper.logPersistenceUnitInformation - 
     HHH000204: Processing PersistenceUnitInfo [name: default]
29-01-2020 16:45:09.782 [35m[restartedMain][0;39m [34mINFO [0;39m org.hibernate.Version.logVersion - 
     HHH000412: Hibernate Core {5.4.8.Final}
29-01-2020 16:45:09.951 [35m[restartedMain][0;39m [34mINFO [0;39m o.h.annotations.common.Version.<clinit> - 
     HCANN000001: Hibernate Commons Annotations {5.1.0.Final}
29-01-2020 16:45:10.106 [35m[restartedMain][0;39m [34mINFO [0;39m com.zaxxer.hikari.HikariDataSource.getConnection - 
     HikariPool-1 - Starting...
29-01-2020 16:45:10.367 [35m[restartedMain][0;39m [34mINFO [0;39m com.zaxxer.hikari.HikariDataSource.getConnection - 
     HikariPool-1 - Start completed.
29-01-2020 16:45:10.388 [35m[restartedMain][0;39m [34mINFO [0;39m org.hibernate.dialect.Dialect.<init> - 
     HHH000400: Using dialect: org.hibernate.dialect.MySQL5InnoDBDialect
29-01-2020 16:45:12.577 [35m[restartedMain][0;39m [34mINFO [0;39m o.h.e.t.j.p.i.JtaPlatformInitiator.initiateService - 
     HHH000490: Using JtaPlatform implementation: [org.hibernate.engine.transaction.jta.platform.internal.NoJtaPlatform]
29-01-2020 16:45:12.584 [35m[restartedMain][0;39m [34mINFO [0;39m o.s.o.j.LocalContainerEntityManagerFactoryBean.buildNativeEntityManagerFactory - 
     Initialized JPA EntityManagerFactory for persistence unit 'default'
29-01-2020 16:45:12.640 [35m[restartedMain][0;39m [34mINFO [0;39m o.s.b.d.a.OptionalLiveReloadServer.startServer - 
     LiveReload server is running on port 35729
29-01-2020 16:45:13.425 [35m[restartedMain][0;39m [31mWARN [0;39m o.s.b.a.o.j.JpaBaseConfiguration$JpaWebConfiguration.openEntityManagerInViewInterceptor - 
     spring.jpa.open-in-view is enabled by default. Therefore, database queries may be performed during view rendering. Explicitly configure spring.jpa.open-in-view to disable this warning
29-01-2020 16:45:13.731 [35m[restartedMain][0;39m [34mINFO [0;39m o.s.s.web.DefaultSecurityFilterChain.<init> - 
     Creating filter chain: any request, [org.springframework.security.web.context.request.async.WebAsyncManagerIntegrationFilter@6a00caa2, org.springframework.security.web.context.SecurityContextPersistenceFilter@6dafccb4, org.springframework.security.web.header.HeaderWriterFilter@75966be1, org.springframework.web.filter.CorsFilter@7784261, org.springframework.security.web.authentication.logout.LogoutFilter@48e0474e, com.avis.security.JwtAuthenticationTokenFilter@645c36d5, org.springframework.security.web.savedrequest.RequestCacheAwareFilter@7703f98d, org.springframework.security.web.servletapi.SecurityContextHolderAwareRequestFilter@51cba561, org.springframework.security.web.authentication.AnonymousAuthenticationFilter@77fa6f2a, org.springframework.security.web.session.SessionManagementFilter@45cfe785, org.springframework.security.web.access.ExceptionTranslationFilter@7ffdb25b, org.springframework.security.web.access.intercept.FilterSecurityInterceptor@4ed9ce2f]
29-01-2020 16:45:13.901 [35m[restartedMain][0;39m [34mINFO [0;39m o.s.s.c.ThreadPoolTaskExecutor.initialize - 
     Initializing ExecutorService 'applicationTaskExecutor'
29-01-2020 16:45:14.188 [35m[restartedMain][0;39m [34mINFO [0;39m o.a.coyote.http11.Http11NioProtocol.log - 
     Starting ProtocolHandler ["http-nio-8080"]
29-01-2020 16:45:14.232 [35m[restartedMain][0;39m [34mINFO [0;39m o.s.b.w.e.tomcat.TomcatWebServer.start - 
     Tomcat started on port(s): 8080 (http) with context path ''
29-01-2020 16:45:14.236 [35m[restartedMain][0;39m [34mINFO [0;39m com.avis.AnAvisApplication.logStarted - 
     Started AnAvisApplication in 7.805 seconds (JVM running for 9.083)
29-01-2020 16:50:22.818 [35m[http-nio-8080-exec-1][0;39m [34mINFO [0;39m o.a.c.c.C.[Tomcat].[localhost].[/].log - 
     Initializing Spring DispatcherServlet 'dispatcherServlet'
29-01-2020 16:50:22.820 [35m[http-nio-8080-exec-1][0;39m [34mINFO [0;39m o.s.web.servlet.DispatcherServlet.initServletBean - 
     Initializing Servlet 'dispatcherServlet'
29-01-2020 16:50:22.833 [35m[http-nio-8080-exec-1][0;39m [34mINFO [0;39m o.s.web.servlet.DispatcherServlet.initServletBean - 
     Completed initialization in 13 ms
29-01-2020 16:50:28.421 [35m[http-nio-8080-exec-4][0;39m [34mINFO [0;39m global.generateToken - 
     nuovo token generato
29-01-2020 16:50:28.485 [35m[http-nio-8080-exec-4][0;39m [34mINFO [0;39m global.createAuthenticationToken - 
     utente appena autenticato
29-01-2020 16:50:42.456 [35m[http-nio-8080-exec-8][0;39m [34mINFO [0;39m global.generateToken - 
     nuovo token generato
29-01-2020 16:50:42.457 [35m[http-nio-8080-exec-8][0;39m [34mINFO [0;39m global.createAuthenticationToken - 
     utente appena autenticato
29-01-2020 16:51:23.865 [35m[http-nio-8080-exec-6][0;39m [34mINFO [0;39m global.generateToken - 
     nuovo token generato
29-01-2020 16:51:23.866 [35m[http-nio-8080-exec-6][0;39m [34mINFO [0;39m global.createAuthenticationToken - 
     utente appena autenticato
