31-01-2020 14:33:28.343 [35m[main][0;39m [31mWARN [0;39m com.avis.AnAvisApplication.main - 
     Start
31-01-2020 14:33:28.518 [35m[restartedMain][0;39m [31mWARN [0;39m com.avis.AnAvisApplication.main - 
     Start
31-01-2020 14:33:28.803 [35m[restartedMain][0;39m [34mINFO [0;39m com.avis.AnAvisApplication.logStarting - 
     Starting AnAvisApplication on DESKTOP-K3D9L0U with PID 4132 (C:\Users\Rebichini\Desktop\AnAvis2LaVendetta\backend\target\classes started by Rebichini in c:\Users\Rebichini\Desktop\AnAvis2LaVendetta\backend)
31-01-2020 14:33:28.804 [35m[restartedMain][0;39m [34mINFO [0;39m com.avis.AnAvisApplication.logStartupProfileInfo - 
     No active profile set, falling back to default profiles: default
31-01-2020 14:33:28.860 [35m[restartedMain][0;39m [34mINFO [0;39m o.s.b.d.restart.ChangeableUrls.logTo - 
     The Class-Path manifest attribute in C:\Users\Rebichini\.m2\repository\org\glassfish\jaxb\jaxb-runtime\2.3.2\jaxb-runtime-2.3.2.jar referenced one or more files that do not exist: file:/C:/Users/Rebichini/.m2/repository/org/glassfish/jaxb/jaxb-runtime/2.3.2/jakarta.xml.bind-api-2.3.2.jar,file:/C:/Users/Rebichini/.m2/repository/org/glassfish/jaxb/jaxb-runtime/2.3.2/txw2-2.3.2.jar,file:/C:/Users/Rebichini/.m2/repository/org/glassfish/jaxb/jaxb-runtime/2.3.2/istack-commons-runtime-3.0.8.jar,file:/C:/Users/Rebichini/.m2/repository/org/glassfish/jaxb/jaxb-runtime/2.3.2/stax-ex-1.8.1.jar,file:/C:/Users/Rebichini/.m2/repository/org/glassfish/jaxb/jaxb-runtime/2.3.2/FastInfoset-1.2.16.jar,file:/C:/Users/Rebichini/.m2/repository/org/glassfish/jaxb/jaxb-runtime/2.3.2/jakarta.activation-api-1.2.1.jar
31-01-2020 14:33:28.861 [35m[restartedMain][0;39m [34mINFO [0;39m o.s.b.d.e.DevToolsPropertyDefaultsPostProcessor.logTo - 
     Devtools property defaults active! Set 'spring.devtools.add-properties' to 'false' to disable
31-01-2020 14:33:28.861 [35m[restartedMain][0;39m [34mINFO [0;39m o.s.b.d.e.DevToolsPropertyDefaultsPostProcessor.logTo - 
     For additional web related logging consider setting the 'logging.level.web' property to 'DEBUG'
31-01-2020 14:33:29.585 [35m[restartedMain][0;39m [34mINFO [0;39m o.s.d.r.c.RepositoryConfigurationDelegate.registerRepositoriesIn - 
     Bootstrapping Spring Data repositories in DEFAULT mode.
31-01-2020 14:33:29.693 [35m[restartedMain][0;39m [34mINFO [0;39m o.s.d.r.c.RepositoryConfigurationDelegate.registerRepositoriesIn - 
     Finished Spring Data repository scanning in 97ms. Found 7 repository interfaces.
31-01-2020 14:33:30.156 [35m[restartedMain][0;39m [34mINFO [0;39m o.s.c.s.PostProcessorRegistrationDelegate$BeanPostProcessorChecker.postProcessAfterInitialization - 
     Bean 'org.springframework.transaction.annotation.ProxyTransactionManagementConfiguration' of type [org.springframework.transaction.annotation.ProxyTransactionManagementConfiguration] is not eligible for getting processed by all BeanPostProcessors (for example: not eligible for auto-proxying)
31-01-2020 14:33:30.193 [35m[restartedMain][0;39m [34mINFO [0;39m o.s.c.s.PostProcessorRegistrationDelegate$BeanPostProcessorChecker.postProcessAfterInitialization - 
     Bean 'org.springframework.security.config.annotation.configuration.ObjectPostProcessorConfiguration' of type [org.springframework.security.config.annotation.configuration.ObjectPostProcessorConfiguration] is not eligible for getting processed by all BeanPostProcessors (for example: not eligible for auto-proxying)
31-01-2020 14:33:30.197 [35m[restartedMain][0;39m [34mINFO [0;39m o.s.c.s.PostProcessorRegistrationDelegate$BeanPostProcessorChecker.postProcessAfterInitialization - 
     Bean 'objectPostProcessor' of type [org.springframework.security.config.annotation.configuration.AutowireBeanFactoryObjectPostProcessor] is not eligible for getting processed by all BeanPostProcessors (for example: not eligible for auto-proxying)
31-01-2020 14:33:30.201 [35m[restartedMain][0;39m [34mINFO [0;39m o.s.c.s.PostProcessorRegistrationDelegate$BeanPostProcessorChecker.postProcessAfterInitialization - 
     Bean 'org.springframework.security.access.expression.method.DefaultMethodSecurityExpressionHandler@4f7b2270' of type [org.springframework.security.access.expression.method.DefaultMethodSecurityExpressionHandler] is not eligible for getting processed by all BeanPostProcessors (for example: not eligible for auto-proxying)
31-01-2020 14:33:30.204 [35m[restartedMain][0;39m [34mINFO [0;39m o.s.c.s.PostProcessorRegistrationDelegate$BeanPostProcessorChecker.postProcessAfterInitialization - 
     Bean 'org.springframework.security.config.annotation.method.configuration.GlobalMethodSecurityConfiguration' of type [org.springframework.security.config.annotation.method.configuration.GlobalMethodSecurityConfiguration] is not eligible for getting processed by all BeanPostProcessors (for example: not eligible for auto-proxying)
31-01-2020 14:33:30.214 [35m[restartedMain][0;39m [34mINFO [0;39m o.s.c.s.PostProcessorRegistrationDelegate$BeanPostProcessorChecker.postProcessAfterInitialization - 
     Bean 'methodSecurityMetadataSource' of type [org.springframework.security.access.method.DelegatingMethodSecurityMetadataSource] is not eligible for getting processed by all BeanPostProcessors (for example: not eligible for auto-proxying)
31-01-2020 14:33:30.658 [35m[restartedMain][0;39m [34mINFO [0;39m o.s.b.w.e.tomcat.TomcatWebServer.initialize - 
     Tomcat initialized with port(s): 8080 (http)
31-01-2020 14:33:30.669 [35m[restartedMain][0;39m [34mINFO [0;39m o.a.coyote.http11.Http11NioProtocol.log - 
     Initializing ProtocolHandler ["http-nio-8080"]
31-01-2020 14:33:30.670 [35m[restartedMain][0;39m [34mINFO [0;39m o.a.catalina.core.StandardService.log - 
     Starting service [Tomcat]
31-01-2020 14:33:30.671 [35m[restartedMain][0;39m [34mINFO [0;39m o.a.catalina.core.StandardEngine.log - 
     Starting Servlet engine: [Apache Tomcat/9.0.27]
31-01-2020 14:33:30.773 [35m[restartedMain][0;39m [34mINFO [0;39m o.a.c.c.C.[Tomcat].[localhost].[/].log - 
     Initializing Spring embedded WebApplicationContext
31-01-2020 14:33:30.774 [35m[restartedMain][0;39m [34mINFO [0;39m o.s.web.context.ContextLoader.prepareWebApplicationContext - 
     Root WebApplicationContext: initialization completed in 1913 ms
31-01-2020 14:33:31.003 [35m[restartedMain][0;39m [34mINFO [0;39m o.h.jpa.internal.util.LogHelper.logPersistenceUnitInformation - 
     HHH000204: Processing PersistenceUnitInfo [name: default]
31-01-2020 14:33:31.093 [35m[restartedMain][0;39m [34mINFO [0;39m org.hibernate.Version.logVersion - 
     HHH000412: Hibernate Core {5.4.8.Final}
31-01-2020 14:33:31.301 [35m[restartedMain][0;39m [34mINFO [0;39m o.h.annotations.common.Version.<clinit> - 
     HCANN000001: Hibernate Commons Annotations {5.1.0.Final}
31-01-2020 14:33:31.456 [35m[restartedMain][0;39m [34mINFO [0;39m com.zaxxer.hikari.HikariDataSource.getConnection - 
     HikariPool-1 - Starting...
31-01-2020 14:33:31.644 [35m[restartedMain][0;39m [34mINFO [0;39m com.zaxxer.hikari.HikariDataSource.getConnection - 
     HikariPool-1 - Start completed.
31-01-2020 14:33:31.664 [35m[restartedMain][0;39m [34mINFO [0;39m org.hibernate.dialect.Dialect.<init> - 
     HHH000400: Using dialect: org.hibernate.dialect.MySQL5InnoDBDialect
31-01-2020 14:33:33.363 [35m[restartedMain][0;39m [34mINFO [0;39m o.h.e.t.j.p.i.JtaPlatformInitiator.initiateService - 
     HHH000490: Using JtaPlatform implementation: [org.hibernate.engine.transaction.jta.platform.internal.NoJtaPlatform]
31-01-2020 14:33:33.370 [35m[restartedMain][0;39m [34mINFO [0;39m o.s.o.j.LocalContainerEntityManagerFactoryBean.buildNativeEntityManagerFactory - 
     Initialized JPA EntityManagerFactory for persistence unit 'default'
31-01-2020 14:33:33.414 [35m[restartedMain][0;39m [34mINFO [0;39m o.s.b.d.a.OptionalLiveReloadServer.startServer - 
     LiveReload server is running on port 35729
31-01-2020 14:33:34.319 [35m[restartedMain][0;39m [31mWARN [0;39m o.s.b.a.o.j.JpaBaseConfiguration$JpaWebConfiguration.openEntityManagerInViewInterceptor - 
     spring.jpa.open-in-view is enabled by default. Therefore, database queries may be performed during view rendering. Explicitly configure spring.jpa.open-in-view to disable this warning
31-01-2020 14:33:34.558 [35m[restartedMain][0;39m [34mINFO [0;39m o.s.s.web.DefaultSecurityFilterChain.<init> - 
     Creating filter chain: any request, [org.springframework.security.web.context.request.async.WebAsyncManagerIntegrationFilter@ea3a70f, org.springframework.security.web.context.SecurityContextPersistenceFilter@3763c085, org.springframework.security.web.header.HeaderWriterFilter@3a3cd76a, org.springframework.web.filter.CorsFilter@8edf070, org.springframework.security.web.authentication.logout.LogoutFilter@31d1e588, com.avis.security.JwtAuthenticationTokenFilter@10c35a37, org.springframework.security.web.savedrequest.RequestCacheAwareFilter@16e5cd8d, org.springframework.security.web.servletapi.SecurityContextHolderAwareRequestFilter@55eb1295, org.springframework.security.web.authentication.AnonymousAuthenticationFilter@2641a366, org.springframework.security.web.session.SessionManagementFilter@6cb49585, org.springframework.security.web.access.ExceptionTranslationFilter@7db3663, org.springframework.security.web.access.intercept.FilterSecurityInterceptor@35aeb4c4]
31-01-2020 14:33:34.711 [35m[restartedMain][0;39m [34mINFO [0;39m o.s.s.c.ThreadPoolTaskExecutor.initialize - 
     Initializing ExecutorService 'applicationTaskExecutor'
31-01-2020 14:33:34.954 [35m[restartedMain][0;39m [34mINFO [0;39m o.a.coyote.http11.Http11NioProtocol.log - 
     Starting ProtocolHandler ["http-nio-8080"]
31-01-2020 14:33:34.978 [35m[restartedMain][0;39m [34mINFO [0;39m o.s.b.w.e.tomcat.TomcatWebServer.start - 
     Tomcat started on port(s): 8080 (http) with context path ''
31-01-2020 14:33:34.981 [35m[restartedMain][0;39m [34mINFO [0;39m com.avis.AnAvisApplication.logStarted - 
     Started AnAvisApplication in 6.457 seconds (JVM running for 7.173)
31-01-2020 14:37:14.801 [35m[http-nio-8080-exec-1][0;39m [34mINFO [0;39m o.a.c.c.C.[Tomcat].[localhost].[/].log - 
     Initializing Spring DispatcherServlet 'dispatcherServlet'
31-01-2020 14:37:14.801 [35m[http-nio-8080-exec-1][0;39m [34mINFO [0;39m o.s.web.servlet.DispatcherServlet.initServletBean - 
     Initializing Servlet 'dispatcherServlet'
31-01-2020 14:37:14.808 [35m[http-nio-8080-exec-1][0;39m [34mINFO [0;39m o.s.web.servlet.DispatcherServlet.initServletBean - 
     Completed initialization in 7 ms
31-01-2020 14:37:15.280 [35m[http-nio-8080-exec-1][0;39m [34mINFO [0;39m global.register - 
     utente registrato
31-01-2020 14:37:27.233 [35m[http-nio-8080-exec-3][0;39m [34mINFO [0;39m global.generateToken - 
     nuovo token generato
31-01-2020 14:37:27.248 [35m[http-nio-8080-exec-3][0;39m [34mINFO [0;39m global.createAuthenticationToken - 
     utente appena autenticato
31-01-2020 14:44:22.101 [35m[http-nio-8080-exec-6][0;39m [34mINFO [0;39m global.generateToken - 
     nuovo token generato
31-01-2020 14:44:22.103 [35m[http-nio-8080-exec-6][0;39m [34mINFO [0;39m global.createAuthenticationToken - 
     utente appena autenticato
31-01-2020 14:48:53.144 [35m[http-nio-8080-exec-8][0;39m [34mINFO [0;39m global.generateToken - 
     nuovo token generato
31-01-2020 14:48:53.145 [35m[http-nio-8080-exec-8][0;39m [34mINFO [0;39m global.createAuthenticationToken - 
     utente appena autenticato
31-01-2020 14:57:24.955 [35m[http-nio-8080-exec-2][0;39m [34mINFO [0;39m global.generateToken - 
     nuovo token generato
31-01-2020 14:57:24.958 [35m[http-nio-8080-exec-2][0;39m [34mINFO [0;39m global.createAuthenticationToken - 
     utente appena autenticato
31-01-2020 14:57:27.157 [35m[http-nio-8080-exec-3][0;39m [34mINFO [0;39m global.generateToken - 
     nuovo token generato
31-01-2020 14:57:27.159 [35m[http-nio-8080-exec-3][0;39m [34mINFO [0;39m global.createAuthenticationToken - 
     utente appena autenticato
31-01-2020 14:58:38.804 [35m[http-nio-8080-exec-6][0;39m [34mINFO [0;39m global.generateToken - 
     nuovo token generato
31-01-2020 14:58:38.806 [35m[http-nio-8080-exec-6][0;39m [34mINFO [0;39m global.createAuthenticationToken - 
     utente appena autenticato
31-01-2020 14:58:39.636 [35m[http-nio-8080-exec-7][0;39m [34mINFO [0;39m global.generateToken - 
     nuovo token generato
31-01-2020 14:58:39.637 [35m[http-nio-8080-exec-7][0;39m [34mINFO [0;39m global.createAuthenticationToken - 
     utente appena autenticato
31-01-2020 14:58:52.865 [35m[http-nio-8080-exec-8][0;39m [34mINFO [0;39m global.generateToken - 
     nuovo token generato
31-01-2020 14:58:52.866 [35m[http-nio-8080-exec-8][0;39m [34mINFO [0;39m global.createAuthenticationToken - 
     utente appena autenticato
31-01-2020 14:58:53.755 [35m[http-nio-8080-exec-10][0;39m [34mINFO [0;39m global.generateToken - 
     nuovo token generato
31-01-2020 14:58:53.757 [35m[http-nio-8080-exec-10][0;39m [34mINFO [0;39m global.createAuthenticationToken - 
     utente appena autenticato
31-01-2020 14:59:09.200 [35m[http-nio-8080-exec-2][0;39m [34mINFO [0;39m global.generateToken - 
     nuovo token generato
31-01-2020 14:59:09.202 [35m[http-nio-8080-exec-2][0;39m [34mINFO [0;39m global.createAuthenticationToken - 
     utente appena autenticato
31-01-2020 14:59:09.918 [35m[http-nio-8080-exec-3][0;39m [34mINFO [0;39m global.generateToken - 
     nuovo token generato
31-01-2020 14:59:09.920 [35m[http-nio-8080-exec-3][0;39m [34mINFO [0;39m global.createAuthenticationToken - 
     utente appena autenticato
31-01-2020 14:59:53.882 [35m[http-nio-8080-exec-5][0;39m [34mINFO [0;39m global.generateToken - 
     nuovo token generato
31-01-2020 14:59:53.884 [35m[http-nio-8080-exec-5][0;39m [34mINFO [0;39m global.createAuthenticationToken - 
     utente appena autenticato
31-01-2020 14:59:54.915 [35m[http-nio-8080-exec-6][0;39m [34mINFO [0;39m global.generateToken - 
     nuovo token generato
31-01-2020 14:59:54.917 [35m[http-nio-8080-exec-6][0;39m [34mINFO [0;39m global.createAuthenticationToken - 
     utente appena autenticato
31-01-2020 14:59:56.358 [35m[http-nio-8080-exec-7][0;39m [34mINFO [0;39m global.generateToken - 
     nuovo token generato
31-01-2020 14:59:56.359 [35m[http-nio-8080-exec-7][0;39m [34mINFO [0;39m global.createAuthenticationToken - 
     utente appena autenticato
31-01-2020 14:59:56.636 [35m[http-nio-8080-exec-9][0;39m [34mINFO [0;39m global.generateToken - 
     nuovo token generato
31-01-2020 14:59:56.638 [35m[http-nio-8080-exec-9][0;39m [34mINFO [0;39m global.createAuthenticationToken - 
     utente appena autenticato
31-01-2020 14:59:56.843 [35m[http-nio-8080-exec-8][0;39m [34mINFO [0;39m global.generateToken - 
     nuovo token generato
31-01-2020 14:59:56.845 [35m[http-nio-8080-exec-8][0;39m [34mINFO [0;39m global.createAuthenticationToken - 
     utente appena autenticato
31-01-2020 14:59:57.035 [35m[http-nio-8080-exec-10][0;39m [34mINFO [0;39m global.generateToken - 
     nuovo token generato
31-01-2020 14:59:57.037 [35m[http-nio-8080-exec-10][0;39m [34mINFO [0;39m global.createAuthenticationToken - 
     utente appena autenticato
31-01-2020 14:59:57.227 [35m[http-nio-8080-exec-1][0;39m [34mINFO [0;39m global.generateToken - 
     nuovo token generato
31-01-2020 14:59:57.228 [35m[http-nio-8080-exec-1][0;39m [34mINFO [0;39m global.createAuthenticationToken - 
     utente appena autenticato
31-01-2020 14:59:57.407 [35m[http-nio-8080-exec-2][0;39m [34mINFO [0;39m global.generateToken - 
     nuovo token generato
31-01-2020 14:59:57.409 [35m[http-nio-8080-exec-2][0;39m [34mINFO [0;39m global.createAuthenticationToken - 
     utente appena autenticato
31-01-2020 14:59:57.588 [35m[http-nio-8080-exec-3][0;39m [34mINFO [0;39m global.generateToken - 
     nuovo token generato
31-01-2020 14:59:57.590 [35m[http-nio-8080-exec-3][0;39m [34mINFO [0;39m global.createAuthenticationToken - 
     utente appena autenticato
31-01-2020 14:59:57.767 [35m[http-nio-8080-exec-4][0;39m [34mINFO [0;39m global.generateToken - 
     nuovo token generato
31-01-2020 14:59:57.768 [35m[http-nio-8080-exec-4][0;39m [34mINFO [0;39m global.createAuthenticationToken - 
     utente appena autenticato
31-01-2020 14:59:57.931 [35m[http-nio-8080-exec-5][0;39m [34mINFO [0;39m global.generateToken - 
     nuovo token generato
31-01-2020 14:59:57.933 [35m[http-nio-8080-exec-5][0;39m [34mINFO [0;39m global.createAuthenticationToken - 
     utente appena autenticato
31-01-2020 14:59:58.068 [35m[http-nio-8080-exec-6][0;39m [34mINFO [0;39m global.generateToken - 
     nuovo token generato
31-01-2020 14:59:58.069 [35m[http-nio-8080-exec-6][0;39m [34mINFO [0;39m global.createAuthenticationToken - 
     utente appena autenticato
31-01-2020 15:08:10.744 [35m[http-nio-8080-exec-8][0;39m [34mINFO [0;39m global.generateToken - 
     nuovo token generato
31-01-2020 15:08:10.746 [35m[http-nio-8080-exec-8][0;39m [34mINFO [0;39m global.createAuthenticationToken - 
     utente appena autenticato
31-01-2020 15:08:12.776 [35m[http-nio-8080-exec-10][0;39m [34mINFO [0;39m global.generateToken - 
     nuovo token generato
31-01-2020 15:08:12.777 [35m[http-nio-8080-exec-10][0;39m [34mINFO [0;39m global.createAuthenticationToken - 
     utente appena autenticato
31-01-2020 15:08:12.952 [35m[http-nio-8080-exec-1][0;39m [34mINFO [0;39m global.generateToken - 
     nuovo token generato
31-01-2020 15:08:12.954 [35m[http-nio-8080-exec-1][0;39m [34mINFO [0;39m global.createAuthenticationToken - 
     utente appena autenticato
31-01-2020 15:08:13.088 [35m[http-nio-8080-exec-2][0;39m [34mINFO [0;39m global.generateToken - 
     nuovo token generato
31-01-2020 15:08:13.089 [35m[http-nio-8080-exec-2][0;39m [34mINFO [0;39m global.createAuthenticationToken - 
     utente appena autenticato
31-01-2020 15:08:13.231 [35m[http-nio-8080-exec-3][0;39m [34mINFO [0;39m global.generateToken - 
     nuovo token generato
31-01-2020 15:08:13.233 [35m[http-nio-8080-exec-3][0;39m [34mINFO [0;39m global.createAuthenticationToken - 
     utente appena autenticato
31-01-2020 15:08:13.360 [35m[http-nio-8080-exec-4][0;39m [34mINFO [0;39m global.generateToken - 
     nuovo token generato
31-01-2020 15:08:13.362 [35m[http-nio-8080-exec-4][0;39m [34mINFO [0;39m global.createAuthenticationToken - 
     utente appena autenticato
31-01-2020 15:15:45.290 [35m[http-nio-8080-exec-7][0;39m [34mINFO [0;39m global.generateToken - 
     nuovo token generato
31-01-2020 15:15:45.291 [35m[http-nio-8080-exec-7][0;39m [34mINFO [0;39m global.createAuthenticationToken - 
     utente appena autenticato
31-01-2020 15:15:46.311 [35m[http-nio-8080-exec-9][0;39m [34mINFO [0;39m global.generateToken - 
     nuovo token generato
31-01-2020 15:15:46.313 [35m[http-nio-8080-exec-9][0;39m [34mINFO [0;39m global.createAuthenticationToken - 
     utente appena autenticato
31-01-2020 15:26:11.810 [35m[http-nio-8080-exec-1][0;39m [34mINFO [0;39m global.generateToken - 
     nuovo token generato
31-01-2020 15:26:11.812 [35m[http-nio-8080-exec-1][0;39m [34mINFO [0;39m global.createAuthenticationToken - 
     utente appena autenticato
31-01-2020 15:26:12.844 [35m[http-nio-8080-exec-2][0;39m [34mINFO [0;39m global.generateToken - 
     nuovo token generato
31-01-2020 15:26:12.846 [35m[http-nio-8080-exec-2][0;39m [34mINFO [0;39m global.createAuthenticationToken - 
     utente appena autenticato
31-01-2020 15:26:15.070 [35m[http-nio-8080-exec-3][0;39m [34mINFO [0;39m global.generateToken - 
     nuovo token generato
31-01-2020 15:26:15.072 [35m[http-nio-8080-exec-3][0;39m [34mINFO [0;39m global.createAuthenticationToken - 
     utente appena autenticato
31-01-2020 15:27:01.446 [35m[http-nio-8080-exec-5][0;39m [34mINFO [0;39m global.generateToken - 
     nuovo token generato
31-01-2020 15:27:01.447 [35m[http-nio-8080-exec-5][0;39m [34mINFO [0;39m global.createAuthenticationToken - 
     utente appena autenticato
31-01-2020 15:30:29.091 [35m[http-nio-8080-exec-9][0;39m [34mINFO [0;39m global.generateToken - 
     nuovo token generato
31-01-2020 15:30:29.092 [35m[http-nio-8080-exec-9][0;39m [34mINFO [0;39m global.createAuthenticationToken - 
     utente appena autenticato
31-01-2020 15:30:40.363 [35m[http-nio-8080-exec-10][0;39m [34mINFO [0;39m global.generateToken - 
     nuovo token generato
31-01-2020 15:30:40.365 [35m[http-nio-8080-exec-10][0;39m [34mINFO [0;39m global.createAuthenticationToken - 
     utente appena autenticato
31-01-2020 15:34:54.272 [35m[http-nio-8080-exec-3][0;39m [34mINFO [0;39m global.generateToken - 
     nuovo token generato
31-01-2020 15:34:54.273 [35m[http-nio-8080-exec-3][0;39m [34mINFO [0;39m global.createAuthenticationToken - 
     utente appena autenticato
31-01-2020 15:35:07.533 [35m[http-nio-8080-exec-6][0;39m [34mINFO [0;39m global.generateToken - 
     nuovo token generato
31-01-2020 15:35:07.535 [35m[http-nio-8080-exec-6][0;39m [34mINFO [0;39m global.createAuthenticationToken - 
     utente appena autenticato
31-01-2020 15:36:09.293 [35m[http-nio-8080-exec-8][0;39m [34mINFO [0;39m global.generateToken - 
     nuovo token generato
31-01-2020 15:36:09.296 [35m[http-nio-8080-exec-8][0;39m [34mINFO [0;39m global.createAuthenticationToken - 
     utente appena autenticato
31-01-2020 15:36:52.595 [35m[http-nio-8080-exec-1][0;39m [34mINFO [0;39m global.generateToken - 
     nuovo token generato
31-01-2020 15:36:52.598 [35m[http-nio-8080-exec-1][0;39m [34mINFO [0;39m global.createAuthenticationToken - 
     utente appena autenticato
31-01-2020 15:40:43.656 [35m[http-nio-8080-exec-4][0;39m [34mINFO [0;39m global.generateToken - 
     nuovo token generato
31-01-2020 15:40:43.657 [35m[http-nio-8080-exec-4][0;39m [34mINFO [0;39m global.createAuthenticationToken - 
     utente appena autenticato
31-01-2020 15:41:25.949 [35m[http-nio-8080-exec-6][0;39m [34mINFO [0;39m global.generateToken - 
     nuovo token generato
31-01-2020 15:41:25.950 [35m[http-nio-8080-exec-6][0;39m [34mINFO [0;39m global.createAuthenticationToken - 
     utente appena autenticato
31-01-2020 15:44:38.999 [35m[http-nio-8080-exec-8][0;39m [34mINFO [0;39m global.generateToken - 
     nuovo token generato
31-01-2020 15:44:39.001 [35m[http-nio-8080-exec-8][0;39m [34mINFO [0;39m global.createAuthenticationToken - 
     utente appena autenticato
31-01-2020 15:46:38.799 [35m[http-nio-8080-exec-2][0;39m [34mINFO [0;39m global.generateToken - 
     nuovo token generato
31-01-2020 15:46:38.801 [35m[http-nio-8080-exec-2][0;39m [34mINFO [0;39m global.createAuthenticationToken - 
     utente appena autenticato
31-01-2020 15:48:14.413 [35m[http-nio-8080-exec-5][0;39m [34mINFO [0;39m global.generateToken - 
     nuovo token generato
31-01-2020 15:48:14.415 [35m[http-nio-8080-exec-5][0;39m [34mINFO [0;39m global.createAuthenticationToken - 
     utente appena autenticato
31-01-2020 15:50:15.060 [35m[http-nio-8080-exec-9][0;39m [34mINFO [0;39m global.generateToken - 
     nuovo token generato
31-01-2020 15:50:15.062 [35m[http-nio-8080-exec-9][0;39m [34mINFO [0;39m global.createAuthenticationToken - 
     utente appena autenticato
31-01-2020 15:50:36.806 [35m[http-nio-8080-exec-10][0;39m [34mINFO [0;39m global.generateToken - 
     nuovo token generato
31-01-2020 15:50:36.808 [35m[http-nio-8080-exec-10][0;39m [34mINFO [0;39m global.createAuthenticationToken - 
     utente appena autenticato
31-01-2020 16:02:23.256 [35m[http-nio-8080-exec-3][0;39m [34mINFO [0;39m global.generateToken - 
     nuovo token generato
31-01-2020 16:02:23.258 [35m[http-nio-8080-exec-3][0;39m [34mINFO [0;39m global.createAuthenticationToken - 
     utente appena autenticato
31-01-2020 16:02:40.672 [35m[http-nio-8080-exec-5][0;39m [34mINFO [0;39m global.generateToken - 
     nuovo token generato
31-01-2020 16:02:40.674 [35m[http-nio-8080-exec-5][0;39m [34mINFO [0;39m global.createAuthenticationToken - 
     utente appena autenticato
31-01-2020 16:02:45.216 [35m[http-nio-8080-exec-6][0;39m [34mINFO [0;39m global.generateToken - 
     nuovo token generato
31-01-2020 16:02:45.217 [35m[http-nio-8080-exec-6][0;39m [34mINFO [0;39m global.createAuthenticationToken - 
     utente appena autenticato
31-01-2020 16:05:29.084 [35m[http-nio-8080-exec-8][0;39m [34mINFO [0;39m global.generateToken - 
     nuovo token generato
31-01-2020 16:05:29.085 [35m[http-nio-8080-exec-8][0;39m [34mINFO [0;39m global.createAuthenticationToken - 
     utente appena autenticato
31-01-2020 16:05:44.744 [35m[http-nio-8080-exec-1][0;39m [34mINFO [0;39m global.generateToken - 
     nuovo token generato
31-01-2020 16:05:44.746 [35m[http-nio-8080-exec-1][0;39m [34mINFO [0;39m global.createAuthenticationToken - 
     utente appena autenticato
31-01-2020 16:07:55.248 [35m[http-nio-8080-exec-4][0;39m [34mINFO [0;39m global.generateToken - 
     nuovo token generato
31-01-2020 16:07:55.249 [35m[http-nio-8080-exec-4][0;39m [34mINFO [0;39m global.createAuthenticationToken - 
     utente appena autenticato
31-01-2020 16:09:22.585 [35m[http-nio-8080-exec-7][0;39m [34mINFO [0;39m global.generateToken - 
     nuovo token generato
31-01-2020 16:09:22.586 [35m[http-nio-8080-exec-7][0;39m [34mINFO [0;39m global.createAuthenticationToken - 
     utente appena autenticato
31-01-2020 16:09:39.306 [35m[http-nio-8080-exec-8][0;39m [34mINFO [0;39m global.generateToken - 
     nuovo token generato
31-01-2020 16:09:39.308 [35m[http-nio-8080-exec-8][0;39m [34mINFO [0;39m global.createAuthenticationToken - 
     utente appena autenticato
31-01-2020 16:12:13.427 [35m[http-nio-8080-exec-2][0;39m [34mINFO [0;39m global.generateToken - 
     nuovo token generato
31-01-2020 16:12:13.429 [35m[http-nio-8080-exec-2][0;39m [34mINFO [0;39m global.createAuthenticationToken - 
     utente appena autenticato
31-01-2020 16:12:46.263 [35m[http-nio-8080-exec-4][0;39m [34mINFO [0;39m global.generateToken - 
     nuovo token generato
31-01-2020 16:12:46.264 [35m[http-nio-8080-exec-4][0;39m [34mINFO [0;39m global.createAuthenticationToken - 
     utente appena autenticato
31-01-2020 16:14:13.633 [35m[http-nio-8080-exec-7][0;39m [34mINFO [0;39m global.generateToken - 
     nuovo token generato
31-01-2020 16:14:13.635 [35m[http-nio-8080-exec-7][0;39m [34mINFO [0;39m global.createAuthenticationToken - 
     utente appena autenticato
31-01-2020 16:15:30.332 [35m[http-nio-8080-exec-10][0;39m [34mINFO [0;39m global.generateToken - 
     nuovo token generato
31-01-2020 16:15:30.333 [35m[http-nio-8080-exec-10][0;39m [34mINFO [0;39m global.createAuthenticationToken - 
     utente appena autenticato
31-01-2020 16:16:21.178 [35m[http-nio-8080-exec-2][0;39m [34mINFO [0;39m global.generateToken - 
     nuovo token generato
31-01-2020 16:16:21.180 [35m[http-nio-8080-exec-2][0;39m [34mINFO [0;39m global.createAuthenticationToken - 
     utente appena autenticato
31-01-2020 16:17:12.673 [35m[http-nio-8080-exec-4][0;39m [34mINFO [0;39m global.generateToken - 
     nuovo token generato
31-01-2020 16:17:12.675 [35m[http-nio-8080-exec-4][0;39m [34mINFO [0;39m global.createAuthenticationToken - 
     utente appena autenticato
31-01-2020 16:17:52.245 [35m[http-nio-8080-exec-6][0;39m [34mINFO [0;39m global.generateToken - 
     nuovo token generato
31-01-2020 16:17:52.247 [35m[http-nio-8080-exec-6][0;39m [34mINFO [0;39m global.createAuthenticationToken - 
     utente appena autenticato
31-01-2020 16:18:44.603 [35m[http-nio-8080-exec-9][0;39m [34mINFO [0;39m global.generateToken - 
     nuovo token generato
31-01-2020 16:18:44.605 [35m[http-nio-8080-exec-9][0;39m [34mINFO [0;39m global.createAuthenticationToken - 
     utente appena autenticato
31-01-2020 16:19:26.898 [35m[http-nio-8080-exec-10][0;39m [34mINFO [0;39m global.generateToken - 
     nuovo token generato
31-01-2020 16:19:26.899 [35m[http-nio-8080-exec-10][0;39m [34mINFO [0;39m global.createAuthenticationToken - 
     utente appena autenticato
31-01-2020 16:19:56.488 [35m[http-nio-8080-exec-2][0;39m [34mINFO [0;39m global.generateToken - 
     nuovo token generato
31-01-2020 16:19:56.489 [35m[http-nio-8080-exec-2][0;39m [34mINFO [0;39m global.createAuthenticationToken - 
     utente appena autenticato
31-01-2020 16:20:13.248 [35m[http-nio-8080-exec-4][0;39m [34mINFO [0;39m global.generateToken - 
     nuovo token generato
31-01-2020 16:20:13.249 [35m[http-nio-8080-exec-4][0;39m [34mINFO [0;39m global.createAuthenticationToken - 
     utente appena autenticato
31-01-2020 16:36:55.431 [35m[http-nio-8080-exec-7][0;39m [34mINFO [0;39m global.generateToken - 
     nuovo token generato
31-01-2020 16:36:55.432 [35m[http-nio-8080-exec-7][0;39m [34mINFO [0;39m global.createAuthenticationToken - 
     utente appena autenticato
31-01-2020 16:37:11.391 [35m[http-nio-8080-exec-8][0;39m [34mINFO [0;39m global.generateToken - 
     nuovo token generato
31-01-2020 16:37:11.393 [35m[http-nio-8080-exec-8][0;39m [34mINFO [0;39m global.createAuthenticationToken - 
     utente appena autenticato
31-01-2020 16:45:07.075 [35m[http-nio-8080-exec-2][0;39m [34mINFO [0;39m global.generateToken - 
     nuovo token generato
31-01-2020 16:45:07.076 [35m[http-nio-8080-exec-2][0;39m [34mINFO [0;39m global.createAuthenticationToken - 
     utente appena autenticato
31-01-2020 16:45:17.595 [35m[http-nio-8080-exec-4][0;39m [34mINFO [0;39m global.generateToken - 
     nuovo token generato
31-01-2020 16:45:17.597 [35m[http-nio-8080-exec-4][0;39m [34mINFO [0;39m global.createAuthenticationToken - 
     utente appena autenticato
31-01-2020 16:52:20.950 [35m[http-nio-8080-exec-7][0;39m [34mINFO [0;39m global.generateToken - 
     nuovo token generato
31-01-2020 16:52:20.951 [35m[http-nio-8080-exec-7][0;39m [34mINFO [0;39m global.createAuthenticationToken - 
     utente appena autenticato
31-01-2020 17:07:16.692 [35m[http-nio-8080-exec-10][0;39m [34mINFO [0;39m global.generateToken - 
     nuovo token generato
31-01-2020 17:07:16.695 [35m[http-nio-8080-exec-10][0;39m [34mINFO [0;39m global.createAuthenticationToken - 
     utente appena autenticato
31-01-2020 17:08:33.290 [35m[http-nio-8080-exec-3][0;39m [34mINFO [0;39m global.generateToken - 
     nuovo token generato
31-01-2020 17:08:33.292 [35m[http-nio-8080-exec-3][0;39m [34mINFO [0;39m global.createAuthenticationToken - 
     utente appena autenticato
31-01-2020 17:09:04.109 [35m[http-nio-8080-exec-5][0;39m [34mINFO [0;39m global.generateToken - 
     nuovo token generato
31-01-2020 17:09:04.110 [35m[http-nio-8080-exec-5][0;39m [34mINFO [0;39m global.createAuthenticationToken - 
     utente appena autenticato
31-01-2020 17:09:18.408 [35m[http-nio-8080-exec-7][0;39m [34mINFO [0;39m global.generateToken - 
     nuovo token generato
31-01-2020 17:09:18.410 [35m[http-nio-8080-exec-7][0;39m [34mINFO [0;39m global.createAuthenticationToken - 
     utente appena autenticato
31-01-2020 17:09:23.826 [35m[http-nio-8080-exec-8][0;39m [31mWARN [0;39m o.s.w.s.m.m.a.ExceptionHandlerExceptionResolver.logException - 
     Resolved [org.springframework.security.authentication.InternalAuthenticationServiceException: UserDetailsService returned null, which is an interface contract violation]
31-01-2020 17:09:50.516 [35m[http-nio-8080-exec-1][0;39m [31mWARN [0;39m o.s.w.s.m.m.a.ExceptionHandlerExceptionResolver.logException - 
     Resolved [org.springframework.security.authentication.InternalAuthenticationServiceException: UserDetailsService returned null, which is an interface contract violation]
31-01-2020 17:09:50.962 [35m[http-nio-8080-exec-2][0;39m [31mWARN [0;39m o.s.w.s.m.m.a.ExceptionHandlerExceptionResolver.logException - 
     Resolved [org.springframework.security.authentication.InternalAuthenticationServiceException: UserDetailsService returned null, which is an interface contract violation]
31-01-2020 17:09:51.133 [35m[http-nio-8080-exec-3][0;39m [31mWARN [0;39m o.s.w.s.m.m.a.ExceptionHandlerExceptionResolver.logException - 
     Resolved [org.springframework.security.authentication.InternalAuthenticationServiceException: UserDetailsService returned null, which is an interface contract violation]
31-01-2020 17:09:51.314 [35m[http-nio-8080-exec-4][0;39m [31mWARN [0;39m o.s.w.s.m.m.a.ExceptionHandlerExceptionResolver.logException - 
     Resolved [org.springframework.security.authentication.InternalAuthenticationServiceException: UserDetailsService returned null, which is an interface contract violation]
31-01-2020 17:09:51.475 [35m[http-nio-8080-exec-5][0;39m [31mWARN [0;39m o.s.w.s.m.m.a.ExceptionHandlerExceptionResolver.logException - 
     Resolved [org.springframework.security.authentication.InternalAuthenticationServiceException: UserDetailsService returned null, which is an interface contract violation]
31-01-2020 17:09:51.651 [35m[http-nio-8080-exec-6][0;39m [31mWARN [0;39m o.s.w.s.m.m.a.ExceptionHandlerExceptionResolver.logException - 
     Resolved [org.springframework.security.authentication.InternalAuthenticationServiceException: UserDetailsService returned null, which is an interface contract violation]
31-01-2020 17:09:51.795 [35m[http-nio-8080-exec-7][0;39m [31mWARN [0;39m o.s.w.s.m.m.a.ExceptionHandlerExceptionResolver.logException - 
     Resolved [org.springframework.security.authentication.InternalAuthenticationServiceException: UserDetailsService returned null, which is an interface contract violation]
31-01-2020 17:09:51.946 [35m[http-nio-8080-exec-9][0;39m [31mWARN [0;39m o.s.w.s.m.m.a.ExceptionHandlerExceptionResolver.logException - 
     Resolved [org.springframework.security.authentication.InternalAuthenticationServiceException: UserDetailsService returned null, which is an interface contract violation]
31-01-2020 17:09:52.109 [35m[http-nio-8080-exec-8][0;39m [31mWARN [0;39m o.s.w.s.m.m.a.ExceptionHandlerExceptionResolver.logException - 
     Resolved [org.springframework.security.authentication.InternalAuthenticationServiceException: UserDetailsService returned null, which is an interface contract violation]
31-01-2020 17:09:52.254 [35m[http-nio-8080-exec-10][0;39m [31mWARN [0;39m o.s.w.s.m.m.a.ExceptionHandlerExceptionResolver.logException - 
     Resolved [org.springframework.security.authentication.InternalAuthenticationServiceException: UserDetailsService returned null, which is an interface contract violation]
31-01-2020 17:09:52.374 [35m[http-nio-8080-exec-1][0;39m [31mWARN [0;39m o.s.w.s.m.m.a.ExceptionHandlerExceptionResolver.logException - 
     Resolved [org.springframework.security.authentication.InternalAuthenticationServiceException: UserDetailsService returned null, which is an interface contract violation]
31-01-2020 17:10:16.305 [35m[http-nio-8080-exec-3][0;39m [31mWARN [0;39m o.s.w.s.m.m.a.ExceptionHandlerExceptionResolver.logException - 
     Resolved [org.springframework.security.authentication.InternalAuthenticationServiceException: UserDetailsService returned null, which is an interface contract violation]
31-01-2020 17:11:29.156 [35m[http-nio-8080-exec-6][0;39m [31mWARN [0;39m o.s.w.s.m.m.a.ExceptionHandlerExceptionResolver.logException - 
     Resolved [org.springframework.security.authentication.InternalAuthenticationServiceException: UserDetailsService returned null, which is an interface contract violation]
31-01-2020 17:12:35.557 [35m[http-nio-8080-exec-8][0;39m [31mWARN [0;39m o.s.w.s.m.m.a.ExceptionHandlerExceptionResolver.logException - 
     Resolved [org.springframework.security.authentication.InternalAuthenticationServiceException: UserDetailsService returned null, which is an interface contract violation]
31-01-2020 17:12:36.964 [35m[http-nio-8080-exec-10][0;39m [31mWARN [0;39m o.s.w.s.m.m.a.ExceptionHandlerExceptionResolver.logException - 
     Resolved [org.springframework.security.authentication.InternalAuthenticationServiceException: UserDetailsService returned null, which is an interface contract violation]
31-01-2020 17:12:37.137 [35m[http-nio-8080-exec-1][0;39m [31mWARN [0;39m o.s.w.s.m.m.a.ExceptionHandlerExceptionResolver.logException - 
     Resolved [org.springframework.security.authentication.InternalAuthenticationServiceException: UserDetailsService returned null, which is an interface contract violation]
31-01-2020 17:12:37.300 [35m[http-nio-8080-exec-2][0;39m [31mWARN [0;39m o.s.w.s.m.m.a.ExceptionHandlerExceptionResolver.logException - 
     Resolved [org.springframework.security.authentication.InternalAuthenticationServiceException: UserDetailsService returned null, which is an interface contract violation]
31-01-2020 17:12:37.458 [35m[http-nio-8080-exec-3][0;39m [31mWARN [0;39m o.s.w.s.m.m.a.ExceptionHandlerExceptionResolver.logException - 
     Resolved [org.springframework.security.authentication.InternalAuthenticationServiceException: UserDetailsService returned null, which is an interface contract violation]
31-01-2020 17:12:37.617 [35m[http-nio-8080-exec-4][0;39m [31mWARN [0;39m o.s.w.s.m.m.a.ExceptionHandlerExceptionResolver.logException - 
     Resolved [org.springframework.security.authentication.InternalAuthenticationServiceException: UserDetailsService returned null, which is an interface contract violation]
31-01-2020 17:12:37.769 [35m[http-nio-8080-exec-5][0;39m [31mWARN [0;39m o.s.w.s.m.m.a.ExceptionHandlerExceptionResolver.logException - 
     Resolved [org.springframework.security.authentication.InternalAuthenticationServiceException: UserDetailsService returned null, which is an interface contract violation]
31-01-2020 17:12:37.915 [35m[http-nio-8080-exec-6][0;39m [31mWARN [0;39m o.s.w.s.m.m.a.ExceptionHandlerExceptionResolver.logException - 
     Resolved [org.springframework.security.authentication.InternalAuthenticationServiceException: UserDetailsService returned null, which is an interface contract violation]
31-01-2020 17:12:38.065 [35m[http-nio-8080-exec-7][0;39m [31mWARN [0;39m o.s.w.s.m.m.a.ExceptionHandlerExceptionResolver.logException - 
     Resolved [org.springframework.security.authentication.InternalAuthenticationServiceException: UserDetailsService returned null, which is an interface contract violation]
31-01-2020 17:12:38.202 [35m[http-nio-8080-exec-9][0;39m [31mWARN [0;39m o.s.w.s.m.m.a.ExceptionHandlerExceptionResolver.logException - 
     Resolved [org.springframework.security.authentication.InternalAuthenticationServiceException: UserDetailsService returned null, which is an interface contract violation]
31-01-2020 17:12:38.354 [35m[http-nio-8080-exec-8][0;39m [31mWARN [0;39m o.s.w.s.m.m.a.ExceptionHandlerExceptionResolver.logException - 
     Resolved [org.springframework.security.authentication.InternalAuthenticationServiceException: UserDetailsService returned null, which is an interface contract violation]
31-01-2020 17:12:38.491 [35m[http-nio-8080-exec-10][0;39m [31mWARN [0;39m o.s.w.s.m.m.a.ExceptionHandlerExceptionResolver.logException - 
     Resolved [org.springframework.security.authentication.InternalAuthenticationServiceException: UserDetailsService returned null, which is an interface contract violation]
31-01-2020 17:12:38.641 [35m[http-nio-8080-exec-1][0;39m [31mWARN [0;39m o.s.w.s.m.m.a.ExceptionHandlerExceptionResolver.logException - 
     Resolved [org.springframework.security.authentication.InternalAuthenticationServiceException: UserDetailsService returned null, which is an interface contract violation]
31-01-2020 17:12:38.770 [35m[http-nio-8080-exec-2][0;39m [31mWARN [0;39m o.s.w.s.m.m.a.ExceptionHandlerExceptionResolver.logException - 
     Resolved [org.springframework.security.authentication.InternalAuthenticationServiceException: UserDetailsService returned null, which is an interface contract violation]
31-01-2020 17:12:38.889 [35m[http-nio-8080-exec-3][0;39m [31mWARN [0;39m o.s.w.s.m.m.a.ExceptionHandlerExceptionResolver.logException - 
     Resolved [org.springframework.security.authentication.InternalAuthenticationServiceException: UserDetailsService returned null, which is an interface contract violation]
31-01-2020 17:12:39.043 [35m[http-nio-8080-exec-4][0;39m [31mWARN [0;39m o.s.w.s.m.m.a.ExceptionHandlerExceptionResolver.logException - 
     Resolved [org.springframework.security.authentication.InternalAuthenticationServiceException: UserDetailsService returned null, which is an interface contract violation]
31-01-2020 17:12:39.186 [35m[http-nio-8080-exec-5][0;39m [31mWARN [0;39m o.s.w.s.m.m.a.ExceptionHandlerExceptionResolver.logException - 
     Resolved [org.springframework.security.authentication.InternalAuthenticationServiceException: UserDetailsService returned null, which is an interface contract violation]
31-01-2020 17:12:39.337 [35m[http-nio-8080-exec-6][0;39m [31mWARN [0;39m o.s.w.s.m.m.a.ExceptionHandlerExceptionResolver.logException - 
     Resolved [org.springframework.security.authentication.InternalAuthenticationServiceException: UserDetailsService returned null, which is an interface contract violation]
31-01-2020 17:12:39.465 [35m[http-nio-8080-exec-7][0;39m [31mWARN [0;39m o.s.w.s.m.m.a.ExceptionHandlerExceptionResolver.logException - 
     Resolved [org.springframework.security.authentication.InternalAuthenticationServiceException: UserDetailsService returned null, which is an interface contract violation]
31-01-2020 17:12:39.578 [35m[http-nio-8080-exec-9][0;39m [31mWARN [0;39m o.s.w.s.m.m.a.ExceptionHandlerExceptionResolver.logException - 
     Resolved [org.springframework.security.authentication.InternalAuthenticationServiceException: UserDetailsService returned null, which is an interface contract violation]
31-01-2020 17:12:47.729 [35m[http-nio-8080-exec-10][0;39m [31mWARN [0;39m o.s.w.s.m.m.a.ExceptionHandlerExceptionResolver.logException - 
     Resolved [org.springframework.security.authentication.InternalAuthenticationServiceException: UserDetailsService returned null, which is an interface contract violation]
31-01-2020 17:12:47.884 [35m[http-nio-8080-exec-1][0;39m [31mWARN [0;39m o.s.w.s.m.m.a.ExceptionHandlerExceptionResolver.logException - 
     Resolved [org.springframework.security.authentication.InternalAuthenticationServiceException: UserDetailsService returned null, which is an interface contract violation]
31-01-2020 17:12:48.052 [35m[http-nio-8080-exec-2][0;39m [31mWARN [0;39m o.s.w.s.m.m.a.ExceptionHandlerExceptionResolver.logException - 
     Resolved [org.springframework.security.authentication.InternalAuthenticationServiceException: UserDetailsService returned null, which is an interface contract violation]
31-01-2020 17:12:48.211 [35m[http-nio-8080-exec-3][0;39m [31mWARN [0;39m o.s.w.s.m.m.a.ExceptionHandlerExceptionResolver.logException - 
     Resolved [org.springframework.security.authentication.InternalAuthenticationServiceException: UserDetailsService returned null, which is an interface contract violation]
31-01-2020 17:12:48.372 [35m[http-nio-8080-exec-4][0;39m [31mWARN [0;39m o.s.w.s.m.m.a.ExceptionHandlerExceptionResolver.logException - 
     Resolved [org.springframework.security.authentication.InternalAuthenticationServiceException: UserDetailsService returned null, which is an interface contract violation]
31-01-2020 17:12:48.523 [35m[http-nio-8080-exec-5][0;39m [31mWARN [0;39m o.s.w.s.m.m.a.ExceptionHandlerExceptionResolver.logException - 
     Resolved [org.springframework.security.authentication.InternalAuthenticationServiceException: UserDetailsService returned null, which is an interface contract violation]
31-01-2020 17:12:48.683 [35m[http-nio-8080-exec-6][0;39m [31mWARN [0;39m o.s.w.s.m.m.a.ExceptionHandlerExceptionResolver.logException - 
     Resolved [org.springframework.security.authentication.InternalAuthenticationServiceException: UserDetailsService returned null, which is an interface contract violation]
31-01-2020 17:12:48.837 [35m[http-nio-8080-exec-7][0;39m [31mWARN [0;39m o.s.w.s.m.m.a.ExceptionHandlerExceptionResolver.logException - 
     Resolved [org.springframework.security.authentication.InternalAuthenticationServiceException: UserDetailsService returned null, which is an interface contract violation]
31-01-2020 17:12:49.034 [35m[http-nio-8080-exec-9][0;39m [31mWARN [0;39m o.s.w.s.m.m.a.ExceptionHandlerExceptionResolver.logException - 
     Resolved [org.springframework.security.authentication.InternalAuthenticationServiceException: UserDetailsService returned null, which is an interface contract violation]
31-01-2020 17:12:49.251 [35m[http-nio-8080-exec-8][0;39m [31mWARN [0;39m o.s.w.s.m.m.a.ExceptionHandlerExceptionResolver.logException - 
     Resolved [org.springframework.security.authentication.InternalAuthenticationServiceException: UserDetailsService returned null, which is an interface contract violation]
31-01-2020 17:12:49.900 [35m[http-nio-8080-exec-10][0;39m [31mWARN [0;39m o.s.w.s.m.m.a.ExceptionHandlerExceptionResolver.logException - 
     Resolved [org.springframework.security.authentication.InternalAuthenticationServiceException: UserDetailsService returned null, which is an interface contract violation]
31-01-2020 17:12:50.125 [35m[http-nio-8080-exec-1][0;39m [31mWARN [0;39m o.s.w.s.m.m.a.ExceptionHandlerExceptionResolver.logException - 
     Resolved [org.springframework.security.authentication.InternalAuthenticationServiceException: UserDetailsService returned null, which is an interface contract violation]
31-01-2020 17:13:45.936 [35m[http-nio-8080-exec-3][0;39m [31mWARN [0;39m o.s.w.s.m.m.a.ExceptionHandlerExceptionResolver.logException - 
     Resolved [org.springframework.security.authentication.InternalAuthenticationServiceException: UserDetailsService returned null, which is an interface contract violation]
31-01-2020 17:13:46.796 [35m[http-nio-8080-exec-4][0;39m [31mWARN [0;39m o.s.w.s.m.m.a.ExceptionHandlerExceptionResolver.logException - 
     Resolved [org.springframework.security.authentication.InternalAuthenticationServiceException: UserDetailsService returned null, which is an interface contract violation]
31-01-2020 17:13:46.955 [35m[http-nio-8080-exec-5][0;39m [31mWARN [0;39m o.s.w.s.m.m.a.ExceptionHandlerExceptionResolver.logException - 
     Resolved [org.springframework.security.authentication.InternalAuthenticationServiceException: UserDetailsService returned null, which is an interface contract violation]
31-01-2020 17:13:47.107 [35m[http-nio-8080-exec-6][0;39m [31mWARN [0;39m o.s.w.s.m.m.a.ExceptionHandlerExceptionResolver.logException - 
     Resolved [org.springframework.security.authentication.InternalAuthenticationServiceException: UserDetailsService returned null, which is an interface contract violation]
31-01-2020 17:13:47.274 [35m[http-nio-8080-exec-7][0;39m [31mWARN [0;39m o.s.w.s.m.m.a.ExceptionHandlerExceptionResolver.logException - 
     Resolved [org.springframework.security.authentication.InternalAuthenticationServiceException: UserDetailsService returned null, which is an interface contract violation]
31-01-2020 17:13:47.418 [35m[http-nio-8080-exec-9][0;39m [31mWARN [0;39m o.s.w.s.m.m.a.ExceptionHandlerExceptionResolver.logException - 
     Resolved [org.springframework.security.authentication.InternalAuthenticationServiceException: UserDetailsService returned null, which is an interface contract violation]
31-01-2020 17:13:47.571 [35m[http-nio-8080-exec-8][0;39m [31mWARN [0;39m o.s.w.s.m.m.a.ExceptionHandlerExceptionResolver.logException - 
     Resolved [org.springframework.security.authentication.InternalAuthenticationServiceException: UserDetailsService returned null, which is an interface contract violation]
31-01-2020 17:13:47.722 [35m[http-nio-8080-exec-10][0;39m [31mWARN [0;39m o.s.w.s.m.m.a.ExceptionHandlerExceptionResolver.logException - 
     Resolved [org.springframework.security.authentication.InternalAuthenticationServiceException: UserDetailsService returned null, which is an interface contract violation]
31-01-2020 17:13:47.851 [35m[http-nio-8080-exec-1][0;39m [31mWARN [0;39m o.s.w.s.m.m.a.ExceptionHandlerExceptionResolver.logException - 
     Resolved [org.springframework.security.authentication.InternalAuthenticationServiceException: UserDetailsService returned null, which is an interface contract violation]
31-01-2020 17:13:47.987 [35m[http-nio-8080-exec-2][0;39m [31mWARN [0;39m o.s.w.s.m.m.a.ExceptionHandlerExceptionResolver.logException - 
     Resolved [org.springframework.security.authentication.InternalAuthenticationServiceException: UserDetailsService returned null, which is an interface contract violation]
31-01-2020 17:13:48.126 [35m[http-nio-8080-exec-3][0;39m [31mWARN [0;39m o.s.w.s.m.m.a.ExceptionHandlerExceptionResolver.logException - 
     Resolved [org.springframework.security.authentication.InternalAuthenticationServiceException: UserDetailsService returned null, which is an interface contract violation]
31-01-2020 17:14:54.857 [35m[http-nio-8080-exec-6][0;39m [31mWARN [0;39m o.s.w.s.m.m.a.ExceptionHandlerExceptionResolver.logException - 
     Resolved [org.springframework.security.authentication.InternalAuthenticationServiceException: UserDetailsService returned null, which is an interface contract violation]
31-01-2020 17:14:55.852 [35m[http-nio-8080-exec-7][0;39m [31mWARN [0;39m o.s.w.s.m.m.a.ExceptionHandlerExceptionResolver.logException - 
     Resolved [org.springframework.security.authentication.InternalAuthenticationServiceException: UserDetailsService returned null, which is an interface contract violation]
31-01-2020 17:14:56.023 [35m[http-nio-8080-exec-9][0;39m [31mWARN [0;39m o.s.w.s.m.m.a.ExceptionHandlerExceptionResolver.logException - 
     Resolved [org.springframework.security.authentication.InternalAuthenticationServiceException: UserDetailsService returned null, which is an interface contract violation]
31-01-2020 17:14:56.165 [35m[http-nio-8080-exec-8][0;39m [31mWARN [0;39m o.s.w.s.m.m.a.ExceptionHandlerExceptionResolver.logException - 
     Resolved [org.springframework.security.authentication.InternalAuthenticationServiceException: UserDetailsService returned null, which is an interface contract violation]
31-01-2020 17:15:27.116 [35m[http-nio-8080-exec-1][0;39m [31mWARN [0;39m o.s.w.s.m.m.a.ExceptionHandlerExceptionResolver.logException - 
     Resolved [org.springframework.security.authentication.InternalAuthenticationServiceException: UserDetailsService returned null, which is an interface contract violation]
31-01-2020 17:16:02.265 [35m[http-nio-8080-exec-3][0;39m [31mWARN [0;39m o.s.w.s.m.m.a.ExceptionHandlerExceptionResolver.logException - 
     Resolved [org.springframework.security.authentication.InternalAuthenticationServiceException: UserDetailsService returned null, which is an interface contract violation]
31-01-2020 17:17:13.469 [35m[http-nio-8080-exec-6][0;39m [31mWARN [0;39m o.s.w.s.m.m.a.ExceptionHandlerExceptionResolver.logException - 
     Resolved [org.springframework.security.authentication.InternalAuthenticationServiceException: UserDetailsService returned null, which is an interface contract violation]
31-01-2020 17:17:21.401 [35m[http-nio-8080-exec-9][0;39m [34mINFO [0;39m global.generateToken - 
     nuovo token generato
31-01-2020 17:17:21.403 [35m[http-nio-8080-exec-9][0;39m [34mINFO [0;39m global.createAuthenticationToken - 
     utente appena autenticato
31-01-2020 17:19:59.498 [35m[http-nio-8080-exec-1][0;39m [31mWARN [0;39m o.s.w.s.m.m.a.ExceptionHandlerExceptionResolver.logException - 
     Resolved [org.springframework.security.authentication.InternalAuthenticationServiceException: UserDetailsService returned null, which is an interface contract violation]
31-01-2020 17:20:06.865 [35m[http-nio-8080-exec-3][0;39m [34mINFO [0;39m global.generateToken - 
     nuovo token generato
31-01-2020 17:20:06.866 [35m[http-nio-8080-exec-3][0;39m [34mINFO [0;39m global.createAuthenticationToken - 
     utente appena autenticato
31-01-2020 17:21:18.395 [35m[http-nio-8080-exec-6][0;39m [34mINFO [0;39m global.generateToken - 
     nuovo token generato
31-01-2020 17:21:18.396 [35m[http-nio-8080-exec-6][0;39m [34mINFO [0;39m global.createAuthenticationToken - 
     utente appena autenticato
31-01-2020 17:21:54.082 [35m[http-nio-8080-exec-9][0;39m [34mINFO [0;39m global.generateToken - 
     nuovo token generato
31-01-2020 17:21:54.084 [35m[http-nio-8080-exec-9][0;39m [34mINFO [0;39m global.createAuthenticationToken - 
     utente appena autenticato
31-01-2020 17:23:37.047 [35m[http-nio-8080-exec-1][0;39m [34mINFO [0;39m global.generateToken - 
     nuovo token generato
31-01-2020 17:23:37.048 [35m[http-nio-8080-exec-1][0;39m [34mINFO [0;39m global.createAuthenticationToken - 
     utente appena autenticato
31-01-2020 17:24:57.567 [35m[http-nio-8080-exec-4][0;39m [34mINFO [0;39m global.generateToken - 
     nuovo token generato
31-01-2020 17:24:57.568 [35m[http-nio-8080-exec-4][0;39m [34mINFO [0;39m global.createAuthenticationToken - 
     utente appena autenticato
31-01-2020 17:26:58.564 [35m[http-nio-8080-exec-7][0;39m [34mINFO [0;39m global.generateToken - 
     nuovo token generato
31-01-2020 17:26:58.565 [35m[http-nio-8080-exec-7][0;39m [34mINFO [0;39m global.createAuthenticationToken - 
     utente appena autenticato
31-01-2020 17:37:59.638 [35m[http-nio-8080-exec-10][0;39m [34mINFO [0;39m global.generateToken - 
     nuovo token generato
31-01-2020 17:37:59.639 [35m[http-nio-8080-exec-10][0;39m [34mINFO [0;39m global.createAuthenticationToken - 
     utente appena autenticato
31-01-2020 17:38:16.423 [35m[http-nio-8080-exec-2][0;39m [34mINFO [0;39m global.generateToken - 
     nuovo token generato
31-01-2020 17:38:16.424 [35m[http-nio-8080-exec-2][0;39m [34mINFO [0;39m global.createAuthenticationToken - 
     utente appena autenticato
31-01-2020 17:39:31.144 [35m[http-nio-8080-exec-5][0;39m [34mINFO [0;39m global.generateToken - 
     nuovo token generato
31-01-2020 17:39:31.145 [35m[http-nio-8080-exec-5][0;39m [34mINFO [0;39m global.createAuthenticationToken - 
     utente appena autenticato
31-01-2020 17:44:37.091 [35m[http-nio-8080-exec-9][0;39m [34mINFO [0;39m global.generateToken - 
     nuovo token generato
31-01-2020 17:44:37.093 [35m[http-nio-8080-exec-9][0;39m [34mINFO [0;39m global.createAuthenticationToken - 
     utente appena autenticato
31-01-2020 17:45:26.171 [35m[http-nio-8080-exec-10][0;39m [34mINFO [0;39m global.generateToken - 
     nuovo token generato
31-01-2020 17:45:26.172 [35m[http-nio-8080-exec-10][0;39m [34mINFO [0;39m global.createAuthenticationToken - 
     utente appena autenticato
31-01-2020 17:51:34.624 [35m[http-nio-8080-exec-3][0;39m [34mINFO [0;39m global.generateToken - 
     nuovo token generato
31-01-2020 17:51:34.626 [35m[http-nio-8080-exec-3][0;39m [34mINFO [0;39m global.createAuthenticationToken - 
     utente appena autenticato
31-01-2020 17:51:50.861 [35m[http-nio-8080-exec-5][0;39m [34mINFO [0;39m global.generateToken - 
     nuovo token generato
31-01-2020 17:51:50.863 [35m[http-nio-8080-exec-5][0;39m [34mINFO [0;39m global.createAuthenticationToken - 
     utente appena autenticato
31-01-2020 17:52:11.326 [35m[http-nio-8080-exec-7][0;39m [34mINFO [0;39m global.generateToken - 
     nuovo token generato
31-01-2020 17:52:11.327 [35m[http-nio-8080-exec-7][0;39m [34mINFO [0;39m global.createAuthenticationToken - 
     utente appena autenticato
31-01-2020 17:52:42.994 [35m[http-nio-8080-exec-8][0;39m [34mINFO [0;39m global.generateToken - 
     nuovo token generato
31-01-2020 17:52:42.996 [35m[http-nio-8080-exec-8][0;39m [34mINFO [0;39m global.createAuthenticationToken - 
     utente appena autenticato
31-01-2020 17:53:10.433 [35m[http-nio-8080-exec-1][0;39m [34mINFO [0;39m global.generateToken - 
     nuovo token generato
31-01-2020 17:53:10.435 [35m[http-nio-8080-exec-1][0;39m [34mINFO [0;39m global.createAuthenticationToken - 
     utente appena autenticato
31-01-2020 17:53:21.222 [35m[http-nio-8080-exec-3][0;39m [31mWARN [0;39m o.s.w.s.m.m.a.ExceptionHandlerExceptionResolver.logException - 
     Resolved [org.springframework.security.authentication.InternalAuthenticationServiceException: UserDetailsService returned null, which is an interface contract violation]
31-01-2020 17:53:27.218 [35m[http-nio-8080-exec-5][0;39m [34mINFO [0;39m global.generateToken - 
     nuovo token generato
31-01-2020 17:53:27.219 [35m[http-nio-8080-exec-5][0;39m [34mINFO [0;39m global.createAuthenticationToken - 
     utente appena autenticato
31-01-2020 17:54:53.009 [35m[http-nio-8080-exec-9][0;39m [34mINFO [0;39m global.generateToken - 
     nuovo token generato
31-01-2020 17:54:53.010 [35m[http-nio-8080-exec-9][0;39m [34mINFO [0;39m global.createAuthenticationToken - 
     utente appena autenticato
31-01-2020 17:55:10.465 [35m[http-nio-8080-exec-10][0;39m [34mINFO [0;39m global.generateToken - 
     nuovo token generato
31-01-2020 17:55:10.466 [35m[http-nio-8080-exec-10][0;39m [34mINFO [0;39m global.createAuthenticationToken - 
     utente appena autenticato
31-01-2020 17:57:13.637 [35m[http-nio-8080-exec-3][0;39m [34mINFO [0;39m global.generateToken - 
     nuovo token generato
31-01-2020 17:57:13.638 [35m[http-nio-8080-exec-3][0;39m [34mINFO [0;39m global.createAuthenticationToken - 
     utente appena autenticato
31-01-2020 17:58:45.905 [35m[http-nio-8080-exec-6][0;39m [34mINFO [0;39m global.generateToken - 
     nuovo token generato
31-01-2020 17:58:45.907 [35m[http-nio-8080-exec-6][0;39m [34mINFO [0;39m global.createAuthenticationToken - 
     utente appena autenticato
31-01-2020 18:06:14.712 [35m[http-nio-8080-exec-8][0;39m [34mINFO [0;39m global.generateToken - 
     nuovo token generato
31-01-2020 18:06:14.713 [35m[http-nio-8080-exec-8][0;39m [34mINFO [0;39m global.createAuthenticationToken - 
     utente appena autenticato
31-01-2020 18:07:15.990 [35m[http-nio-8080-exec-2][0;39m [34mINFO [0;39m global.generateToken - 
     nuovo token generato
31-01-2020 18:07:15.992 [35m[http-nio-8080-exec-2][0;39m [34mINFO [0;39m global.createAuthenticationToken - 
     utente appena autenticato
31-01-2020 18:07:45.993 [35m[http-nio-8080-exec-4][0;39m [34mINFO [0;39m global.generateToken - 
     nuovo token generato
31-01-2020 18:07:45.994 [35m[http-nio-8080-exec-4][0;39m [34mINFO [0;39m global.createAuthenticationToken - 
     utente appena autenticato
31-01-2020 18:28:14.194 [35m[http-nio-8080-exec-7][0;39m [34mINFO [0;39m global.generateToken - 
     nuovo token generato
31-01-2020 18:28:14.195 [35m[http-nio-8080-exec-7][0;39m [34mINFO [0;39m global.createAuthenticationToken - 
     utente appena autenticato
31-01-2020 18:28:59.821 [35m[http-nio-8080-exec-8][0;39m [34mINFO [0;39m global.generateToken - 
     nuovo token generato
31-01-2020 18:28:59.823 [35m[http-nio-8080-exec-8][0;39m [34mINFO [0;39m global.createAuthenticationToken - 
     utente appena autenticato
31-01-2020 18:34:36.447 [35m[http-nio-8080-exec-2][0;39m [34mINFO [0;39m global.generateToken - 
     nuovo token generato
31-01-2020 18:34:36.448 [35m[http-nio-8080-exec-2][0;39m [34mINFO [0;39m global.createAuthenticationToken - 
     utente appena autenticato
31-01-2020 18:36:08.081 [35m[http-nio-8080-exec-5][0;39m [34mINFO [0;39m global.generateToken - 
     nuovo token generato
31-01-2020 18:36:08.082 [35m[http-nio-8080-exec-5][0;39m [34mINFO [0;39m global.createAuthenticationToken - 
     utente appena autenticato
31-01-2020 18:38:00.126 [35m[http-nio-8080-exec-9][0;39m [34mINFO [0;39m global.generateToken - 
     nuovo token generato
31-01-2020 18:38:00.128 [35m[http-nio-8080-exec-9][0;39m [34mINFO [0;39m global.createAuthenticationToken - 
     utente appena autenticato
31-01-2020 19:11:04.702 [35m[http-nio-8080-exec-1][0;39m [34mINFO [0;39m global.modificaCredenziali - 
     credenziali non modificate
31-01-2020 19:11:13.628 [35m[http-nio-8080-exec-3][0;39m [34mINFO [0;39m global.modificaCredenziali - 
     credenziali non modificate
31-01-2020 19:11:36.638 [35m[http-nio-8080-exec-5][0;39m [34mINFO [0;39m global.modificaCredenziali - 
     credenziali non modificate
31-01-2020 19:16:18.920 [35m[http-nio-8080-exec-9][0;39m [34mINFO [0;39m global.modificaCredenziali - 
     credenziali non modificate
31-01-2020 19:46:44.833 [35m[http-nio-8080-exec-1][0;39m [34mINFO [0;39m global.generateToken - 
     nuovo token generato
31-01-2020 19:46:44.833 [35m[http-nio-8080-exec-1][0;39m [34mINFO [0;39m global.createAuthenticationToken - 
     utente appena autenticato
31-01-2020 19:50:12.457 [35m[http-nio-8080-exec-4][0;39m [31mWARN [0;39m o.s.w.s.m.m.a.ExceptionHandlerExceptionResolver.logException - 
     Resolved [org.springframework.security.authentication.InternalAuthenticationServiceException: UserDetailsService returned null, which is an interface contract violation]
31-01-2020 19:50:13.226 [35m[http-nio-8080-exec-5][0;39m [31mWARN [0;39m o.s.w.s.m.m.a.ExceptionHandlerExceptionResolver.logException - 
     Resolved [org.springframework.security.authentication.InternalAuthenticationServiceException: UserDetailsService returned null, which is an interface contract violation]
31-01-2020 19:50:17.089 [35m[http-nio-8080-exec-6][0;39m [31mWARN [0;39m o.s.w.s.m.m.a.ExceptionHandlerExceptionResolver.logException - 
     Resolved [org.springframework.security.authentication.InternalAuthenticationServiceException: UserDetailsService returned null, which is an interface contract violation]
31-01-2020 19:50:21.272 [35m[http-nio-8080-exec-9][0;39m [31mWARN [0;39m o.s.w.s.m.m.a.ExceptionHandlerExceptionResolver.logException - 
     Resolved [org.springframework.security.authentication.InternalAuthenticationServiceException: UserDetailsService returned null, which is an interface contract violation]
31-01-2020 19:50:24.547 [35m[http-nio-8080-exec-8][0;39m [31mWARN [0;39m o.s.w.s.m.m.a.ExceptionHandlerExceptionResolver.logException - 
     Resolved [org.springframework.security.authentication.InternalAuthenticationServiceException: UserDetailsService returned null, which is an interface contract violation]
31-01-2020 19:50:45.583 [35m[http-nio-8080-exec-1][0;39m [31mWARN [0;39m o.h.e.jdbc.spi.SqlExceptionHelper.logExceptions - 
     SQL Error: 1062, SQLState: 23000
31-01-2020 19:50:45.637 [35m[http-nio-8080-exec-1][0;39m [1;31mERROR[0;39m o.h.e.jdbc.spi.SqlExceptionHelper.logExceptions - 
     Duplicate entry 'aaa' for key 'UK_gxvq4mjswnupehxnp35vawmo2'
31-01-2020 19:50:45.894 [35m[http-nio-8080-exec-1][0;39m [31mWARN [0;39m o.s.w.s.m.m.a.ExceptionHandlerExceptionResolver.logException - 
     Resolved [org.springframework.dao.DataIntegrityViolationException: could not execute statement; SQL [n/a]; constraint [UK_gxvq4mjswnupehxnp35vawmo2]; nested exception is org.hibernate.exception.ConstraintViolationException: could not execute statement]
31-01-2020 19:50:54.080 [35m[http-nio-8080-exec-3][0;39m [34mINFO [0;39m global.generateToken - 
     nuovo token generato
31-01-2020 19:50:54.082 [35m[http-nio-8080-exec-3][0;39m [34mINFO [0;39m global.createAuthenticationToken - 
     utente appena autenticato
31-01-2020 19:51:12.532 [35m[http-nio-8080-exec-5][0;39m [34mINFO [0;39m global.generateToken - 
     nuovo token generato
31-01-2020 19:51:12.533 [35m[http-nio-8080-exec-5][0;39m [34mINFO [0;39m global.createAuthenticationToken - 
     utente appena autenticato
31-01-2020 19:51:39.464 [35m[http-nio-8080-exec-8][0;39m [34mINFO [0;39m global.generateToken - 
     nuovo token generato
31-01-2020 19:51:39.465 [35m[http-nio-8080-exec-8][0;39m [34mINFO [0;39m global.createAuthenticationToken - 
     utente appena autenticato
31-01-2020 20:01:57.042 [35m[http-nio-8080-exec-5][0;39m [34mINFO [0;39m global.generateToken - 
     nuovo token generato
31-01-2020 20:01:57.043 [35m[http-nio-8080-exec-5][0;39m [34mINFO [0;39m global.createAuthenticationToken - 
     utente appena autenticato
31-01-2020 21:32:44.428 [35m[http-nio-8080-exec-9][0;39m [31mWARN [0;39m o.s.w.s.m.m.a.ExceptionHandlerExceptionResolver.logException - 
     Resolved [org.springframework.security.authentication.InternalAuthenticationServiceException: UserDetailsService returned null, which is an interface contract violation]
31-01-2020 21:32:56.036 [35m[http-nio-8080-exec-10][0;39m [34mINFO [0;39m global.generateToken - 
     nuovo token generato
31-01-2020 21:32:56.038 [35m[http-nio-8080-exec-10][0;39m [34mINFO [0;39m global.createAuthenticationToken - 
     utente appena autenticato
31-01-2020 21:33:25.308 [35m[http-nio-8080-exec-4][0;39m [34mINFO [0;39m global.generateToken - 
     nuovo token generato
31-01-2020 21:33:25.311 [35m[http-nio-8080-exec-4][0;39m [34mINFO [0;39m global.createAuthenticationToken - 
     utente appena autenticato
