25-01-2020 15:23:39.365 [35m[restartedMain][0;39m [34mINFO [0;39m com.avis.AnAvisApplication.logStarting - 
     Starting AnAvisApplication on DESKTOP-LEO with PID 9048 (E:\School\IngegneriaDelSoftware\AnAvis\AnAvis\backend\target\classes started by Leonardo in E:\School\IngegneriaDelSoftware\AnAvis\AnAvis\backend)
25-01-2020 15:23:39.366 [35m[restartedMain][0;39m [34mINFO [0;39m com.avis.AnAvisApplication.logStartupProfileInfo - 
     No active profile set, falling back to default profiles: default
25-01-2020 15:23:39.413 [35m[restartedMain][0;39m [34mINFO [0;39m o.s.b.d.restart.ChangeableUrls.logTo - 
     The Class-Path manifest attribute in C:\Users\Leona\.m2\repository\org\glassfish\jaxb\jaxb-runtime\2.3.2\jaxb-runtime-2.3.2.jar referenced one or more files that do not exist: file:/C:/Users/Leona/.m2/repository/org/glassfish/jaxb/jaxb-runtime/2.3.2/jakarta.xml.bind-api-2.3.2.jar,file:/C:/Users/Leona/.m2/repository/org/glassfish/jaxb/jaxb-runtime/2.3.2/txw2-2.3.2.jar,file:/C:/Users/Leona/.m2/repository/org/glassfish/jaxb/jaxb-runtime/2.3.2/istack-commons-runtime-3.0.8.jar,file:/C:/Users/Leona/.m2/repository/org/glassfish/jaxb/jaxb-runtime/2.3.2/stax-ex-1.8.1.jar,file:/C:/Users/Leona/.m2/repository/org/glassfish/jaxb/jaxb-runtime/2.3.2/FastInfoset-1.2.16.jar,file:/C:/Users/Leona/.m2/repository/org/glassfish/jaxb/jaxb-runtime/2.3.2/jakarta.activation-api-1.2.1.jar
25-01-2020 15:23:39.414 [35m[restartedMain][0;39m [34mINFO [0;39m o.s.b.d.e.DevToolsPropertyDefaultsPostProcessor.logTo - 
     Devtools property defaults active! Set 'spring.devtools.add-properties' to 'false' to disable
25-01-2020 15:23:39.415 [35m[restartedMain][0;39m [34mINFO [0;39m o.s.b.d.e.DevToolsPropertyDefaultsPostProcessor.logTo - 
     For additional web related logging consider setting the 'logging.level.web' property to 'DEBUG'
25-01-2020 15:23:40.098 [35m[restartedMain][0;39m [34mINFO [0;39m o.s.d.r.c.RepositoryConfigurationDelegate.registerRepositoriesIn - 
     Bootstrapping Spring Data repositories in DEFAULT mode.
25-01-2020 15:23:40.183 [35m[restartedMain][0;39m [34mINFO [0;39m o.s.d.r.c.RepositoryConfigurationDelegate.registerRepositoriesIn - 
     Finished Spring Data repository scanning in 75ms. Found 7 repository interfaces.
25-01-2020 15:23:40.570 [35m[restartedMain][0;39m [34mINFO [0;39m o.s.c.s.PostProcessorRegistrationDelegate$BeanPostProcessorChecker.postProcessAfterInitialization - 
     Bean 'org.springframework.transaction.annotation.ProxyTransactionManagementConfiguration' of type [org.springframework.transaction.annotation.ProxyTransactionManagementConfiguration] is not eligible for getting processed by all BeanPostProcessors (for example: not eligible for auto-proxying)
25-01-2020 15:23:40.602 [35m[restartedMain][0;39m [34mINFO [0;39m o.s.c.s.PostProcessorRegistrationDelegate$BeanPostProcessorChecker.postProcessAfterInitialization - 
     Bean 'org.springframework.security.config.annotation.configuration.ObjectPostProcessorConfiguration' of type [org.springframework.security.config.annotation.configuration.ObjectPostProcessorConfiguration] is not eligible for getting processed by all BeanPostProcessors (for example: not eligible for auto-proxying)
25-01-2020 15:23:40.605 [35m[restartedMain][0;39m [34mINFO [0;39m o.s.c.s.PostProcessorRegistrationDelegate$BeanPostProcessorChecker.postProcessAfterInitialization - 
     Bean 'objectPostProcessor' of type [org.springframework.security.config.annotation.configuration.AutowireBeanFactoryObjectPostProcessor] is not eligible for getting processed by all BeanPostProcessors (for example: not eligible for auto-proxying)
25-01-2020 15:23:40.607 [35m[restartedMain][0;39m [34mINFO [0;39m o.s.c.s.PostProcessorRegistrationDelegate$BeanPostProcessorChecker.postProcessAfterInitialization - 
     Bean 'org.springframework.security.access.expression.method.DefaultMethodSecurityExpressionHandler@1c1aef71' of type [org.springframework.security.access.expression.method.DefaultMethodSecurityExpressionHandler] is not eligible for getting processed by all BeanPostProcessors (for example: not eligible for auto-proxying)
25-01-2020 15:23:40.609 [35m[restartedMain][0;39m [34mINFO [0;39m o.s.c.s.PostProcessorRegistrationDelegate$BeanPostProcessorChecker.postProcessAfterInitialization - 
     Bean 'org.springframework.security.config.annotation.method.configuration.GlobalMethodSecurityConfiguration' of type [org.springframework.security.config.annotation.method.configuration.GlobalMethodSecurityConfiguration] is not eligible for getting processed by all BeanPostProcessors (for example: not eligible for auto-proxying)
25-01-2020 15:23:40.612 [35m[restartedMain][0;39m [34mINFO [0;39m o.s.c.s.PostProcessorRegistrationDelegate$BeanPostProcessorChecker.postProcessAfterInitialization - 
     Bean 'methodSecurityMetadataSource' of type [org.springframework.security.access.method.DelegatingMethodSecurityMetadataSource] is not eligible for getting processed by all BeanPostProcessors (for example: not eligible for auto-proxying)
25-01-2020 15:23:41.100 [35m[restartedMain][0;39m [34mINFO [0;39m o.s.b.w.e.tomcat.TomcatWebServer.initialize - 
     Tomcat initialized with port(s): 8080 (http)
25-01-2020 15:23:41.109 [35m[restartedMain][0;39m [34mINFO [0;39m o.a.coyote.http11.Http11NioProtocol.log - 
     Initializing ProtocolHandler ["http-nio-8080"]
25-01-2020 15:23:41.109 [35m[restartedMain][0;39m [34mINFO [0;39m o.a.catalina.core.StandardService.log - 
     Starting service [Tomcat]
25-01-2020 15:23:41.110 [35m[restartedMain][0;39m [34mINFO [0;39m o.a.catalina.core.StandardEngine.log - 
     Starting Servlet engine: [Apache Tomcat/9.0.27]
25-01-2020 15:23:41.200 [35m[restartedMain][0;39m [34mINFO [0;39m o.a.c.c.C.[Tomcat].[localhost].[/].log - 
     Initializing Spring embedded WebApplicationContext
25-01-2020 15:23:41.200 [35m[restartedMain][0;39m [34mINFO [0;39m o.s.web.context.ContextLoader.prepareWebApplicationContext - 
     Root WebApplicationContext: initialization completed in 1785 ms
25-01-2020 15:23:41.410 [35m[restartedMain][0;39m [34mINFO [0;39m o.h.jpa.internal.util.LogHelper.logPersistenceUnitInformation - 
     HHH000204: Processing PersistenceUnitInfo [name: default]
25-01-2020 15:23:41.471 [35m[restartedMain][0;39m [34mINFO [0;39m org.hibernate.Version.logVersion - 
     HHH000412: Hibernate Core {5.4.8.Final}
25-01-2020 15:23:41.601 [35m[restartedMain][0;39m [34mINFO [0;39m o.h.annotations.common.Version.<clinit> - 
     HCANN000001: Hibernate Commons Annotations {5.1.0.Final}
25-01-2020 15:23:41.625 [35m[restartedMain][0;39m [39mDEBUG[0;39m org.hibernate.type.BasicTypeRegistry.register - 
     Adding type registration boolean -> org.hibernate.type.BooleanType@5b69c4b3
25-01-2020 15:23:41.625 [35m[restartedMain][0;39m [39mDEBUG[0;39m org.hibernate.type.BasicTypeRegistry.register - 
     Adding type registration boolean -> org.hibernate.type.BooleanType@5b69c4b3
25-01-2020 15:23:41.626 [35m[restartedMain][0;39m [39mDEBUG[0;39m org.hibernate.type.BasicTypeRegistry.register - 
     Adding type registration java.lang.Boolean -> org.hibernate.type.BooleanType@5b69c4b3
25-01-2020 15:23:41.627 [35m[restartedMain][0;39m [39mDEBUG[0;39m org.hibernate.type.BasicTypeRegistry.register - 
     Adding type registration numeric_boolean -> org.hibernate.type.NumericBooleanType@206888
25-01-2020 15:23:41.629 [35m[restartedMain][0;39m [39mDEBUG[0;39m org.hibernate.type.BasicTypeRegistry.register - 
     Adding type registration true_false -> org.hibernate.type.TrueFalseType@194e7c8e
25-01-2020 15:23:41.632 [35m[restartedMain][0;39m [39mDEBUG[0;39m org.hibernate.type.BasicTypeRegistry.register - 
     Adding type registration yes_no -> org.hibernate.type.YesNoType@5481cced
25-01-2020 15:23:41.635 [35m[restartedMain][0;39m [39mDEBUG[0;39m org.hibernate.type.BasicTypeRegistry.register - 
     Adding type registration byte -> org.hibernate.type.ByteType@2d5c2ad5
25-01-2020 15:23:41.635 [35m[restartedMain][0;39m [39mDEBUG[0;39m org.hibernate.type.BasicTypeRegistry.register - 
     Adding type registration byte -> org.hibernate.type.ByteType@2d5c2ad5
25-01-2020 15:23:41.636 [35m[restartedMain][0;39m [39mDEBUG[0;39m org.hibernate.type.BasicTypeRegistry.register - 
     Adding type registration java.lang.Byte -> org.hibernate.type.ByteType@2d5c2ad5
25-01-2020 15:23:41.638 [35m[restartedMain][0;39m [39mDEBUG[0;39m org.hibernate.type.BasicTypeRegistry.register - 
     Adding type registration character -> org.hibernate.type.CharacterType@7b411352
25-01-2020 15:23:41.639 [35m[restartedMain][0;39m [39mDEBUG[0;39m org.hibernate.type.BasicTypeRegistry.register - 
     Adding type registration char -> org.hibernate.type.CharacterType@7b411352
25-01-2020 15:23:41.639 [35m[restartedMain][0;39m [39mDEBUG[0;39m org.hibernate.type.BasicTypeRegistry.register - 
     Adding type registration java.lang.Character -> org.hibernate.type.CharacterType@7b411352
25-01-2020 15:23:41.641 [35m[restartedMain][0;39m [39mDEBUG[0;39m org.hibernate.type.BasicTypeRegistry.register - 
     Adding type registration short -> org.hibernate.type.ShortType@6988370
25-01-2020 15:23:41.641 [35m[restartedMain][0;39m [39mDEBUG[0;39m org.hibernate.type.BasicTypeRegistry.register - 
     Adding type registration short -> org.hibernate.type.ShortType@6988370
25-01-2020 15:23:41.642 [35m[restartedMain][0;39m [39mDEBUG[0;39m org.hibernate.type.BasicTypeRegistry.register - 
     Adding type registration java.lang.Short -> org.hibernate.type.ShortType@6988370
25-01-2020 15:23:41.643 [35m[restartedMain][0;39m [39mDEBUG[0;39m org.hibernate.type.BasicTypeRegistry.register - 
     Adding type registration integer -> org.hibernate.type.IntegerType@26c0d6bd
25-01-2020 15:23:41.643 [35m[restartedMain][0;39m [39mDEBUG[0;39m org.hibernate.type.BasicTypeRegistry.register - 
     Adding type registration int -> org.hibernate.type.IntegerType@26c0d6bd
25-01-2020 15:23:41.644 [35m[restartedMain][0;39m [39mDEBUG[0;39m org.hibernate.type.BasicTypeRegistry.register - 
     Adding type registration java.lang.Integer -> org.hibernate.type.IntegerType@26c0d6bd
25-01-2020 15:23:41.646 [35m[restartedMain][0;39m [39mDEBUG[0;39m org.hibernate.type.BasicTypeRegistry.register - 
     Adding type registration long -> org.hibernate.type.LongType@63d51599
25-01-2020 15:23:41.646 [35m[restartedMain][0;39m [39mDEBUG[0;39m org.hibernate.type.BasicTypeRegistry.register - 
     Adding type registration long -> org.hibernate.type.LongType@63d51599
25-01-2020 15:23:41.647 [35m[restartedMain][0;39m [39mDEBUG[0;39m org.hibernate.type.BasicTypeRegistry.register - 
     Adding type registration java.lang.Long -> org.hibernate.type.LongType@63d51599
25-01-2020 15:23:41.649 [35m[restartedMain][0;39m [39mDEBUG[0;39m org.hibernate.type.BasicTypeRegistry.register - 
     Adding type registration float -> org.hibernate.type.FloatType@16fbc9d7
25-01-2020 15:23:41.649 [35m[restartedMain][0;39m [39mDEBUG[0;39m org.hibernate.type.BasicTypeRegistry.register - 
     Adding type registration float -> org.hibernate.type.FloatType@16fbc9d7
25-01-2020 15:23:41.650 [35m[restartedMain][0;39m [39mDEBUG[0;39m org.hibernate.type.BasicTypeRegistry.register - 
     Adding type registration java.lang.Float -> org.hibernate.type.FloatType@16fbc9d7
25-01-2020 15:23:41.653 [35m[restartedMain][0;39m [39mDEBUG[0;39m org.hibernate.type.BasicTypeRegistry.register - 
     Adding type registration double -> org.hibernate.type.DoubleType@57dc722e
25-01-2020 15:23:41.653 [35m[restartedMain][0;39m [39mDEBUG[0;39m org.hibernate.type.BasicTypeRegistry.register - 
     Adding type registration double -> org.hibernate.type.DoubleType@57dc722e
25-01-2020 15:23:41.654 [35m[restartedMain][0;39m [39mDEBUG[0;39m org.hibernate.type.BasicTypeRegistry.register - 
     Adding type registration java.lang.Double -> org.hibernate.type.DoubleType@57dc722e
25-01-2020 15:23:41.656 [35m[restartedMain][0;39m [39mDEBUG[0;39m org.hibernate.type.BasicTypeRegistry.register - 
     Adding type registration big_decimal -> org.hibernate.type.BigDecimalType@78245b91
25-01-2020 15:23:41.657 [35m[restartedMain][0;39m [39mDEBUG[0;39m org.hibernate.type.BasicTypeRegistry.register - 
     Adding type registration java.math.BigDecimal -> org.hibernate.type.BigDecimalType@78245b91
25-01-2020 15:23:41.659 [35m[restartedMain][0;39m [39mDEBUG[0;39m org.hibernate.type.BasicTypeRegistry.register - 
     Adding type registration big_integer -> org.hibernate.type.BigIntegerType@2a9f614e
25-01-2020 15:23:41.659 [35m[restartedMain][0;39m [39mDEBUG[0;39m org.hibernate.type.BasicTypeRegistry.register - 
     Adding type registration java.math.BigInteger -> org.hibernate.type.BigIntegerType@2a9f614e
25-01-2020 15:23:41.660 [35m[restartedMain][0;39m [39mDEBUG[0;39m org.hibernate.type.BasicTypeRegistry.register - 
     Adding type registration string -> org.hibernate.type.StringType@b7202c5
25-01-2020 15:23:41.662 [35m[restartedMain][0;39m [39mDEBUG[0;39m org.hibernate.type.BasicTypeRegistry.register - 
     Adding type registration java.lang.String -> org.hibernate.type.StringType@b7202c5
25-01-2020 15:23:41.663 [35m[restartedMain][0;39m [39mDEBUG[0;39m org.hibernate.type.BasicTypeRegistry.register - 
     Adding type registration nstring -> org.hibernate.type.StringNVarcharType@3de62f59
25-01-2020 15:23:41.665 [35m[restartedMain][0;39m [39mDEBUG[0;39m org.hibernate.type.BasicTypeRegistry.register - 
     Adding type registration ncharacter -> org.hibernate.type.CharacterNCharType@52c4b363
25-01-2020 15:23:41.668 [35m[restartedMain][0;39m [39mDEBUG[0;39m org.hibernate.type.BasicTypeRegistry.register - 
     Adding type registration url -> org.hibernate.type.UrlType@335457da
25-01-2020 15:23:41.669 [35m[restartedMain][0;39m [39mDEBUG[0;39m org.hibernate.type.BasicTypeRegistry.register - 
     Adding type registration java.net.URL -> org.hibernate.type.UrlType@335457da
25-01-2020 15:23:41.671 [35m[restartedMain][0;39m [39mDEBUG[0;39m org.hibernate.type.BasicTypeRegistry.register - 
     Adding type registration Duration -> org.hibernate.type.DurationType@142e7399
25-01-2020 15:23:41.672 [35m[restartedMain][0;39m [39mDEBUG[0;39m org.hibernate.type.BasicTypeRegistry.register - 
     Adding type registration java.time.Duration -> org.hibernate.type.DurationType@142e7399
25-01-2020 15:23:41.673 [35m[restartedMain][0;39m [39mDEBUG[0;39m org.hibernate.type.BasicTypeRegistry.register - 
     Adding type registration Instant -> org.hibernate.type.InstantType@7934938a
25-01-2020 15:23:41.674 [35m[restartedMain][0;39m [39mDEBUG[0;39m org.hibernate.type.BasicTypeRegistry.register - 
     Adding type registration java.time.Instant -> org.hibernate.type.InstantType@7934938a
25-01-2020 15:23:41.676 [35m[restartedMain][0;39m [39mDEBUG[0;39m org.hibernate.type.BasicTypeRegistry.register - 
     Adding type registration LocalDateTime -> org.hibernate.type.LocalDateTimeType@1bf810c5
25-01-2020 15:23:41.677 [35m[restartedMain][0;39m [39mDEBUG[0;39m org.hibernate.type.BasicTypeRegistry.register - 
     Adding type registration java.time.LocalDateTime -> org.hibernate.type.LocalDateTimeType@1bf810c5
25-01-2020 15:23:41.678 [35m[restartedMain][0;39m [39mDEBUG[0;39m org.hibernate.type.BasicTypeRegistry.register - 
     Adding type registration LocalDate -> org.hibernate.type.LocalDateType@41d1f158
25-01-2020 15:23:41.679 [35m[restartedMain][0;39m [39mDEBUG[0;39m org.hibernate.type.BasicTypeRegistry.register - 
     Adding type registration java.time.LocalDate -> org.hibernate.type.LocalDateType@41d1f158
25-01-2020 15:23:41.680 [35m[restartedMain][0;39m [39mDEBUG[0;39m org.hibernate.type.BasicTypeRegistry.register - 
     Adding type registration LocalTime -> org.hibernate.type.LocalTimeType@3c26ac50
25-01-2020 15:23:41.680 [35m[restartedMain][0;39m [39mDEBUG[0;39m org.hibernate.type.BasicTypeRegistry.register - 
     Adding type registration java.time.LocalTime -> org.hibernate.type.LocalTimeType@3c26ac50
25-01-2020 15:23:41.681 [35m[restartedMain][0;39m [39mDEBUG[0;39m org.hibernate.type.BasicTypeRegistry.register - 
     Adding type registration OffsetDateTime -> org.hibernate.type.OffsetDateTimeType@842bd3e
25-01-2020 15:23:41.681 [35m[restartedMain][0;39m [39mDEBUG[0;39m org.hibernate.type.BasicTypeRegistry.register - 
     Adding type registration java.time.OffsetDateTime -> org.hibernate.type.OffsetDateTimeType@842bd3e
25-01-2020 15:23:41.682 [35m[restartedMain][0;39m [39mDEBUG[0;39m org.hibernate.type.BasicTypeRegistry.register - 
     Adding type registration OffsetTime -> org.hibernate.type.OffsetTimeType@1b6b3b6f
25-01-2020 15:23:41.682 [35m[restartedMain][0;39m [39mDEBUG[0;39m org.hibernate.type.BasicTypeRegistry.register - 
     Adding type registration java.time.OffsetTime -> org.hibernate.type.OffsetTimeType@1b6b3b6f
25-01-2020 15:23:41.684 [35m[restartedMain][0;39m [39mDEBUG[0;39m org.hibernate.type.BasicTypeRegistry.register - 
     Adding type registration ZonedDateTime -> org.hibernate.type.ZonedDateTimeType@eb34d71
25-01-2020 15:23:41.684 [35m[restartedMain][0;39m [39mDEBUG[0;39m org.hibernate.type.BasicTypeRegistry.register - 
     Adding type registration java.time.ZonedDateTime -> org.hibernate.type.ZonedDateTimeType@eb34d71
25-01-2020 15:23:41.686 [35m[restartedMain][0;39m [39mDEBUG[0;39m org.hibernate.type.BasicTypeRegistry.register - 
     Adding type registration date -> org.hibernate.type.DateType@3f28e6c8
25-01-2020 15:23:41.686 [35m[restartedMain][0;39m [39mDEBUG[0;39m org.hibernate.type.BasicTypeRegistry.register - 
     Adding type registration java.sql.Date -> org.hibernate.type.DateType@3f28e6c8
25-01-2020 15:23:41.687 [35m[restartedMain][0;39m [39mDEBUG[0;39m org.hibernate.type.BasicTypeRegistry.register - 
     Adding type registration time -> org.hibernate.type.TimeType@7d560ec6
25-01-2020 15:23:41.687 [35m[restartedMain][0;39m [39mDEBUG[0;39m org.hibernate.type.BasicTypeRegistry.register - 
     Adding type registration java.sql.Time -> org.hibernate.type.TimeType@7d560ec6
25-01-2020 15:23:41.688 [35m[restartedMain][0;39m [39mDEBUG[0;39m org.hibernate.type.BasicTypeRegistry.register - 
     Adding type registration timestamp -> org.hibernate.type.TimestampType@67b5134f
25-01-2020 15:23:41.688 [35m[restartedMain][0;39m [39mDEBUG[0;39m org.hibernate.type.BasicTypeRegistry.register - 
     Adding type registration java.sql.Timestamp -> org.hibernate.type.TimestampType@67b5134f
25-01-2020 15:23:41.688 [35m[restartedMain][0;39m [39mDEBUG[0;39m org.hibernate.type.BasicTypeRegistry.register - 
     Adding type registration java.util.Date -> org.hibernate.type.TimestampType@67b5134f
25-01-2020 15:23:41.689 [35m[restartedMain][0;39m [39mDEBUG[0;39m org.hibernate.type.BasicTypeRegistry.register - 
     Adding type registration dbtimestamp -> org.hibernate.type.DbTimestampType@4a2b98b8
25-01-2020 15:23:41.690 [35m[restartedMain][0;39m [39mDEBUG[0;39m org.hibernate.type.BasicTypeRegistry.register - 
     Adding type registration calendar -> org.hibernate.type.CalendarType@68597ba7
25-01-2020 15:23:41.691 [35m[restartedMain][0;39m [39mDEBUG[0;39m org.hibernate.type.BasicTypeRegistry.register - 
     Adding type registration java.util.Calendar -> org.hibernate.type.CalendarType@68597ba7
25-01-2020 15:23:41.691 [35m[restartedMain][0;39m [39mDEBUG[0;39m org.hibernate.type.BasicTypeRegistry.register - 
     Adding type registration java.util.GregorianCalendar -> org.hibernate.type.CalendarType@68597ba7
25-01-2020 15:23:41.692 [35m[restartedMain][0;39m [39mDEBUG[0;39m org.hibernate.type.BasicTypeRegistry.register - 
     Adding type registration calendar_date -> org.hibernate.type.CalendarDateType@36c1cd22
25-01-2020 15:23:41.693 [35m[restartedMain][0;39m [39mDEBUG[0;39m org.hibernate.type.BasicTypeRegistry.register - 
     Adding type registration locale -> org.hibernate.type.LocaleType@1fcad6c6
25-01-2020 15:23:41.693 [35m[restartedMain][0;39m [39mDEBUG[0;39m org.hibernate.type.BasicTypeRegistry.register - 
     Adding type registration java.util.Locale -> org.hibernate.type.LocaleType@1fcad6c6
25-01-2020 15:23:41.695 [35m[restartedMain][0;39m [39mDEBUG[0;39m org.hibernate.type.BasicTypeRegistry.register - 
     Adding type registration currency -> org.hibernate.type.CurrencyType@342601b
25-01-2020 15:23:41.695 [35m[restartedMain][0;39m [39mDEBUG[0;39m org.hibernate.type.BasicTypeRegistry.register - 
     Adding type registration java.util.Currency -> org.hibernate.type.CurrencyType@342601b
25-01-2020 15:23:41.696 [35m[restartedMain][0;39m [39mDEBUG[0;39m org.hibernate.type.BasicTypeRegistry.register - 
     Adding type registration timezone -> org.hibernate.type.TimeZoneType@7378e524
25-01-2020 15:23:41.696 [35m[restartedMain][0;39m [39mDEBUG[0;39m org.hibernate.type.BasicTypeRegistry.register - 
     Adding type registration java.util.TimeZone -> org.hibernate.type.TimeZoneType@7378e524
25-01-2020 15:23:41.697 [35m[restartedMain][0;39m [39mDEBUG[0;39m org.hibernate.type.BasicTypeRegistry.register - 
     Adding type registration class -> org.hibernate.type.ClassType@37e15f26
25-01-2020 15:23:41.698 [35m[restartedMain][0;39m [39mDEBUG[0;39m org.hibernate.type.BasicTypeRegistry.register - 
     Adding type registration java.lang.Class -> org.hibernate.type.ClassType@37e15f26
25-01-2020 15:23:41.699 [35m[restartedMain][0;39m [39mDEBUG[0;39m org.hibernate.type.BasicTypeRegistry.register - 
     Adding type registration uuid-binary -> org.hibernate.type.UUIDBinaryType@4a1879d4
25-01-2020 15:23:41.699 [35m[restartedMain][0;39m [39mDEBUG[0;39m org.hibernate.type.BasicTypeRegistry.register - 
     Adding type registration java.util.UUID -> org.hibernate.type.UUIDBinaryType@4a1879d4
25-01-2020 15:23:41.700 [35m[restartedMain][0;39m [39mDEBUG[0;39m org.hibernate.type.BasicTypeRegistry.register - 
     Adding type registration uuid-char -> org.hibernate.type.UUIDCharType@247e0c10
25-01-2020 15:23:41.701 [35m[restartedMain][0;39m [39mDEBUG[0;39m org.hibernate.type.BasicTypeRegistry.register - 
     Adding type registration binary -> org.hibernate.type.BinaryType@1016bbf5
25-01-2020 15:23:41.701 [35m[restartedMain][0;39m [39mDEBUG[0;39m org.hibernate.type.BasicTypeRegistry.register - 
     Adding type registration byte[] -> org.hibernate.type.BinaryType@1016bbf5
25-01-2020 15:23:41.701 [35m[restartedMain][0;39m [39mDEBUG[0;39m org.hibernate.type.BasicTypeRegistry.register - 
     Adding type registration [B -> org.hibernate.type.BinaryType@1016bbf5
25-01-2020 15:23:41.702 [35m[restartedMain][0;39m [39mDEBUG[0;39m org.hibernate.type.BasicTypeRegistry.register - 
     Adding type registration wrapper-binary -> org.hibernate.type.WrapperBinaryType@3844cdfa
25-01-2020 15:23:41.703 [35m[restartedMain][0;39m [39mDEBUG[0;39m org.hibernate.type.BasicTypeRegistry.register - 
     Adding type registration Byte[] -> org.hibernate.type.WrapperBinaryType@3844cdfa
25-01-2020 15:23:41.703 [35m[restartedMain][0;39m [39mDEBUG[0;39m org.hibernate.type.BasicTypeRegistry.register - 
     Adding type registration [Ljava.lang.Byte; -> org.hibernate.type.WrapperBinaryType@3844cdfa
25-01-2020 15:23:41.704 [35m[restartedMain][0;39m [39mDEBUG[0;39m org.hibernate.type.BasicTypeRegistry.register - 
     Adding type registration row_version -> org.hibernate.type.RowVersionType@2ae691e2
25-01-2020 15:23:41.704 [35m[restartedMain][0;39m [39mDEBUG[0;39m org.hibernate.type.BasicTypeRegistry.register - 
     Adding type registration image -> org.hibernate.type.ImageType@6829e173
25-01-2020 15:23:41.706 [35m[restartedMain][0;39m [39mDEBUG[0;39m org.hibernate.type.BasicTypeRegistry.register - 
     Adding type registration characters -> org.hibernate.type.CharArrayType@2d27cb9f
25-01-2020 15:23:41.706 [35m[restartedMain][0;39m [39mDEBUG[0;39m org.hibernate.type.BasicTypeRegistry.register - 
     Adding type registration char[] -> org.hibernate.type.CharArrayType@2d27cb9f
25-01-2020 15:23:41.706 [35m[restartedMain][0;39m [39mDEBUG[0;39m org.hibernate.type.BasicTypeRegistry.register - 
     Adding type registration [C -> org.hibernate.type.CharArrayType@2d27cb9f
25-01-2020 15:23:41.707 [35m[restartedMain][0;39m [39mDEBUG[0;39m org.hibernate.type.BasicTypeRegistry.register - 
     Adding type registration wrapper-characters -> org.hibernate.type.CharacterArrayType@41ec46be
25-01-2020 15:23:41.708 [35m[restartedMain][0;39m [39mDEBUG[0;39m org.hibernate.type.BasicTypeRegistry.register - 
     Adding type registration [Ljava.lang.Character; -> org.hibernate.type.CharacterArrayType@41ec46be
25-01-2020 15:23:41.708 [35m[restartedMain][0;39m [39mDEBUG[0;39m org.hibernate.type.BasicTypeRegistry.register - 
     Adding type registration Character[] -> org.hibernate.type.CharacterArrayType@41ec46be
25-01-2020 15:23:41.710 [35m[restartedMain][0;39m [39mDEBUG[0;39m org.hibernate.type.BasicTypeRegistry.register - 
     Adding type registration text -> org.hibernate.type.TextType@334702ca
25-01-2020 15:23:41.711 [35m[restartedMain][0;39m [39mDEBUG[0;39m org.hibernate.type.BasicTypeRegistry.register - 
     Adding type registration ntext -> org.hibernate.type.NTextType@2438c2c1
25-01-2020 15:23:41.713 [35m[restartedMain][0;39m [39mDEBUG[0;39m org.hibernate.type.BasicTypeRegistry.register - 
     Adding type registration blob -> org.hibernate.type.BlobType@7722477a
25-01-2020 15:23:41.713 [35m[restartedMain][0;39m [39mDEBUG[0;39m org.hibernate.type.BasicTypeRegistry.register - 
     Adding type registration java.sql.Blob -> org.hibernate.type.BlobType@7722477a
25-01-2020 15:23:41.714 [35m[restartedMain][0;39m [39mDEBUG[0;39m org.hibernate.type.BasicTypeRegistry.register - 
     Adding type registration materialized_blob -> org.hibernate.type.MaterializedBlobType@87d3706
25-01-2020 15:23:41.715 [35m[restartedMain][0;39m [39mDEBUG[0;39m org.hibernate.type.BasicTypeRegistry.register - 
     Adding type registration clob -> org.hibernate.type.ClobType@14448e65
25-01-2020 15:23:41.716 [35m[restartedMain][0;39m [39mDEBUG[0;39m org.hibernate.type.BasicTypeRegistry.register - 
     Adding type registration java.sql.Clob -> org.hibernate.type.ClobType@14448e65
25-01-2020 15:23:41.718 [35m[restartedMain][0;39m [39mDEBUG[0;39m org.hibernate.type.BasicTypeRegistry.register - 
     Adding type registration nclob -> org.hibernate.type.NClobType@65ab9d41
25-01-2020 15:23:41.718 [35m[restartedMain][0;39m [39mDEBUG[0;39m org.hibernate.type.BasicTypeRegistry.register - 
     Adding type registration java.sql.NClob -> org.hibernate.type.NClobType@65ab9d41
25-01-2020 15:23:41.718 [35m[restartedMain][0;39m [39mDEBUG[0;39m org.hibernate.type.BasicTypeRegistry.register - 
     Adding type registration materialized_clob -> org.hibernate.type.MaterializedClobType@bf3f0c6
25-01-2020 15:23:41.719 [35m[restartedMain][0;39m [39mDEBUG[0;39m org.hibernate.type.BasicTypeRegistry.register - 
     Adding type registration materialized_nclob -> org.hibernate.type.MaterializedNClobType@6b82be9f
25-01-2020 15:23:41.720 [35m[restartedMain][0;39m [39mDEBUG[0;39m org.hibernate.type.BasicTypeRegistry.register - 
     Adding type registration serializable -> org.hibernate.type.SerializableType@1de8f37a
25-01-2020 15:23:41.723 [35m[restartedMain][0;39m [39mDEBUG[0;39m org.hibernate.type.BasicTypeRegistry.register - 
     Adding type registration object -> org.hibernate.type.ObjectType@67ebb9d4
25-01-2020 15:23:41.723 [35m[restartedMain][0;39m [39mDEBUG[0;39m org.hibernate.type.BasicTypeRegistry.register - 
     Adding type registration java.lang.Object -> org.hibernate.type.ObjectType@67ebb9d4
25-01-2020 15:23:41.724 [35m[restartedMain][0;39m [39mDEBUG[0;39m org.hibernate.type.BasicTypeRegistry.register - 
     Adding type registration imm_date -> org.hibernate.type.AdaptedImmutableType@26d9fbd0
25-01-2020 15:23:41.724 [35m[restartedMain][0;39m [39mDEBUG[0;39m org.hibernate.type.BasicTypeRegistry.register - 
     Adding type registration imm_time -> org.hibernate.type.AdaptedImmutableType@1cc6c3c6
25-01-2020 15:23:41.725 [35m[restartedMain][0;39m [39mDEBUG[0;39m org.hibernate.type.BasicTypeRegistry.register - 
     Adding type registration imm_timestamp -> org.hibernate.type.AdaptedImmutableType@4c689f7d
25-01-2020 15:23:41.725 [35m[restartedMain][0;39m [39mDEBUG[0;39m org.hibernate.type.BasicTypeRegistry.register - 
     Adding type registration imm_dbtimestamp -> org.hibernate.type.AdaptedImmutableType@714d96c2
25-01-2020 15:23:41.725 [35m[restartedMain][0;39m [39mDEBUG[0;39m org.hibernate.type.BasicTypeRegistry.register - 
     Adding type registration imm_calendar -> org.hibernate.type.AdaptedImmutableType@18a3f440
25-01-2020 15:23:41.725 [35m[restartedMain][0;39m [39mDEBUG[0;39m org.hibernate.type.BasicTypeRegistry.register - 
     Adding type registration imm_calendar_date -> org.hibernate.type.AdaptedImmutableType@3251dc61
25-01-2020 15:23:41.725 [35m[restartedMain][0;39m [39mDEBUG[0;39m org.hibernate.type.BasicTypeRegistry.register - 
     Adding type registration imm_binary -> org.hibernate.type.AdaptedImmutableType@3a4a3e21
25-01-2020 15:23:41.725 [35m[restartedMain][0;39m [39mDEBUG[0;39m org.hibernate.type.BasicTypeRegistry.register - 
     Adding type registration imm_serializable -> org.hibernate.type.AdaptedImmutableType@272c542c
25-01-2020 15:23:41.759 [35m[restartedMain][0;39m [34mINFO [0;39m com.zaxxer.hikari.HikariDataSource.getConnection - 
     HikariPool-1 - Starting...
25-01-2020 15:23:41.880 [35m[restartedMain][0;39m [34mINFO [0;39m com.zaxxer.hikari.HikariDataSource.getConnection - 
     HikariPool-1 - Start completed.
25-01-2020 15:23:41.894 [35m[restartedMain][0;39m [34mINFO [0;39m org.hibernate.dialect.Dialect.<init> - 
     HHH000400: Using dialect: org.hibernate.dialect.MySQL5InnoDBDialect
25-01-2020 15:23:41.942 [35m[restartedMain][0;39m [39mDEBUG[0;39m o.h.type.spi.TypeConfiguration$Scope.scope - 
     Scoping TypeConfiguration [org.hibernate.type.spi.TypeConfiguration@4dc18550] to MetadataBuildingContext [org.hibernate.boot.internal.MetadataBuildingContextRootImpl@47142ffb]
25-01-2020 15:23:42.197 [35m[restartedMain][0;39m [39mDEBUG[0;39m o.h.type.spi.TypeConfiguration$Scope.scope - 
     Scoping TypeConfiguration [org.hibernate.type.spi.TypeConfiguration@4dc18550] to SessionFactoryImpl [org.hibernate.internal.SessionFactoryImpl@5c80ccdc]
25-01-2020 15:23:42.542 [35m[restartedMain][0;39m [39mDEBUG[0;39m org.hibernate.SQL.logStatement - 
     alter table centro_trasfusione drop foreign key FKgvn4ces0sj5wmtefjnxjgs40p
25-01-2020 15:23:42.600 [35m[restartedMain][0;39m [39mDEBUG[0;39m org.hibernate.SQL.logStatement - 
     alter table donatore drop foreign key FK5hrthsd5hrug8y2vypm4gj5wj
25-01-2020 15:23:42.634 [35m[restartedMain][0;39m [39mDEBUG[0;39m org.hibernate.SQL.logStatement - 
     alter table donatore drop foreign key FKkdyyc2y471qmkjdrl7iy2wyyh
25-01-2020 15:23:42.692 [35m[restartedMain][0;39m [39mDEBUG[0;39m org.hibernate.SQL.logStatement - 
     alter table emergenza drop foreign key FKi4ekuu9vvmcthk9euuhqht381
25-01-2020 15:23:42.717 [35m[restartedMain][0;39m [39mDEBUG[0;39m org.hibernate.SQL.logStatement - 
     alter table prenotazione drop foreign key FKtibbe6r9cm92nkikjqeccwt8b
25-01-2020 15:23:42.741 [35m[restartedMain][0;39m [39mDEBUG[0;39m org.hibernate.SQL.logStatement - 
     alter table prenotazione drop foreign key FK1fu0q1v0yj56g35dity5pmhho
25-01-2020 15:23:42.786 [35m[restartedMain][0;39m [39mDEBUG[0;39m org.hibernate.SQL.logStatement - 
     alter table sede_avis drop foreign key FKkpgbirivn7kvl3dgawfwbesdp
25-01-2020 15:23:42.825 [35m[restartedMain][0;39m [39mDEBUG[0;39m org.hibernate.SQL.logStatement - 
     drop table if exists centro_trasfusione
25-01-2020 15:23:42.957 [35m[restartedMain][0;39m [39mDEBUG[0;39m org.hibernate.SQL.logStatement - 
     drop table if exists donatore
25-01-2020 15:23:43.030 [35m[restartedMain][0;39m [39mDEBUG[0;39m org.hibernate.SQL.logStatement - 
     drop table if exists emergenza
25-01-2020 15:23:43.106 [35m[restartedMain][0;39m [39mDEBUG[0;39m org.hibernate.SQL.logStatement - 
     drop table if exists modulo
25-01-2020 15:23:43.205 [35m[restartedMain][0;39m [39mDEBUG[0;39m org.hibernate.SQL.logStatement - 
     drop table if exists prenotazione
25-01-2020 15:23:43.281 [35m[restartedMain][0;39m [39mDEBUG[0;39m org.hibernate.SQL.logStatement - 
     drop table if exists sede_avis
25-01-2020 15:23:43.355 [35m[restartedMain][0;39m [39mDEBUG[0;39m org.hibernate.SQL.logStatement - 
     drop table if exists utente
25-01-2020 15:23:43.498 [35m[restartedMain][0;39m [39mDEBUG[0;39m org.hibernate.SQL.logStatement - 
     create table centro_trasfusione (comune varchar(255) not null, direttore varchar(255), indirizzo varchar(255), ospedale_riferimento varchar(255), provincia varchar(255) not null, regione varchar(255) not null, id bigint not null, primary key (id)) engine=InnoDB
25-01-2020 15:23:43.830 [35m[restartedMain][0;39m [39mDEBUG[0;39m org.hibernate.SQL.logStatement - 
     create table donatore (abilitazione_donazione tinyint, cognome varchar(255) not null, nome varchar(255) not null, id bigint not null, id_modulo bigint, primary key (id)) engine=InnoDB
25-01-2020 15:23:44.272 [35m[restartedMain][0;39m [39mDEBUG[0;39m org.hibernate.SQL.logStatement - 
     create table emergenza (id bigint not null auto_increment, data_emergenza datetime, gruppo_sanguigno varchar(255) not null, id_centro_trasfusione bigint not null, primary key (id)) engine=InnoDB
25-01-2020 15:23:44.605 [35m[restartedMain][0;39m [39mDEBUG[0;39m org.hibernate.SQL.logStatement - 
     create table modulo (id bigint not null auto_increment, allergie varchar(255), codice_fiscale varchar(255), farmaci varchar(255), fumatore varchar(255), gruppo_sanguigno varchar(255), indirizzo varchar(255), malattie varchar(255), telefono varchar(255), vaccinazioni varchar(255), primary key (id)) engine=InnoDB
25-01-2020 15:23:44.830 [35m[restartedMain][0;39m [39mDEBUG[0;39m org.hibernate.SQL.logStatement - 
     create table prenotazione (id bigint not null auto_increment, date datetime not null, id_donatore bigint, id_sede_avis bigint not null, primary key (id)) engine=InnoDB
25-01-2020 15:23:45.147 [35m[restartedMain][0;39m [39mDEBUG[0;39m org.hibernate.SQL.logStatement - 
     create table sede_avis (comune varchar(255) not null, indirizzo varchar(255), provincia varchar(255) not null, regione varchar(255) not null, telefono varchar(255), id bigint not null, primary key (id)) engine=InnoDB
25-01-2020 15:23:45.448 [35m[restartedMain][0;39m [39mDEBUG[0;39m org.hibernate.SQL.logStatement - 
     create table utente (id bigint not null auto_increment, email varchar(255) not null, password varchar(255) not null, ruolo varchar(255) not null, primary key (id)) engine=InnoDB
25-01-2020 15:23:45.705 [35m[restartedMain][0;39m [39mDEBUG[0;39m org.hibernate.SQL.logStatement - 
     alter table utente add constraint UK_gxvq4mjswnupehxnp35vawmo2 unique (email)
25-01-2020 15:23:45.942 [35m[restartedMain][0;39m [39mDEBUG[0;39m org.hibernate.SQL.logStatement - 
     alter table centro_trasfusione add constraint FKgvn4ces0sj5wmtefjnxjgs40p foreign key (id) references utente (id)
25-01-2020 15:23:46.463 [35m[restartedMain][0;39m [39mDEBUG[0;39m org.hibernate.SQL.logStatement - 
     alter table donatore add constraint FK5hrthsd5hrug8y2vypm4gj5wj foreign key (id_modulo) references modulo (id)
25-01-2020 15:23:47.056 [35m[restartedMain][0;39m [39mDEBUG[0;39m org.hibernate.SQL.logStatement - 
     alter table donatore add constraint FKkdyyc2y471qmkjdrl7iy2wyyh foreign key (id) references utente (id)
25-01-2020 15:23:47.464 [35m[restartedMain][0;39m [39mDEBUG[0;39m org.hibernate.SQL.logStatement - 
     alter table emergenza add constraint FKi4ekuu9vvmcthk9euuhqht381 foreign key (id_centro_trasfusione) references centro_trasfusione (id)
25-01-2020 15:23:48.073 [35m[restartedMain][0;39m [39mDEBUG[0;39m org.hibernate.SQL.logStatement - 
     alter table prenotazione add constraint FKtibbe6r9cm92nkikjqeccwt8b foreign key (id_donatore) references donatore (id)
25-01-2020 15:23:48.555 [35m[restartedMain][0;39m [39mDEBUG[0;39m org.hibernate.SQL.logStatement - 
     alter table prenotazione add constraint FK1fu0q1v0yj56g35dity5pmhho foreign key (id_sede_avis) references sede_avis (id)
25-01-2020 15:23:49.280 [35m[restartedMain][0;39m [39mDEBUG[0;39m org.hibernate.SQL.logStatement - 
     alter table sede_avis add constraint FKkpgbirivn7kvl3dgawfwbesdp foreign key (id) references utente (id)
25-01-2020 15:23:49.741 [35m[restartedMain][0;39m [34mINFO [0;39m o.h.e.t.j.p.i.JtaPlatformInitiator.initiateService - 
     HHH000490: Using JtaPlatform implementation: [org.hibernate.engine.transaction.jta.platform.internal.NoJtaPlatform]
25-01-2020 15:23:49.754 [35m[restartedMain][0;39m [39mTRACE[0;39m o.h.type.spi.TypeConfiguration$Scope.sessionFactoryCreated - 
     Handling #sessionFactoryCreated from [org.hibernate.internal.SessionFactoryImpl@5c80ccdc] for TypeConfiguration
25-01-2020 15:23:49.757 [35m[restartedMain][0;39m [34mINFO [0;39m o.s.o.j.LocalContainerEntityManagerFactoryBean.buildNativeEntityManagerFactory - 
     Initialized JPA EntityManagerFactory for persistence unit 'default'
25-01-2020 15:23:49.785 [35m[restartedMain][0;39m [34mINFO [0;39m o.s.b.d.a.OptionalLiveReloadServer.startServer - 
     LiveReload server is running on port 35729
25-01-2020 15:23:50.303 [35m[restartedMain][0;39m [31mWARN [0;39m o.s.b.a.o.j.JpaBaseConfiguration$JpaWebConfiguration.openEntityManagerInViewInterceptor - 
     spring.jpa.open-in-view is enabled by default. Therefore, database queries may be performed during view rendering. Explicitly configure spring.jpa.open-in-view to disable this warning
25-01-2020 15:23:50.618 [35m[restartedMain][0;39m [34mINFO [0;39m o.s.s.web.DefaultSecurityFilterChain.<init> - 
     Creating filter chain: any request, [org.springframework.security.web.context.request.async.WebAsyncManagerIntegrationFilter@686b012b, org.springframework.security.web.context.SecurityContextPersistenceFilter@6a25dd28, org.springframework.security.web.header.HeaderWriterFilter@79f3b689, org.springframework.web.filter.CorsFilter@1d6663f9, org.springframework.security.web.authentication.logout.LogoutFilter@35da169c, com.avis.security.JwtAuthenticationTokenFilter@783512f6, org.springframework.security.web.savedrequest.RequestCacheAwareFilter@bd388f2, org.springframework.security.web.servletapi.SecurityContextHolderAwareRequestFilter@6d50953f, org.springframework.security.web.authentication.AnonymousAuthenticationFilter@c5c2d2c, org.springframework.security.web.session.SessionManagementFilter@2df750cb, org.springframework.security.web.access.ExceptionTranslationFilter@14b0f8f5, org.springframework.security.web.access.intercept.FilterSecurityInterceptor@17650d2a]
25-01-2020 15:23:50.737 [35m[restartedMain][0;39m [34mINFO [0;39m o.s.s.c.ThreadPoolTaskExecutor.initialize - 
     Initializing ExecutorService 'applicationTaskExecutor'
25-01-2020 15:23:50.961 [35m[restartedMain][0;39m [34mINFO [0;39m o.a.coyote.http11.Http11NioProtocol.log - 
     Starting ProtocolHandler ["http-nio-8080"]
25-01-2020 15:23:50.997 [35m[restartedMain][0;39m [34mINFO [0;39m o.s.b.w.e.tomcat.TomcatWebServer.start - 
     Tomcat started on port(s): 8080 (http) with context path ''
25-01-2020 15:23:50.998 [35m[restartedMain][0;39m [34mINFO [0;39m com.avis.AnAvisApplication.logStarted - 
     Started AnAvisApplication in 11.919 seconds (JVM running for 12.469)
25-01-2020 15:23:51.035 [35m[restartedMain][0;39m [39mDEBUG[0;39m org.hibernate.SQL.logStatement - 
     insert into utente (email, password, ruolo) values (?, ?, ?)
25-01-2020 15:23:51.047 [35m[restartedMain][0;39m [39mTRACE[0;39m o.h.type.descriptor.sql.BasicBinder.bind - 
     binding parameter [1] as [VARCHAR] - [sede1]
25-01-2020 15:23:51.048 [35m[restartedMain][0;39m [39mTRACE[0;39m o.h.type.descriptor.sql.BasicBinder.bind - 
     binding parameter [2] as [VARCHAR] - [$2a$10$x1VGNaJf8AHJAslOnPsh1e9OufSxWor0OwSDfORdD98GDlXzwMDN6]
25-01-2020 15:23:51.048 [35m[restartedMain][0;39m [39mTRACE[0;39m o.h.type.descriptor.sql.BasicBinder.bind - 
     binding parameter [3] as [VARCHAR] - [sedeAvis]
25-01-2020 15:23:51.155 [35m[restartedMain][0;39m [39mDEBUG[0;39m org.hibernate.SQL.logStatement - 
     insert into sede_avis (comune, indirizzo, provincia, regione, telefono, id) values (?, ?, ?, ?, ?, ?)
25-01-2020 15:23:51.156 [35m[restartedMain][0;39m [39mTRACE[0;39m o.h.type.descriptor.sql.BasicBinder.bind - 
     binding parameter [1] as [VARCHAR] - [morrovalle]
25-01-2020 15:23:51.156 [35m[restartedMain][0;39m [39mTRACE[0;39m o.h.type.descriptor.sql.BasicBinder.bind - 
     binding parameter [2] as [VARCHAR] - [null]
25-01-2020 15:23:51.156 [35m[restartedMain][0;39m [39mTRACE[0;39m o.h.type.descriptor.sql.BasicBinder.bind - 
     binding parameter [3] as [VARCHAR] - [macerata]
25-01-2020 15:23:51.157 [35m[restartedMain][0;39m [39mTRACE[0;39m o.h.type.descriptor.sql.BasicBinder.bind - 
     binding parameter [4] as [VARCHAR] - [marche]
25-01-2020 15:23:51.157 [35m[restartedMain][0;39m [39mTRACE[0;39m o.h.type.descriptor.sql.BasicBinder.bind - 
     binding parameter [5] as [VARCHAR] - [null]
25-01-2020 15:23:51.157 [35m[restartedMain][0;39m [39mTRACE[0;39m o.h.type.descriptor.sql.BasicBinder.bind - 
     binding parameter [6] as [BIGINT] - [1]
25-01-2020 15:23:51.206 [35m[restartedMain][0;39m [39mDEBUG[0;39m org.hibernate.SQL.logStatement - 
     insert into utente (email, password, ruolo) values (?, ?, ?)
25-01-2020 15:23:51.206 [35m[restartedMain][0;39m [39mTRACE[0;39m o.h.type.descriptor.sql.BasicBinder.bind - 
     binding parameter [1] as [VARCHAR] - [sede2]
25-01-2020 15:23:51.206 [35m[restartedMain][0;39m [39mTRACE[0;39m o.h.type.descriptor.sql.BasicBinder.bind - 
     binding parameter [2] as [VARCHAR] - [$2a$10$x1VGNaJf8AHJAslOnPsh1e9OufSxWor0OwSDfORdD98GDlXzwMDN6]
25-01-2020 15:23:51.207 [35m[restartedMain][0;39m [39mTRACE[0;39m o.h.type.descriptor.sql.BasicBinder.bind - 
     binding parameter [3] as [VARCHAR] - [sedeAvis]
25-01-2020 15:23:51.217 [35m[restartedMain][0;39m [39mDEBUG[0;39m org.hibernate.SQL.logStatement - 
     insert into sede_avis (comune, indirizzo, provincia, regione, telefono, id) values (?, ?, ?, ?, ?, ?)
25-01-2020 15:23:51.218 [35m[restartedMain][0;39m [39mTRACE[0;39m o.h.type.descriptor.sql.BasicBinder.bind - 
     binding parameter [1] as [VARCHAR] - [montecosaro]
25-01-2020 15:23:51.218 [35m[restartedMain][0;39m [39mTRACE[0;39m o.h.type.descriptor.sql.BasicBinder.bind - 
     binding parameter [2] as [VARCHAR] - [null]
25-01-2020 15:23:51.218 [35m[restartedMain][0;39m [39mTRACE[0;39m o.h.type.descriptor.sql.BasicBinder.bind - 
     binding parameter [3] as [VARCHAR] - [macerata]
25-01-2020 15:23:51.218 [35m[restartedMain][0;39m [39mTRACE[0;39m o.h.type.descriptor.sql.BasicBinder.bind - 
     binding parameter [4] as [VARCHAR] - [marche]
25-01-2020 15:23:51.219 [35m[restartedMain][0;39m [39mTRACE[0;39m o.h.type.descriptor.sql.BasicBinder.bind - 
     binding parameter [5] as [VARCHAR] - [null]
25-01-2020 15:23:51.219 [35m[restartedMain][0;39m [39mTRACE[0;39m o.h.type.descriptor.sql.BasicBinder.bind - 
     binding parameter [6] as [BIGINT] - [2]
25-01-2020 15:23:51.315 [35m[restartedMain][0;39m [39mDEBUG[0;39m org.hibernate.SQL.logStatement - 
     insert into modulo (allergie, codice_fiscale, farmaci, fumatore, gruppo_sanguigno, indirizzo, malattie, telefono, vaccinazioni) values (?, ?, ?, ?, ?, ?, ?, ?, ?)
25-01-2020 15:23:51.316 [35m[restartedMain][0;39m [39mTRACE[0;39m o.h.type.descriptor.sql.BasicBinder.bind - 
     binding parameter [1] as [VARCHAR] - [null]
25-01-2020 15:23:51.316 [35m[restartedMain][0;39m [39mTRACE[0;39m o.h.type.descriptor.sql.BasicBinder.bind - 
     binding parameter [2] as [VARCHAR] - [null]
25-01-2020 15:23:51.316 [35m[restartedMain][0;39m [39mTRACE[0;39m o.h.type.descriptor.sql.BasicBinder.bind - 
     binding parameter [3] as [VARCHAR] - [null]
25-01-2020 15:23:51.316 [35m[restartedMain][0;39m [39mTRACE[0;39m o.h.type.descriptor.sql.BasicBinder.bind - 
     binding parameter [4] as [VARCHAR] - [null]
25-01-2020 15:23:51.316 [35m[restartedMain][0;39m [39mTRACE[0;39m o.h.type.descriptor.sql.BasicBinder.bind - 
     binding parameter [5] as [VARCHAR] - [null]
25-01-2020 15:23:51.317 [35m[restartedMain][0;39m [39mTRACE[0;39m o.h.type.descriptor.sql.BasicBinder.bind - 
     binding parameter [6] as [VARCHAR] - [null]
25-01-2020 15:23:51.317 [35m[restartedMain][0;39m [39mTRACE[0;39m o.h.type.descriptor.sql.BasicBinder.bind - 
     binding parameter [7] as [VARCHAR] - [null]
25-01-2020 15:23:51.317 [35m[restartedMain][0;39m [39mTRACE[0;39m o.h.type.descriptor.sql.BasicBinder.bind - 
     binding parameter [8] as [VARCHAR] - [null]
25-01-2020 15:23:51.317 [35m[restartedMain][0;39m [39mTRACE[0;39m o.h.type.descriptor.sql.BasicBinder.bind - 
     binding parameter [9] as [VARCHAR] - [null]
25-01-2020 15:23:51.373 [35m[restartedMain][0;39m [39mDEBUG[0;39m org.hibernate.SQL.logStatement - 
     insert into utente (email, password, ruolo) values (?, ?, ?)
25-01-2020 15:23:51.374 [35m[restartedMain][0;39m [39mTRACE[0;39m o.h.type.descriptor.sql.BasicBinder.bind - 
     binding parameter [1] as [VARCHAR] - [marco]
25-01-2020 15:23:51.374 [35m[restartedMain][0;39m [39mTRACE[0;39m o.h.type.descriptor.sql.BasicBinder.bind - 
     binding parameter [2] as [VARCHAR] - [$2a$10$x1VGNaJf8AHJAslOnPsh1e9OufSxWor0OwSDfORdD98GDlXzwMDN6]
25-01-2020 15:23:51.374 [35m[restartedMain][0;39m [39mTRACE[0;39m o.h.type.descriptor.sql.BasicBinder.bind - 
     binding parameter [3] as [VARCHAR] - [donatore]
25-01-2020 15:23:51.375 [35m[restartedMain][0;39m [39mDEBUG[0;39m org.hibernate.SQL.logStatement - 
     insert into donatore (abilitazione_donazione, cognome, id_modulo, nome, id) values (?, ?, ?, ?, ?)
25-01-2020 15:23:51.376 [35m[restartedMain][0;39m [39mTRACE[0;39m o.h.type.descriptor.sql.BasicBinder.bind - 
     binding parameter [1] as [TINYINT] - [0]
25-01-2020 15:23:51.376 [35m[restartedMain][0;39m [39mTRACE[0;39m o.h.type.descriptor.sql.BasicBinder.bind - 
     binding parameter [2] as [VARCHAR] - [scarpa]
25-01-2020 15:23:51.376 [35m[restartedMain][0;39m [39mTRACE[0;39m o.h.type.descriptor.sql.BasicBinder.bind - 
     binding parameter [3] as [BIGINT] - [1]
25-01-2020 15:23:51.376 [35m[restartedMain][0;39m [39mTRACE[0;39m o.h.type.descriptor.sql.BasicBinder.bind - 
     binding parameter [4] as [VARCHAR] - [marco]
25-01-2020 15:23:51.377 [35m[restartedMain][0;39m [39mTRACE[0;39m o.h.type.descriptor.sql.BasicBinder.bind - 
     binding parameter [5] as [BIGINT] - [3]
25-01-2020 15:23:51.406 [35m[restartedMain][0;39m [39mDEBUG[0;39m org.hibernate.SQL.logStatement - 
     insert into modulo (allergie, codice_fiscale, farmaci, fumatore, gruppo_sanguigno, indirizzo, malattie, telefono, vaccinazioni) values (?, ?, ?, ?, ?, ?, ?, ?, ?)
25-01-2020 15:23:51.406 [35m[restartedMain][0;39m [39mTRACE[0;39m o.h.type.descriptor.sql.BasicBinder.bind - 
     binding parameter [1] as [VARCHAR] - [null]
25-01-2020 15:23:51.406 [35m[restartedMain][0;39m [39mTRACE[0;39m o.h.type.descriptor.sql.BasicBinder.bind - 
     binding parameter [2] as [VARCHAR] - [null]
25-01-2020 15:23:51.406 [35m[restartedMain][0;39m [39mTRACE[0;39m o.h.type.descriptor.sql.BasicBinder.bind - 
     binding parameter [3] as [VARCHAR] - [null]
25-01-2020 15:23:51.407 [35m[restartedMain][0;39m [39mTRACE[0;39m o.h.type.descriptor.sql.BasicBinder.bind - 
     binding parameter [4] as [VARCHAR] - [null]
25-01-2020 15:23:51.407 [35m[restartedMain][0;39m [39mTRACE[0;39m o.h.type.descriptor.sql.BasicBinder.bind - 
     binding parameter [5] as [VARCHAR] - [null]
25-01-2020 15:23:51.407 [35m[restartedMain][0;39m [39mTRACE[0;39m o.h.type.descriptor.sql.BasicBinder.bind - 
     binding parameter [6] as [VARCHAR] - [null]
25-01-2020 15:23:51.407 [35m[restartedMain][0;39m [39mTRACE[0;39m o.h.type.descriptor.sql.BasicBinder.bind - 
     binding parameter [7] as [VARCHAR] - [null]
25-01-2020 15:23:51.407 [35m[restartedMain][0;39m [39mTRACE[0;39m o.h.type.descriptor.sql.BasicBinder.bind - 
     binding parameter [8] as [VARCHAR] - [null]
25-01-2020 15:23:51.407 [35m[restartedMain][0;39m [39mTRACE[0;39m o.h.type.descriptor.sql.BasicBinder.bind - 
     binding parameter [9] as [VARCHAR] - [null]
25-01-2020 15:23:51.410 [35m[restartedMain][0;39m [39mDEBUG[0;39m org.hibernate.SQL.logStatement - 
     insert into utente (email, password, ruolo) values (?, ?, ?)
25-01-2020 15:23:51.410 [35m[restartedMain][0;39m [39mTRACE[0;39m o.h.type.descriptor.sql.BasicBinder.bind - 
     binding parameter [1] as [VARCHAR] - [leo]
25-01-2020 15:23:51.411 [35m[restartedMain][0;39m [39mTRACE[0;39m o.h.type.descriptor.sql.BasicBinder.bind - 
     binding parameter [2] as [VARCHAR] - [$2a$10$x1VGNaJf8AHJAslOnPsh1e9OufSxWor0OwSDfORdD98GDlXzwMDN6]
25-01-2020 15:23:51.411 [35m[restartedMain][0;39m [39mTRACE[0;39m o.h.type.descriptor.sql.BasicBinder.bind - 
     binding parameter [3] as [VARCHAR] - [donatore]
25-01-2020 15:23:51.412 [35m[restartedMain][0;39m [39mDEBUG[0;39m org.hibernate.SQL.logStatement - 
     insert into donatore (abilitazione_donazione, cognome, id_modulo, nome, id) values (?, ?, ?, ?, ?)
25-01-2020 15:23:51.412 [35m[restartedMain][0;39m [39mTRACE[0;39m o.h.type.descriptor.sql.BasicBinder.bind - 
     binding parameter [1] as [TINYINT] - [0]
25-01-2020 15:23:51.412 [35m[restartedMain][0;39m [39mTRACE[0;39m o.h.type.descriptor.sql.BasicBinder.bind - 
     binding parameter [2] as [VARCHAR] - [del]
25-01-2020 15:23:51.412 [35m[restartedMain][0;39m [39mTRACE[0;39m o.h.type.descriptor.sql.BasicBinder.bind - 
     binding parameter [3] as [BIGINT] - [2]
25-01-2020 15:23:51.413 [35m[restartedMain][0;39m [39mTRACE[0;39m o.h.type.descriptor.sql.BasicBinder.bind - 
     binding parameter [4] as [VARCHAR] - [leo]
25-01-2020 15:23:51.413 [35m[restartedMain][0;39m [39mTRACE[0;39m o.h.type.descriptor.sql.BasicBinder.bind - 
     binding parameter [5] as [BIGINT] - [4]
25-01-2020 15:23:51.498 [35m[restartedMain][0;39m [39mDEBUG[0;39m org.hibernate.SQL.logStatement - 
     insert into utente (email, password, ruolo) values (?, ?, ?)
25-01-2020 15:23:51.499 [35m[restartedMain][0;39m [39mTRACE[0;39m o.h.type.descriptor.sql.BasicBinder.bind - 
     binding parameter [1] as [VARCHAR] - [centro1]
25-01-2020 15:23:51.499 [35m[restartedMain][0;39m [39mTRACE[0;39m o.h.type.descriptor.sql.BasicBinder.bind - 
     binding parameter [2] as [VARCHAR] - [$2a$10$x1VGNaJf8AHJAslOnPsh1e9OufSxWor0OwSDfORdD98GDlXzwMDN6]
25-01-2020 15:23:51.499 [35m[restartedMain][0;39m [39mTRACE[0;39m o.h.type.descriptor.sql.BasicBinder.bind - 
     binding parameter [3] as [VARCHAR] - [centroTrasfusione]
25-01-2020 15:23:51.501 [35m[restartedMain][0;39m [39mDEBUG[0;39m org.hibernate.SQL.logStatement - 
     insert into centro_trasfusione (comune, direttore, indirizzo, ospedale_riferimento, provincia, regione, id) values (?, ?, ?, ?, ?, ?, ?)
25-01-2020 15:23:51.501 [35m[restartedMain][0;39m [39mTRACE[0;39m o.h.type.descriptor.sql.BasicBinder.bind - 
     binding parameter [1] as [VARCHAR] - [tavullia]
25-01-2020 15:23:51.501 [35m[restartedMain][0;39m [39mTRACE[0;39m o.h.type.descriptor.sql.BasicBinder.bind - 
     binding parameter [2] as [VARCHAR] - [null]
25-01-2020 15:23:51.501 [35m[restartedMain][0;39m [39mTRACE[0;39m o.h.type.descriptor.sql.BasicBinder.bind - 
     binding parameter [3] as [VARCHAR] - [null]
25-01-2020 15:23:51.501 [35m[restartedMain][0;39m [39mTRACE[0;39m o.h.type.descriptor.sql.BasicBinder.bind - 
     binding parameter [4] as [VARCHAR] - [null]
25-01-2020 15:23:51.502 [35m[restartedMain][0;39m [39mTRACE[0;39m o.h.type.descriptor.sql.BasicBinder.bind - 
     binding parameter [5] as [VARCHAR] - [pesaro]
25-01-2020 15:23:51.502 [35m[restartedMain][0;39m [39mTRACE[0;39m o.h.type.descriptor.sql.BasicBinder.bind - 
     binding parameter [6] as [VARCHAR] - [marche]
25-01-2020 15:23:51.502 [35m[restartedMain][0;39m [39mTRACE[0;39m o.h.type.descriptor.sql.BasicBinder.bind - 
     binding parameter [7] as [BIGINT] - [5]
25-01-2020 15:23:51.530 [35m[restartedMain][0;39m [39mDEBUG[0;39m org.hibernate.SQL.logStatement - 
     insert into utente (email, password, ruolo) values (?, ?, ?)
25-01-2020 15:23:51.531 [35m[restartedMain][0;39m [39mTRACE[0;39m o.h.type.descriptor.sql.BasicBinder.bind - 
     binding parameter [1] as [VARCHAR] - [centro2]
25-01-2020 15:23:51.531 [35m[restartedMain][0;39m [39mTRACE[0;39m o.h.type.descriptor.sql.BasicBinder.bind - 
     binding parameter [2] as [VARCHAR] - [$2a$10$x1VGNaJf8AHJAslOnPsh1e9OufSxWor0OwSDfORdD98GDlXzwMDN6]
25-01-2020 15:23:51.531 [35m[restartedMain][0;39m [39mTRACE[0;39m o.h.type.descriptor.sql.BasicBinder.bind - 
     binding parameter [3] as [VARCHAR] - [centroTrasfusione]
25-01-2020 15:23:51.532 [35m[restartedMain][0;39m [39mDEBUG[0;39m org.hibernate.SQL.logStatement - 
     insert into centro_trasfusione (comune, direttore, indirizzo, ospedale_riferimento, provincia, regione, id) values (?, ?, ?, ?, ?, ?, ?)
25-01-2020 15:23:51.533 [35m[restartedMain][0;39m [39mTRACE[0;39m o.h.type.descriptor.sql.BasicBinder.bind - 
     binding parameter [1] as [VARCHAR] - [fano]
25-01-2020 15:23:51.533 [35m[restartedMain][0;39m [39mTRACE[0;39m o.h.type.descriptor.sql.BasicBinder.bind - 
     binding parameter [2] as [VARCHAR] - [null]
25-01-2020 15:23:51.533 [35m[restartedMain][0;39m [39mTRACE[0;39m o.h.type.descriptor.sql.BasicBinder.bind - 
     binding parameter [3] as [VARCHAR] - [null]
25-01-2020 15:23:51.533 [35m[restartedMain][0;39m [39mTRACE[0;39m o.h.type.descriptor.sql.BasicBinder.bind - 
     binding parameter [4] as [VARCHAR] - [null]
25-01-2020 15:23:51.533 [35m[restartedMain][0;39m [39mTRACE[0;39m o.h.type.descriptor.sql.BasicBinder.bind - 
     binding parameter [5] as [VARCHAR] - [pesaro]
25-01-2020 15:23:51.533 [35m[restartedMain][0;39m [39mTRACE[0;39m o.h.type.descriptor.sql.BasicBinder.bind - 
     binding parameter [6] as [VARCHAR] - [marche]
25-01-2020 15:23:51.534 [35m[restartedMain][0;39m [39mTRACE[0;39m o.h.type.descriptor.sql.BasicBinder.bind - 
     binding parameter [7] as [BIGINT] - [6]
25-01-2020 15:23:51.570 [35m[restartedMain][0;39m [39mDEBUG[0;39m org.hibernate.SQL.logStatement - 
     select sedeavis0_.id as id1_6_0_, sedeavis0_1_.email as email2_6_0_, sedeavis0_1_.password as password3_6_0_, sedeavis0_1_.ruolo as ruolo4_6_0_, sedeavis0_.comune as comune1_5_0_, sedeavis0_.indirizzo as indirizz2_5_0_, sedeavis0_.provincia as provinci3_5_0_, sedeavis0_.regione as regione4_5_0_, sedeavis0_.telefono as telefono5_5_0_ from sede_avis sedeavis0_ inner join utente sedeavis0_1_ on sedeavis0_.id=sedeavis0_1_.id where sedeavis0_.id=?
25-01-2020 15:23:51.570 [35m[restartedMain][0;39m [39mTRACE[0;39m o.h.type.descriptor.sql.BasicBinder.bind - 
     binding parameter [1] as [BIGINT] - [3]
25-01-2020 15:23:51.574 [35m[restartedMain][0;39m [39mDEBUG[0;39m org.hibernate.SQL.logStatement - 
     select sedeavis0_.id as id1_6_0_, sedeavis0_1_.email as email2_6_0_, sedeavis0_1_.password as password3_6_0_, sedeavis0_1_.ruolo as ruolo4_6_0_, sedeavis0_.comune as comune1_5_0_, sedeavis0_.indirizzo as indirizz2_5_0_, sedeavis0_.provincia as provinci3_5_0_, sedeavis0_.regione as regione4_5_0_, sedeavis0_.telefono as telefono5_5_0_ from sede_avis sedeavis0_ inner join utente sedeavis0_1_ on sedeavis0_.id=sedeavis0_1_.id where sedeavis0_.id=?
25-01-2020 15:23:51.575 [35m[restartedMain][0;39m [39mTRACE[0;39m o.h.type.descriptor.sql.BasicBinder.bind - 
     binding parameter [1] as [BIGINT] - [3]
25-01-2020 15:23:51.577 [35m[restartedMain][0;39m [39mDEBUG[0;39m org.hibernate.SQL.logStatement - 
     select sedeavis0_.id as id1_6_0_, sedeavis0_1_.email as email2_6_0_, sedeavis0_1_.password as password3_6_0_, sedeavis0_1_.ruolo as ruolo4_6_0_, sedeavis0_.comune as comune1_5_0_, sedeavis0_.indirizzo as indirizz2_5_0_, sedeavis0_.provincia as provinci3_5_0_, sedeavis0_.regione as regione4_5_0_, sedeavis0_.telefono as telefono5_5_0_ from sede_avis sedeavis0_ inner join utente sedeavis0_1_ on sedeavis0_.id=sedeavis0_1_.id where sedeavis0_.id=?
25-01-2020 15:23:51.577 [35m[restartedMain][0;39m [39mTRACE[0;39m o.h.type.descriptor.sql.BasicBinder.bind - 
     binding parameter [1] as [BIGINT] - [4]
25-01-2020 15:23:51.579 [35m[restartedMain][0;39m [39mDEBUG[0;39m org.hibernate.SQL.logStatement - 
     select sedeavis0_.id as id1_6_0_, sedeavis0_1_.email as email2_6_0_, sedeavis0_1_.password as password3_6_0_, sedeavis0_1_.ruolo as ruolo4_6_0_, sedeavis0_.comune as comune1_5_0_, sedeavis0_.indirizzo as indirizz2_5_0_, sedeavis0_.provincia as provinci3_5_0_, sedeavis0_.regione as regione4_5_0_, sedeavis0_.telefono as telefono5_5_0_ from sede_avis sedeavis0_ inner join utente sedeavis0_1_ on sedeavis0_.id=sedeavis0_1_.id where sedeavis0_.id=?
25-01-2020 15:23:51.579 [35m[restartedMain][0;39m [39mTRACE[0;39m o.h.type.descriptor.sql.BasicBinder.bind - 
     binding parameter [1] as [BIGINT] - [3]
25-01-2020 15:23:51.581 [35m[restartedMain][0;39m [39mDEBUG[0;39m org.hibernate.SQL.logStatement - 
     select centrotras0_.id as id1_6_0_, centrotras0_1_.email as email2_6_0_, centrotras0_1_.password as password3_6_0_, centrotras0_1_.ruolo as ruolo4_6_0_, centrotras0_.comune as comune1_0_0_, centrotras0_.direttore as direttor2_0_0_, centrotras0_.indirizzo as indirizz3_0_0_, centrotras0_.ospedale_riferimento as ospedale4_0_0_, centrotras0_.provincia as provinci5_0_0_, centrotras0_.regione as regione6_0_0_ from centro_trasfusione centrotras0_ inner join utente centrotras0_1_ on centrotras0_.id=centrotras0_1_.id where centrotras0_.id=?
25-01-2020 15:23:51.581 [35m[restartedMain][0;39m [39mTRACE[0;39m o.h.type.descriptor.sql.BasicBinder.bind - 
     binding parameter [1] as [BIGINT] - [5]
25-01-2020 15:23:51.585 [35m[restartedMain][0;39m [39mTRACE[0;39m o.h.t.descriptor.sql.BasicExtractor.extract - 
     extracted value ([email2_6_0_] : [VARCHAR]) - [centro1]
25-01-2020 15:23:51.585 [35m[restartedMain][0;39m [39mTRACE[0;39m o.h.t.descriptor.sql.BasicExtractor.extract - 
     extracted value ([password3_6_0_] : [VARCHAR]) - [$2a$10$x1VGNaJf8AHJAslOnPsh1e9OufSxWor0OwSDfORdD98GDlXzwMDN6]
25-01-2020 15:23:51.585 [35m[restartedMain][0;39m [39mTRACE[0;39m o.h.t.descriptor.sql.BasicExtractor.extract - 
     extracted value ([ruolo4_6_0_] : [VARCHAR]) - [centroTrasfusione]
25-01-2020 15:23:51.585 [35m[restartedMain][0;39m [39mTRACE[0;39m o.h.t.descriptor.sql.BasicExtractor.extract - 
     extracted value ([comune1_0_0_] : [VARCHAR]) - [tavullia]
25-01-2020 15:23:51.586 [35m[restartedMain][0;39m [39mTRACE[0;39m o.h.t.descriptor.sql.BasicExtractor.extract - 
     extracted value ([direttor2_0_0_] : [VARCHAR]) - [null]
25-01-2020 15:23:51.586 [35m[restartedMain][0;39m [39mTRACE[0;39m o.h.t.descriptor.sql.BasicExtractor.extract - 
     extracted value ([indirizz3_0_0_] : [VARCHAR]) - [null]
25-01-2020 15:23:51.586 [35m[restartedMain][0;39m [39mTRACE[0;39m o.h.t.descriptor.sql.BasicExtractor.extract - 
     extracted value ([ospedale4_0_0_] : [VARCHAR]) - [null]
25-01-2020 15:23:51.586 [35m[restartedMain][0;39m [39mTRACE[0;39m o.h.t.descriptor.sql.BasicExtractor.extract - 
     extracted value ([provinci5_0_0_] : [VARCHAR]) - [pesaro]
25-01-2020 15:23:51.586 [35m[restartedMain][0;39m [39mTRACE[0;39m o.h.t.descriptor.sql.BasicExtractor.extract - 
     extracted value ([regione6_0_0_] : [VARCHAR]) - [marche]
25-01-2020 15:23:51.591 [35m[restartedMain][0;39m [39mDEBUG[0;39m org.hibernate.SQL.logStatement - 
     insert into emergenza (data_emergenza, gruppo_sanguigno, id_centro_trasfusione) values (?, ?, ?)
25-01-2020 15:23:51.592 [35m[restartedMain][0;39m [39mTRACE[0;39m o.h.type.descriptor.sql.BasicBinder.bind - 
     binding parameter [1] as [TIMESTAMP] - [2020-01-25 15:23:51.589]
25-01-2020 15:23:51.593 [35m[restartedMain][0;39m [39mTRACE[0;39m o.h.type.descriptor.sql.BasicBinder.bind - 
     binding parameter [2] as [VARCHAR] - [A]
25-01-2020 15:23:51.593 [35m[restartedMain][0;39m [39mTRACE[0;39m o.h.type.descriptor.sql.BasicBinder.bind - 
     binding parameter [3] as [BIGINT] - [5]
25-01-2020 15:23:51.669 [35m[restartedMain][0;39m [39mDEBUG[0;39m org.hibernate.SQL.logStatement - 
     select centrotras0_.id as id1_6_0_, centrotras0_1_.email as email2_6_0_, centrotras0_1_.password as password3_6_0_, centrotras0_1_.ruolo as ruolo4_6_0_, centrotras0_.comune as comune1_0_0_, centrotras0_.direttore as direttor2_0_0_, centrotras0_.indirizzo as indirizz3_0_0_, centrotras0_.ospedale_riferimento as ospedale4_0_0_, centrotras0_.provincia as provinci5_0_0_, centrotras0_.regione as regione6_0_0_ from centro_trasfusione centrotras0_ inner join utente centrotras0_1_ on centrotras0_.id=centrotras0_1_.id where centrotras0_.id=?
25-01-2020 15:23:51.669 [35m[restartedMain][0;39m [39mTRACE[0;39m o.h.type.descriptor.sql.BasicBinder.bind - 
     binding parameter [1] as [BIGINT] - [6]
25-01-2020 15:23:51.671 [35m[restartedMain][0;39m [39mTRACE[0;39m o.h.t.descriptor.sql.BasicExtractor.extract - 
     extracted value ([email2_6_0_] : [VARCHAR]) - [centro2]
25-01-2020 15:23:51.671 [35m[restartedMain][0;39m [39mTRACE[0;39m o.h.t.descriptor.sql.BasicExtractor.extract - 
     extracted value ([password3_6_0_] : [VARCHAR]) - [$2a$10$x1VGNaJf8AHJAslOnPsh1e9OufSxWor0OwSDfORdD98GDlXzwMDN6]
25-01-2020 15:23:51.672 [35m[restartedMain][0;39m [39mTRACE[0;39m o.h.t.descriptor.sql.BasicExtractor.extract - 
     extracted value ([ruolo4_6_0_] : [VARCHAR]) - [centroTrasfusione]
25-01-2020 15:23:51.672 [35m[restartedMain][0;39m [39mTRACE[0;39m o.h.t.descriptor.sql.BasicExtractor.extract - 
     extracted value ([comune1_0_0_] : [VARCHAR]) - [fano]
25-01-2020 15:23:51.672 [35m[restartedMain][0;39m [39mTRACE[0;39m o.h.t.descriptor.sql.BasicExtractor.extract - 
     extracted value ([direttor2_0_0_] : [VARCHAR]) - [null]
25-01-2020 15:23:51.672 [35m[restartedMain][0;39m [39mTRACE[0;39m o.h.t.descriptor.sql.BasicExtractor.extract - 
     extracted value ([indirizz3_0_0_] : [VARCHAR]) - [null]
25-01-2020 15:23:51.672 [35m[restartedMain][0;39m [39mTRACE[0;39m o.h.t.descriptor.sql.BasicExtractor.extract - 
     extracted value ([ospedale4_0_0_] : [VARCHAR]) - [null]
25-01-2020 15:23:51.672 [35m[restartedMain][0;39m [39mTRACE[0;39m o.h.t.descriptor.sql.BasicExtractor.extract - 
     extracted value ([provinci5_0_0_] : [VARCHAR]) - [pesaro]
25-01-2020 15:23:51.673 [35m[restartedMain][0;39m [39mTRACE[0;39m o.h.t.descriptor.sql.BasicExtractor.extract - 
     extracted value ([regione6_0_0_] : [VARCHAR]) - [marche]
25-01-2020 15:23:51.677 [35m[restartedMain][0;39m [39mDEBUG[0;39m org.hibernate.SQL.logStatement - 
     insert into emergenza (data_emergenza, gruppo_sanguigno, id_centro_trasfusione) values (?, ?, ?)
25-01-2020 15:23:51.678 [35m[restartedMain][0;39m [39mTRACE[0;39m o.h.type.descriptor.sql.BasicBinder.bind - 
     binding parameter [1] as [TIMESTAMP] - [2020-01-25 15:23:51.677]
25-01-2020 15:23:51.678 [35m[restartedMain][0;39m [39mTRACE[0;39m o.h.type.descriptor.sql.BasicBinder.bind - 
     binding parameter [2] as [VARCHAR] - [00]
25-01-2020 15:23:51.678 [35m[restartedMain][0;39m [39mTRACE[0;39m o.h.type.descriptor.sql.BasicBinder.bind - 
     binding parameter [3] as [BIGINT] - [6]
