27-01-2020 16:30:24.583 [35m[restartedMain][0;39m [34mINFO [0;39m com.avis.AnAvisApplication.logStarting - 
     Starting AnAvisApplication on DESKTOP-K3D9L0U with PID 12548 (C:\Users\Rebichini\Desktop\AnAvis\backend\target\classes started by Rebichini in c:\Users\Rebichini\Desktop\AnAvis\backend)
27-01-2020 16:30:24.584 [35m[restartedMain][0;39m [34mINFO [0;39m com.avis.AnAvisApplication.logStartupProfileInfo - 
     No active profile set, falling back to default profiles: default
27-01-2020 16:30:24.903 [35m[restartedMain][0;39m [34mINFO [0;39m o.s.d.r.c.RepositoryConfigurationDelegate.registerRepositoriesIn - 
     Bootstrapping Spring Data repositories in DEFAULT mode.
27-01-2020 16:30:24.947 [35m[restartedMain][0;39m [34mINFO [0;39m o.s.d.r.c.RepositoryConfigurationDelegate.registerRepositoriesIn - 
     Finished Spring Data repository scanning in 43ms. Found 7 repository interfaces.
27-01-2020 16:30:25.028 [35m[restartedMain][0;39m [34mINFO [0;39m o.s.c.s.PostProcessorRegistrationDelegate$BeanPostProcessorChecker.postProcessAfterInitialization - 
     Bean 'org.springframework.transaction.annotation.ProxyTransactionManagementConfiguration' of type [org.springframework.transaction.annotation.ProxyTransactionManagementConfiguration] is not eligible for getting processed by all BeanPostProcessors (for example: not eligible for auto-proxying)
27-01-2020 16:30:25.033 [35m[restartedMain][0;39m [34mINFO [0;39m o.s.c.s.PostProcessorRegistrationDelegate$BeanPostProcessorChecker.postProcessAfterInitialization - 
     Bean 'org.springframework.security.config.annotation.configuration.ObjectPostProcessorConfiguration' of type [org.springframework.security.config.annotation.configuration.ObjectPostProcessorConfiguration] is not eligible for getting processed by all BeanPostProcessors (for example: not eligible for auto-proxying)
27-01-2020 16:30:25.036 [35m[restartedMain][0;39m [34mINFO [0;39m o.s.c.s.PostProcessorRegistrationDelegate$BeanPostProcessorChecker.postProcessAfterInitialization - 
     Bean 'objectPostProcessor' of type [org.springframework.security.config.annotation.configuration.AutowireBeanFactoryObjectPostProcessor] is not eligible for getting processed by all BeanPostProcessors (for example: not eligible for auto-proxying)
27-01-2020 16:30:25.037 [35m[restartedMain][0;39m [34mINFO [0;39m o.s.c.s.PostProcessorRegistrationDelegate$BeanPostProcessorChecker.postProcessAfterInitialization - 
     Bean 'org.springframework.security.access.expression.method.DefaultMethodSecurityExpressionHandler@1242e8e0' of type [org.springframework.security.access.expression.method.DefaultMethodSecurityExpressionHandler] is not eligible for getting processed by all BeanPostProcessors (for example: not eligible for auto-proxying)
27-01-2020 16:30:25.038 [35m[restartedMain][0;39m [34mINFO [0;39m o.s.c.s.PostProcessorRegistrationDelegate$BeanPostProcessorChecker.postProcessAfterInitialization - 
     Bean 'org.springframework.security.config.annotation.method.configuration.GlobalMethodSecurityConfiguration' of type [org.springframework.security.config.annotation.method.configuration.GlobalMethodSecurityConfiguration] is not eligible for getting processed by all BeanPostProcessors (for example: not eligible for auto-proxying)
27-01-2020 16:30:25.039 [35m[restartedMain][0;39m [34mINFO [0;39m o.s.c.s.PostProcessorRegistrationDelegate$BeanPostProcessorChecker.postProcessAfterInitialization - 
     Bean 'methodSecurityMetadataSource' of type [org.springframework.security.access.method.DelegatingMethodSecurityMetadataSource] is not eligible for getting processed by all BeanPostProcessors (for example: not eligible for auto-proxying)
27-01-2020 16:30:25.076 [35m[restartedMain][0;39m [31mWARN [0;39m o.a.tomcat.util.modeler.Registry.log - 
     The MBean registry cannot be disabled because it has already been initialised
27-01-2020 16:30:25.146 [35m[restartedMain][0;39m [34mINFO [0;39m o.s.b.w.e.tomcat.TomcatWebServer.initialize - 
     Tomcat initialized with port(s): 8080 (http)
27-01-2020 16:30:25.147 [35m[restartedMain][0;39m [34mINFO [0;39m o.a.coyote.http11.Http11NioProtocol.log - 
     Initializing ProtocolHandler ["http-nio-8080"]
27-01-2020 16:30:25.147 [35m[restartedMain][0;39m [34mINFO [0;39m o.a.catalina.core.StandardService.log - 
     Starting service [Tomcat]
27-01-2020 16:30:25.148 [35m[restartedMain][0;39m [34mINFO [0;39m o.a.catalina.core.StandardEngine.log - 
     Starting Servlet engine: [Apache Tomcat/9.0.27]
27-01-2020 16:30:25.168 [35m[restartedMain][0;39m [34mINFO [0;39m o.a.c.c.C.[Tomcat].[localhost].[/].log - 
     Initializing Spring embedded WebApplicationContext
27-01-2020 16:30:25.168 [35m[restartedMain][0;39m [34mINFO [0;39m o.s.web.context.ContextLoader.prepareWebApplicationContext - 
     Root WebApplicationContext: initialization completed in 580 ms
27-01-2020 16:30:25.223 [35m[restartedMain][0;39m [34mINFO [0;39m o.h.jpa.internal.util.LogHelper.logPersistenceUnitInformation - 
     HHH000204: Processing PersistenceUnitInfo [name: default]
27-01-2020 16:30:25.227 [35m[restartedMain][0;39m [34mINFO [0;39m com.zaxxer.hikari.HikariDataSource.getConnection - 
     HikariPool-2 - Starting...
27-01-2020 16:30:25.231 [35m[restartedMain][0;39m [34mINFO [0;39m com.zaxxer.hikari.HikariDataSource.getConnection - 
     HikariPool-2 - Start completed.
27-01-2020 16:30:25.231 [35m[restartedMain][0;39m [34mINFO [0;39m org.hibernate.dialect.Dialect.<init> - 
     HHH000400: Using dialect: org.hibernate.dialect.MySQL5InnoDBDialect
27-01-2020 16:30:26.090 [35m[restartedMain][0;39m [34mINFO [0;39m o.h.e.t.j.p.i.JtaPlatformInitiator.initiateService - 
     HHH000490: Using JtaPlatform implementation: [org.hibernate.engine.transaction.jta.platform.internal.NoJtaPlatform]
27-01-2020 16:30:26.090 [35m[restartedMain][0;39m [34mINFO [0;39m o.s.o.j.LocalContainerEntityManagerFactoryBean.buildNativeEntityManagerFactory - 
     Initialized JPA EntityManagerFactory for persistence unit 'default'
27-01-2020 16:30:26.106 [35m[restartedMain][0;39m [34mINFO [0;39m o.s.b.d.a.OptionalLiveReloadServer.startServer - 
     LiveReload server is running on port 35729
27-01-2020 16:30:26.292 [35m[restartedMain][0;39m [31mWARN [0;39m o.s.b.a.o.j.JpaBaseConfiguration$JpaWebConfiguration.openEntityManagerInViewInterceptor - 
     spring.jpa.open-in-view is enabled by default. Therefore, database queries may be performed during view rendering. Explicitly configure spring.jpa.open-in-view to disable this warning
27-01-2020 16:30:26.331 [35m[restartedMain][0;39m [34mINFO [0;39m o.s.s.web.DefaultSecurityFilterChain.<init> - 
     Creating filter chain: any request, [org.springframework.security.web.context.request.async.WebAsyncManagerIntegrationFilter@5c450964, org.springframework.security.web.context.SecurityContextPersistenceFilter@11b620f2, org.springframework.security.web.header.HeaderWriterFilter@7b5c7903, org.springframework.web.filter.CorsFilter@4dc960dc, org.springframework.security.web.authentication.logout.LogoutFilter@3bf46422, com.avis.security.JwtAuthenticationTokenFilter@48de3984, org.springframework.security.web.savedrequest.RequestCacheAwareFilter@40e80927, org.springframework.security.web.servletapi.SecurityContextHolderAwareRequestFilter@58e4f458, org.springframework.security.web.authentication.AnonymousAuthenticationFilter@7fb3349d, org.springframework.security.web.session.SessionManagementFilter@15dac313, org.springframework.security.web.access.ExceptionTranslationFilter@39ed0c57, org.springframework.security.web.access.intercept.FilterSecurityInterceptor@7cb53b89]
27-01-2020 16:30:26.375 [35m[restartedMain][0;39m [34mINFO [0;39m o.s.s.c.ThreadPoolTaskExecutor.initialize - 
     Initializing ExecutorService 'applicationTaskExecutor'
27-01-2020 16:30:26.446 [35m[restartedMain][0;39m [34mINFO [0;39m o.a.coyote.http11.Http11NioProtocol.log - 
     Starting ProtocolHandler ["http-nio-8080"]
27-01-2020 16:30:26.451 [35m[restartedMain][0;39m [34mINFO [0;39m o.s.b.w.e.tomcat.TomcatWebServer.start - 
     Tomcat started on port(s): 8080 (http) with context path ''
27-01-2020 16:30:26.452 [35m[restartedMain][0;39m [34mINFO [0;39m com.avis.AnAvisApplication.logStarted - 
     Started AnAvisApplication in 1.907 seconds (JVM running for 3911.375)
27-01-2020 16:30:26.659 [35m[restartedMain][0;39m [34mINFO [0;39m o.s.b.d.a.ConditionEvaluationDeltaLoggingListener.onApplicationEvent - 
     Condition evaluation unchanged
27-01-2020 16:30:51.605 [35m[http-nio-8080-exec-1][0;39m [34mINFO [0;39m o.a.c.c.C.[Tomcat].[localhost].[/].log - 
     Initializing Spring DispatcherServlet 'dispatcherServlet'
27-01-2020 16:30:51.606 [35m[http-nio-8080-exec-1][0;39m [34mINFO [0;39m o.s.web.servlet.DispatcherServlet.initServletBean - 
     Initializing Servlet 'dispatcherServlet'
27-01-2020 16:30:51.610 [35m[http-nio-8080-exec-1][0;39m [34mINFO [0;39m o.s.web.servlet.DispatcherServlet.initServletBean - 
     Completed initialization in 4 ms
27-01-2020 16:30:51.691 [35m[http-nio-8080-exec-2][0;39m [34mINFO [0;39m global.register - 
     utente registrato
27-01-2020 16:31:06.298 [35m[http-nio-8080-exec-7][0;39m [31mWARN [0;39m o.s.w.s.m.m.a.ExceptionHandlerExceptionResolver.logException - 
     Resolved [org.springframework.security.authentication.InternalAuthenticationServiceException: UserDetailsService returned null, which is an interface contract violation]
27-01-2020 16:31:06.389 [35m[http-nio-8080-exec-9][0;39m [31mWARN [0;39m o.s.w.s.m.m.a.ExceptionHandlerExceptionResolver.logException - 
     Resolved [org.springframework.security.authentication.InternalAuthenticationServiceException: UserDetailsService returned null, which is an interface contract violation]
27-01-2020 16:31:28.237 [35m[http-nio-8080-exec-2][0;39m [34mINFO [0;39m global.register - 
     utente registrato
27-01-2020 16:31:35.537 [35m[http-nio-8080-exec-4][0;39m [34mINFO [0;39m global.generateToken - 
     nuovo token generato
27-01-2020 16:31:35.540 [35m[http-nio-8080-exec-4][0;39m [34mINFO [0;39m global.createAuthenticationToken - 
     utente appena autenticato
27-01-2020 16:34:25.591 [35m[http-nio-8080-exec-2][0;39m [34mINFO [0;39m global.generateToken - 
     nuovo token generato
27-01-2020 16:34:25.592 [35m[http-nio-8080-exec-2][0;39m [34mINFO [0;39m global.createAuthenticationToken - 
     utente appena autenticato
27-01-2020 16:34:57.132 [35m[http-nio-8080-exec-8][0;39m [34mINFO [0;39m global.generateToken - 
     nuovo token generato
27-01-2020 16:34:57.132 [35m[http-nio-8080-exec-8][0;39m [34mINFO [0;39m global.createAuthenticationToken - 
     utente appena autenticato
27-01-2020 16:35:30.094 [35m[http-nio-8080-exec-2][0;39m [34mINFO [0;39m global.insertEmergenza - 
     un emergenza è stata inviata
27-01-2020 16:35:35.900 [35m[http-nio-8080-exec-6][0;39m [34mINFO [0;39m global.insertEmergenza - 
     un emergenza è stata inviata
27-01-2020 16:35:37.228 [35m[http-nio-8080-exec-10][0;39m [34mINFO [0;39m global.deleteEmergenza - 
     un emergenza è stata cancellata
27-01-2020 16:36:17.729 [35m[http-nio-8080-exec-6][0;39m [34mINFO [0;39m global.insertEmergenza - 
     un emergenza è stata inviata
27-01-2020 16:43:31.277 [35m[http-nio-8080-exec-9][0;39m [34mINFO [0;39m global.deleteEmergenza - 
     un emergenza è stata cancellata
27-01-2020 16:43:44.583 [35m[http-nio-8080-exec-6][0;39m [34mINFO [0;39m global.insertEmergenza - 
     un emergenza è stata inviata
27-01-2020 16:46:35.514 [35m[http-nio-8080-exec-2][0;39m [34mINFO [0;39m global.generateToken - 
     nuovo token generato
27-01-2020 16:46:35.515 [35m[http-nio-8080-exec-2][0;39m [34mINFO [0;39m global.createAuthenticationToken - 
     utente appena autenticato
27-01-2020 16:46:51.130 [35m[http-nio-8080-exec-7][0;39m [31mWARN [0;39m o.s.w.s.m.m.a.ExceptionHandlerExceptionResolver.logException - 
     Resolved [java.util.NoSuchElementException: No value present]
27-01-2020 16:48:35.574 [35m[http-nio-8080-exec-2][0;39m [34mINFO [0;39m global.insertDate - 
     nuove date inserite
27-01-2020 16:54:02.282 [35m[http-nio-8080-exec-5][0;39m [31mWARN [0;39m o.s.w.s.m.m.a.ExceptionHandlerExceptionResolver.logException - 
     Resolved [java.util.NoSuchElementException: No value present]
27-01-2020 16:57:05.719 [35m[http-nio-8080-exec-1][0;39m [31mWARN [0;39m o.s.w.s.m.m.a.ExceptionHandlerExceptionResolver.logException - 
     Resolved [java.util.NoSuchElementException: No value present]
27-01-2020 16:58:33.441 [35m[http-nio-8080-exec-9][0;39m [31mWARN [0;39m o.s.w.s.m.m.a.ExceptionHandlerExceptionResolver.logException - 
     Resolved [java.util.NoSuchElementException: No value present]
27-01-2020 16:59:54.609 [35m[http-nio-8080-exec-7][0;39m [31mWARN [0;39m o.s.w.s.m.m.a.ExceptionHandlerExceptionResolver.logException - 
     Resolved [java.util.NoSuchElementException: No value present]
27-01-2020 17:00:22.169 [35m[http-nio-8080-exec-3][0;39m [31mWARN [0;39m o.s.w.s.m.m.a.ExceptionHandlerExceptionResolver.logException - 
     Resolved [java.util.NoSuchElementException: No value present]
27-01-2020 17:00:29.741 [35m[http-nio-8080-exec-10][0;39m [31mWARN [0;39m o.s.w.s.m.m.a.ExceptionHandlerExceptionResolver.logException - 
     Resolved [java.util.NoSuchElementException: No value present]
27-01-2020 17:00:45.790 [35m[http-nio-8080-exec-9][0;39m [31mWARN [0;39m o.s.w.s.m.m.a.ExceptionHandlerExceptionResolver.logException - 
     Resolved [java.util.NoSuchElementException: No value present]
27-01-2020 17:00:48.808 [35m[http-nio-8080-exec-1][0;39m [31mWARN [0;39m o.s.w.s.m.m.a.ExceptionHandlerExceptionResolver.logException - 
     Resolved [java.util.NoSuchElementException: No value present]
27-01-2020 17:02:06.464 [35m[http-nio-8080-exec-10][0;39m [31mWARN [0;39m o.s.w.s.m.m.a.ExceptionHandlerExceptionResolver.logException - 
     Resolved [java.util.NoSuchElementException: No value present]
27-01-2020 17:02:07.316 [35m[http-nio-8080-exec-4][0;39m [31mWARN [0;39m o.s.w.s.m.m.a.ExceptionHandlerExceptionResolver.logException - 
     Resolved [java.util.NoSuchElementException: No value present]
27-01-2020 17:02:21.309 [35m[http-nio-8080-exec-1][0;39m [31mWARN [0;39m o.s.w.s.m.m.a.ExceptionHandlerExceptionResolver.logException - 
     Resolved [java.util.NoSuchElementException: No value present]
27-01-2020 17:15:24.576 [35m[http-nio-8080-exec-2][0;39m [31mWARN [0;39m o.s.w.s.m.m.a.ExceptionHandlerExceptionResolver.logException - 
     Resolved [java.util.NoSuchElementException: No value present]
27-01-2020 17:22:41.887 [35m[http-nio-8080-exec-10][0;39m [31mWARN [0;39m o.s.w.s.m.m.a.ExceptionHandlerExceptionResolver.logException - 
     Resolved [java.util.NoSuchElementException: No value present]
27-01-2020 17:22:53.365 [35m[http-nio-8080-exec-8][0;39m [31mWARN [0;39m o.s.w.s.m.m.a.ExceptionHandlerExceptionResolver.logException - 
     Resolved [java.util.NoSuchElementException: No value present]
27-01-2020 17:23:02.314 [35m[http-nio-8080-exec-9][0;39m [34mINFO [0;39m global.insertDate - 
     nuove date inserite
27-01-2020 17:23:05.636 [35m[http-nio-8080-exec-10][0;39m [34mINFO [0;39m global.insertDate - 
     nuove date inserite
27-01-2020 17:23:08.049 [35m[http-nio-8080-exec-6][0;39m [31mWARN [0;39m o.s.w.s.m.m.a.ExceptionHandlerExceptionResolver.logException - 
     Resolved [java.util.NoSuchElementException: No value present]
27-01-2020 17:23:40.185 [35m[http-nio-8080-exec-2][0;39m [31mWARN [0;39m o.s.w.s.m.m.a.ExceptionHandlerExceptionResolver.logException - 
     Resolved [java.util.NoSuchElementException: No value present]
27-01-2020 17:23:57.888 [35m[http-nio-8080-exec-5][0;39m [31mWARN [0;39m o.s.w.s.m.m.a.ExceptionHandlerExceptionResolver.logException - 
     Resolved [java.util.NoSuchElementException: No value present]
27-01-2020 17:27:26.915 [35m[http-nio-8080-exec-7][0;39m [34mINFO [0;39m global.generateToken - 
     nuovo token generato
27-01-2020 17:27:26.918 [35m[http-nio-8080-exec-7][0;39m [34mINFO [0;39m global.createAuthenticationToken - 
     utente appena autenticato
27-01-2020 17:27:46.777 [35m[http-nio-8080-exec-7][0;39m [34mINFO [0;39m global.prenotaData - 
     nuova data prenotata
27-01-2020 17:27:55.782 [35m[http-nio-8080-exec-2][0;39m [34mINFO [0;39m global.generateToken - 
     nuovo token generato
27-01-2020 17:27:55.782 [35m[http-nio-8080-exec-2][0;39m [34mINFO [0;39m global.createAuthenticationToken - 
     utente appena autenticato
27-01-2020 17:28:01.539 [35m[http-nio-8080-exec-5][0;39m [31mWARN [0;39m o.s.w.s.m.m.a.ExceptionHandlerExceptionResolver.logException - 
     Resolved [java.util.NoSuchElementException: No value present]
27-01-2020 17:28:46.239 [35m[http-nio-8080-exec-6][0;39m [31mWARN [0;39m o.s.w.s.m.m.a.ExceptionHandlerExceptionResolver.logException - 
     Resolved [java.util.NoSuchElementException: No value present]
27-01-2020 17:29:16.971 [35m[http-nio-8080-exec-2][0;39m [31mWARN [0;39m o.s.w.s.m.m.a.ExceptionHandlerExceptionResolver.logException - 
     Resolved [java.util.NoSuchElementException: No value present]
27-01-2020 17:30:42.268 [35m[http-nio-8080-exec-7][0;39m [34mINFO [0;39m global.register - 
     utente registrato
27-01-2020 17:30:48.242 [35m[http-nio-8080-exec-9][0;39m [34mINFO [0;39m global.generateToken - 
     nuovo token generato
27-01-2020 17:30:48.243 [35m[http-nio-8080-exec-9][0;39m [34mINFO [0;39m global.createAuthenticationToken - 
     utente appena autenticato
27-01-2020 17:30:50.044 [35m[http-nio-8080-exec-6][0;39m [31mWARN [0;39m o.s.w.s.m.m.a.ExceptionHandlerExceptionResolver.logException - 
     Resolved [java.util.NoSuchElementException: No value present]
27-01-2020 17:31:02.674 [35m[http-nio-8080-exec-3][0;39m [31mWARN [0;39m o.s.w.s.m.m.a.ExceptionHandlerExceptionResolver.logException - 
     Resolved [java.util.NoSuchElementException: No value present]
27-01-2020 17:31:39.138 [35m[http-nio-8080-exec-2][0;39m [31mWARN [0;39m o.s.w.s.m.m.a.ExceptionHandlerExceptionResolver.logException - 
     Resolved [java.util.NoSuchElementException: No value present]
27-01-2020 17:32:30.740 [35m[http-nio-8080-exec-3][0;39m [34mINFO [0;39m global.register - 
     utente registrato
27-01-2020 17:32:36.338 [35m[http-nio-8080-exec-7][0;39m [34mINFO [0;39m global.generateToken - 
     nuovo token generato
27-01-2020 17:32:36.338 [35m[http-nio-8080-exec-7][0;39m [34mINFO [0;39m global.createAuthenticationToken - 
     utente appena autenticato
27-01-2020 17:32:42.060 [35m[http-nio-8080-exec-10][0;39m [34mINFO [0;39m global.insertDate - 
     nuove date inserite
27-01-2020 17:32:51.339 [35m[http-nio-8080-exec-1][0;39m [31mWARN [0;39m o.s.w.s.m.m.a.ExceptionHandlerExceptionResolver.logException - 
     Resolved [java.util.NoSuchElementException: No value present]
27-01-2020 17:33:13.204 [35m[http-nio-8080-exec-10][0;39m [31mWARN [0;39m o.s.w.s.m.m.a.ExceptionHandlerExceptionResolver.logException - 
     Resolved [java.util.NoSuchElementException: No value present]
27-01-2020 17:34:07.546 [35m[http-nio-8080-exec-1][0;39m [31mWARN [0;39m o.s.w.s.m.m.a.ExceptionHandlerExceptionResolver.logException - 
     Resolved [org.springframework.security.authentication.InternalAuthenticationServiceException: UserDetailsService returned null, which is an interface contract violation]
27-01-2020 17:34:14.975 [35m[http-nio-8080-exec-8][0;39m [34mINFO [0;39m global.generateToken - 
     nuovo token generato
27-01-2020 17:34:14.977 [35m[http-nio-8080-exec-8][0;39m [34mINFO [0;39m global.createAuthenticationToken - 
     utente appena autenticato
27-01-2020 17:34:23.997 [35m[http-nio-8080-exec-8][0;39m [34mINFO [0;39m global.prenotaData - 
     nuova data prenotata
27-01-2020 17:34:26.586 [35m[http-nio-8080-exec-4][0;39m [31mWARN [0;39m o.s.w.s.m.m.a.ExceptionHandlerExceptionResolver.logException - 
     Resolved [java.util.NoSuchElementException: No value present]
27-01-2020 17:34:39.712 [35m[http-nio-8080-exec-3][0;39m [34mINFO [0;39m global.prenotaData - 
     nuova data prenotata
27-01-2020 17:34:55.011 [35m[http-nio-8080-exec-9][0;39m [31mWARN [0;39m o.h.e.jdbc.spi.SqlExceptionHelper.logExceptions - 
     SQL Error: 1062, SQLState: 23000
27-01-2020 17:34:55.012 [35m[http-nio-8080-exec-9][0;39m [1;31mERROR[0;39m o.h.e.jdbc.spi.SqlExceptionHelper.logExceptions - 
     Duplicate entry 'c' for key 'UK_gxvq4mjswnupehxnp35vawmo2'
27-01-2020 17:34:55.018 [35m[http-nio-8080-exec-9][0;39m [31mWARN [0;39m o.s.w.s.m.m.a.ExceptionHandlerExceptionResolver.logException - 
     Resolved [org.springframework.dao.DataIntegrityViolationException: could not execute statement; SQL [n/a]; constraint [UK_gxvq4mjswnupehxnp35vawmo2]; nested exception is org.hibernate.exception.ConstraintViolationException: could not execute statement]
27-01-2020 17:35:04.001 [35m[http-nio-8080-exec-5][0;39m [34mINFO [0;39m global.register - 
     utente registrato
27-01-2020 17:35:11.018 [35m[http-nio-8080-exec-2][0;39m [34mINFO [0;39m global.generateToken - 
     nuovo token generato
27-01-2020 17:35:11.019 [35m[http-nio-8080-exec-2][0;39m [34mINFO [0;39m global.createAuthenticationToken - 
     utente appena autenticato
27-01-2020 17:35:12.799 [35m[http-nio-8080-exec-8][0;39m [31mWARN [0;39m o.s.w.s.m.m.a.ExceptionHandlerExceptionResolver.logException - 
     Resolved [java.util.NoSuchElementException: No value present]
27-01-2020 17:35:31.101 [35m[http-nio-8080-exec-10][0;39m [34mINFO [0;39m global.prenotaData - 
     nuova data prenotata
27-01-2020 17:36:23.463 [35m[http-nio-8080-exec-6][0;39m [34mINFO [0;39m global.register - 
     utente registrato
27-01-2020 17:36:29.410 [35m[http-nio-8080-exec-9][0;39m [34mINFO [0;39m global.generateToken - 
     nuovo token generato
27-01-2020 17:36:29.411 [35m[http-nio-8080-exec-9][0;39m [34mINFO [0;39m global.createAuthenticationToken - 
     utente appena autenticato
27-01-2020 17:36:31.211 [35m[http-nio-8080-exec-2][0;39m [31mWARN [0;39m o.s.w.s.m.m.a.ExceptionHandlerExceptionResolver.logException - 
     Resolved [java.util.NoSuchElementException: No value present]
27-01-2020 17:36:58.460 [35m[http-nio-8080-exec-3][0;39m [34mINFO [0;39m global.prenotaData - 
     nuova data prenotata
27-01-2020 17:37:05.722 [35m[http-nio-8080-exec-5][0;39m [34mINFO [0;39m global.generateToken - 
     nuovo token generato
27-01-2020 17:37:05.722 [35m[http-nio-8080-exec-5][0;39m [34mINFO [0;39m global.createAuthenticationToken - 
     utente appena autenticato
27-01-2020 17:37:07.431 [35m[http-nio-8080-exec-6][0;39m [31mWARN [0;39m o.s.w.s.m.m.a.ExceptionHandlerExceptionResolver.logException - 
     Resolved [java.util.NoSuchElementException: No value present]
27-01-2020 17:40:20.709 [35m[http-nio-8080-exec-2][0;39m [31mWARN [0;39m o.s.w.s.m.m.a.ExceptionHandlerExceptionResolver.logException - 
     Resolved [java.util.NoSuchElementException: No value present]
27-01-2020 17:42:15.322 [35m[http-nio-8080-exec-10][0;39m [31mWARN [0;39m o.s.w.s.m.m.a.ExceptionHandlerExceptionResolver.logException - 
     Resolved [java.util.NoSuchElementException: No value present]
27-01-2020 17:42:38.934 [35m[http-nio-8080-exec-9][0;39m [31mWARN [0;39m o.s.w.s.m.m.a.ExceptionHandlerExceptionResolver.logException - 
     Resolved [java.util.NoSuchElementException: No value present]
27-01-2020 17:43:35.972 [35m[http-nio-8080-exec-1][0;39m [31mWARN [0;39m o.s.w.s.m.m.a.ExceptionHandlerExceptionResolver.logException - 
     Resolved [java.util.NoSuchElementException: No value present]
27-01-2020 17:44:14.889 [35m[http-nio-8080-exec-5][0;39m [31mWARN [0;39m o.s.w.s.m.m.a.ExceptionHandlerExceptionResolver.logException - 
     Resolved [java.util.NoSuchElementException: No value present]
27-01-2020 17:44:26.797 [35m[http-nio-8080-exec-9][0;39m [31mWARN [0;39m o.s.w.s.m.m.a.ExceptionHandlerExceptionResolver.logException - 
     Resolved [java.util.NoSuchElementException: No value present]
27-01-2020 17:44:30.153 [35m[http-nio-8080-exec-5][0;39m [31mWARN [0;39m o.s.w.s.m.m.a.ExceptionHandlerExceptionResolver.logException - 
     Resolved [java.util.NoSuchElementException: No value present]
27-01-2020 17:46:04.347 [35m[http-nio-8080-exec-9][0;39m [31mWARN [0;39m o.s.w.s.m.m.a.ExceptionHandlerExceptionResolver.logException - 
     Resolved [java.util.NoSuchElementException: No value present]
27-01-2020 17:46:56.543 [35m[http-nio-8080-exec-10][0;39m [31mWARN [0;39m o.s.w.s.m.m.a.ExceptionHandlerExceptionResolver.logException - 
     Resolved [org.springframework.http.converter.HttpMessageNotReadableException: Required request body is missing: public org.springframework.http.ResponseEntity<com.avis.utils.InterfaceApi> com.avis.rest_controller.PrenotazioneController.deleteDate(long)]
27-01-2020 17:47:05.963 [35m[http-nio-8080-exec-1][0;39m [31mWARN [0;39m o.s.w.s.m.m.a.ExceptionHandlerExceptionResolver.logException - 
     Resolved [org.springframework.http.converter.HttpMessageNotReadableException: Required request body is missing: public org.springframework.http.ResponseEntity<com.avis.utils.InterfaceApi> com.avis.rest_controller.PrenotazioneController.deleteDate(long)]
