22-01-2020 20:14:58.029 [35m[main][0;39m [31mWARN [0;39m com.avis.AnAvisApplication.main - 
     pluto
22-01-2020 20:14:58.276 [35m[restartedMain][0;39m [31mWARN [0;39m com.avis.AnAvisApplication.main - 
     pluto
22-01-2020 20:14:58.709 [35m[restartedMain][0;39m [34mINFO [0;39m com.avis.AnAvisApplication.logStarting - 
     Starting AnAvisApplication on DESKTOP-V9I5L9F with PID 2148 (C:\Users\Marco\Desktop\AnAvis\backend\target\classes started by Marco in C:\Users\Marco\Desktop\AnAvis)
22-01-2020 20:14:58.710 [35m[restartedMain][0;39m [34mINFO [0;39m com.avis.AnAvisApplication.logStartupProfileInfo - 
     No active profile set, falling back to default profiles: default
22-01-2020 20:14:58.784 [35m[restartedMain][0;39m [34mINFO [0;39m o.s.b.d.restart.ChangeableUrls.logTo - 
     The Class-Path manifest attribute in C:\Users\Marco\.m2\repository\org\glassfish\jaxb\jaxb-runtime\2.3.2\jaxb-runtime-2.3.2.jar referenced one or more files that do not exist: file:/C:/Users/Marco/.m2/repository/org/glassfish/jaxb/jaxb-runtime/2.3.2/jakarta.xml.bind-api-2.3.2.jar,file:/C:/Users/Marco/.m2/repository/org/glassfish/jaxb/jaxb-runtime/2.3.2/txw2-2.3.2.jar,file:/C:/Users/Marco/.m2/repository/org/glassfish/jaxb/jaxb-runtime/2.3.2/istack-commons-runtime-3.0.8.jar,file:/C:/Users/Marco/.m2/repository/org/glassfish/jaxb/jaxb-runtime/2.3.2/stax-ex-1.8.1.jar,file:/C:/Users/Marco/.m2/repository/org/glassfish/jaxb/jaxb-runtime/2.3.2/FastInfoset-1.2.16.jar,file:/C:/Users/Marco/.m2/repository/org/glassfish/jaxb/jaxb-runtime/2.3.2/jakarta.activation-api-1.2.1.jar
22-01-2020 20:14:58.785 [35m[restartedMain][0;39m [34mINFO [0;39m o.s.b.d.e.DevToolsPropertyDefaultsPostProcessor.logTo - 
     Devtools property defaults active! Set 'spring.devtools.add-properties' to 'false' to disable
22-01-2020 20:14:58.786 [35m[restartedMain][0;39m [34mINFO [0;39m o.s.b.d.e.DevToolsPropertyDefaultsPostProcessor.logTo - 
     For additional web related logging consider setting the 'logging.level.web' property to 'DEBUG'
22-01-2020 20:14:59.963 [35m[restartedMain][0;39m [34mINFO [0;39m o.s.d.r.c.RepositoryConfigurationDelegate.registerRepositoriesIn - 
     Bootstrapping Spring Data repositories in DEFAULT mode.
22-01-2020 20:15:00.132 [35m[restartedMain][0;39m [34mINFO [0;39m o.s.d.r.c.RepositoryConfigurationDelegate.registerRepositoriesIn - 
     Finished Spring Data repository scanning in 157ms. Found 7 repository interfaces.
22-01-2020 20:15:00.804 [35m[restartedMain][0;39m [34mINFO [0;39m o.s.c.s.PostProcessorRegistrationDelegate$BeanPostProcessorChecker.postProcessAfterInitialization - 
     Bean 'org.springframework.transaction.annotation.ProxyTransactionManagementConfiguration' of type [org.springframework.transaction.annotation.ProxyTransactionManagementConfiguration] is not eligible for getting processed by all BeanPostProcessors (for example: not eligible for auto-proxying)
22-01-2020 20:15:00.840 [35m[restartedMain][0;39m [34mINFO [0;39m o.s.c.s.PostProcessorRegistrationDelegate$BeanPostProcessorChecker.postProcessAfterInitialization - 
     Bean 'org.springframework.security.config.annotation.configuration.ObjectPostProcessorConfiguration' of type [org.springframework.security.config.annotation.configuration.ObjectPostProcessorConfiguration] is not eligible for getting processed by all BeanPostProcessors (for example: not eligible for auto-proxying)
22-01-2020 20:15:00.847 [35m[restartedMain][0;39m [34mINFO [0;39m o.s.c.s.PostProcessorRegistrationDelegate$BeanPostProcessorChecker.postProcessAfterInitialization - 
     Bean 'objectPostProcessor' of type [org.springframework.security.config.annotation.configuration.AutowireBeanFactoryObjectPostProcessor] is not eligible for getting processed by all BeanPostProcessors (for example: not eligible for auto-proxying)
22-01-2020 20:15:00.851 [35m[restartedMain][0;39m [34mINFO [0;39m o.s.c.s.PostProcessorRegistrationDelegate$BeanPostProcessorChecker.postProcessAfterInitialization - 
     Bean 'org.springframework.security.access.expression.method.DefaultMethodSecurityExpressionHandler@2dbd6d5f' of type [org.springframework.security.access.expression.method.DefaultMethodSecurityExpressionHandler] is not eligible for getting processed by all BeanPostProcessors (for example: not eligible for auto-proxying)
22-01-2020 20:15:00.855 [35m[restartedMain][0;39m [34mINFO [0;39m o.s.c.s.PostProcessorRegistrationDelegate$BeanPostProcessorChecker.postProcessAfterInitialization - 
     Bean 'org.springframework.security.config.annotation.method.configuration.GlobalMethodSecurityConfiguration' of type [org.springframework.security.config.annotation.method.configuration.GlobalMethodSecurityConfiguration] is not eligible for getting processed by all BeanPostProcessors (for example: not eligible for auto-proxying)
22-01-2020 20:15:00.861 [35m[restartedMain][0;39m [34mINFO [0;39m o.s.c.s.PostProcessorRegistrationDelegate$BeanPostProcessorChecker.postProcessAfterInitialization - 
     Bean 'methodSecurityMetadataSource' of type [org.springframework.security.access.method.DelegatingMethodSecurityMetadataSource] is not eligible for getting processed by all BeanPostProcessors (for example: not eligible for auto-proxying)
22-01-2020 20:15:01.743 [35m[restartedMain][0;39m [34mINFO [0;39m o.s.b.w.e.tomcat.TomcatWebServer.initialize - 
     Tomcat initialized with port(s): 8080 (http)
22-01-2020 20:15:01.761 [35m[restartedMain][0;39m [34mINFO [0;39m o.a.coyote.http11.Http11NioProtocol.log - 
     Initializing ProtocolHandler ["http-nio-8080"]
22-01-2020 20:15:01.762 [35m[restartedMain][0;39m [34mINFO [0;39m o.a.catalina.core.StandardService.log - 
     Starting service [Tomcat]
22-01-2020 20:15:01.763 [35m[restartedMain][0;39m [34mINFO [0;39m o.a.catalina.core.StandardEngine.log - 
     Starting Servlet engine: [Apache Tomcat/9.0.27]
22-01-2020 20:15:01.927 [35m[restartedMain][0;39m [34mINFO [0;39m o.a.c.c.C.[Tomcat].[localhost].[/].log - 
     Initializing Spring embedded WebApplicationContext
22-01-2020 20:15:01.928 [35m[restartedMain][0;39m [34mINFO [0;39m o.s.web.context.ContextLoader.prepareWebApplicationContext - 
     Root WebApplicationContext: initialization completed in 3142 ms
22-01-2020 20:15:02.202 [35m[restartedMain][0;39m [34mINFO [0;39m o.h.jpa.internal.util.LogHelper.logPersistenceUnitInformation - 
     HHH000204: Processing PersistenceUnitInfo [name: default]
22-01-2020 20:15:02.301 [35m[restartedMain][0;39m [34mINFO [0;39m org.hibernate.Version.logVersion - 
     HHH000412: Hibernate Core {5.4.8.Final}
22-01-2020 20:15:02.489 [35m[restartedMain][0;39m [34mINFO [0;39m o.h.annotations.common.Version.<clinit> - 
     HCANN000001: Hibernate Commons Annotations {5.1.0.Final}
22-01-2020 20:15:02.636 [35m[restartedMain][0;39m [34mINFO [0;39m com.zaxxer.hikari.HikariDataSource.getConnection - 
     HikariPool-1 - Starting...
22-01-2020 20:15:02.850 [35m[restartedMain][0;39m [34mINFO [0;39m com.zaxxer.hikari.HikariDataSource.getConnection - 
     HikariPool-1 - Start completed.
22-01-2020 20:15:02.869 [35m[restartedMain][0;39m [34mINFO [0;39m org.hibernate.dialect.Dialect.<init> - 
     HHH000400: Using dialect: org.hibernate.dialect.MySQL5InnoDBDialect
22-01-2020 20:15:04.855 [35m[restartedMain][0;39m [34mINFO [0;39m o.h.e.t.j.p.i.JtaPlatformInitiator.initiateService - 
     HHH000490: Using JtaPlatform implementation: [org.hibernate.engine.transaction.jta.platform.internal.NoJtaPlatform]
22-01-2020 20:15:04.862 [35m[restartedMain][0;39m [34mINFO [0;39m o.s.o.j.LocalContainerEntityManagerFactoryBean.buildNativeEntityManagerFactory - 
     Initialized JPA EntityManagerFactory for persistence unit 'default'
22-01-2020 20:15:04.884 [35m[restartedMain][0;39m [34mINFO [0;39m o.s.b.d.a.OptionalLiveReloadServer.startServer - 
     LiveReload server is running on port 35729
22-01-2020 20:15:05.840 [35m[restartedMain][0;39m [31mWARN [0;39m o.s.b.a.o.j.JpaBaseConfiguration$JpaWebConfiguration.openEntityManagerInViewInterceptor - 
     spring.jpa.open-in-view is enabled by default. Therefore, database queries may be performed during view rendering. Explicitly configure spring.jpa.open-in-view to disable this warning
22-01-2020 20:15:06.178 [35m[restartedMain][0;39m [34mINFO [0;39m o.s.s.web.DefaultSecurityFilterChain.<init> - 
     Creating filter chain: any request, [org.springframework.security.web.context.request.async.WebAsyncManagerIntegrationFilter@5307da2, org.springframework.security.web.context.SecurityContextPersistenceFilter@702e59d4, org.springframework.security.web.header.HeaderWriterFilter@6e86ce98, org.springframework.web.filter.CorsFilter@24b337dc, org.springframework.security.web.authentication.logout.LogoutFilter@425b6f99, com.avis.security.JwtAuthenticationTokenFilter@6635affb, org.springframework.security.web.savedrequest.RequestCacheAwareFilter@359f8bb4, org.springframework.security.web.servletapi.SecurityContextHolderAwareRequestFilter@6212996f, org.springframework.security.web.authentication.AnonymousAuthenticationFilter@7c05ecaf, org.springframework.security.web.session.SessionManagementFilter@62894984, org.springframework.security.web.access.ExceptionTranslationFilter@64d61f0, org.springframework.security.web.access.intercept.FilterSecurityInterceptor@5fad7bb1]
22-01-2020 20:15:06.433 [35m[restartedMain][0;39m [34mINFO [0;39m o.s.s.c.ThreadPoolTaskExecutor.initialize - 
     Initializing ExecutorService 'applicationTaskExecutor'
22-01-2020 20:15:06.811 [35m[restartedMain][0;39m [34mINFO [0;39m o.a.coyote.http11.Http11NioProtocol.log - 
     Starting ProtocolHandler ["http-nio-8080"]
22-01-2020 20:15:06.853 [35m[restartedMain][0;39m [34mINFO [0;39m o.s.b.w.e.tomcat.TomcatWebServer.start - 
     Tomcat started on port(s): 8080 (http) with context path ''
22-01-2020 20:15:06.858 [35m[restartedMain][0;39m [34mINFO [0;39m com.avis.AnAvisApplication.logStarted - 
     Started AnAvisApplication in 8.566 seconds (JVM running for 9.262)
22-01-2020 20:16:49.092 [35m[main][0;39m [31mWARN [0;39m com.avis.AnAvisApplication.main - 
     pluto
22-01-2020 20:16:49.331 [35m[restartedMain][0;39m [31mWARN [0;39m com.avis.AnAvisApplication.main - 
     pluto
22-01-2020 20:16:49.764 [35m[restartedMain][0;39m [34mINFO [0;39m com.avis.AnAvisApplication.logStarting - 
     Starting AnAvisApplication on DESKTOP-V9I5L9F with PID 17244 (C:\Users\Marco\Desktop\AnAvis\backend\target\classes started by Marco in C:\Users\Marco\Desktop\AnAvis)
22-01-2020 20:16:49.766 [35m[restartedMain][0;39m [34mINFO [0;39m com.avis.AnAvisApplication.logStartupProfileInfo - 
     No active profile set, falling back to default profiles: default
22-01-2020 20:16:49.839 [35m[restartedMain][0;39m [34mINFO [0;39m o.s.b.d.restart.ChangeableUrls.logTo - 
     The Class-Path manifest attribute in C:\Users\Marco\.m2\repository\org\glassfish\jaxb\jaxb-runtime\2.3.2\jaxb-runtime-2.3.2.jar referenced one or more files that do not exist: file:/C:/Users/Marco/.m2/repository/org/glassfish/jaxb/jaxb-runtime/2.3.2/jakarta.xml.bind-api-2.3.2.jar,file:/C:/Users/Marco/.m2/repository/org/glassfish/jaxb/jaxb-runtime/2.3.2/txw2-2.3.2.jar,file:/C:/Users/Marco/.m2/repository/org/glassfish/jaxb/jaxb-runtime/2.3.2/istack-commons-runtime-3.0.8.jar,file:/C:/Users/Marco/.m2/repository/org/glassfish/jaxb/jaxb-runtime/2.3.2/stax-ex-1.8.1.jar,file:/C:/Users/Marco/.m2/repository/org/glassfish/jaxb/jaxb-runtime/2.3.2/FastInfoset-1.2.16.jar,file:/C:/Users/Marco/.m2/repository/org/glassfish/jaxb/jaxb-runtime/2.3.2/jakarta.activation-api-1.2.1.jar
22-01-2020 20:16:49.840 [35m[restartedMain][0;39m [34mINFO [0;39m o.s.b.d.e.DevToolsPropertyDefaultsPostProcessor.logTo - 
     Devtools property defaults active! Set 'spring.devtools.add-properties' to 'false' to disable
22-01-2020 20:16:49.841 [35m[restartedMain][0;39m [34mINFO [0;39m o.s.b.d.e.DevToolsPropertyDefaultsPostProcessor.logTo - 
     For additional web related logging consider setting the 'logging.level.web' property to 'DEBUG'
22-01-2020 20:16:50.843 [35m[restartedMain][0;39m [34mINFO [0;39m o.s.d.r.c.RepositoryConfigurationDelegate.registerRepositoriesIn - 
     Bootstrapping Spring Data repositories in DEFAULT mode.
22-01-2020 20:16:50.992 [35m[restartedMain][0;39m [34mINFO [0;39m o.s.d.r.c.RepositoryConfigurationDelegate.registerRepositoriesIn - 
     Finished Spring Data repository scanning in 135ms. Found 7 repository interfaces.
22-01-2020 20:16:51.535 [35m[restartedMain][0;39m [34mINFO [0;39m o.s.c.s.PostProcessorRegistrationDelegate$BeanPostProcessorChecker.postProcessAfterInitialization - 
     Bean 'org.springframework.transaction.annotation.ProxyTransactionManagementConfiguration' of type [org.springframework.transaction.annotation.ProxyTransactionManagementConfiguration] is not eligible for getting processed by all BeanPostProcessors (for example: not eligible for auto-proxying)
22-01-2020 20:16:51.570 [35m[restartedMain][0;39m [34mINFO [0;39m o.s.c.s.PostProcessorRegistrationDelegate$BeanPostProcessorChecker.postProcessAfterInitialization - 
     Bean 'org.springframework.security.config.annotation.configuration.ObjectPostProcessorConfiguration' of type [org.springframework.security.config.annotation.configuration.ObjectPostProcessorConfiguration] is not eligible for getting processed by all BeanPostProcessors (for example: not eligible for auto-proxying)
22-01-2020 20:16:51.575 [35m[restartedMain][0;39m [34mINFO [0;39m o.s.c.s.PostProcessorRegistrationDelegate$BeanPostProcessorChecker.postProcessAfterInitialization - 
     Bean 'objectPostProcessor' of type [org.springframework.security.config.annotation.configuration.AutowireBeanFactoryObjectPostProcessor] is not eligible for getting processed by all BeanPostProcessors (for example: not eligible for auto-proxying)
22-01-2020 20:16:51.579 [35m[restartedMain][0;39m [34mINFO [0;39m o.s.c.s.PostProcessorRegistrationDelegate$BeanPostProcessorChecker.postProcessAfterInitialization - 
     Bean 'org.springframework.security.access.expression.method.DefaultMethodSecurityExpressionHandler@6327e66a' of type [org.springframework.security.access.expression.method.DefaultMethodSecurityExpressionHandler] is not eligible for getting processed by all BeanPostProcessors (for example: not eligible for auto-proxying)
22-01-2020 20:16:51.584 [35m[restartedMain][0;39m [34mINFO [0;39m o.s.c.s.PostProcessorRegistrationDelegate$BeanPostProcessorChecker.postProcessAfterInitialization - 
     Bean 'org.springframework.security.config.annotation.method.configuration.GlobalMethodSecurityConfiguration' of type [org.springframework.security.config.annotation.method.configuration.GlobalMethodSecurityConfiguration] is not eligible for getting processed by all BeanPostProcessors (for example: not eligible for auto-proxying)
22-01-2020 20:16:51.589 [35m[restartedMain][0;39m [34mINFO [0;39m o.s.c.s.PostProcessorRegistrationDelegate$BeanPostProcessorChecker.postProcessAfterInitialization - 
     Bean 'methodSecurityMetadataSource' of type [org.springframework.security.access.method.DelegatingMethodSecurityMetadataSource] is not eligible for getting processed by all BeanPostProcessors (for example: not eligible for auto-proxying)
22-01-2020 20:16:52.427 [35m[restartedMain][0;39m [34mINFO [0;39m o.s.b.w.e.tomcat.TomcatWebServer.initialize - 
     Tomcat initialized with port(s): 8080 (http)
22-01-2020 20:16:52.439 [35m[restartedMain][0;39m [34mINFO [0;39m o.a.coyote.http11.Http11NioProtocol.log - 
     Initializing ProtocolHandler ["http-nio-8080"]
22-01-2020 20:16:52.440 [35m[restartedMain][0;39m [34mINFO [0;39m o.a.catalina.core.StandardService.log - 
     Starting service [Tomcat]
22-01-2020 20:16:52.441 [35m[restartedMain][0;39m [34mINFO [0;39m o.a.catalina.core.StandardEngine.log - 
     Starting Servlet engine: [Apache Tomcat/9.0.27]
22-01-2020 20:16:52.571 [35m[restartedMain][0;39m [34mINFO [0;39m o.a.c.c.C.[Tomcat].[localhost].[/].log - 
     Initializing Spring embedded WebApplicationContext
22-01-2020 20:16:52.572 [35m[restartedMain][0;39m [34mINFO [0;39m o.s.web.context.ContextLoader.prepareWebApplicationContext - 
     Root WebApplicationContext: initialization completed in 2731 ms
22-01-2020 20:16:52.870 [35m[restartedMain][0;39m [34mINFO [0;39m o.h.jpa.internal.util.LogHelper.logPersistenceUnitInformation - 
     HHH000204: Processing PersistenceUnitInfo [name: default]
22-01-2020 20:16:52.965 [35m[restartedMain][0;39m [34mINFO [0;39m org.hibernate.Version.logVersion - 
     HHH000412: Hibernate Core {5.4.8.Final}
22-01-2020 20:16:53.153 [35m[restartedMain][0;39m [34mINFO [0;39m o.h.annotations.common.Version.<clinit> - 
     HCANN000001: Hibernate Commons Annotations {5.1.0.Final}
22-01-2020 20:16:53.271 [35m[restartedMain][0;39m [34mINFO [0;39m com.zaxxer.hikari.HikariDataSource.getConnection - 
     HikariPool-1 - Starting...
22-01-2020 20:16:53.498 [35m[restartedMain][0;39m [34mINFO [0;39m com.zaxxer.hikari.HikariDataSource.getConnection - 
     HikariPool-1 - Start completed.
22-01-2020 20:16:53.531 [35m[restartedMain][0;39m [34mINFO [0;39m org.hibernate.dialect.Dialect.<init> - 
     HHH000400: Using dialect: org.hibernate.dialect.MySQL5InnoDBDialect
22-01-2020 20:16:55.871 [35m[restartedMain][0;39m [34mINFO [0;39m o.h.e.t.j.p.i.JtaPlatformInitiator.initiateService - 
     HHH000490: Using JtaPlatform implementation: [org.hibernate.engine.transaction.jta.platform.internal.NoJtaPlatform]
22-01-2020 20:16:55.878 [35m[restartedMain][0;39m [34mINFO [0;39m o.s.o.j.LocalContainerEntityManagerFactoryBean.buildNativeEntityManagerFactory - 
     Initialized JPA EntityManagerFactory for persistence unit 'default'
22-01-2020 20:16:55.901 [35m[restartedMain][0;39m [34mINFO [0;39m o.s.b.d.a.OptionalLiveReloadServer.startServer - 
     LiveReload server is running on port 35729
22-01-2020 20:16:56.647 [35m[restartedMain][0;39m [31mWARN [0;39m o.s.b.a.o.j.JpaBaseConfiguration$JpaWebConfiguration.openEntityManagerInViewInterceptor - 
     spring.jpa.open-in-view is enabled by default. Therefore, database queries may be performed during view rendering. Explicitly configure spring.jpa.open-in-view to disable this warning
22-01-2020 20:16:56.940 [35m[restartedMain][0;39m [34mINFO [0;39m o.s.s.web.DefaultSecurityFilterChain.<init> - 
     Creating filter chain: any request, [org.springframework.security.web.context.request.async.WebAsyncManagerIntegrationFilter@5b1e8737, org.springframework.security.web.context.SecurityContextPersistenceFilter@789baec9, org.springframework.security.web.header.HeaderWriterFilter@377fa5b2, org.springframework.web.filter.CorsFilter@4acd9093, org.springframework.security.web.authentication.logout.LogoutFilter@6925d5d, com.avis.security.JwtAuthenticationTokenFilter@42280695, org.springframework.security.web.savedrequest.RequestCacheAwareFilter@22f7d9a9, org.springframework.security.web.servletapi.SecurityContextHolderAwareRequestFilter@2dd5973f, org.springframework.security.web.authentication.AnonymousAuthenticationFilter@cf26237, org.springframework.security.web.session.SessionManagementFilter@bf404e1, org.springframework.security.web.access.ExceptionTranslationFilter@508ee3d5, org.springframework.security.web.access.intercept.FilterSecurityInterceptor@291ad54c]
22-01-2020 20:16:57.134 [35m[restartedMain][0;39m [34mINFO [0;39m o.s.s.c.ThreadPoolTaskExecutor.initialize - 
     Initializing ExecutorService 'applicationTaskExecutor'
22-01-2020 20:16:57.426 [35m[restartedMain][0;39m [34mINFO [0;39m o.a.coyote.http11.Http11NioProtocol.log - 
     Starting ProtocolHandler ["http-nio-8080"]
22-01-2020 20:16:57.461 [35m[restartedMain][0;39m [34mINFO [0;39m o.s.b.w.e.tomcat.TomcatWebServer.start - 
     Tomcat started on port(s): 8080 (http) with context path ''
22-01-2020 20:16:57.464 [35m[restartedMain][0;39m [34mINFO [0;39m com.avis.AnAvisApplication.logStarted - 
     Started AnAvisApplication in 8.121 seconds (JVM running for 8.797)
22-01-2020 20:17:32.546 [35m[main][0;39m [31mWARN [0;39m com.avis.AnAvisApplication.main - 
     pluto
22-01-2020 20:17:32.789 [35m[restartedMain][0;39m [31mWARN [0;39m com.avis.AnAvisApplication.main - 
     pluto
22-01-2020 20:17:33.199 [35m[restartedMain][0;39m [34mINFO [0;39m com.avis.AnAvisApplication.logStarting - 
     Starting AnAvisApplication on DESKTOP-V9I5L9F with PID 7784 (C:\Users\Marco\Desktop\AnAvis\backend\target\classes started by Marco in C:\Users\Marco\Desktop\AnAvis)
22-01-2020 20:17:33.200 [35m[restartedMain][0;39m [34mINFO [0;39m com.avis.AnAvisApplication.logStartupProfileInfo - 
     No active profile set, falling back to default profiles: default
22-01-2020 20:17:33.270 [35m[restartedMain][0;39m [34mINFO [0;39m o.s.b.d.restart.ChangeableUrls.logTo - 
     The Class-Path manifest attribute in C:\Users\Marco\.m2\repository\org\glassfish\jaxb\jaxb-runtime\2.3.2\jaxb-runtime-2.3.2.jar referenced one or more files that do not exist: file:/C:/Users/Marco/.m2/repository/org/glassfish/jaxb/jaxb-runtime/2.3.2/jakarta.xml.bind-api-2.3.2.jar,file:/C:/Users/Marco/.m2/repository/org/glassfish/jaxb/jaxb-runtime/2.3.2/txw2-2.3.2.jar,file:/C:/Users/Marco/.m2/repository/org/glassfish/jaxb/jaxb-runtime/2.3.2/istack-commons-runtime-3.0.8.jar,file:/C:/Users/Marco/.m2/repository/org/glassfish/jaxb/jaxb-runtime/2.3.2/stax-ex-1.8.1.jar,file:/C:/Users/Marco/.m2/repository/org/glassfish/jaxb/jaxb-runtime/2.3.2/FastInfoset-1.2.16.jar,file:/C:/Users/Marco/.m2/repository/org/glassfish/jaxb/jaxb-runtime/2.3.2/jakarta.activation-api-1.2.1.jar
22-01-2020 20:17:33.271 [35m[restartedMain][0;39m [34mINFO [0;39m o.s.b.d.e.DevToolsPropertyDefaultsPostProcessor.logTo - 
     Devtools property defaults active! Set 'spring.devtools.add-properties' to 'false' to disable
22-01-2020 20:17:33.272 [35m[restartedMain][0;39m [34mINFO [0;39m o.s.b.d.e.DevToolsPropertyDefaultsPostProcessor.logTo - 
     For additional web related logging consider setting the 'logging.level.web' property to 'DEBUG'
22-01-2020 20:17:34.346 [35m[restartedMain][0;39m [34mINFO [0;39m o.s.d.r.c.RepositoryConfigurationDelegate.registerRepositoriesIn - 
     Bootstrapping Spring Data repositories in DEFAULT mode.
22-01-2020 20:17:34.498 [35m[restartedMain][0;39m [34mINFO [0;39m o.s.d.r.c.RepositoryConfigurationDelegate.registerRepositoriesIn - 
     Finished Spring Data repository scanning in 137ms. Found 7 repository interfaces.
22-01-2020 20:17:35.054 [35m[restartedMain][0;39m [34mINFO [0;39m o.s.c.s.PostProcessorRegistrationDelegate$BeanPostProcessorChecker.postProcessAfterInitialization - 
     Bean 'org.springframework.transaction.annotation.ProxyTransactionManagementConfiguration' of type [org.springframework.transaction.annotation.ProxyTransactionManagementConfiguration] is not eligible for getting processed by all BeanPostProcessors (for example: not eligible for auto-proxying)
22-01-2020 20:17:35.085 [35m[restartedMain][0;39m [34mINFO [0;39m o.s.c.s.PostProcessorRegistrationDelegate$BeanPostProcessorChecker.postProcessAfterInitialization - 
     Bean 'org.springframework.security.config.annotation.configuration.ObjectPostProcessorConfiguration' of type [org.springframework.security.config.annotation.configuration.ObjectPostProcessorConfiguration] is not eligible for getting processed by all BeanPostProcessors (for example: not eligible for auto-proxying)
22-01-2020 20:17:35.089 [35m[restartedMain][0;39m [34mINFO [0;39m o.s.c.s.PostProcessorRegistrationDelegate$BeanPostProcessorChecker.postProcessAfterInitialization - 
     Bean 'objectPostProcessor' of type [org.springframework.security.config.annotation.configuration.AutowireBeanFactoryObjectPostProcessor] is not eligible for getting processed by all BeanPostProcessors (for example: not eligible for auto-proxying)
22-01-2020 20:17:35.092 [35m[restartedMain][0;39m [34mINFO [0;39m o.s.c.s.PostProcessorRegistrationDelegate$BeanPostProcessorChecker.postProcessAfterInitialization - 
     Bean 'org.springframework.security.access.expression.method.DefaultMethodSecurityExpressionHandler@49afbda0' of type [org.springframework.security.access.expression.method.DefaultMethodSecurityExpressionHandler] is not eligible for getting processed by all BeanPostProcessors (for example: not eligible for auto-proxying)
22-01-2020 20:17:35.096 [35m[restartedMain][0;39m [34mINFO [0;39m o.s.c.s.PostProcessorRegistrationDelegate$BeanPostProcessorChecker.postProcessAfterInitialization - 
     Bean 'org.springframework.security.config.annotation.method.configuration.GlobalMethodSecurityConfiguration' of type [org.springframework.security.config.annotation.method.configuration.GlobalMethodSecurityConfiguration] is not eligible for getting processed by all BeanPostProcessors (for example: not eligible for auto-proxying)
22-01-2020 20:17:35.101 [35m[restartedMain][0;39m [34mINFO [0;39m o.s.c.s.PostProcessorRegistrationDelegate$BeanPostProcessorChecker.postProcessAfterInitialization - 
     Bean 'methodSecurityMetadataSource' of type [org.springframework.security.access.method.DelegatingMethodSecurityMetadataSource] is not eligible for getting processed by all BeanPostProcessors (for example: not eligible for auto-proxying)
22-01-2020 20:17:36.006 [35m[restartedMain][0;39m [34mINFO [0;39m o.s.b.w.e.tomcat.TomcatWebServer.initialize - 
     Tomcat initialized with port(s): 8080 (http)
22-01-2020 20:17:36.022 [35m[restartedMain][0;39m [34mINFO [0;39m o.a.coyote.http11.Http11NioProtocol.log - 
     Initializing ProtocolHandler ["http-nio-8080"]
22-01-2020 20:17:36.023 [35m[restartedMain][0;39m [34mINFO [0;39m o.a.catalina.core.StandardService.log - 
     Starting service [Tomcat]
22-01-2020 20:17:36.024 [35m[restartedMain][0;39m [34mINFO [0;39m o.a.catalina.core.StandardEngine.log - 
     Starting Servlet engine: [Apache Tomcat/9.0.27]
22-01-2020 20:17:36.200 [35m[restartedMain][0;39m [34mINFO [0;39m o.a.c.c.C.[Tomcat].[localhost].[/].log - 
     Initializing Spring embedded WebApplicationContext
22-01-2020 20:17:36.200 [35m[restartedMain][0;39m [34mINFO [0;39m o.s.web.context.ContextLoader.prepareWebApplicationContext - 
     Root WebApplicationContext: initialization completed in 2927 ms
22-01-2020 20:17:36.488 [35m[restartedMain][0;39m [34mINFO [0;39m o.h.jpa.internal.util.LogHelper.logPersistenceUnitInformation - 
     HHH000204: Processing PersistenceUnitInfo [name: default]
22-01-2020 20:17:36.654 [35m[restartedMain][0;39m [34mINFO [0;39m org.hibernate.Version.logVersion - 
     HHH000412: Hibernate Core {5.4.8.Final}
22-01-2020 20:17:36.930 [35m[restartedMain][0;39m [34mINFO [0;39m o.h.annotations.common.Version.<clinit> - 
     HCANN000001: Hibernate Commons Annotations {5.1.0.Final}
22-01-2020 20:17:37.177 [35m[restartedMain][0;39m [34mINFO [0;39m com.zaxxer.hikari.HikariDataSource.getConnection - 
     HikariPool-1 - Starting...
22-01-2020 20:17:37.523 [35m[restartedMain][0;39m [34mINFO [0;39m com.zaxxer.hikari.HikariDataSource.getConnection - 
     HikariPool-1 - Start completed.
22-01-2020 20:17:37.559 [35m[restartedMain][0;39m [34mINFO [0;39m org.hibernate.dialect.Dialect.<init> - 
     HHH000400: Using dialect: org.hibernate.dialect.MySQL5InnoDBDialect
22-01-2020 20:17:39.675 [35m[restartedMain][0;39m [34mINFO [0;39m o.h.e.t.j.p.i.JtaPlatformInitiator.initiateService - 
     HHH000490: Using JtaPlatform implementation: [org.hibernate.engine.transaction.jta.platform.internal.NoJtaPlatform]
22-01-2020 20:17:39.685 [35m[restartedMain][0;39m [34mINFO [0;39m o.s.o.j.LocalContainerEntityManagerFactoryBean.buildNativeEntityManagerFactory - 
     Initialized JPA EntityManagerFactory for persistence unit 'default'
22-01-2020 20:17:39.709 [35m[restartedMain][0;39m [34mINFO [0;39m o.s.b.d.a.OptionalLiveReloadServer.startServer - 
     LiveReload server is running on port 35729
22-01-2020 20:17:40.547 [35m[restartedMain][0;39m [31mWARN [0;39m o.s.b.a.o.j.JpaBaseConfiguration$JpaWebConfiguration.openEntityManagerInViewInterceptor - 
     spring.jpa.open-in-view is enabled by default. Therefore, database queries may be performed during view rendering. Explicitly configure spring.jpa.open-in-view to disable this warning
22-01-2020 20:17:40.883 [35m[restartedMain][0;39m [34mINFO [0;39m o.s.s.web.DefaultSecurityFilterChain.<init> - 
     Creating filter chain: any request, [org.springframework.security.web.context.request.async.WebAsyncManagerIntegrationFilter@504d0966, org.springframework.security.web.context.SecurityContextPersistenceFilter@188798c1, org.springframework.security.web.header.HeaderWriterFilter@728340a9, org.springframework.web.filter.CorsFilter@4b4d1f8d, org.springframework.security.web.authentication.logout.LogoutFilter@10ace8b3, com.avis.security.JwtAuthenticationTokenFilter@39dfcd1, org.springframework.security.web.savedrequest.RequestCacheAwareFilter@43c3c925, org.springframework.security.web.servletapi.SecurityContextHolderAwareRequestFilter@7d4d822c, org.springframework.security.web.authentication.AnonymousAuthenticationFilter@1c95c768, org.springframework.security.web.session.SessionManagementFilter@18e9a2f1, org.springframework.security.web.access.ExceptionTranslationFilter@1eb143ff, org.springframework.security.web.access.intercept.FilterSecurityInterceptor@4e5a5f62]
22-01-2020 20:17:41.106 [35m[restartedMain][0;39m [34mINFO [0;39m o.s.s.c.ThreadPoolTaskExecutor.initialize - 
     Initializing ExecutorService 'applicationTaskExecutor'
22-01-2020 20:17:41.468 [35m[restartedMain][0;39m [34mINFO [0;39m o.a.coyote.http11.Http11NioProtocol.log - 
     Starting ProtocolHandler ["http-nio-8080"]
22-01-2020 20:17:41.512 [35m[restartedMain][0;39m [34mINFO [0;39m o.s.b.w.e.tomcat.TomcatWebServer.start - 
     Tomcat started on port(s): 8080 (http) with context path ''
22-01-2020 20:17:41.516 [35m[restartedMain][0;39m [34mINFO [0;39m com.avis.AnAvisApplication.logStarted - 
     Started AnAvisApplication in 8.715 seconds (JVM running for 9.405)
